

================================================================
== Vitis HLS Report for 'dense_array_ap_ufixed_32u_array_ap_fixed_8_2_5_3_0_5u_config18_s'
================================================================
* Date:           Wed May 21 19:43:10 2025

* Version:        2022.2 (Build 3670227 on Oct 13 2022)
* Project:        myproject_prj
* Solution:       solution1 (Vivado IP Flow Target)
* Product family: kintexu
* Target device:  xcku035-fbva676-2-e


================================================================
== Performance Estimates
================================================================
+ Timing: 
    * Summary: 
    +--------+---------+----------+------------+
    |  Clock |  Target | Estimated| Uncertainty|
    +--------+---------+----------+------------+
    |ap_clk  |  5.00 ns|  4.062 ns|     0.62 ns|
    +--------+---------+----------+------------+

+ Latency: 
    * Summary: 
    +---------+---------+----------+----------+-----+-----+------------------------------------------+
    |  Latency (cycles) |  Latency (absolute) |  Interval |                 Pipeline                 |
    |   min   |   max   |    min   |    max   | min | max |                   Type                   |
    +---------+---------+----------+----------+-----+-----+------------------------------------------+
    |      162|      163|  0.810 us|  0.815 us|  160|  160|  loop rewind stp(delay=0 clock cycles(s))|
    +---------+---------+----------+----------+-----+-----+------------------------------------------+

    + Detail: 
        * Instance: 
        N/A

        * Loop: 
        +-------------+---------+---------+----------+-----------+-----------+------+----------+
        |             |  Latency (cycles) | Iteration|  Initiation Interval  | Trip |          |
        |  Loop Name  |   min   |   max   |  Latency |  achieved |   target  | Count| Pipelined|
        +-------------+---------+---------+----------+-----------+-----------+------+----------+
        |- ReuseLoop  |      162|      162|         4|          1|          1|   160|       yes|
        +-------------+---------+---------+----------+-----------+-----------+------+----------+

============================================================
+ Verbose Summary: Synthesis Manager
============================================================
InlineROM: 1
ExposeGlobal: 0
============================================================
+ Verbose Summary: CDFG Model
============================================================
IsTopModel: 0
ResetActiveHigh: 1
IsCombinational: 2
IsDatapathOnly: 0
HasWiredReturn: 1
HasMFsm: 2
HasVarLatency: 1
IsPipeline: 0
IsRtlPipelined: 0
IsInstanceOverlapped: 0
IsDontTouch: 0
HasImplIP: 0
IsGatedGlobalClock: 0

+ Individual pipeline summary: 
  * Pipeline-0: initiation interval (II) = 1, depth = 4


============================================================
+ Verbose Summary: Schedule
============================================================
* Number of FSM states : 5
* Pipeline : 1
  Pipeline-0 : II = 1, D = 4, States = { 2 3 4 5 }
* Dataflow Pipeline: 0

* FSM state transitions: 
1 --> 2 
2 --> 3 
3 --> 4 
4 --> 5 
5 --> 2 

* FSM state operations: 

State 1 <SV = 0> <Delay = 0.53>
ST_1 : Operation 6 [1/1] (0.00ns)   --->   "%specinterface_ln0 = specinterface void @_ssdm_op_SpecInterface, i256 %layer17_out, void @empty_1, i32 0, i32 0, void @empty_0, i32 0, i32 0, void @empty_0, void @empty_0, void @empty_0, i32 0, i32 0, i32 0, i32 0, void @empty_0, void @empty_0, i32 4294967295, i32 0"   --->   Operation 6 'specinterface' 'specinterface_ln0' <Predicate = true> <Delay = 0.00>
ST_1 : Operation 7 [1/1] (0.00ns)   --->   "%specinterface_ln0 = specinterface void @_ssdm_op_SpecInterface, i40 %layer18_out, void @empty, i32 1, i32 1, void @empty_7, i32 0, i32 0, void @empty_0, void @empty_0, void @empty_0, i32 0, i32 0, i32 0, i32 0, void @empty_0, void @empty_0, i32 4294967295, i32 0"   --->   Operation 7 'specinterface' 'specinterface_ln0' <Predicate = true> <Delay = 0.00>
ST_1 : Operation 8 [1/1] (0.00ns)   --->   "%rbegin = specregionbegin i32 @_ssdm_op_SpecRegionBegin, void @nnet_KD_KD_dense_resource_MD_ap_ufixed_MD_8_MC_AC_2_MC_AC_IC_ap_q_mode_JC_4_s" [firmware/nnet_utils/nnet_dense_stream.h:24]   --->   Operation 8 'specregionbegin' 'rbegin' <Predicate = true> <Delay = 0.00>
ST_1 : Operation 9 [1/1] (0.53ns)   --->   "%br_ln124 = br void %rewind_header" [firmware/nnet_utils/nnet_dense_resource.h:124->firmware/nnet_utils/nnet_dense_resource.h:242->firmware/nnet_utils/nnet_dense_stream.h:24]   --->   Operation 9 'br' 'br_ln124' <Predicate = true> <Delay = 0.53>

State 2 <SV = 1> <Delay = 1.28>
ST_2 : Operation 10 [1/1] (0.00ns)   --->   "%do_init = phi i1 1, void %nnet::dense_resource<ap_ufixed<8, 2, (ap_q_mode)4, (ap_o_mode)0, 0>, ap_fixed<8, 2, (ap_q_mode)5, (ap_o_mode)3, 0>, config18>.region_begin, i1 0, void %for.body26.split.i.i_ifconv, i1 1, void %nnet::dense_resource<ap_ufixed<8, 2, (ap_q_mode)4, (ap_o_mode)0, 0>, ap_fixed<8, 2, (ap_q_mode)5, (ap_o_mode)3, 0>, config18>.region_end"   --->   Operation 10 'phi' 'do_init' <Predicate = true> <Delay = 0.00>
ST_2 : Operation 11 [1/1] (0.00ns)   --->   "%ir19 = phi i8 0, void %nnet::dense_resource<ap_ufixed<8, 2, (ap_q_mode)4, (ap_o_mode)0, 0>, ap_fixed<8, 2, (ap_q_mode)5, (ap_o_mode)3, 0>, config18>.region_begin, i8 %ir, void %for.body26.split.i.i_ifconv, i8 0, void %nnet::dense_resource<ap_ufixed<8, 2, (ap_q_mode)4, (ap_o_mode)0, 0>, ap_fixed<8, 2, (ap_q_mode)5, (ap_o_mode)3, 0>, config18>.region_end"   --->   Operation 11 'phi' 'ir19' <Predicate = true> <Delay = 0.00>
ST_2 : Operation 12 [1/1] (0.00ns)   --->   "%zext_ln124 = zext i8 %ir19" [firmware/nnet_utils/nnet_dense_resource.h:124->firmware/nnet_utils/nnet_dense_resource.h:242->firmware/nnet_utils/nnet_dense_stream.h:24]   --->   Operation 12 'zext' 'zext_ln124' <Predicate = true> <Delay = 0.00>
ST_2 : Operation 13 [1/1] (0.00ns)   --->   "%outidx_addr = getelementptr i3 %outidx, i64 0, i64 %zext_ln124" [firmware/nnet_utils/nnet_dense_resource.h:127->firmware/nnet_utils/nnet_dense_resource.h:242->firmware/nnet_utils/nnet_dense_stream.h:24]   --->   Operation 13 'getelementptr' 'outidx_addr' <Predicate = true> <Delay = 0.00>
ST_2 : Operation 14 [2/2] (0.69ns)   --->   "%out_index = load i8 %outidx_addr" [firmware/nnet_utils/nnet_dense_stream.h:24]   --->   Operation 14 'load' 'out_index' <Predicate = true> <Delay = 0.69> <CoreInst = "ROM">   --->   Core 101 'ROM' <Latency = 1> <II = 1> <Delay = 0.69> <Storage> <Opcode : 'load'> <Ports = 0> <Width = 3> <Depth = 160> <ROM>
ST_2 : Operation 15 [1/1] (0.00ns)   --->   "%w18_V_addr = getelementptr i6 %w18_V, i64 0, i64 %zext_ln124" [firmware/nnet_utils/nnet_dense_resource.h:135->firmware/nnet_utils/nnet_dense_resource.h:242->firmware/nnet_utils/nnet_dense_stream.h:24]   --->   Operation 15 'getelementptr' 'w18_V_addr' <Predicate = true> <Delay = 0.00>
ST_2 : Operation 16 [2/2] (0.69ns)   --->   "%w_V = load i8 %w18_V_addr" [firmware/nnet_utils/nnet_dense_resource.h:135->firmware/nnet_utils/nnet_dense_resource.h:242->firmware/nnet_utils/nnet_dense_stream.h:24]   --->   Operation 16 'load' 'w_V' <Predicate = true> <Delay = 0.69> <CoreInst = "ROM">   --->   Core 101 'ROM' <Latency = 1> <II = 1> <Delay = 0.69> <Storage> <Opcode : 'load'> <Ports = 0> <Width = 6> <Depth = 160> <ROM>
ST_2 : Operation 17 [1/1] (1.28ns)   --->   "%ir = add i8 %ir19, i8 1" [firmware/nnet_utils/nnet_dense_resource.h:124->firmware/nnet_utils/nnet_dense_resource.h:242->firmware/nnet_utils/nnet_dense_stream.h:24]   --->   Operation 17 'add' 'ir' <Predicate = true> <Delay = 1.28> <CoreInst = "Adder">   --->   Core 1 'Adder' <Latency = 0> <II = 1> <Delay = 1.28> <FuncUnit> <Opcode : 'add' 'sub'> <InPorts = 2> <OutPorts = 1>
ST_2 : Operation 18 [1/1] (0.78ns)   --->   "%icmp_ln124 = icmp_eq  i8 %ir19, i8 159" [firmware/nnet_utils/nnet_dense_resource.h:124->firmware/nnet_utils/nnet_dense_resource.h:242->firmware/nnet_utils/nnet_dense_stream.h:24]   --->   Operation 18 'icmp' 'icmp_ln124' <Predicate = true> <Delay = 0.78> <CoreInst = "Cmp">   --->   Core 9 'Cmp' <Latency = 0> <II = 1> <Delay = 0.78> <FuncUnit> <Opcode : 'icmp'> <InPorts = 2> <OutPorts = 1>
ST_2 : Operation 19 [1/1] (0.00ns)   --->   "%br_ln124 = br i1 %icmp_ln124, void %rewind_header, void %nnet::dense_resource<ap_ufixed<8, 2, (ap_q_mode)4, (ap_o_mode)0, 0>, ap_fixed<8, 2, (ap_q_mode)5, (ap_o_mode)3, 0>, config18>.region_end" [firmware/nnet_utils/nnet_dense_resource.h:124->firmware/nnet_utils/nnet_dense_resource.h:242->firmware/nnet_utils/nnet_dense_stream.h:24]   --->   Operation 19 'br' 'br_ln124' <Predicate = true> <Delay = 0.00>
ST_2 : Operation 20 [1/1] (0.00ns)   --->   "%br_ln101 = br void %rewind_header" [firmware/nnet_utils/nnet_dense_stream.h:101]   --->   Operation 20 'br' 'br_ln101' <Predicate = (icmp_ln124)> <Delay = 0.00>

State 3 <SV = 2> <Delay = 3.69>
ST_3 : Operation 21 [1/1] (0.00ns)   --->   "%data_V_28_rewind = phi i8 0, void %nnet::dense_resource<ap_ufixed<8, 2, (ap_q_mode)4, (ap_o_mode)0, 0>, ap_fixed<8, 2, (ap_q_mode)5, (ap_o_mode)3, 0>, config18>.region_begin, i8 %data_V_28_phi, void %for.body26.split.i.i_ifconv, i8 0, void %nnet::dense_resource<ap_ufixed<8, 2, (ap_q_mode)4, (ap_o_mode)0, 0>, ap_fixed<8, 2, (ap_q_mode)5, (ap_o_mode)3, 0>, config18>.region_end" [firmware/nnet_utils/nnet_dense_stream.h:43]   --->   Operation 21 'phi' 'data_V_28_rewind' <Predicate = true> <Delay = 0.00>
ST_3 : Operation 22 [1/1] (0.00ns)   --->   "%data_V_27_rewind = phi i8 0, void %nnet::dense_resource<ap_ufixed<8, 2, (ap_q_mode)4, (ap_o_mode)0, 0>, ap_fixed<8, 2, (ap_q_mode)5, (ap_o_mode)3, 0>, config18>.region_begin, i8 %data_V_27_phi, void %for.body26.split.i.i_ifconv, i8 0, void %nnet::dense_resource<ap_ufixed<8, 2, (ap_q_mode)4, (ap_o_mode)0, 0>, ap_fixed<8, 2, (ap_q_mode)5, (ap_o_mode)3, 0>, config18>.region_end" [firmware/nnet_utils/nnet_dense_stream.h:43]   --->   Operation 22 'phi' 'data_V_27_rewind' <Predicate = true> <Delay = 0.00>
ST_3 : Operation 23 [1/1] (0.00ns)   --->   "%data_V_26_rewind = phi i8 0, void %nnet::dense_resource<ap_ufixed<8, 2, (ap_q_mode)4, (ap_o_mode)0, 0>, ap_fixed<8, 2, (ap_q_mode)5, (ap_o_mode)3, 0>, config18>.region_begin, i8 %data_V_26_phi, void %for.body26.split.i.i_ifconv, i8 0, void %nnet::dense_resource<ap_ufixed<8, 2, (ap_q_mode)4, (ap_o_mode)0, 0>, ap_fixed<8, 2, (ap_q_mode)5, (ap_o_mode)3, 0>, config18>.region_end" [firmware/nnet_utils/nnet_dense_stream.h:43]   --->   Operation 23 'phi' 'data_V_26_rewind' <Predicate = true> <Delay = 0.00>
ST_3 : Operation 24 [1/1] (0.00ns)   --->   "%data_V_25_rewind = phi i8 0, void %nnet::dense_resource<ap_ufixed<8, 2, (ap_q_mode)4, (ap_o_mode)0, 0>, ap_fixed<8, 2, (ap_q_mode)5, (ap_o_mode)3, 0>, config18>.region_begin, i8 %data_V_25_phi, void %for.body26.split.i.i_ifconv, i8 0, void %nnet::dense_resource<ap_ufixed<8, 2, (ap_q_mode)4, (ap_o_mode)0, 0>, ap_fixed<8, 2, (ap_q_mode)5, (ap_o_mode)3, 0>, config18>.region_end" [firmware/nnet_utils/nnet_dense_stream.h:43]   --->   Operation 24 'phi' 'data_V_25_rewind' <Predicate = true> <Delay = 0.00>
ST_3 : Operation 25 [1/1] (0.00ns)   --->   "%data_V_24_rewind = phi i8 0, void %nnet::dense_resource<ap_ufixed<8, 2, (ap_q_mode)4, (ap_o_mode)0, 0>, ap_fixed<8, 2, (ap_q_mode)5, (ap_o_mode)3, 0>, config18>.region_begin, i8 %data_V_24_phi, void %for.body26.split.i.i_ifconv, i8 0, void %nnet::dense_resource<ap_ufixed<8, 2, (ap_q_mode)4, (ap_o_mode)0, 0>, ap_fixed<8, 2, (ap_q_mode)5, (ap_o_mode)3, 0>, config18>.region_end" [firmware/nnet_utils/nnet_dense_stream.h:43]   --->   Operation 25 'phi' 'data_V_24_rewind' <Predicate = true> <Delay = 0.00>
ST_3 : Operation 26 [1/1] (0.00ns)   --->   "%data_V_23_rewind = phi i8 0, void %nnet::dense_resource<ap_ufixed<8, 2, (ap_q_mode)4, (ap_o_mode)0, 0>, ap_fixed<8, 2, (ap_q_mode)5, (ap_o_mode)3, 0>, config18>.region_begin, i8 %data_V_23_phi, void %for.body26.split.i.i_ifconv, i8 0, void %nnet::dense_resource<ap_ufixed<8, 2, (ap_q_mode)4, (ap_o_mode)0, 0>, ap_fixed<8, 2, (ap_q_mode)5, (ap_o_mode)3, 0>, config18>.region_end" [firmware/nnet_utils/nnet_dense_stream.h:43]   --->   Operation 26 'phi' 'data_V_23_rewind' <Predicate = true> <Delay = 0.00>
ST_3 : Operation 27 [1/1] (0.00ns)   --->   "%data_V_22_rewind = phi i8 0, void %nnet::dense_resource<ap_ufixed<8, 2, (ap_q_mode)4, (ap_o_mode)0, 0>, ap_fixed<8, 2, (ap_q_mode)5, (ap_o_mode)3, 0>, config18>.region_begin, i8 %data_V_22_phi, void %for.body26.split.i.i_ifconv, i8 0, void %nnet::dense_resource<ap_ufixed<8, 2, (ap_q_mode)4, (ap_o_mode)0, 0>, ap_fixed<8, 2, (ap_q_mode)5, (ap_o_mode)3, 0>, config18>.region_end" [firmware/nnet_utils/nnet_dense_stream.h:43]   --->   Operation 27 'phi' 'data_V_22_rewind' <Predicate = true> <Delay = 0.00>
ST_3 : Operation 28 [1/1] (0.00ns)   --->   "%data_V_21_rewind = phi i8 0, void %nnet::dense_resource<ap_ufixed<8, 2, (ap_q_mode)4, (ap_o_mode)0, 0>, ap_fixed<8, 2, (ap_q_mode)5, (ap_o_mode)3, 0>, config18>.region_begin, i8 %data_V_21_phi, void %for.body26.split.i.i_ifconv, i8 0, void %nnet::dense_resource<ap_ufixed<8, 2, (ap_q_mode)4, (ap_o_mode)0, 0>, ap_fixed<8, 2, (ap_q_mode)5, (ap_o_mode)3, 0>, config18>.region_end" [firmware/nnet_utils/nnet_dense_stream.h:43]   --->   Operation 28 'phi' 'data_V_21_rewind' <Predicate = true> <Delay = 0.00>
ST_3 : Operation 29 [1/1] (0.00ns)   --->   "%data_V_20_rewind = phi i8 0, void %nnet::dense_resource<ap_ufixed<8, 2, (ap_q_mode)4, (ap_o_mode)0, 0>, ap_fixed<8, 2, (ap_q_mode)5, (ap_o_mode)3, 0>, config18>.region_begin, i8 %data_V_20_phi, void %for.body26.split.i.i_ifconv, i8 0, void %nnet::dense_resource<ap_ufixed<8, 2, (ap_q_mode)4, (ap_o_mode)0, 0>, ap_fixed<8, 2, (ap_q_mode)5, (ap_o_mode)3, 0>, config18>.region_end" [firmware/nnet_utils/nnet_dense_stream.h:43]   --->   Operation 29 'phi' 'data_V_20_rewind' <Predicate = true> <Delay = 0.00>
ST_3 : Operation 30 [1/1] (0.00ns)   --->   "%data_V_19_rewind = phi i8 0, void %nnet::dense_resource<ap_ufixed<8, 2, (ap_q_mode)4, (ap_o_mode)0, 0>, ap_fixed<8, 2, (ap_q_mode)5, (ap_o_mode)3, 0>, config18>.region_begin, i8 %data_V_19_phi, void %for.body26.split.i.i_ifconv, i8 0, void %nnet::dense_resource<ap_ufixed<8, 2, (ap_q_mode)4, (ap_o_mode)0, 0>, ap_fixed<8, 2, (ap_q_mode)5, (ap_o_mode)3, 0>, config18>.region_end" [firmware/nnet_utils/nnet_dense_stream.h:43]   --->   Operation 30 'phi' 'data_V_19_rewind' <Predicate = true> <Delay = 0.00>
ST_3 : Operation 31 [1/1] (0.00ns)   --->   "%data_V_18_rewind = phi i8 0, void %nnet::dense_resource<ap_ufixed<8, 2, (ap_q_mode)4, (ap_o_mode)0, 0>, ap_fixed<8, 2, (ap_q_mode)5, (ap_o_mode)3, 0>, config18>.region_begin, i8 %data_V_18_phi, void %for.body26.split.i.i_ifconv, i8 0, void %nnet::dense_resource<ap_ufixed<8, 2, (ap_q_mode)4, (ap_o_mode)0, 0>, ap_fixed<8, 2, (ap_q_mode)5, (ap_o_mode)3, 0>, config18>.region_end" [firmware/nnet_utils/nnet_dense_stream.h:43]   --->   Operation 31 'phi' 'data_V_18_rewind' <Predicate = true> <Delay = 0.00>
ST_3 : Operation 32 [1/1] (0.00ns)   --->   "%data_V_17_rewind = phi i8 0, void %nnet::dense_resource<ap_ufixed<8, 2, (ap_q_mode)4, (ap_o_mode)0, 0>, ap_fixed<8, 2, (ap_q_mode)5, (ap_o_mode)3, 0>, config18>.region_begin, i8 %data_V_17_phi, void %for.body26.split.i.i_ifconv, i8 0, void %nnet::dense_resource<ap_ufixed<8, 2, (ap_q_mode)4, (ap_o_mode)0, 0>, ap_fixed<8, 2, (ap_q_mode)5, (ap_o_mode)3, 0>, config18>.region_end" [firmware/nnet_utils/nnet_dense_stream.h:43]   --->   Operation 32 'phi' 'data_V_17_rewind' <Predicate = true> <Delay = 0.00>
ST_3 : Operation 33 [1/1] (0.00ns)   --->   "%data_V_16_rewind = phi i8 0, void %nnet::dense_resource<ap_ufixed<8, 2, (ap_q_mode)4, (ap_o_mode)0, 0>, ap_fixed<8, 2, (ap_q_mode)5, (ap_o_mode)3, 0>, config18>.region_begin, i8 %data_V_16_phi, void %for.body26.split.i.i_ifconv, i8 0, void %nnet::dense_resource<ap_ufixed<8, 2, (ap_q_mode)4, (ap_o_mode)0, 0>, ap_fixed<8, 2, (ap_q_mode)5, (ap_o_mode)3, 0>, config18>.region_end" [firmware/nnet_utils/nnet_dense_stream.h:43]   --->   Operation 33 'phi' 'data_V_16_rewind' <Predicate = true> <Delay = 0.00>
ST_3 : Operation 34 [1/1] (0.00ns)   --->   "%data_V_15_rewind = phi i8 0, void %nnet::dense_resource<ap_ufixed<8, 2, (ap_q_mode)4, (ap_o_mode)0, 0>, ap_fixed<8, 2, (ap_q_mode)5, (ap_o_mode)3, 0>, config18>.region_begin, i8 %data_V_15_phi, void %for.body26.split.i.i_ifconv, i8 0, void %nnet::dense_resource<ap_ufixed<8, 2, (ap_q_mode)4, (ap_o_mode)0, 0>, ap_fixed<8, 2, (ap_q_mode)5, (ap_o_mode)3, 0>, config18>.region_end" [firmware/nnet_utils/nnet_dense_stream.h:43]   --->   Operation 34 'phi' 'data_V_15_rewind' <Predicate = true> <Delay = 0.00>
ST_3 : Operation 35 [1/1] (0.00ns)   --->   "%data_V_14_rewind = phi i8 0, void %nnet::dense_resource<ap_ufixed<8, 2, (ap_q_mode)4, (ap_o_mode)0, 0>, ap_fixed<8, 2, (ap_q_mode)5, (ap_o_mode)3, 0>, config18>.region_begin, i8 %data_V_14_phi, void %for.body26.split.i.i_ifconv, i8 0, void %nnet::dense_resource<ap_ufixed<8, 2, (ap_q_mode)4, (ap_o_mode)0, 0>, ap_fixed<8, 2, (ap_q_mode)5, (ap_o_mode)3, 0>, config18>.region_end" [firmware/nnet_utils/nnet_dense_stream.h:43]   --->   Operation 35 'phi' 'data_V_14_rewind' <Predicate = true> <Delay = 0.00>
ST_3 : Operation 36 [1/1] (0.00ns)   --->   "%data_V_13_rewind = phi i8 0, void %nnet::dense_resource<ap_ufixed<8, 2, (ap_q_mode)4, (ap_o_mode)0, 0>, ap_fixed<8, 2, (ap_q_mode)5, (ap_o_mode)3, 0>, config18>.region_begin, i8 %data_V_13_phi, void %for.body26.split.i.i_ifconv, i8 0, void %nnet::dense_resource<ap_ufixed<8, 2, (ap_q_mode)4, (ap_o_mode)0, 0>, ap_fixed<8, 2, (ap_q_mode)5, (ap_o_mode)3, 0>, config18>.region_end" [firmware/nnet_utils/nnet_dense_stream.h:43]   --->   Operation 36 'phi' 'data_V_13_rewind' <Predicate = true> <Delay = 0.00>
ST_3 : Operation 37 [1/1] (0.00ns)   --->   "%data_V_12_rewind = phi i8 0, void %nnet::dense_resource<ap_ufixed<8, 2, (ap_q_mode)4, (ap_o_mode)0, 0>, ap_fixed<8, 2, (ap_q_mode)5, (ap_o_mode)3, 0>, config18>.region_begin, i8 %data_V_12_phi, void %for.body26.split.i.i_ifconv, i8 0, void %nnet::dense_resource<ap_ufixed<8, 2, (ap_q_mode)4, (ap_o_mode)0, 0>, ap_fixed<8, 2, (ap_q_mode)5, (ap_o_mode)3, 0>, config18>.region_end" [firmware/nnet_utils/nnet_dense_stream.h:43]   --->   Operation 37 'phi' 'data_V_12_rewind' <Predicate = true> <Delay = 0.00>
ST_3 : Operation 38 [1/1] (0.00ns)   --->   "%data_V_11_rewind = phi i8 0, void %nnet::dense_resource<ap_ufixed<8, 2, (ap_q_mode)4, (ap_o_mode)0, 0>, ap_fixed<8, 2, (ap_q_mode)5, (ap_o_mode)3, 0>, config18>.region_begin, i8 %data_V_11_phi, void %for.body26.split.i.i_ifconv, i8 0, void %nnet::dense_resource<ap_ufixed<8, 2, (ap_q_mode)4, (ap_o_mode)0, 0>, ap_fixed<8, 2, (ap_q_mode)5, (ap_o_mode)3, 0>, config18>.region_end" [firmware/nnet_utils/nnet_dense_stream.h:43]   --->   Operation 38 'phi' 'data_V_11_rewind' <Predicate = true> <Delay = 0.00>
ST_3 : Operation 39 [1/1] (0.00ns)   --->   "%data_V_10_rewind = phi i8 0, void %nnet::dense_resource<ap_ufixed<8, 2, (ap_q_mode)4, (ap_o_mode)0, 0>, ap_fixed<8, 2, (ap_q_mode)5, (ap_o_mode)3, 0>, config18>.region_begin, i8 %data_V_10_phi, void %for.body26.split.i.i_ifconv, i8 0, void %nnet::dense_resource<ap_ufixed<8, 2, (ap_q_mode)4, (ap_o_mode)0, 0>, ap_fixed<8, 2, (ap_q_mode)5, (ap_o_mode)3, 0>, config18>.region_end" [firmware/nnet_utils/nnet_dense_stream.h:43]   --->   Operation 39 'phi' 'data_V_10_rewind' <Predicate = true> <Delay = 0.00>
ST_3 : Operation 40 [1/1] (0.00ns)   --->   "%data_V_29_rewind = phi i8 0, void %nnet::dense_resource<ap_ufixed<8, 2, (ap_q_mode)4, (ap_o_mode)0, 0>, ap_fixed<8, 2, (ap_q_mode)5, (ap_o_mode)3, 0>, config18>.region_begin, i8 %data_V_29_phi, void %for.body26.split.i.i_ifconv, i8 0, void %nnet::dense_resource<ap_ufixed<8, 2, (ap_q_mode)4, (ap_o_mode)0, 0>, ap_fixed<8, 2, (ap_q_mode)5, (ap_o_mode)3, 0>, config18>.region_end" [firmware/nnet_utils/nnet_dense_stream.h:43]   --->   Operation 40 'phi' 'data_V_29_rewind' <Predicate = true> <Delay = 0.00>
ST_3 : Operation 41 [1/1] (0.00ns)   --->   "%data_V_9_rewind = phi i8 0, void %nnet::dense_resource<ap_ufixed<8, 2, (ap_q_mode)4, (ap_o_mode)0, 0>, ap_fixed<8, 2, (ap_q_mode)5, (ap_o_mode)3, 0>, config18>.region_begin, i8 %data_V_9_phi, void %for.body26.split.i.i_ifconv, i8 0, void %nnet::dense_resource<ap_ufixed<8, 2, (ap_q_mode)4, (ap_o_mode)0, 0>, ap_fixed<8, 2, (ap_q_mode)5, (ap_o_mode)3, 0>, config18>.region_end" [firmware/nnet_utils/nnet_dense_stream.h:43]   --->   Operation 41 'phi' 'data_V_9_rewind' <Predicate = true> <Delay = 0.00>
ST_3 : Operation 42 [1/1] (0.00ns)   --->   "%data_V_8_rewind = phi i8 0, void %nnet::dense_resource<ap_ufixed<8, 2, (ap_q_mode)4, (ap_o_mode)0, 0>, ap_fixed<8, 2, (ap_q_mode)5, (ap_o_mode)3, 0>, config18>.region_begin, i8 %data_V_8_phi, void %for.body26.split.i.i_ifconv, i8 0, void %nnet::dense_resource<ap_ufixed<8, 2, (ap_q_mode)4, (ap_o_mode)0, 0>, ap_fixed<8, 2, (ap_q_mode)5, (ap_o_mode)3, 0>, config18>.region_end" [firmware/nnet_utils/nnet_dense_stream.h:43]   --->   Operation 42 'phi' 'data_V_8_rewind' <Predicate = true> <Delay = 0.00>
ST_3 : Operation 43 [1/1] (0.00ns)   --->   "%data_V_7_rewind = phi i8 0, void %nnet::dense_resource<ap_ufixed<8, 2, (ap_q_mode)4, (ap_o_mode)0, 0>, ap_fixed<8, 2, (ap_q_mode)5, (ap_o_mode)3, 0>, config18>.region_begin, i8 %data_V_7_phi, void %for.body26.split.i.i_ifconv, i8 0, void %nnet::dense_resource<ap_ufixed<8, 2, (ap_q_mode)4, (ap_o_mode)0, 0>, ap_fixed<8, 2, (ap_q_mode)5, (ap_o_mode)3, 0>, config18>.region_end" [firmware/nnet_utils/nnet_dense_stream.h:43]   --->   Operation 43 'phi' 'data_V_7_rewind' <Predicate = true> <Delay = 0.00>
ST_3 : Operation 44 [1/1] (0.00ns)   --->   "%data_V_6_rewind = phi i8 0, void %nnet::dense_resource<ap_ufixed<8, 2, (ap_q_mode)4, (ap_o_mode)0, 0>, ap_fixed<8, 2, (ap_q_mode)5, (ap_o_mode)3, 0>, config18>.region_begin, i8 %data_V_6_phi, void %for.body26.split.i.i_ifconv, i8 0, void %nnet::dense_resource<ap_ufixed<8, 2, (ap_q_mode)4, (ap_o_mode)0, 0>, ap_fixed<8, 2, (ap_q_mode)5, (ap_o_mode)3, 0>, config18>.region_end" [firmware/nnet_utils/nnet_dense_stream.h:43]   --->   Operation 44 'phi' 'data_V_6_rewind' <Predicate = true> <Delay = 0.00>
ST_3 : Operation 45 [1/1] (0.00ns)   --->   "%data_V_5_rewind = phi i8 0, void %nnet::dense_resource<ap_ufixed<8, 2, (ap_q_mode)4, (ap_o_mode)0, 0>, ap_fixed<8, 2, (ap_q_mode)5, (ap_o_mode)3, 0>, config18>.region_begin, i8 %data_V_5_phi, void %for.body26.split.i.i_ifconv, i8 0, void %nnet::dense_resource<ap_ufixed<8, 2, (ap_q_mode)4, (ap_o_mode)0, 0>, ap_fixed<8, 2, (ap_q_mode)5, (ap_o_mode)3, 0>, config18>.region_end" [firmware/nnet_utils/nnet_dense_stream.h:43]   --->   Operation 45 'phi' 'data_V_5_rewind' <Predicate = true> <Delay = 0.00>
ST_3 : Operation 46 [1/1] (0.00ns)   --->   "%data_V_4_rewind = phi i8 0, void %nnet::dense_resource<ap_ufixed<8, 2, (ap_q_mode)4, (ap_o_mode)0, 0>, ap_fixed<8, 2, (ap_q_mode)5, (ap_o_mode)3, 0>, config18>.region_begin, i8 %data_V_4_phi, void %for.body26.split.i.i_ifconv, i8 0, void %nnet::dense_resource<ap_ufixed<8, 2, (ap_q_mode)4, (ap_o_mode)0, 0>, ap_fixed<8, 2, (ap_q_mode)5, (ap_o_mode)3, 0>, config18>.region_end" [firmware/nnet_utils/nnet_dense_stream.h:43]   --->   Operation 46 'phi' 'data_V_4_rewind' <Predicate = true> <Delay = 0.00>
ST_3 : Operation 47 [1/1] (0.00ns)   --->   "%data_V_3_rewind = phi i8 0, void %nnet::dense_resource<ap_ufixed<8, 2, (ap_q_mode)4, (ap_o_mode)0, 0>, ap_fixed<8, 2, (ap_q_mode)5, (ap_o_mode)3, 0>, config18>.region_begin, i8 %data_V_3_phi, void %for.body26.split.i.i_ifconv, i8 0, void %nnet::dense_resource<ap_ufixed<8, 2, (ap_q_mode)4, (ap_o_mode)0, 0>, ap_fixed<8, 2, (ap_q_mode)5, (ap_o_mode)3, 0>, config18>.region_end" [firmware/nnet_utils/nnet_dense_stream.h:43]   --->   Operation 47 'phi' 'data_V_3_rewind' <Predicate = true> <Delay = 0.00>
ST_3 : Operation 48 [1/1] (0.00ns)   --->   "%data_V_2_rewind = phi i8 0, void %nnet::dense_resource<ap_ufixed<8, 2, (ap_q_mode)4, (ap_o_mode)0, 0>, ap_fixed<8, 2, (ap_q_mode)5, (ap_o_mode)3, 0>, config18>.region_begin, i8 %data_V_2_phi, void %for.body26.split.i.i_ifconv, i8 0, void %nnet::dense_resource<ap_ufixed<8, 2, (ap_q_mode)4, (ap_o_mode)0, 0>, ap_fixed<8, 2, (ap_q_mode)5, (ap_o_mode)3, 0>, config18>.region_end" [firmware/nnet_utils/nnet_dense_stream.h:43]   --->   Operation 48 'phi' 'data_V_2_rewind' <Predicate = true> <Delay = 0.00>
ST_3 : Operation 49 [1/1] (0.00ns)   --->   "%data_V_1_rewind = phi i8 0, void %nnet::dense_resource<ap_ufixed<8, 2, (ap_q_mode)4, (ap_o_mode)0, 0>, ap_fixed<8, 2, (ap_q_mode)5, (ap_o_mode)3, 0>, config18>.region_begin, i8 %data_V_1_phi, void %for.body26.split.i.i_ifconv, i8 0, void %nnet::dense_resource<ap_ufixed<8, 2, (ap_q_mode)4, (ap_o_mode)0, 0>, ap_fixed<8, 2, (ap_q_mode)5, (ap_o_mode)3, 0>, config18>.region_end" [firmware/nnet_utils/nnet_dense_stream.h:43]   --->   Operation 49 'phi' 'data_V_1_rewind' <Predicate = true> <Delay = 0.00>
ST_3 : Operation 50 [1/1] (0.00ns)   --->   "%data_V_30_rewind = phi i8 0, void %nnet::dense_resource<ap_ufixed<8, 2, (ap_q_mode)4, (ap_o_mode)0, 0>, ap_fixed<8, 2, (ap_q_mode)5, (ap_o_mode)3, 0>, config18>.region_begin, i8 %data_V_30_phi, void %for.body26.split.i.i_ifconv, i8 0, void %nnet::dense_resource<ap_ufixed<8, 2, (ap_q_mode)4, (ap_o_mode)0, 0>, ap_fixed<8, 2, (ap_q_mode)5, (ap_o_mode)3, 0>, config18>.region_end" [firmware/nnet_utils/nnet_dense_stream.h:43]   --->   Operation 50 'phi' 'data_V_30_rewind' <Predicate = true> <Delay = 0.00>
ST_3 : Operation 51 [1/1] (0.00ns)   --->   "%data_V_31_rewind = phi i8 0, void %nnet::dense_resource<ap_ufixed<8, 2, (ap_q_mode)4, (ap_o_mode)0, 0>, ap_fixed<8, 2, (ap_q_mode)5, (ap_o_mode)3, 0>, config18>.region_begin, i8 %data_V_31_phi, void %for.body26.split.i.i_ifconv, i8 0, void %nnet::dense_resource<ap_ufixed<8, 2, (ap_q_mode)4, (ap_o_mode)0, 0>, ap_fixed<8, 2, (ap_q_mode)5, (ap_o_mode)3, 0>, config18>.region_end" [firmware/nnet_utils/nnet_dense_stream.h:43]   --->   Operation 51 'phi' 'data_V_31_rewind' <Predicate = true> <Delay = 0.00>
ST_3 : Operation 52 [1/1] (0.00ns)   --->   "%p_rewind = phi i8 0, void %nnet::dense_resource<ap_ufixed<8, 2, (ap_q_mode)4, (ap_o_mode)0, 0>, ap_fixed<8, 2, (ap_q_mode)5, (ap_o_mode)3, 0>, config18>.region_begin, i8 %p_phi, void %for.body26.split.i.i_ifconv, i8 0, void %nnet::dense_resource<ap_ufixed<8, 2, (ap_q_mode)4, (ap_o_mode)0, 0>, ap_fixed<8, 2, (ap_q_mode)5, (ap_o_mode)3, 0>, config18>.region_end" [firmware/nnet_utils/nnet_dense_stream.h:43]   --->   Operation 52 'phi' 'p_rewind' <Predicate = true> <Delay = 0.00>
ST_3 : Operation 53 [1/1] (0.00ns)   --->   "%in_index20 = phi i5 0, void %nnet::dense_resource<ap_ufixed<8, 2, (ap_q_mode)4, (ap_o_mode)0, 0>, ap_fixed<8, 2, (ap_q_mode)5, (ap_o_mode)3, 0>, config18>.region_begin, i5 %in_index, void %for.body26.split.i.i_ifconv, i5 0, void %nnet::dense_resource<ap_ufixed<8, 2, (ap_q_mode)4, (ap_o_mode)0, 0>, ap_fixed<8, 2, (ap_q_mode)5, (ap_o_mode)3, 0>, config18>.region_end"   --->   Operation 53 'phi' 'in_index20' <Predicate = true> <Delay = 0.00>
ST_3 : Operation 54 [1/1] (0.53ns)   --->   "%br_ln0 = br i1 %do_init, void %for.body26.split.i.i_ifconv, void %rewind_init"   --->   Operation 54 'br' 'br_ln0' <Predicate = true> <Delay = 0.53>
ST_3 : Operation 55 [1/1] (2.18ns)   --->   "%layer17_out_read = read i256 @_ssdm_op_Read.ap_fifo.volatile.i256P0A, i256 %layer17_out" [firmware/nnet_utils/nnet_dense_stream.h:43]   --->   Operation 55 'read' 'layer17_out_read' <Predicate = (do_init)> <Delay = 2.18> <CoreInst = "FIFO_SRL">   --->   Core 81 'FIFO_SRL' <Latency = 0> <II = 1> <Delay = 2.26> <Storage> <Opcode : 'read' 'write' 'nbread' 'nbwrite'> <Ports = 0> <Width = 256> <Depth = 1> <FIFO>
ST_3 : Operation 56 [1/1] (0.00ns)   --->   "%data_V = trunc i256 %layer17_out_read" [firmware/nnet_utils/nnet_dense_stream.h:43]   --->   Operation 56 'trunc' 'data_V' <Predicate = (do_init)> <Delay = 0.00>
ST_3 : Operation 57 [1/1] (0.00ns)   --->   "%data_V_31 = partselect i8 @_ssdm_op_PartSelect.i8.i256.i32.i32, i256 %layer17_out_read, i32 240, i32 247" [firmware/nnet_utils/nnet_dense_stream.h:43]   --->   Operation 57 'partselect' 'data_V_31' <Predicate = (do_init)> <Delay = 0.00>
ST_3 : Operation 58 [1/1] (0.00ns)   --->   "%data_V_32 = partselect i8 @_ssdm_op_PartSelect.i8.i256.i32.i32, i256 %layer17_out_read, i32 248, i32 255" [firmware/nnet_utils/nnet_dense_stream.h:43]   --->   Operation 58 'partselect' 'data_V_32' <Predicate = (do_init)> <Delay = 0.00>
ST_3 : Operation 59 [1/1] (0.00ns)   --->   "%data_V_1 = partselect i8 @_ssdm_op_PartSelect.i8.i256.i32.i32, i256 %layer17_out_read, i32 8, i32 15" [firmware/nnet_utils/nnet_dense_stream.h:43]   --->   Operation 59 'partselect' 'data_V_1' <Predicate = (do_init)> <Delay = 0.00>
ST_3 : Operation 60 [1/1] (0.00ns)   --->   "%data_V_2 = partselect i8 @_ssdm_op_PartSelect.i8.i256.i32.i32, i256 %layer17_out_read, i32 16, i32 23" [firmware/nnet_utils/nnet_dense_stream.h:43]   --->   Operation 60 'partselect' 'data_V_2' <Predicate = (do_init)> <Delay = 0.00>
ST_3 : Operation 61 [1/1] (0.00ns)   --->   "%data_V_3 = partselect i8 @_ssdm_op_PartSelect.i8.i256.i32.i32, i256 %layer17_out_read, i32 24, i32 31" [firmware/nnet_utils/nnet_dense_stream.h:43]   --->   Operation 61 'partselect' 'data_V_3' <Predicate = (do_init)> <Delay = 0.00>
ST_3 : Operation 62 [1/1] (0.00ns)   --->   "%data_V_4 = partselect i8 @_ssdm_op_PartSelect.i8.i256.i32.i32, i256 %layer17_out_read, i32 32, i32 39" [firmware/nnet_utils/nnet_dense_stream.h:43]   --->   Operation 62 'partselect' 'data_V_4' <Predicate = (do_init)> <Delay = 0.00>
ST_3 : Operation 63 [1/1] (0.00ns)   --->   "%data_V_5 = partselect i8 @_ssdm_op_PartSelect.i8.i256.i32.i32, i256 %layer17_out_read, i32 40, i32 47" [firmware/nnet_utils/nnet_dense_stream.h:43]   --->   Operation 63 'partselect' 'data_V_5' <Predicate = (do_init)> <Delay = 0.00>
ST_3 : Operation 64 [1/1] (0.00ns)   --->   "%data_V_6 = partselect i8 @_ssdm_op_PartSelect.i8.i256.i32.i32, i256 %layer17_out_read, i32 48, i32 55" [firmware/nnet_utils/nnet_dense_stream.h:43]   --->   Operation 64 'partselect' 'data_V_6' <Predicate = (do_init)> <Delay = 0.00>
ST_3 : Operation 65 [1/1] (0.00ns)   --->   "%data_V_7 = partselect i8 @_ssdm_op_PartSelect.i8.i256.i32.i32, i256 %layer17_out_read, i32 56, i32 63" [firmware/nnet_utils/nnet_dense_stream.h:43]   --->   Operation 65 'partselect' 'data_V_7' <Predicate = (do_init)> <Delay = 0.00>
ST_3 : Operation 66 [1/1] (0.00ns)   --->   "%data_V_8 = partselect i8 @_ssdm_op_PartSelect.i8.i256.i32.i32, i256 %layer17_out_read, i32 64, i32 71" [firmware/nnet_utils/nnet_dense_stream.h:43]   --->   Operation 66 'partselect' 'data_V_8' <Predicate = (do_init)> <Delay = 0.00>
ST_3 : Operation 67 [1/1] (0.00ns)   --->   "%data_V_9 = partselect i8 @_ssdm_op_PartSelect.i8.i256.i32.i32, i256 %layer17_out_read, i32 72, i32 79" [firmware/nnet_utils/nnet_dense_stream.h:43]   --->   Operation 67 'partselect' 'data_V_9' <Predicate = (do_init)> <Delay = 0.00>
ST_3 : Operation 68 [1/1] (0.00ns)   --->   "%data_V_33 = partselect i8 @_ssdm_op_PartSelect.i8.i256.i32.i32, i256 %layer17_out_read, i32 80, i32 87" [firmware/nnet_utils/nnet_dense_stream.h:43]   --->   Operation 68 'partselect' 'data_V_33' <Predicate = (do_init)> <Delay = 0.00>
ST_3 : Operation 69 [1/1] (0.00ns)   --->   "%data_V_34 = partselect i8 @_ssdm_op_PartSelect.i8.i256.i32.i32, i256 %layer17_out_read, i32 88, i32 95" [firmware/nnet_utils/nnet_dense_stream.h:43]   --->   Operation 69 'partselect' 'data_V_34' <Predicate = (do_init)> <Delay = 0.00>
ST_3 : Operation 70 [1/1] (0.00ns)   --->   "%data_V_35 = partselect i8 @_ssdm_op_PartSelect.i8.i256.i32.i32, i256 %layer17_out_read, i32 96, i32 103" [firmware/nnet_utils/nnet_dense_stream.h:43]   --->   Operation 70 'partselect' 'data_V_35' <Predicate = (do_init)> <Delay = 0.00>
ST_3 : Operation 71 [1/1] (0.00ns)   --->   "%data_V_36 = partselect i8 @_ssdm_op_PartSelect.i8.i256.i32.i32, i256 %layer17_out_read, i32 104, i32 111" [firmware/nnet_utils/nnet_dense_stream.h:43]   --->   Operation 71 'partselect' 'data_V_36' <Predicate = (do_init)> <Delay = 0.00>
ST_3 : Operation 72 [1/1] (0.00ns)   --->   "%data_V_37 = partselect i8 @_ssdm_op_PartSelect.i8.i256.i32.i32, i256 %layer17_out_read, i32 112, i32 119" [firmware/nnet_utils/nnet_dense_stream.h:43]   --->   Operation 72 'partselect' 'data_V_37' <Predicate = (do_init)> <Delay = 0.00>
ST_3 : Operation 73 [1/1] (0.00ns)   --->   "%data_V_38 = partselect i8 @_ssdm_op_PartSelect.i8.i256.i32.i32, i256 %layer17_out_read, i32 120, i32 127" [firmware/nnet_utils/nnet_dense_stream.h:43]   --->   Operation 73 'partselect' 'data_V_38' <Predicate = (do_init)> <Delay = 0.00>
ST_3 : Operation 74 [1/1] (0.00ns)   --->   "%data_V_39 = partselect i8 @_ssdm_op_PartSelect.i8.i256.i32.i32, i256 %layer17_out_read, i32 128, i32 135" [firmware/nnet_utils/nnet_dense_stream.h:43]   --->   Operation 74 'partselect' 'data_V_39' <Predicate = (do_init)> <Delay = 0.00>
ST_3 : Operation 75 [1/1] (0.00ns)   --->   "%data_V_40 = partselect i8 @_ssdm_op_PartSelect.i8.i256.i32.i32, i256 %layer17_out_read, i32 136, i32 143" [firmware/nnet_utils/nnet_dense_stream.h:43]   --->   Operation 75 'partselect' 'data_V_40' <Predicate = (do_init)> <Delay = 0.00>
ST_3 : Operation 76 [1/1] (0.00ns)   --->   "%data_V_41 = partselect i8 @_ssdm_op_PartSelect.i8.i256.i32.i32, i256 %layer17_out_read, i32 144, i32 151" [firmware/nnet_utils/nnet_dense_stream.h:43]   --->   Operation 76 'partselect' 'data_V_41' <Predicate = (do_init)> <Delay = 0.00>
ST_3 : Operation 77 [1/1] (0.00ns)   --->   "%data_V_42 = partselect i8 @_ssdm_op_PartSelect.i8.i256.i32.i32, i256 %layer17_out_read, i32 152, i32 159" [firmware/nnet_utils/nnet_dense_stream.h:43]   --->   Operation 77 'partselect' 'data_V_42' <Predicate = (do_init)> <Delay = 0.00>
ST_3 : Operation 78 [1/1] (0.00ns)   --->   "%data_V_43 = partselect i8 @_ssdm_op_PartSelect.i8.i256.i32.i32, i256 %layer17_out_read, i32 160, i32 167" [firmware/nnet_utils/nnet_dense_stream.h:43]   --->   Operation 78 'partselect' 'data_V_43' <Predicate = (do_init)> <Delay = 0.00>
ST_3 : Operation 79 [1/1] (0.00ns)   --->   "%data_V_44 = partselect i8 @_ssdm_op_PartSelect.i8.i256.i32.i32, i256 %layer17_out_read, i32 168, i32 175" [firmware/nnet_utils/nnet_dense_stream.h:43]   --->   Operation 79 'partselect' 'data_V_44' <Predicate = (do_init)> <Delay = 0.00>
ST_3 : Operation 80 [1/1] (0.00ns)   --->   "%data_V_45 = partselect i8 @_ssdm_op_PartSelect.i8.i256.i32.i32, i256 %layer17_out_read, i32 176, i32 183" [firmware/nnet_utils/nnet_dense_stream.h:43]   --->   Operation 80 'partselect' 'data_V_45' <Predicate = (do_init)> <Delay = 0.00>
ST_3 : Operation 81 [1/1] (0.00ns)   --->   "%data_V_46 = partselect i8 @_ssdm_op_PartSelect.i8.i256.i32.i32, i256 %layer17_out_read, i32 184, i32 191" [firmware/nnet_utils/nnet_dense_stream.h:43]   --->   Operation 81 'partselect' 'data_V_46' <Predicate = (do_init)> <Delay = 0.00>
ST_3 : Operation 82 [1/1] (0.00ns)   --->   "%data_V_47 = partselect i8 @_ssdm_op_PartSelect.i8.i256.i32.i32, i256 %layer17_out_read, i32 192, i32 199" [firmware/nnet_utils/nnet_dense_stream.h:43]   --->   Operation 82 'partselect' 'data_V_47' <Predicate = (do_init)> <Delay = 0.00>
ST_3 : Operation 83 [1/1] (0.00ns)   --->   "%data_V_48 = partselect i8 @_ssdm_op_PartSelect.i8.i256.i32.i32, i256 %layer17_out_read, i32 200, i32 207" [firmware/nnet_utils/nnet_dense_stream.h:43]   --->   Operation 83 'partselect' 'data_V_48' <Predicate = (do_init)> <Delay = 0.00>
ST_3 : Operation 84 [1/1] (0.00ns)   --->   "%data_V_49 = partselect i8 @_ssdm_op_PartSelect.i8.i256.i32.i32, i256 %layer17_out_read, i32 208, i32 215" [firmware/nnet_utils/nnet_dense_stream.h:43]   --->   Operation 84 'partselect' 'data_V_49' <Predicate = (do_init)> <Delay = 0.00>
ST_3 : Operation 85 [1/1] (0.00ns)   --->   "%data_V_50 = partselect i8 @_ssdm_op_PartSelect.i8.i256.i32.i32, i256 %layer17_out_read, i32 216, i32 223" [firmware/nnet_utils/nnet_dense_stream.h:43]   --->   Operation 85 'partselect' 'data_V_50' <Predicate = (do_init)> <Delay = 0.00>
ST_3 : Operation 86 [1/1] (0.00ns)   --->   "%data_V_51 = partselect i8 @_ssdm_op_PartSelect.i8.i256.i32.i32, i256 %layer17_out_read, i32 224, i32 231" [firmware/nnet_utils/nnet_dense_stream.h:43]   --->   Operation 86 'partselect' 'data_V_51' <Predicate = (do_init)> <Delay = 0.00>
ST_3 : Operation 87 [1/1] (0.00ns)   --->   "%data_V_52 = partselect i8 @_ssdm_op_PartSelect.i8.i256.i32.i32, i256 %layer17_out_read, i32 232, i32 239" [firmware/nnet_utils/nnet_dense_stream.h:43]   --->   Operation 87 'partselect' 'data_V_52' <Predicate = (do_init)> <Delay = 0.00>
ST_3 : Operation 88 [1/1] (0.53ns)   --->   "%br_ln124 = br void %for.body26.split.i.i_ifconv" [firmware/nnet_utils/nnet_dense_resource.h:124->firmware/nnet_utils/nnet_dense_resource.h:242->firmware/nnet_utils/nnet_dense_stream.h:24]   --->   Operation 88 'br' 'br_ln124' <Predicate = (do_init)> <Delay = 0.53>
ST_3 : Operation 89 [1/1] (0.00ns)   --->   "%data_V_28_phi = phi i8 %data_V_52, void %rewind_init, i8 %data_V_28_rewind, void %rewind_header"   --->   Operation 89 'phi' 'data_V_28_phi' <Predicate = true> <Delay = 0.00>
ST_3 : Operation 90 [1/1] (0.00ns)   --->   "%data_V_27_phi = phi i8 %data_V_51, void %rewind_init, i8 %data_V_27_rewind, void %rewind_header"   --->   Operation 90 'phi' 'data_V_27_phi' <Predicate = true> <Delay = 0.00>
ST_3 : Operation 91 [1/1] (0.00ns)   --->   "%data_V_26_phi = phi i8 %data_V_50, void %rewind_init, i8 %data_V_26_rewind, void %rewind_header"   --->   Operation 91 'phi' 'data_V_26_phi' <Predicate = true> <Delay = 0.00>
ST_3 : Operation 92 [1/1] (0.00ns)   --->   "%data_V_25_phi = phi i8 %data_V_49, void %rewind_init, i8 %data_V_25_rewind, void %rewind_header"   --->   Operation 92 'phi' 'data_V_25_phi' <Predicate = true> <Delay = 0.00>
ST_3 : Operation 93 [1/1] (0.00ns)   --->   "%data_V_24_phi = phi i8 %data_V_48, void %rewind_init, i8 %data_V_24_rewind, void %rewind_header"   --->   Operation 93 'phi' 'data_V_24_phi' <Predicate = true> <Delay = 0.00>
ST_3 : Operation 94 [1/1] (0.00ns)   --->   "%data_V_23_phi = phi i8 %data_V_47, void %rewind_init, i8 %data_V_23_rewind, void %rewind_header"   --->   Operation 94 'phi' 'data_V_23_phi' <Predicate = true> <Delay = 0.00>
ST_3 : Operation 95 [1/1] (0.00ns)   --->   "%data_V_22_phi = phi i8 %data_V_46, void %rewind_init, i8 %data_V_22_rewind, void %rewind_header"   --->   Operation 95 'phi' 'data_V_22_phi' <Predicate = true> <Delay = 0.00>
ST_3 : Operation 96 [1/1] (0.00ns)   --->   "%data_V_21_phi = phi i8 %data_V_45, void %rewind_init, i8 %data_V_21_rewind, void %rewind_header"   --->   Operation 96 'phi' 'data_V_21_phi' <Predicate = true> <Delay = 0.00>
ST_3 : Operation 97 [1/1] (0.00ns)   --->   "%data_V_20_phi = phi i8 %data_V_44, void %rewind_init, i8 %data_V_20_rewind, void %rewind_header"   --->   Operation 97 'phi' 'data_V_20_phi' <Predicate = true> <Delay = 0.00>
ST_3 : Operation 98 [1/1] (0.00ns)   --->   "%data_V_19_phi = phi i8 %data_V_43, void %rewind_init, i8 %data_V_19_rewind, void %rewind_header"   --->   Operation 98 'phi' 'data_V_19_phi' <Predicate = true> <Delay = 0.00>
ST_3 : Operation 99 [1/1] (0.00ns)   --->   "%data_V_18_phi = phi i8 %data_V_42, void %rewind_init, i8 %data_V_18_rewind, void %rewind_header"   --->   Operation 99 'phi' 'data_V_18_phi' <Predicate = true> <Delay = 0.00>
ST_3 : Operation 100 [1/1] (0.00ns)   --->   "%data_V_17_phi = phi i8 %data_V_41, void %rewind_init, i8 %data_V_17_rewind, void %rewind_header"   --->   Operation 100 'phi' 'data_V_17_phi' <Predicate = true> <Delay = 0.00>
ST_3 : Operation 101 [1/1] (0.00ns)   --->   "%data_V_16_phi = phi i8 %data_V_40, void %rewind_init, i8 %data_V_16_rewind, void %rewind_header"   --->   Operation 101 'phi' 'data_V_16_phi' <Predicate = true> <Delay = 0.00>
ST_3 : Operation 102 [1/1] (0.00ns)   --->   "%data_V_15_phi = phi i8 %data_V_39, void %rewind_init, i8 %data_V_15_rewind, void %rewind_header"   --->   Operation 102 'phi' 'data_V_15_phi' <Predicate = true> <Delay = 0.00>
ST_3 : Operation 103 [1/1] (0.00ns)   --->   "%data_V_14_phi = phi i8 %data_V_38, void %rewind_init, i8 %data_V_14_rewind, void %rewind_header"   --->   Operation 103 'phi' 'data_V_14_phi' <Predicate = true> <Delay = 0.00>
ST_3 : Operation 104 [1/1] (0.00ns)   --->   "%data_V_13_phi = phi i8 %data_V_37, void %rewind_init, i8 %data_V_13_rewind, void %rewind_header"   --->   Operation 104 'phi' 'data_V_13_phi' <Predicate = true> <Delay = 0.00>
ST_3 : Operation 105 [1/1] (0.00ns)   --->   "%data_V_12_phi = phi i8 %data_V_36, void %rewind_init, i8 %data_V_12_rewind, void %rewind_header"   --->   Operation 105 'phi' 'data_V_12_phi' <Predicate = true> <Delay = 0.00>
ST_3 : Operation 106 [1/1] (0.00ns)   --->   "%data_V_11_phi = phi i8 %data_V_35, void %rewind_init, i8 %data_V_11_rewind, void %rewind_header"   --->   Operation 106 'phi' 'data_V_11_phi' <Predicate = true> <Delay = 0.00>
ST_3 : Operation 107 [1/1] (0.00ns)   --->   "%data_V_10_phi = phi i8 %data_V_34, void %rewind_init, i8 %data_V_10_rewind, void %rewind_header"   --->   Operation 107 'phi' 'data_V_10_phi' <Predicate = true> <Delay = 0.00>
ST_3 : Operation 108 [1/1] (0.00ns)   --->   "%data_V_29_phi = phi i8 %data_V_33, void %rewind_init, i8 %data_V_29_rewind, void %rewind_header"   --->   Operation 108 'phi' 'data_V_29_phi' <Predicate = true> <Delay = 0.00>
ST_3 : Operation 109 [1/1] (0.00ns)   --->   "%data_V_9_phi = phi i8 %data_V_9, void %rewind_init, i8 %data_V_9_rewind, void %rewind_header"   --->   Operation 109 'phi' 'data_V_9_phi' <Predicate = true> <Delay = 0.00>
ST_3 : Operation 110 [1/1] (0.00ns)   --->   "%data_V_8_phi = phi i8 %data_V_8, void %rewind_init, i8 %data_V_8_rewind, void %rewind_header"   --->   Operation 110 'phi' 'data_V_8_phi' <Predicate = true> <Delay = 0.00>
ST_3 : Operation 111 [1/1] (0.00ns)   --->   "%data_V_7_phi = phi i8 %data_V_7, void %rewind_init, i8 %data_V_7_rewind, void %rewind_header"   --->   Operation 111 'phi' 'data_V_7_phi' <Predicate = true> <Delay = 0.00>
ST_3 : Operation 112 [1/1] (0.00ns)   --->   "%data_V_6_phi = phi i8 %data_V_6, void %rewind_init, i8 %data_V_6_rewind, void %rewind_header"   --->   Operation 112 'phi' 'data_V_6_phi' <Predicate = true> <Delay = 0.00>
ST_3 : Operation 113 [1/1] (0.00ns)   --->   "%data_V_5_phi = phi i8 %data_V_5, void %rewind_init, i8 %data_V_5_rewind, void %rewind_header"   --->   Operation 113 'phi' 'data_V_5_phi' <Predicate = true> <Delay = 0.00>
ST_3 : Operation 114 [1/1] (0.00ns)   --->   "%data_V_4_phi = phi i8 %data_V_4, void %rewind_init, i8 %data_V_4_rewind, void %rewind_header"   --->   Operation 114 'phi' 'data_V_4_phi' <Predicate = true> <Delay = 0.00>
ST_3 : Operation 115 [1/1] (0.00ns)   --->   "%data_V_3_phi = phi i8 %data_V_3, void %rewind_init, i8 %data_V_3_rewind, void %rewind_header"   --->   Operation 115 'phi' 'data_V_3_phi' <Predicate = true> <Delay = 0.00>
ST_3 : Operation 116 [1/1] (0.00ns)   --->   "%data_V_2_phi = phi i8 %data_V_2, void %rewind_init, i8 %data_V_2_rewind, void %rewind_header"   --->   Operation 116 'phi' 'data_V_2_phi' <Predicate = true> <Delay = 0.00>
ST_3 : Operation 117 [1/1] (0.00ns)   --->   "%data_V_1_phi = phi i8 %data_V_1, void %rewind_init, i8 %data_V_1_rewind, void %rewind_header"   --->   Operation 117 'phi' 'data_V_1_phi' <Predicate = true> <Delay = 0.00>
ST_3 : Operation 118 [1/1] (0.00ns)   --->   "%data_V_30_phi = phi i8 %data_V_32, void %rewind_init, i8 %data_V_30_rewind, void %rewind_header"   --->   Operation 118 'phi' 'data_V_30_phi' <Predicate = true> <Delay = 0.00>
ST_3 : Operation 119 [1/1] (0.00ns)   --->   "%data_V_31_phi = phi i8 %data_V_31, void %rewind_init, i8 %data_V_31_rewind, void %rewind_header"   --->   Operation 119 'phi' 'data_V_31_phi' <Predicate = true> <Delay = 0.00>
ST_3 : Operation 120 [1/1] (0.00ns)   --->   "%p_phi = phi i8 %data_V, void %rewind_init, i8 %p_rewind, void %rewind_header"   --->   Operation 120 'phi' 'p_phi' <Predicate = true> <Delay = 0.00>
ST_3 : Operation 121 [1/1] (0.00ns)   --->   "%zext_ln124_5 = zext i5 %in_index20" [firmware/nnet_utils/nnet_dense_resource.h:124->firmware/nnet_utils/nnet_dense_resource.h:242->firmware/nnet_utils/nnet_dense_stream.h:24]   --->   Operation 121 'zext' 'zext_ln124_5' <Predicate = true> <Delay = 0.00>
ST_3 : Operation 122 [1/2] (0.69ns)   --->   "%out_index = load i8 %outidx_addr" [firmware/nnet_utils/nnet_dense_stream.h:24]   --->   Operation 122 'load' 'out_index' <Predicate = true> <Delay = 0.69> <CoreInst = "ROM">   --->   Core 101 'ROM' <Latency = 1> <II = 1> <Delay = 0.69> <Storage> <Opcode : 'load'> <Ports = 0> <Width = 3> <Depth = 160> <ROM>
ST_3 : Operation 123 [1/1] (0.96ns)   --->   "%a_V = mux i8 @_ssdm_op_Mux.ap_auto.32i8.i5, i8 %p_phi, i8 %data_V_1_phi, i8 %data_V_2_phi, i8 %data_V_3_phi, i8 %data_V_4_phi, i8 %data_V_5_phi, i8 %data_V_6_phi, i8 %data_V_7_phi, i8 %data_V_8_phi, i8 %data_V_9_phi, i8 %data_V_29_phi, i8 %data_V_10_phi, i8 %data_V_11_phi, i8 %data_V_12_phi, i8 %data_V_13_phi, i8 %data_V_14_phi, i8 %data_V_15_phi, i8 %data_V_16_phi, i8 %data_V_17_phi, i8 %data_V_18_phi, i8 %data_V_19_phi, i8 %data_V_20_phi, i8 %data_V_21_phi, i8 %data_V_22_phi, i8 %data_V_23_phi, i8 %data_V_24_phi, i8 %data_V_25_phi, i8 %data_V_26_phi, i8 %data_V_27_phi, i8 %data_V_28_phi, i8 %data_V_31_phi, i8 %data_V_30_phi, i5 %in_index20" [firmware/nnet_utils/nnet_dense_stream.h:43]   --->   Operation 123 'mux' 'a_V' <Predicate = true> <Delay = 0.96> <CoreInst = "Multiplexer">   --->   Core 76 'Multiplexer' <Latency = 0> <II = 1> <Delay = 0.96> <FuncUnit> <Opcode : 'mux'> <InPorts = 2> <OutPorts = 1>
ST_3 : Operation 124 [1/2] (0.69ns)   --->   "%w_V = load i8 %w18_V_addr" [firmware/nnet_utils/nnet_dense_resource.h:135->firmware/nnet_utils/nnet_dense_resource.h:242->firmware/nnet_utils/nnet_dense_stream.h:24]   --->   Operation 124 'load' 'w_V' <Predicate = true> <Delay = 0.69> <CoreInst = "ROM">   --->   Core 101 'ROM' <Latency = 1> <II = 1> <Delay = 0.69> <Storage> <Opcode : 'load'> <Ports = 0> <Width = 6> <Depth = 160> <ROM>
ST_3 : Operation 125 [1/1] (1.03ns)   --->   "%in_index_3 = add i6 %zext_ln124_5, i6 1" [firmware/nnet_utils/nnet_dense_resource.h:140->firmware/nnet_utils/nnet_dense_resource.h:242->firmware/nnet_utils/nnet_dense_stream.h:24]   --->   Operation 125 'add' 'in_index_3' <Predicate = true> <Delay = 1.03> <CoreInst = "Adder">   --->   Core 1 'Adder' <Latency = 0> <II = 1> <Delay = 1.03> <FuncUnit> <Opcode : 'add' 'sub'> <InPorts = 2> <OutPorts = 1>
ST_3 : Operation 126 [1/1] (1.03ns)   --->   "%add_ln109 = add i5 %in_index20, i5 1" [firmware/nnet_utils/nnet_dense_resource.h:109->firmware/nnet_utils/nnet_dense_resource.h:242->firmware/nnet_utils/nnet_dense_stream.h:24]   --->   Operation 126 'add' 'add_ln109' <Predicate = true> <Delay = 1.03> <CoreInst = "Adder">   --->   Core 1 'Adder' <Latency = 0> <II = 1> <Delay = 1.03> <FuncUnit> <Opcode : 'add' 'sub'> <InPorts = 2> <OutPorts = 1>
ST_3 : Operation 127 [1/1] (0.00ns)   --->   "%tmp = bitselect i1 @_ssdm_op_BitSelect.i1.i6.i32, i6 %in_index_3, i32 5" [firmware/nnet_utils/nnet_dense_resource.h:141->firmware/nnet_utils/nnet_dense_resource.h:242->firmware/nnet_utils/nnet_dense_stream.h:24]   --->   Operation 127 'bitselect' 'tmp' <Predicate = true> <Delay = 0.00>
ST_3 : Operation 128 [1/1] (0.29ns)   --->   "%in_index = select i1 %tmp, i5 0, i5 %add_ln109" [firmware/nnet_utils/nnet_dense_resource.h:141->firmware/nnet_utils/nnet_dense_resource.h:242->firmware/nnet_utils/nnet_dense_stream.h:24]   --->   Operation 128 'select' 'in_index' <Predicate = true> <Delay = 0.29> <CoreInst = "Sel">   --->   Core 73 'Sel' <Latency = 0> <II = 1> <Delay = 0.29> <FuncUnit> <Opcode : 'select'> <InPorts = 3> <OutPorts = 1>

State 4 <SV = 3> <Delay = 4.06>
ST_4 : Operation 129 [1/1] (0.00ns)   --->   "%acc_V18 = phi i8 18, void %nnet::dense_resource<ap_ufixed<8, 2, (ap_q_mode)4, (ap_o_mode)0, 0>, ap_fixed<8, 2, (ap_q_mode)5, (ap_o_mode)3, 0>, config18>.region_begin, i8 %acc_V, void %for.body26.split.i.i_ifconv, i8 18, void %nnet::dense_resource<ap_ufixed<8, 2, (ap_q_mode)4, (ap_o_mode)0, 0>, ap_fixed<8, 2, (ap_q_mode)5, (ap_o_mode)3, 0>, config18>.region_end"   --->   Operation 129 'phi' 'acc_V18' <Predicate = true> <Delay = 0.00>
ST_4 : Operation 130 [1/1] (0.00ns)   --->   "%acc_V_7516 = phi i8 22, void %nnet::dense_resource<ap_ufixed<8, 2, (ap_q_mode)4, (ap_o_mode)0, 0>, ap_fixed<8, 2, (ap_q_mode)5, (ap_o_mode)3, 0>, config18>.region_begin, i8 %acc_V_79, void %for.body26.split.i.i_ifconv, i8 22, void %nnet::dense_resource<ap_ufixed<8, 2, (ap_q_mode)4, (ap_o_mode)0, 0>, ap_fixed<8, 2, (ap_q_mode)5, (ap_o_mode)3, 0>, config18>.region_end"   --->   Operation 130 'phi' 'acc_V_7516' <Predicate = true> <Delay = 0.00>
ST_4 : Operation 131 [1/1] (0.00ns)   --->   "%acc_V_7614 = phi i8 234, void %nnet::dense_resource<ap_ufixed<8, 2, (ap_q_mode)4, (ap_o_mode)0, 0>, ap_fixed<8, 2, (ap_q_mode)5, (ap_o_mode)3, 0>, config18>.region_begin, i8 %acc_V_80, void %for.body26.split.i.i_ifconv, i8 234, void %nnet::dense_resource<ap_ufixed<8, 2, (ap_q_mode)4, (ap_o_mode)0, 0>, ap_fixed<8, 2, (ap_q_mode)5, (ap_o_mode)3, 0>, config18>.region_end"   --->   Operation 131 'phi' 'acc_V_7614' <Predicate = true> <Delay = 0.00>
ST_4 : Operation 132 [1/1] (0.00ns)   --->   "%acc_V_7712 = phi i8 240, void %nnet::dense_resource<ap_ufixed<8, 2, (ap_q_mode)4, (ap_o_mode)0, 0>, ap_fixed<8, 2, (ap_q_mode)5, (ap_o_mode)3, 0>, config18>.region_begin, i8 %acc_V_81, void %for.body26.split.i.i_ifconv, i8 240, void %nnet::dense_resource<ap_ufixed<8, 2, (ap_q_mode)4, (ap_o_mode)0, 0>, ap_fixed<8, 2, (ap_q_mode)5, (ap_o_mode)3, 0>, config18>.region_end"   --->   Operation 132 'phi' 'acc_V_7712' <Predicate = true> <Delay = 0.00>
ST_4 : Operation 133 [1/1] (0.00ns)   --->   "%acc_V_7810 = phi i8 242, void %nnet::dense_resource<ap_ufixed<8, 2, (ap_q_mode)4, (ap_o_mode)0, 0>, ap_fixed<8, 2, (ap_q_mode)5, (ap_o_mode)3, 0>, config18>.region_begin, i8 %acc_V_82, void %for.body26.split.i.i_ifconv, i8 242, void %nnet::dense_resource<ap_ufixed<8, 2, (ap_q_mode)4, (ap_o_mode)0, 0>, ap_fixed<8, 2, (ap_q_mode)5, (ap_o_mode)3, 0>, config18>.region_end"   --->   Operation 133 'phi' 'acc_V_7810' <Predicate = true> <Delay = 0.00>
ST_4 : Operation 134 [1/1] (0.00ns)   --->   "%empty = speclooptripcount i32 @_ssdm_op_SpecLoopTripCount, i64 160, i64 160, i64 160"   --->   Operation 134 'speclooptripcount' 'empty' <Predicate = true> <Delay = 0.00>
ST_4 : Operation 135 [1/1] (0.00ns)   --->   "%specpipeline_ln125 = specpipeline void @_ssdm_op_SpecPipeline, i32 1, i32 0, i32 0, i32 0, void @empty_0" [firmware/nnet_utils/nnet_dense_resource.h:125->firmware/nnet_utils/nnet_dense_resource.h:242->firmware/nnet_utils/nnet_dense_stream.h:24]   --->   Operation 135 'specpipeline' 'specpipeline_ln125' <Predicate = true> <Delay = 0.00>
ST_4 : Operation 136 [1/1] (0.00ns)   --->   "%specloopname_ln100 = specloopname void @_ssdm_op_SpecLoopName, void @empty_4" [firmware/nnet_utils/nnet_dense_resource.h:100->firmware/nnet_utils/nnet_dense_resource.h:242->firmware/nnet_utils/nnet_dense_stream.h:24]   --->   Operation 136 'specloopname' 'specloopname_ln100' <Predicate = true> <Delay = 0.00>
ST_4 : Operation 137 [1/1] (0.00ns)   --->   "%zext_ln1270 = zext i8 %a_V" [firmware/nnet_utils/nnet_dense_stream.h:24]   --->   Operation 137 'zext' 'zext_ln1270' <Predicate = true> <Delay = 0.00>
ST_4 : Operation 138 [1/1] (0.00ns)   --->   "%sext_ln1270 = sext i6 %w_V" [firmware/nnet_utils/nnet_dense_stream.h:24]   --->   Operation 138 'sext' 'sext_ln1270' <Predicate = true> <Delay = 0.00>
ST_4 : Operation 139 [1/1] (2.44ns)   --->   "%mul_ln1270 = mul i13 %zext_ln1270, i13 %sext_ln1270" [firmware/nnet_utils/nnet_dense_stream.h:24]   --->   Operation 139 'mul' 'mul_ln1270' <Predicate = true> <Delay = 2.44> <CoreInst = "Multiplier">   --->   Core 3 'Multiplier' <Latency = 0> <II = 1> <Delay = 2.44> <FuncUnit> <Opcode : 'mul'> <InPorts = 2> <OutPorts = 1>
ST_4 : Operation 140 [1/1] (0.00ns)   --->   "%rhs = partselect i8 @_ssdm_op_PartSelect.i8.i13.i32.i32, i13 %mul_ln1270, i32 5, i32 12" [firmware/nnet_utils/nnet_dense_stream.h:24]   --->   Operation 140 'partselect' 'rhs' <Predicate = true> <Delay = 0.00>
ST_4 : Operation 141 [1/1] (0.68ns)   --->   "%lhs = mux i8 @_ssdm_op_Mux.ap_auto.5i8.i3, i8 %acc_V18, i8 %acc_V_7516, i8 %acc_V_7614, i8 %acc_V_7712, i8 %acc_V_7810, i3 %out_index" [firmware/nnet_utils/nnet_dense_stream.h:24]   --->   Operation 141 'mux' 'lhs' <Predicate = true> <Delay = 0.68> <CoreInst = "Multiplexer">   --->   Core 76 'Multiplexer' <Latency = 0> <II = 1> <Delay = 0.68> <FuncUnit> <Opcode : 'mux'> <InPorts = 2> <OutPorts = 1>
ST_4 : Operation 142 [1/1] (0.00ns)   --->   "%sext_ln813 = sext i8 %lhs" [firmware/nnet_utils/nnet_dense_stream.h:24]   --->   Operation 142 'sext' 'sext_ln813' <Predicate = true> <Delay = 0.00>
ST_4 : Operation 143 [1/1] (0.00ns)   --->   "%sext_ln813_30 = sext i8 %rhs" [firmware/nnet_utils/nnet_dense_stream.h:24]   --->   Operation 143 'sext' 'sext_ln813_30' <Predicate = true> <Delay = 0.00>
ST_4 : Operation 144 [1/1] (1.28ns)   --->   "%sub_ln1420 = sub i9 0, i9 %sext_ln813" [firmware/nnet_utils/nnet_dense_stream.h:24]   --->   Operation 144 'sub' 'sub_ln1420' <Predicate = true> <Delay = 1.28> <CoreInst = "Adder">   --->   Core 1 'Adder' <Latency = 0> <II = 1> <Delay = 1.28> <FuncUnit> <Opcode : 'add' 'sub'> <InPorts = 2> <OutPorts = 1>
ST_4 : Operation 145 [1/1] (0.72ns)   --->   "%icmp_ln808 = icmp_eq  i3 %out_index, i3 0" [firmware/nnet_utils/nnet_dense_stream.h:24]   --->   Operation 145 'icmp' 'icmp_ln808' <Predicate = true> <Delay = 0.72> <CoreInst = "Cmp">   --->   Core 9 'Cmp' <Latency = 0> <II = 1> <Delay = 0.72> <FuncUnit> <Opcode : 'icmp'> <InPorts = 2> <OutPorts = 1>
ST_4 : Operation 146 [1/1] (0.72ns)   --->   "%icmp_ln808_3 = icmp_eq  i3 %out_index, i3 1" [firmware/nnet_utils/nnet_dense_stream.h:24]   --->   Operation 146 'icmp' 'icmp_ln808_3' <Predicate = true> <Delay = 0.72> <CoreInst = "Cmp">   --->   Core 9 'Cmp' <Latency = 0> <II = 1> <Delay = 0.72> <FuncUnit> <Opcode : 'icmp'> <InPorts = 2> <OutPorts = 1>
ST_4 : Operation 147 [1/1] (0.72ns)   --->   "%icmp_ln808_4 = icmp_eq  i3 %out_index, i3 2" [firmware/nnet_utils/nnet_dense_stream.h:24]   --->   Operation 147 'icmp' 'icmp_ln808_4' <Predicate = true> <Delay = 0.72> <CoreInst = "Cmp">   --->   Core 9 'Cmp' <Latency = 0> <II = 1> <Delay = 0.72> <FuncUnit> <Opcode : 'icmp'> <InPorts = 2> <OutPorts = 1>
ST_4 : Operation 148 [1/1] (0.72ns)   --->   "%icmp_ln808_5 = icmp_eq  i3 %out_index, i3 3" [firmware/nnet_utils/nnet_dense_stream.h:24]   --->   Operation 148 'icmp' 'icmp_ln808_5' <Predicate = true> <Delay = 0.72> <CoreInst = "Cmp">   --->   Core 9 'Cmp' <Latency = 0> <II = 1> <Delay = 0.72> <FuncUnit> <Opcode : 'icmp'> <InPorts = 2> <OutPorts = 1>
ST_4 : Operation 149 [1/1] (0.82ns)   --->   "%icmp_ln1420 = icmp_ne  i9 %sext_ln813_30, i9 %sub_ln1420" [firmware/nnet_utils/nnet_dense_stream.h:24]   --->   Operation 149 'icmp' 'icmp_ln1420' <Predicate = true> <Delay = 0.82> <CoreInst = "Cmp">   --->   Core 9 'Cmp' <Latency = 0> <II = 1> <Delay = 0.82> <FuncUnit> <Opcode : 'icmp'> <InPorts = 2> <OutPorts = 1>
ST_4 : Operation 150 [1/1] (0.00ns) (grouped into LUT with out node acc_V_77)   --->   "%or_ln808 = or i1 %icmp_ln808, i1 %icmp_ln1420" [firmware/nnet_utils/nnet_dense_stream.h:24]   --->   Operation 150 'or' 'or_ln808' <Predicate = true> <Delay = 0.00> <CoreInst = "LogicGate">   --->   Core 74 'LogicGate' <Latency = 0> <II = 1> <Delay = 0.33> <FuncUnit> <Opcode : 'and' 'or' 'xor'> <InPorts = 2> <OutPorts = 1>
ST_4 : Operation 151 [1/1] (0.33ns)   --->   "%or_ln808_6 = or i1 %icmp_ln808_4, i1 %icmp_ln808_5" [firmware/nnet_utils/nnet_dense_stream.h:24]   --->   Operation 151 'or' 'or_ln808_6' <Predicate = true> <Delay = 0.33> <CoreInst = "LogicGate">   --->   Core 74 'LogicGate' <Latency = 0> <II = 1> <Delay = 0.33> <FuncUnit> <Opcode : 'and' 'or' 'xor'> <InPorts = 2> <OutPorts = 1>
ST_4 : Operation 152 [1/1] (0.00ns) (grouped into LUT with out node acc_V_77)   --->   "%or_ln808_7 = or i1 %or_ln808_6, i1 %icmp_ln808_3" [firmware/nnet_utils/nnet_dense_stream.h:24]   --->   Operation 152 'or' 'or_ln808_7' <Predicate = true> <Delay = 0.00> <CoreInst = "LogicGate">   --->   Core 74 'LogicGate' <Latency = 0> <II = 1> <Delay = 0.33> <FuncUnit> <Opcode : 'and' 'or' 'xor'> <InPorts = 2> <OutPorts = 1>
ST_4 : Operation 153 [1/1] (0.00ns) (grouped into LUT with out node acc_V_77)   --->   "%or_ln808_8 = or i1 %or_ln808_7, i1 %or_ln808" [firmware/nnet_utils/nnet_dense_stream.h:24]   --->   Operation 153 'or' 'or_ln808_8' <Predicate = true> <Delay = 0.00> <CoreInst = "LogicGate">   --->   Core 74 'LogicGate' <Latency = 0> <II = 1> <Delay = 0.33> <FuncUnit> <Opcode : 'and' 'or' 'xor'> <InPorts = 2> <OutPorts = 1>
ST_4 : Operation 154 [1/1] (0.33ns) (out node of the LUT)   --->   "%acc_V_77 = select i1 %or_ln808_8, i8 %acc_V_7810, i8 0" [firmware/nnet_utils/nnet_dense_stream.h:24]   --->   Operation 154 'select' 'acc_V_77' <Predicate = true> <Delay = 0.33> <CoreInst = "Sel">   --->   Core 73 'Sel' <Latency = 0> <II = 1> <Delay = 0.29> <FuncUnit> <Opcode : 'select'> <InPorts = 3> <OutPorts = 1>
ST_4 : Operation 155 [1/1] (1.28ns)   --->   "%acc_V_78 = add i8 %rhs, i8 %lhs" [firmware/nnet_utils/nnet_dense_stream.h:24]   --->   Operation 155 'add' 'acc_V_78' <Predicate = true> <Delay = 1.28> <CoreInst = "Adder">   --->   Core 1 'Adder' <Latency = 0> <II = 1> <Delay = 1.28> <FuncUnit> <Opcode : 'add' 'sub'> <InPorts = 2> <OutPorts = 1>
ST_4 : Operation 156 [1/1] (0.00ns) (grouped into LUT with out node acc_V_82)   --->   "%or_ln813 = or i1 %icmp_ln808, i1 %icmp_ln808_3" [firmware/nnet_utils/nnet_dense_stream.h:24]   --->   Operation 156 'or' 'or_ln813' <Predicate = true> <Delay = 0.00> <CoreInst = "LogicGate">   --->   Core 74 'LogicGate' <Latency = 0> <II = 1> <Delay = 0.33> <FuncUnit> <Opcode : 'and' 'or' 'xor'> <InPorts = 2> <OutPorts = 1>
ST_4 : Operation 157 [1/1] (0.00ns) (grouped into LUT with out node acc_V_82)   --->   "%or_ln813_2 = or i1 %or_ln808_6, i1 %or_ln813" [firmware/nnet_utils/nnet_dense_stream.h:24]   --->   Operation 157 'or' 'or_ln813_2' <Predicate = true> <Delay = 0.00> <CoreInst = "LogicGate">   --->   Core 74 'LogicGate' <Latency = 0> <II = 1> <Delay = 0.33> <FuncUnit> <Opcode : 'and' 'or' 'xor'> <InPorts = 2> <OutPorts = 1>
ST_4 : Operation 158 [1/1] (0.33ns) (out node of the LUT)   --->   "%acc_V_82 = select i1 %or_ln813_2, i8 %acc_V_77, i8 %acc_V_78" [firmware/nnet_utils/nnet_dense_stream.h:24]   --->   Operation 158 'select' 'acc_V_82' <Predicate = true> <Delay = 0.33> <CoreInst = "Sel">   --->   Core 73 'Sel' <Latency = 0> <II = 1> <Delay = 0.29> <FuncUnit> <Opcode : 'select'> <InPorts = 3> <OutPorts = 1>
ST_4 : Operation 159 [1/1] (0.29ns)   --->   "%acc_V_81 = select i1 %icmp_ln808_5, i8 %acc_V_78, i8 %acc_V_7712" [firmware/nnet_utils/nnet_dense_stream.h:24]   --->   Operation 159 'select' 'acc_V_81' <Predicate = true> <Delay = 0.29> <CoreInst = "Sel">   --->   Core 73 'Sel' <Latency = 0> <II = 1> <Delay = 0.29> <FuncUnit> <Opcode : 'select'> <InPorts = 3> <OutPorts = 1>
ST_4 : Operation 160 [1/1] (0.29ns)   --->   "%acc_V_80 = select i1 %icmp_ln808_4, i8 %acc_V_78, i8 %acc_V_7614" [firmware/nnet_utils/nnet_dense_stream.h:24]   --->   Operation 160 'select' 'acc_V_80' <Predicate = true> <Delay = 0.29> <CoreInst = "Sel">   --->   Core 73 'Sel' <Latency = 0> <II = 1> <Delay = 0.29> <FuncUnit> <Opcode : 'select'> <InPorts = 3> <OutPorts = 1>
ST_4 : Operation 161 [1/1] (0.29ns)   --->   "%acc_V_79 = select i1 %icmp_ln808_3, i8 %acc_V_78, i8 %acc_V_7516" [firmware/nnet_utils/nnet_dense_stream.h:24]   --->   Operation 161 'select' 'acc_V_79' <Predicate = true> <Delay = 0.29> <CoreInst = "Sel">   --->   Core 73 'Sel' <Latency = 0> <II = 1> <Delay = 0.29> <FuncUnit> <Opcode : 'select'> <InPorts = 3> <OutPorts = 1>
ST_4 : Operation 162 [1/1] (0.29ns)   --->   "%acc_V = select i1 %icmp_ln808, i8 %acc_V_78, i8 %acc_V18" [firmware/nnet_utils/nnet_dense_stream.h:24]   --->   Operation 162 'select' 'acc_V' <Predicate = true> <Delay = 0.29> <CoreInst = "Sel">   --->   Core 73 'Sel' <Latency = 0> <II = 1> <Delay = 0.29> <FuncUnit> <Opcode : 'select'> <InPorts = 3> <OutPorts = 1>
ST_4 : Operation 163 [1/1] (0.00ns)   --->   "%p_0 = bitconcatenate i40 @_ssdm_op_BitConcatenate.i40.i8.i8.i8.i8.i8, i8 %acc_V_82, i8 %acc_V_81, i8 %acc_V_80, i8 %acc_V_79, i8 %acc_V" [firmware/nnet_utils/nnet_dense_stream.h:77]   --->   Operation 163 'bitconcatenate' 'p_0' <Predicate = (icmp_ln124)> <Delay = 0.00>
ST_4 : Operation 164 [2/2] (0.00ns)   --->   "%write_ln77 = write void @_ssdm_op_Write.axis.volatile.i40P128A, i40 %layer18_out, i40 %p_0" [firmware/nnet_utils/nnet_dense_stream.h:77]   --->   Operation 164 'write' 'write_ln77' <Predicate = (icmp_ln124)> <Delay = 0.00> <CoreInst = "axis">   --->   Core 123 'axis' <Latency = 0> <II = 1> <Delay = 1.00> <Adapter> <Opcode : >

State 5 <SV = 4> <Delay = 0.00>
ST_5 : Operation 165 [1/1] (0.00ns)   --->   "%rend = specregionend i32 @_ssdm_op_SpecRegionEnd, void @nnet_KD_KD_dense_resource_MD_ap_ufixed_MD_8_MC_AC_2_MC_AC_IC_ap_q_mode_JC_4_s, i32 %rbegin" [firmware/nnet_utils/nnet_dense_stream.h:53]   --->   Operation 165 'specregionend' 'rend' <Predicate = (icmp_ln124)> <Delay = 0.00>
ST_5 : Operation 166 [1/2] (0.00ns)   --->   "%write_ln77 = write void @_ssdm_op_Write.axis.volatile.i40P128A, i40 %layer18_out, i40 %p_0" [firmware/nnet_utils/nnet_dense_stream.h:77]   --->   Operation 166 'write' 'write_ln77' <Predicate = (icmp_ln124)> <Delay = 0.00> <CoreInst = "axis">   --->   Core 123 'axis' <Latency = 0> <II = 1> <Delay = 1.00> <Adapter> <Opcode : >
ST_5 : Operation 167 [1/1] (0.00ns)   --->   "%return_ln101 = return void @_ssdm_op_Return" [firmware/nnet_utils/nnet_dense_stream.h:101]   --->   Operation 167 'return' 'return_ln101' <Predicate = (icmp_ln124)> <Delay = 0.00>


============================================================
+ Verbose Summary: Timing violations
============================================================
Target clock period: 5ns, clock uncertainty: 0.625ns.

 <State 1>: 0.538ns
The critical path consists of the following:
	multiplexor before 'phi' operation ('do_init') [10]  (0.538 ns)

 <State 2>: 1.28ns
The critical path consists of the following:
	'phi' operation ('ir') with incoming values : ('ir', firmware/nnet_utils/nnet_dense_resource.h:124->firmware/nnet_utils/nnet_dense_resource.h:242->firmware/nnet_utils/nnet_dense_stream.h:24) [44]  (0 ns)
	'add' operation ('ir', firmware/nnet_utils/nnet_dense_resource.h:124->firmware/nnet_utils/nnet_dense_resource.h:242->firmware/nnet_utils/nnet_dense_stream.h:24) [159]  (1.28 ns)

 <State 3>: 3.69ns
The critical path consists of the following:
	fifo read operation ('layer17_out_read', firmware/nnet_utils/nnet_dense_stream.h:43) on port 'layer17_out' (firmware/nnet_utils/nnet_dense_stream.h:43) [52]  (2.19 ns)
	multiplexor before 'phi' operation ('data.V') with incoming values : ('data.V', firmware/nnet_utils/nnet_dense_stream.h:43) [87]  (0.538 ns)
	'phi' operation ('data.V') with incoming values : ('data.V', firmware/nnet_utils/nnet_dense_stream.h:43) [87]  (0 ns)
	'mux' operation ('a.V', firmware/nnet_utils/nnet_dense_stream.h:43) [126]  (0.965 ns)

 <State 4>: 4.06ns
The critical path consists of the following:
	'mul' operation ('mul_ln1270', firmware/nnet_utils/nnet_dense_stream.h:24) [131]  (2.44 ns)
	'add' operation ('acc.V', firmware/nnet_utils/nnet_dense_stream.h:24) [147]  (1.28 ns)
	'select' operation ('res.V', firmware/nnet_utils/nnet_dense_stream.h:24) [150]  (0.337 ns)

 <State 5>: 0ns
The critical path consists of the following:


============================================================
+ Verbose Summary: Binding
============================================================
N/A
* FSMD analyzer results:
  - Output states:
 - Input state : 
  - Chain level:
	State 1
	State 2
	State 3
	State 4
	State 5


============================================================
+ Verbose Summary: Datapath Resource usage 
============================================================
N/A
