/home/mattwilk/CoaxlinkQuadCxp12_1cam_working/RHEED_hls/myproject_prj/solution1/.autopilot/db/myproject.pp.0.cpp:28310:7: warning: Added loop label VITIS_LOOP_1211_1:   [xilinx-label-all-loops]
      for (i = 0; i < __N - 1; ++i) {
      ^~~
      VITIS_LOOP_1211_1: 
/home/mattwilk/CoaxlinkQuadCxp12_1cam_working/RHEED_hls/myproject_prj/solution1/.autopilot/db/myproject.pp.0.cpp:28310:7: note: FIX-IT applied suggested code changes
/home/mattwilk/CoaxlinkQuadCxp12_1cam_working/RHEED_hls/myproject_prj/solution1/.autopilot/db/myproject.pp.0.cpp:29284:5: warning: Added loop label VITIS_LOOP_676_1:   [xilinx-label-all-loops]
    for (unsigned i = low; i != high; ++i) {
    ^~~
    VITIS_LOOP_676_1: 
/home/mattwilk/CoaxlinkQuadCxp12_1cam_working/RHEED_hls/myproject_prj/solution1/.autopilot/db/myproject.pp.0.cpp:29284:5: note: FIX-IT applied suggested code changes
/home/mattwilk/CoaxlinkQuadCxp12_1cam_working/RHEED_hls/myproject_prj/solution1/.autopilot/db/myproject.pp.0.cpp:29298:5: warning: Added loop label VITIS_LOOP_690_1:   [xilinx-label-all-loops]
    for (unsigned i = low; i != high; ++i) {
    ^~~
    VITIS_LOOP_690_1: 
/home/mattwilk/CoaxlinkQuadCxp12_1cam_working/RHEED_hls/myproject_prj/solution1/.autopilot/db/myproject.pp.0.cpp:29298:5: note: FIX-IT applied suggested code changes
/home/mattwilk/CoaxlinkQuadCxp12_1cam_working/RHEED_hls/myproject_prj/solution1/.autopilot/db/myproject.pp.0.cpp:29312:5: warning: Added loop label VITIS_LOOP_704_1:   [xilinx-label-all-loops]
    for (unsigned i = low; i != high; ++i) {
    ^~~
    VITIS_LOOP_704_1: 
/home/mattwilk/CoaxlinkQuadCxp12_1cam_working/RHEED_hls/myproject_prj/solution1/.autopilot/db/myproject.pp.0.cpp:29312:5: note: FIX-IT applied suggested code changes
/home/mattwilk/CoaxlinkQuadCxp12_1cam_working/RHEED_hls/myproject_prj/solution1/.autopilot/db/myproject.pp.0.cpp:30911:7: warning: Added loop label VITIS_LOOP_1245_1:   [xilinx-label-all-loops]
      for (i = 0; i < __N - 1; ++i) {
      ^~~
      VITIS_LOOP_1245_1: 
/home/mattwilk/CoaxlinkQuadCxp12_1cam_working/RHEED_hls/myproject_prj/solution1/.autopilot/db/myproject.pp.0.cpp:30911:7: note: FIX-IT applied suggested code changes
/home/mattwilk/CoaxlinkQuadCxp12_1cam_working/RHEED_hls/myproject_prj/solution1/.autopilot/db/myproject.pp.0.cpp:32896:9: warning: Added loop label VITIS_LOOP_27_1:   [xilinx-label-all-loops]
        for (unsigned i = 0; i < N; i++) {
        ^~~
        VITIS_LOOP_27_1: 
/home/mattwilk/CoaxlinkQuadCxp12_1cam_working/RHEED_hls/myproject_prj/solution1/.autopilot/db/myproject.pp.0.cpp:32896:9: note: FIX-IT applied suggested code changes
/home/mattwilk/CoaxlinkQuadCxp12_1cam_working/RHEED_hls/myproject_prj/solution1/.autopilot/db/myproject.pp.0.cpp:32909:9: warning: Added loop label VITIS_LOOP_40_1:   [xilinx-label-all-loops]
        for (size_t i = 0; i < N; i++) {
        ^~~
        VITIS_LOOP_40_1: 
/home/mattwilk/CoaxlinkQuadCxp12_1cam_working/RHEED_hls/myproject_prj/solution1/.autopilot/db/myproject.pp.0.cpp:32909:9: note: FIX-IT applied suggested code changes
/home/mattwilk/CoaxlinkQuadCxp12_1cam_working/RHEED_hls/myproject_prj/solution1/.autopilot/db/myproject.pp.0.cpp:55648:5: warning: Added loop label VITIS_LOOP_265_1:   [xilinx-label-all-loops]
    for (typename std::vector<src_T>::const_iterator i = in_begin; i != in_end; ++i) {
    ^~~
    VITIS_LOOP_265_1: 
/home/mattwilk/CoaxlinkQuadCxp12_1cam_working/RHEED_hls/myproject_prj/solution1/.autopilot/db/myproject.pp.0.cpp:55648:5: note: FIX-IT applied suggested code changes
/home/mattwilk/CoaxlinkQuadCxp12_1cam_working/RHEED_hls/myproject_prj/solution1/.autopilot/db/myproject.pp.0.cpp:55658:5: warning: Added loop label VITIS_LOOP_275_1:   [xilinx-label-all-loops]
    for (auto i = 0; i < SIZE; i++)
    ^~~
    VITIS_LOOP_275_1: 
/home/mattwilk/CoaxlinkQuadCxp12_1cam_working/RHEED_hls/myproject_prj/solution1/.autopilot/db/myproject.pp.0.cpp:55658:5: note: FIX-IT applied suggested code changes
/home/mattwilk/CoaxlinkQuadCxp12_1cam_working/RHEED_hls/myproject_prj/solution1/.autopilot/db/myproject.pp.0.cpp:55669:5: warning: Added loop label VITIS_LOOP_286_1:   [xilinx-label-all-loops]
    for (int i = 0; i < SIZE; i++) {
    ^~~
    VITIS_LOOP_286_1: 
/home/mattwilk/CoaxlinkQuadCxp12_1cam_working/RHEED_hls/myproject_prj/solution1/.autopilot/db/myproject.pp.0.cpp:55669:5: note: FIX-IT applied suggested code changes
/home/mattwilk/CoaxlinkQuadCxp12_1cam_working/RHEED_hls/myproject_prj/solution1/.autopilot/db/myproject.pp.0.cpp:55676:5: warning: Added loop label VITIS_LOOP_293_1:   [xilinx-label-all-loops]
    for (int i = 0; i < SIZE / res_T::size; i++) {
    ^~~
    VITIS_LOOP_293_1: 
/home/mattwilk/CoaxlinkQuadCxp12_1cam_working/RHEED_hls/myproject_prj/solution1/.autopilot/db/myproject.pp.0.cpp:55676:5: note: FIX-IT applied suggested code changes
/home/mattwilk/CoaxlinkQuadCxp12_1cam_working/RHEED_hls/myproject_prj/solution1/.autopilot/db/myproject.pp.0.cpp:55678:9: warning: Added loop label VITIS_LOOP_295_2:   [xilinx-label-all-loops]
        for (int j = 0; j < res_T::size; j++) {
        ^~~
        VITIS_LOOP_295_2: 
/home/mattwilk/CoaxlinkQuadCxp12_1cam_working/RHEED_hls/myproject_prj/solution1/.autopilot/db/myproject.pp.0.cpp:55678:9: note: FIX-IT applied suggested code changes
/home/mattwilk/CoaxlinkQuadCxp12_1cam_working/RHEED_hls/myproject_prj/solution1/.autopilot/db/myproject.pp.0.cpp:55690:5: warning: Added loop label VITIS_LOOP_307_1:   [xilinx-label-all-loops]
    for (int i = 0; i < SIZE / data_T::size; i++) {
    ^~~
    VITIS_LOOP_307_1: 
/home/mattwilk/CoaxlinkQuadCxp12_1cam_working/RHEED_hls/myproject_prj/solution1/.autopilot/db/myproject.pp.0.cpp:55690:5: note: FIX-IT applied suggested code changes
/home/mattwilk/CoaxlinkQuadCxp12_1cam_working/RHEED_hls/myproject_prj/solution1/.autopilot/db/myproject.pp.0.cpp:55692:9: warning: Added loop label VITIS_LOOP_309_2:   [xilinx-label-all-loops]
        for (int j = 0; j < data_T::size; j++) {
        ^~~
        VITIS_LOOP_309_2: 
/home/mattwilk/CoaxlinkQuadCxp12_1cam_working/RHEED_hls/myproject_prj/solution1/.autopilot/db/myproject.pp.0.cpp:55692:9: note: FIX-IT applied suggested code changes
/home/mattwilk/CoaxlinkQuadCxp12_1cam_working/RHEED_hls/myproject_prj/solution1/.autopilot/db/myproject.pp.0.cpp:55707:5: warning: Added loop label VITIS_LOOP_324_1:   [xilinx-label-all-loops]
    for (int ii = 0; ii < nrows; ii++) {
    ^~~
    VITIS_LOOP_324_1: 
/home/mattwilk/CoaxlinkQuadCxp12_1cam_working/RHEED_hls/myproject_prj/solution1/.autopilot/db/myproject.pp.0.cpp:55707:5: note: FIX-IT applied suggested code changes
/home/mattwilk/CoaxlinkQuadCxp12_1cam_working/RHEED_hls/myproject_prj/solution1/.autopilot/db/myproject.pp.0.cpp:55727:5: warning: Added loop label VITIS_LOOP_344_1:   [xilinx-label-all-loops]
    for (int ii = 0; ii < nrows; ii++) {
    ^~~
    VITIS_LOOP_344_1: 
/home/mattwilk/CoaxlinkQuadCxp12_1cam_working/RHEED_hls/myproject_prj/solution1/.autopilot/db/myproject.pp.0.cpp:55727:5: note: FIX-IT applied suggested code changes
/home/mattwilk/CoaxlinkQuadCxp12_1cam_working/RHEED_hls/myproject_prj/solution1/.autopilot/db/myproject.pp.0.cpp:55728:9: warning: Added loop label VITIS_LOOP_345_2:   [xilinx-label-all-loops]
        for (int jj = 0; jj < ncols; jj++) {
        ^~~
        VITIS_LOOP_345_2: 
/home/mattwilk/CoaxlinkQuadCxp12_1cam_working/RHEED_hls/myproject_prj/solution1/.autopilot/db/myproject.pp.0.cpp:55728:9: note: FIX-IT applied suggested code changes
/home/mattwilk/CoaxlinkQuadCxp12_1cam_working/RHEED_hls/myproject_prj/solution1/.autopilot/db/myproject.pp.0.cpp:55743:5: warning: Added loop label VITIS_LOOP_360_1:   [xilinx-label-all-loops]
    for (int ii = 0; ii < N_IN; ii++) {
    ^~~
    VITIS_LOOP_360_1: 
/home/mattwilk/CoaxlinkQuadCxp12_1cam_working/RHEED_hls/myproject_prj/solution1/.autopilot/db/myproject.pp.0.cpp:55743:5: note: FIX-IT applied suggested code changes
/home/mattwilk/CoaxlinkQuadCxp12_1cam_working/RHEED_hls/myproject_prj/solution1/.autopilot/db/myproject.pp.0.cpp:55750:5: warning: Added loop label VITIS_LOOP_367_1:   [xilinx-label-all-loops]
    for (int ii = 0; ii < N_IN; ii++) {
    ^~~
    VITIS_LOOP_367_1: 
/home/mattwilk/CoaxlinkQuadCxp12_1cam_working/RHEED_hls/myproject_prj/solution1/.autopilot/db/myproject.pp.0.cpp:55750:5: note: FIX-IT applied suggested code changes
/home/mattwilk/CoaxlinkQuadCxp12_1cam_working/RHEED_hls/myproject_prj/solution1/.autopilot/db/myproject.pp.0.cpp:55873:2: warning: Added loop label VITIS_LOOP_31_1:   [xilinx-label-all-loops]
 for (int ii = 0; ii < CONFIG_T::n_in; ii++) {
 ^~~
 VITIS_LOOP_31_1: 
/home/mattwilk/CoaxlinkQuadCxp12_1cam_working/RHEED_hls/myproject_prj/solution1/.autopilot/db/myproject.pp.0.cpp:55873:2: note: FIX-IT applied suggested code changes
/home/mattwilk/CoaxlinkQuadCxp12_1cam_working/RHEED_hls/myproject_prj/solution1/.autopilot/db/myproject.pp.0.cpp:55885:5: warning: Added loop label VITIS_LOOP_43_1:   [xilinx-label-all-loops]
    for (int ii = 0; ii < CONFIG_T::n_in; ii++) {
    ^~~
    VITIS_LOOP_43_1: 
/home/mattwilk/CoaxlinkQuadCxp12_1cam_working/RHEED_hls/myproject_prj/solution1/.autopilot/db/myproject.pp.0.cpp:55885:5: note: FIX-IT applied suggested code changes
/home/mattwilk/CoaxlinkQuadCxp12_1cam_working/RHEED_hls/myproject_prj/solution1/.autopilot/db/myproject.pp.0.cpp:55899:5: warning: Added loop label VITIS_LOOP_57_1:   [xilinx-label-all-loops]
    for (int ii = 0; ii < CONFIG_T::n_in; ii++) {
    ^~~
    VITIS_LOOP_57_1: 
/home/mattwilk/CoaxlinkQuadCxp12_1cam_working/RHEED_hls/myproject_prj/solution1/.autopilot/db/myproject.pp.0.cpp:55899:5: note: FIX-IT applied suggested code changes
/home/mattwilk/CoaxlinkQuadCxp12_1cam_working/RHEED_hls/myproject_prj/solution1/.autopilot/db/myproject.pp.0.cpp:55926:5: warning: Added loop label VITIS_LOOP_84_1:   [xilinx-label-all-loops]
    for (int ii = 0; ii < N_TABLE; ii++) {
    ^~~
    VITIS_LOOP_84_1: 
/home/mattwilk/CoaxlinkQuadCxp12_1cam_working/RHEED_hls/myproject_prj/solution1/.autopilot/db/myproject.pp.0.cpp:55926:5: note: FIX-IT applied suggested code changes
/home/mattwilk/CoaxlinkQuadCxp12_1cam_working/RHEED_hls/myproject_prj/solution1/.autopilot/db/myproject.pp.0.cpp:55956:5: warning: Added loop label VITIS_LOOP_114_1:   [xilinx-label-all-loops]
    for (int ii = 0; ii < CONFIG_T::n_in; ii++) {
    ^~~
    VITIS_LOOP_114_1: 
/home/mattwilk/CoaxlinkQuadCxp12_1cam_working/RHEED_hls/myproject_prj/solution1/.autopilot/db/myproject.pp.0.cpp:55956:5: note: FIX-IT applied suggested code changes
/home/mattwilk/CoaxlinkQuadCxp12_1cam_working/RHEED_hls/myproject_prj/solution1/.autopilot/db/myproject.pp.0.cpp:55993:5: warning: Added loop label VITIS_LOOP_151_1:   [xilinx-label-all-loops]
    for (unsigned i = 0; i < CONFIG_T::table_size; i++) {
    ^~~
    VITIS_LOOP_151_1: 
/home/mattwilk/CoaxlinkQuadCxp12_1cam_working/RHEED_hls/myproject_prj/solution1/.autopilot/db/myproject.pp.0.cpp:55993:5: note: FIX-IT applied suggested code changes
/home/mattwilk/CoaxlinkQuadCxp12_1cam_working/RHEED_hls/myproject_prj/solution1/.autopilot/db/myproject.pp.0.cpp:56004:5: warning: Added loop label VITIS_LOOP_162_1:   [xilinx-label-all-loops]
    for (unsigned i = 0; i < CONFIG_T::table_size; i++) {
    ^~~
    VITIS_LOOP_162_1: 
/home/mattwilk/CoaxlinkQuadCxp12_1cam_working/RHEED_hls/myproject_prj/solution1/.autopilot/db/myproject.pp.0.cpp:56004:5: note: FIX-IT applied suggested code changes
/home/mattwilk/CoaxlinkQuadCxp12_1cam_working/RHEED_hls/myproject_prj/solution1/.autopilot/db/myproject.pp.0.cpp:56037:5: warning: Added loop label VITIS_LOOP_195_1:   [xilinx-label-all-loops]
    for (unsigned i = 0; i < CONFIG_T::n_in; i++) {
    ^~~
    VITIS_LOOP_195_1: 
/home/mattwilk/CoaxlinkQuadCxp12_1cam_working/RHEED_hls/myproject_prj/solution1/.autopilot/db/myproject.pp.0.cpp:56037:5: note: FIX-IT applied suggested code changes
/home/mattwilk/CoaxlinkQuadCxp12_1cam_working/RHEED_hls/myproject_prj/solution1/.autopilot/db/myproject.pp.0.cpp:56051:5: warning: Added loop label VITIS_LOOP_209_2:   [xilinx-label-all-loops]
    for (unsigned i = 0; i < CONFIG_T::n_in; i++) {
    ^~~
    VITIS_LOOP_209_2: 
/home/mattwilk/CoaxlinkQuadCxp12_1cam_working/RHEED_hls/myproject_prj/solution1/.autopilot/db/myproject.pp.0.cpp:56051:5: note: FIX-IT applied suggested code changes
/home/mattwilk/CoaxlinkQuadCxp12_1cam_working/RHEED_hls/myproject_prj/solution1/.autopilot/db/myproject.pp.0.cpp:56085:5: warning: Added loop label VITIS_LOOP_243_1:   [xilinx-label-all-loops]
    for (unsigned i = 0; i < CONFIG_T::n_in; i++) {
    ^~~
    VITIS_LOOP_243_1: 
/home/mattwilk/CoaxlinkQuadCxp12_1cam_working/RHEED_hls/myproject_prj/solution1/.autopilot/db/myproject.pp.0.cpp:56085:5: note: FIX-IT applied suggested code changes
/home/mattwilk/CoaxlinkQuadCxp12_1cam_working/RHEED_hls/myproject_prj/solution1/.autopilot/db/myproject.pp.0.cpp:56094:5: warning: Added loop label VITIS_LOOP_252_2:   [xilinx-label-all-loops]
    for (unsigned i = 0; i < CONFIG_T::n_in; i++) {
    ^~~
    VITIS_LOOP_252_2: 
/home/mattwilk/CoaxlinkQuadCxp12_1cam_working/RHEED_hls/myproject_prj/solution1/.autopilot/db/myproject.pp.0.cpp:56094:5: note: FIX-IT applied suggested code changes
/home/mattwilk/CoaxlinkQuadCxp12_1cam_working/RHEED_hls/myproject_prj/solution1/.autopilot/db/myproject.pp.0.cpp:56108:5: warning: Added loop label VITIS_LOOP_266_3:   [xilinx-label-all-loops]
    for (unsigned i = 0; i < CONFIG_T::n_in; i++) {
    ^~~
    VITIS_LOOP_266_3: 
/home/mattwilk/CoaxlinkQuadCxp12_1cam_working/RHEED_hls/myproject_prj/solution1/.autopilot/db/myproject.pp.0.cpp:56108:5: note: FIX-IT applied suggested code changes
/home/mattwilk/CoaxlinkQuadCxp12_1cam_working/RHEED_hls/myproject_prj/solution1/.autopilot/db/myproject.pp.0.cpp:56115:5: warning: Added loop label VITIS_LOOP_273_1:   [xilinx-label-all-loops]
    for (int ii = 0; ii < N_TABLE; ii++) {
    ^~~
    VITIS_LOOP_273_1: 
/home/mattwilk/CoaxlinkQuadCxp12_1cam_working/RHEED_hls/myproject_prj/solution1/.autopilot/db/myproject.pp.0.cpp:56115:5: note: FIX-IT applied suggested code changes
/home/mattwilk/CoaxlinkQuadCxp12_1cam_working/RHEED_hls/myproject_prj/solution1/.autopilot/db/myproject.pp.0.cpp:56128:5: warning: Added loop label VITIS_LOOP_286_1:   [xilinx-label-all-loops]
    for (int ii = 0; ii < N_TABLE; ii++) {
    ^~~
    VITIS_LOOP_286_1: 
/home/mattwilk/CoaxlinkQuadCxp12_1cam_working/RHEED_hls/myproject_prj/solution1/.autopilot/db/myproject.pp.0.cpp:56128:5: note: FIX-IT applied suggested code changes
/home/mattwilk/CoaxlinkQuadCxp12_1cam_working/RHEED_hls/myproject_prj/solution1/.autopilot/db/myproject.pp.0.cpp:56165:5: warning: Added loop label VITIS_LOOP_323_1:   [xilinx-label-all-loops]
    for (int ii = 0; ii < CONFIG_T::n_in; ii++) {
    ^~~
    VITIS_LOOP_323_1: 
/home/mattwilk/CoaxlinkQuadCxp12_1cam_working/RHEED_hls/myproject_prj/solution1/.autopilot/db/myproject.pp.0.cpp:56165:5: note: FIX-IT applied suggested code changes
/home/mattwilk/CoaxlinkQuadCxp12_1cam_working/RHEED_hls/myproject_prj/solution1/.autopilot/db/myproject.pp.0.cpp:56170:5: warning: Added loop label VITIS_LOOP_328_2:   [xilinx-label-all-loops]
    for (int ii = 0; ii < CONFIG_T::n_in; ii++) {
    ^~~
    VITIS_LOOP_328_2: 
/home/mattwilk/CoaxlinkQuadCxp12_1cam_working/RHEED_hls/myproject_prj/solution1/.autopilot/db/myproject.pp.0.cpp:56170:5: note: FIX-IT applied suggested code changes
/home/mattwilk/CoaxlinkQuadCxp12_1cam_working/RHEED_hls/myproject_prj/solution1/.autopilot/db/myproject.pp.0.cpp:56171:9: warning: Added loop label VITIS_LOOP_329_3:   [xilinx-label-all-loops]
        for (int jj = 0; jj < CONFIG_T::n_in; jj++) {
        ^~~
        VITIS_LOOP_329_3: 
/home/mattwilk/CoaxlinkQuadCxp12_1cam_working/RHEED_hls/myproject_prj/solution1/.autopilot/db/myproject.pp.0.cpp:56171:9: note: FIX-IT applied suggested code changes
/home/mattwilk/CoaxlinkQuadCxp12_1cam_working/RHEED_hls/myproject_prj/solution1/.autopilot/db/myproject.pp.0.cpp:56188:5: warning: Added loop label VITIS_LOOP_346_4:   [xilinx-label-all-loops]
    for (int ii = 0; ii < CONFIG_T::n_in; ii++) {
    ^~~
    VITIS_LOOP_346_4: 
/home/mattwilk/CoaxlinkQuadCxp12_1cam_working/RHEED_hls/myproject_prj/solution1/.autopilot/db/myproject.pp.0.cpp:56188:5: note: FIX-IT applied suggested code changes
/home/mattwilk/CoaxlinkQuadCxp12_1cam_working/RHEED_hls/myproject_prj/solution1/.autopilot/db/myproject.pp.0.cpp:56201:5: warning: Added loop label VITIS_LOOP_359_1:   [xilinx-label-all-loops]
    for (int i = 0; i < CONFIG_T::n_in; i++) {
    ^~~
    VITIS_LOOP_359_1: 
/home/mattwilk/CoaxlinkQuadCxp12_1cam_working/RHEED_hls/myproject_prj/solution1/.autopilot/db/myproject.pp.0.cpp:56201:5: note: FIX-IT applied suggested code changes
/home/mattwilk/CoaxlinkQuadCxp12_1cam_working/RHEED_hls/myproject_prj/solution1/.autopilot/db/myproject.pp.0.cpp:56209:5: warning: Added loop label VITIS_LOOP_367_2:   [xilinx-label-all-loops]
    for (int i = 1; i < CONFIG_T::n_in; i++) {
    ^~~
    VITIS_LOOP_367_2: 
/home/mattwilk/CoaxlinkQuadCxp12_1cam_working/RHEED_hls/myproject_prj/solution1/.autopilot/db/myproject.pp.0.cpp:56209:5: note: FIX-IT applied suggested code changes
/home/mattwilk/CoaxlinkQuadCxp12_1cam_working/RHEED_hls/myproject_prj/solution1/.autopilot/db/myproject.pp.0.cpp:56244:5: warning: Added loop label VITIS_LOOP_402_1:   [xilinx-label-all-loops]
    for (int ii = 0; ii < N_TABLE; ii++) {
    ^~~
    VITIS_LOOP_402_1: 
/home/mattwilk/CoaxlinkQuadCxp12_1cam_working/RHEED_hls/myproject_prj/solution1/.autopilot/db/myproject.pp.0.cpp:56244:5: note: FIX-IT applied suggested code changes
/home/mattwilk/CoaxlinkQuadCxp12_1cam_working/RHEED_hls/myproject_prj/solution1/.autopilot/db/myproject.pp.0.cpp:56274:5: warning: Added loop label VITIS_LOOP_432_1:   [xilinx-label-all-loops]
    for (int ii = 0; ii < CONFIG_T::n_in; ii++) {
    ^~~
    VITIS_LOOP_432_1: 
/home/mattwilk/CoaxlinkQuadCxp12_1cam_working/RHEED_hls/myproject_prj/solution1/.autopilot/db/myproject.pp.0.cpp:56274:5: note: FIX-IT applied suggested code changes
/home/mattwilk/CoaxlinkQuadCxp12_1cam_working/RHEED_hls/myproject_prj/solution1/.autopilot/db/myproject.pp.0.cpp:56293:2: warning: Added loop label VITIS_LOOP_451_1:   [xilinx-label-all-loops]
 for (int ii = 0; ii < CONFIG_T::n_in; ii++) {
 ^~~
 VITIS_LOOP_451_1: 
/home/mattwilk/CoaxlinkQuadCxp12_1cam_working/RHEED_hls/myproject_prj/solution1/.autopilot/db/myproject.pp.0.cpp:56293:2: note: FIX-IT applied suggested code changes
/home/mattwilk/CoaxlinkQuadCxp12_1cam_working/RHEED_hls/myproject_prj/solution1/.autopilot/db/myproject.pp.0.cpp:56309:5: warning: Added loop label VITIS_LOOP_467_1:   [xilinx-label-all-loops]
    for (int ii = 0; ii < CONFIG_T::n_in; ii++) {
    ^~~
    VITIS_LOOP_467_1: 
/home/mattwilk/CoaxlinkQuadCxp12_1cam_working/RHEED_hls/myproject_prj/solution1/.autopilot/db/myproject.pp.0.cpp:56309:5: note: FIX-IT applied suggested code changes
/home/mattwilk/CoaxlinkQuadCxp12_1cam_working/RHEED_hls/myproject_prj/solution1/.autopilot/db/myproject.pp.0.cpp:56327:5: warning: Added loop label VITIS_LOOP_485_1:   [xilinx-label-all-loops]
    for (int ii = 0; ii < CONFIG_T::n_in; ii++) {
    ^~~
    VITIS_LOOP_485_1: 
/home/mattwilk/CoaxlinkQuadCxp12_1cam_working/RHEED_hls/myproject_prj/solution1/.autopilot/db/myproject.pp.0.cpp:56327:5: note: FIX-IT applied suggested code changes
/home/mattwilk/CoaxlinkQuadCxp12_1cam_working/RHEED_hls/myproject_prj/solution1/.autopilot/db/myproject.pp.0.cpp:56344:5: warning: Added loop label VITIS_LOOP_502_1:   [xilinx-label-all-loops]
    for (int ii = 0; ii < CONFIG_T::n_in; ii++) {
    ^~~
    VITIS_LOOP_502_1: 
/home/mattwilk/CoaxlinkQuadCxp12_1cam_working/RHEED_hls/myproject_prj/solution1/.autopilot/db/myproject.pp.0.cpp:56344:5: note: FIX-IT applied suggested code changes
/home/mattwilk/CoaxlinkQuadCxp12_1cam_working/RHEED_hls/myproject_prj/solution1/.autopilot/db/myproject.pp.0.cpp:56361:5: warning: Added loop label VITIS_LOOP_519_1:   [xilinx-label-all-loops]
    for (int ii = 0; ii < N_TABLE; ii++) {
    ^~~
    VITIS_LOOP_519_1: 
/home/mattwilk/CoaxlinkQuadCxp12_1cam_working/RHEED_hls/myproject_prj/solution1/.autopilot/db/myproject.pp.0.cpp:56361:5: note: FIX-IT applied suggested code changes
/home/mattwilk/CoaxlinkQuadCxp12_1cam_working/RHEED_hls/myproject_prj/solution1/.autopilot/db/myproject.pp.0.cpp:56391:5: warning: Added loop label VITIS_LOOP_549_1:   [xilinx-label-all-loops]
    for (int ii = 0; ii < CONFIG_T::n_in; ii++) {
    ^~~
    VITIS_LOOP_549_1: 
/home/mattwilk/CoaxlinkQuadCxp12_1cam_working/RHEED_hls/myproject_prj/solution1/.autopilot/db/myproject.pp.0.cpp:56391:5: note: FIX-IT applied suggested code changes
/home/mattwilk/CoaxlinkQuadCxp12_1cam_working/RHEED_hls/myproject_prj/solution1/.autopilot/db/myproject.pp.0.cpp:56410:5: warning: Added loop label VITIS_LOOP_568_1:   [xilinx-label-all-loops]
    for (int ii = 0; ii < N_TABLE; ii++) {
    ^~~
    VITIS_LOOP_568_1: 
/home/mattwilk/CoaxlinkQuadCxp12_1cam_working/RHEED_hls/myproject_prj/solution1/.autopilot/db/myproject.pp.0.cpp:56410:5: note: FIX-IT applied suggested code changes
/home/mattwilk/CoaxlinkQuadCxp12_1cam_working/RHEED_hls/myproject_prj/solution1/.autopilot/db/myproject.pp.0.cpp:56440:5: warning: Added loop label VITIS_LOOP_598_1:   [xilinx-label-all-loops]
    for (int ii = 0; ii < CONFIG_T::n_in; ii++) {
    ^~~
    VITIS_LOOP_598_1: 
/home/mattwilk/CoaxlinkQuadCxp12_1cam_working/RHEED_hls/myproject_prj/solution1/.autopilot/db/myproject.pp.0.cpp:56440:5: note: FIX-IT applied suggested code changes
/home/mattwilk/CoaxlinkQuadCxp12_1cam_working/RHEED_hls/myproject_prj/solution1/.autopilot/db/myproject.pp.0.cpp:56459:5: warning: Added loop label VITIS_LOOP_617_1:   [xilinx-label-all-loops]
    for (int ii = 0; ii < N_TABLE; ii++) {
    ^~~
    VITIS_LOOP_617_1: 
/home/mattwilk/CoaxlinkQuadCxp12_1cam_working/RHEED_hls/myproject_prj/solution1/.autopilot/db/myproject.pp.0.cpp:56459:5: note: FIX-IT applied suggested code changes
/home/mattwilk/CoaxlinkQuadCxp12_1cam_working/RHEED_hls/myproject_prj/solution1/.autopilot/db/myproject.pp.0.cpp:56489:5: warning: Added loop label VITIS_LOOP_647_1:   [xilinx-label-all-loops]
    for (int ii = 0; ii < CONFIG_T::n_in; ii++) {
    ^~~
    VITIS_LOOP_647_1: 
/home/mattwilk/CoaxlinkQuadCxp12_1cam_working/RHEED_hls/myproject_prj/solution1/.autopilot/db/myproject.pp.0.cpp:56489:5: note: FIX-IT applied suggested code changes
/home/mattwilk/CoaxlinkQuadCxp12_1cam_working/RHEED_hls/myproject_prj/solution1/.autopilot/db/myproject.pp.0.cpp:56516:5: warning: Added loop label VITIS_LOOP_674_1:   [xilinx-label-all-loops]
    for (int ii = 0; ii < N_TABLE; ii++) {
    ^~~
    VITIS_LOOP_674_1: 
/home/mattwilk/CoaxlinkQuadCxp12_1cam_working/RHEED_hls/myproject_prj/solution1/.autopilot/db/myproject.pp.0.cpp:56516:5: note: FIX-IT applied suggested code changes
/home/mattwilk/CoaxlinkQuadCxp12_1cam_working/RHEED_hls/myproject_prj/solution1/.autopilot/db/myproject.pp.0.cpp:56545:5: warning: Added loop label VITIS_LOOP_703_1:   [xilinx-label-all-loops]
    for (int ii = 0; ii < CONFIG_T::n_in; ii++) {
    ^~~
    VITIS_LOOP_703_1: 
/home/mattwilk/CoaxlinkQuadCxp12_1cam_working/RHEED_hls/myproject_prj/solution1/.autopilot/db/myproject.pp.0.cpp:56545:5: note: FIX-IT applied suggested code changes
/home/mattwilk/CoaxlinkQuadCxp12_1cam_working/RHEED_hls/myproject_prj/solution1/.autopilot/db/myproject.pp.0.cpp:56566:5: warning: Added loop label VITIS_LOOP_724_1:   [xilinx-label-all-loops]
    for (int ii = 0; ii < CONFIG_T::n_in; ii++) {
    ^~~
    VITIS_LOOP_724_1: 
/home/mattwilk/CoaxlinkQuadCxp12_1cam_working/RHEED_hls/myproject_prj/solution1/.autopilot/db/myproject.pp.0.cpp:56566:5: note: FIX-IT applied suggested code changes
/home/mattwilk/CoaxlinkQuadCxp12_1cam_working/RHEED_hls/myproject_prj/solution1/.autopilot/db/myproject.pp.0.cpp:56584:5: warning: Added loop label VITIS_LOOP_742_1:   [xilinx-label-all-loops]
    for (int ii = 0; ii < CONFIG_T::n_in; ii++) {
    ^~~
    VITIS_LOOP_742_1: 
/home/mattwilk/CoaxlinkQuadCxp12_1cam_working/RHEED_hls/myproject_prj/solution1/.autopilot/db/myproject.pp.0.cpp:56584:5: note: FIX-IT applied suggested code changes
/home/mattwilk/CoaxlinkQuadCxp12_1cam_working/RHEED_hls/myproject_prj/solution1/.autopilot/db/myproject.pp.0.cpp:56604:5: warning: Added loop label VITIS_LOOP_762_1:   [xilinx-label-all-loops]
    for (int ii = 0; ii < CONFIG_T::n_in; ii++) {
    ^~~
    VITIS_LOOP_762_1: 
/home/mattwilk/CoaxlinkQuadCxp12_1cam_working/RHEED_hls/myproject_prj/solution1/.autopilot/db/myproject.pp.0.cpp:56604:5: note: FIX-IT applied suggested code changes
/home/mattwilk/CoaxlinkQuadCxp12_1cam_working/RHEED_hls/myproject_prj/solution1/.autopilot/db/myproject.pp.0.cpp:56700:9: warning: Added loop label VITIS_LOOP_73_1:   [xilinx-label-all-loops]
        for (int i = 0; i < N / data_T::size; i++) {
        ^~~
        VITIS_LOOP_73_1: 
/home/mattwilk/CoaxlinkQuadCxp12_1cam_working/RHEED_hls/myproject_prj/solution1/.autopilot/db/myproject.pp.0.cpp:56700:9: note: FIX-IT applied suggested code changes
/home/mattwilk/CoaxlinkQuadCxp12_1cam_working/RHEED_hls/myproject_prj/solution1/.autopilot/db/myproject.pp.0.cpp:56707:13: warning: Added loop label VITIS_LOOP_80_2:   [xilinx-label-all-loops]
            for (int j = 0; j < data_T::size; j++) {
            ^~~
            VITIS_LOOP_80_2: 
/home/mattwilk/CoaxlinkQuadCxp12_1cam_working/RHEED_hls/myproject_prj/solution1/.autopilot/db/myproject.pp.0.cpp:56707:13: note: FIX-IT applied suggested code changes
/home/mattwilk/CoaxlinkQuadCxp12_1cam_working/RHEED_hls/myproject_prj/solution1/.autopilot/db/myproject.pp.0.cpp:56716:9: warning: Added loop label VITIS_LOOP_89_3:   [xilinx-label-all-loops]
        for (int i = 0; i < N / data_T::size; i++) {
        ^~~
        VITIS_LOOP_89_3: 
/home/mattwilk/CoaxlinkQuadCxp12_1cam_working/RHEED_hls/myproject_prj/solution1/.autopilot/db/myproject.pp.0.cpp:56716:9: note: FIX-IT applied suggested code changes
/home/mattwilk/CoaxlinkQuadCxp12_1cam_working/RHEED_hls/myproject_prj/solution1/.autopilot/db/myproject.pp.0.cpp:56725:13: warning: Added loop label VITIS_LOOP_98_4:   [xilinx-label-all-loops]
            for (int j = 0; j < pack_diff; j++) {
            ^~~
            VITIS_LOOP_98_4: 
/home/mattwilk/CoaxlinkQuadCxp12_1cam_working/RHEED_hls/myproject_prj/solution1/.autopilot/db/myproject.pp.0.cpp:56725:13: note: FIX-IT applied suggested code changes
/home/mattwilk/CoaxlinkQuadCxp12_1cam_working/RHEED_hls/myproject_prj/solution1/.autopilot/db/myproject.pp.0.cpp:56729:17: warning: Added loop label VITIS_LOOP_102_5:   [xilinx-label-all-loops]
                for (int k = 0; k < res_T::size; k++) {
                ^~~
                VITIS_LOOP_102_5: 
/home/mattwilk/CoaxlinkQuadCxp12_1cam_working/RHEED_hls/myproject_prj/solution1/.autopilot/db/myproject.pp.0.cpp:56729:17: note: FIX-IT applied suggested code changes
/home/mattwilk/CoaxlinkQuadCxp12_1cam_working/RHEED_hls/myproject_prj/solution1/.autopilot/db/myproject.pp.0.cpp:56740:9: warning: Added loop label VITIS_LOOP_113_6:   [xilinx-label-all-loops]
        for (int i = 0; i < N / data_T::size; i++) {
        ^~~
        VITIS_LOOP_113_6: 
/home/mattwilk/CoaxlinkQuadCxp12_1cam_working/RHEED_hls/myproject_prj/solution1/.autopilot/db/myproject.pp.0.cpp:56740:9: note: FIX-IT applied suggested code changes
/home/mattwilk/CoaxlinkQuadCxp12_1cam_working/RHEED_hls/myproject_prj/solution1/.autopilot/db/myproject.pp.0.cpp:56744:13: warning: Added loop label VITIS_LOOP_117_7:   [xilinx-label-all-loops]
            for (int j = 0; j < data_T::size; j++) {
            ^~~
            VITIS_LOOP_117_7: 
/home/mattwilk/CoaxlinkQuadCxp12_1cam_working/RHEED_hls/myproject_prj/solution1/.autopilot/db/myproject.pp.0.cpp:56744:13: note: FIX-IT applied suggested code changes
/home/mattwilk/CoaxlinkQuadCxp12_1cam_working/RHEED_hls/myproject_prj/solution1/.autopilot/db/myproject.pp.0.cpp:56768:9: warning: Added loop label VITIS_LOOP_141_1:   [xilinx-label-all-loops]
        for (int j = 0; j < n_dupl; j++) {
        ^~~
        VITIS_LOOP_141_1: 
/home/mattwilk/CoaxlinkQuadCxp12_1cam_working/RHEED_hls/myproject_prj/solution1/.autopilot/db/myproject.pp.0.cpp:56768:9: note: FIX-IT applied suggested code changes
/home/mattwilk/CoaxlinkQuadCxp12_1cam_working/RHEED_hls/myproject_prj/solution1/.autopilot/db/myproject.pp.0.cpp:56772:13: warning: Added loop label VITIS_LOOP_145_2:   [xilinx-label-all-loops]
            for (int k = 0; k < res_T::size; k++) {
            ^~~
            VITIS_LOOP_145_2: 
/home/mattwilk/CoaxlinkQuadCxp12_1cam_working/RHEED_hls/myproject_prj/solution1/.autopilot/db/myproject.pp.0.cpp:56772:13: note: FIX-IT applied suggested code changes
/home/mattwilk/CoaxlinkQuadCxp12_1cam_working/RHEED_hls/myproject_prj/solution1/.autopilot/db/myproject.pp.0.cpp:56791:9: warning: Added loop label VITIS_LOOP_164_1:   [xilinx-label-all-loops]
        for (int k = 0; k < res_T::size; k++) {
        ^~~
        VITIS_LOOP_164_1: 
/home/mattwilk/CoaxlinkQuadCxp12_1cam_working/RHEED_hls/myproject_prj/solution1/.autopilot/db/myproject.pp.0.cpp:56791:9: note: FIX-IT applied suggested code changes
/home/mattwilk/CoaxlinkQuadCxp12_1cam_working/RHEED_hls/myproject_prj/solution1/.autopilot/db/myproject.pp.0.cpp:56814:2: warning: Added loop label VITIS_LOOP_187_1:   [xilinx-label-all-loops]
 for (int i = 0; i < CONFIG_T::height * CONFIG_T::width / data_T::size; i++) {
 ^~~
 VITIS_LOOP_187_1: 
/home/mattwilk/CoaxlinkQuadCxp12_1cam_working/RHEED_hls/myproject_prj/solution1/.autopilot/db/myproject.pp.0.cpp:56814:2: note: FIX-IT applied suggested code changes
/home/mattwilk/CoaxlinkQuadCxp12_1cam_working/RHEED_hls/myproject_prj/solution1/.autopilot/db/myproject.pp.0.cpp:56817:9: warning: Added loop label VITIS_LOOP_190_2:   [xilinx-label-all-loops]
        for (int j = 0; j < data_T::size; j++) {
        ^~~
        VITIS_LOOP_190_2: 
/home/mattwilk/CoaxlinkQuadCxp12_1cam_working/RHEED_hls/myproject_prj/solution1/.autopilot/db/myproject.pp.0.cpp:56817:9: note: FIX-IT applied suggested code changes
/home/mattwilk/CoaxlinkQuadCxp12_1cam_working/RHEED_hls/myproject_prj/solution1/.autopilot/db/myproject.pp.0.cpp:56822:5: warning: Added loop label VITIS_LOOP_195_3:   [xilinx-label-all-loops]
    for (int i = 0; i < CONFIG_T::height * CONFIG_T::width / res_T::size; i++) {
    ^~~
    VITIS_LOOP_195_3: 
/home/mattwilk/CoaxlinkQuadCxp12_1cam_working/RHEED_hls/myproject_prj/solution1/.autopilot/db/myproject.pp.0.cpp:56822:5: note: FIX-IT applied suggested code changes
/home/mattwilk/CoaxlinkQuadCxp12_1cam_working/RHEED_hls/myproject_prj/solution1/.autopilot/db/myproject.pp.0.cpp:56826:9: warning: Added loop label VITIS_LOOP_199_4:   [xilinx-label-all-loops]
        for (int j = 0; j < res_T::size; j++) {
        ^~~
        VITIS_LOOP_199_4: 
/home/mattwilk/CoaxlinkQuadCxp12_1cam_working/RHEED_hls/myproject_prj/solution1/.autopilot/db/myproject.pp.0.cpp:56826:9: note: FIX-IT applied suggested code changes
/home/mattwilk/CoaxlinkQuadCxp12_1cam_working/RHEED_hls/myproject_prj/solution1/.autopilot/db/myproject.pp.0.cpp:57040:9: warning: Added loop label VITIS_LOOP_213_1:   [xilinx-label-all-loops]
        for (unsigned j = 0; j < data_T::size; j++) {
        ^~~
        VITIS_LOOP_213_1: 
/home/mattwilk/CoaxlinkQuadCxp12_1cam_working/RHEED_hls/myproject_prj/solution1/.autopilot/db/myproject.pp.0.cpp:57040:9: note: FIX-IT applied suggested code changes
/home/mattwilk/CoaxlinkQuadCxp12_1cam_working/RHEED_hls/myproject_prj/solution1/.autopilot/db/myproject.pp.0.cpp:57049:9: warning: Added loop label VITIS_LOOP_222_2:   [xilinx-label-all-loops]
        for (unsigned j = 0; j < data_T::size; j++) {
        ^~~
        VITIS_LOOP_222_2: 
/home/mattwilk/CoaxlinkQuadCxp12_1cam_working/RHEED_hls/myproject_prj/solution1/.autopilot/db/myproject.pp.0.cpp:57049:9: note: FIX-IT applied suggested code changes
/home/mattwilk/CoaxlinkQuadCxp12_1cam_working/RHEED_hls/myproject_prj/solution1/.autopilot/db/myproject.pp.0.cpp:57155:5: warning: Added loop label VITIS_LOOP_328_1:   [xilinx-label-all-loops]
    for (int i = 0; i < CONFIG_T::n_in / res_T::size; i++) {
    ^~~
    VITIS_LOOP_328_1: 
/home/mattwilk/CoaxlinkQuadCxp12_1cam_working/RHEED_hls/myproject_prj/solution1/.autopilot/db/myproject.pp.0.cpp:57155:5: note: FIX-IT applied suggested code changes
/home/mattwilk/CoaxlinkQuadCxp12_1cam_working/RHEED_hls/myproject_prj/solution1/.autopilot/db/myproject.pp.0.cpp:57160:9: warning: Added loop label VITIS_LOOP_333_2:   [xilinx-label-all-loops]
        for (int i = 0; i < res_T::size; i++) {
        ^~~
        VITIS_LOOP_333_2: 
/home/mattwilk/CoaxlinkQuadCxp12_1cam_working/RHEED_hls/myproject_prj/solution1/.autopilot/db/myproject.pp.0.cpp:57160:9: note: FIX-IT applied suggested code changes
/home/mattwilk/CoaxlinkQuadCxp12_1cam_working/RHEED_hls/myproject_prj/solution1/.autopilot/db/myproject.pp.0.cpp:57168:9: warning: Added loop label VITIS_LOOP_341_3:   [xilinx-label-all-loops]
        for (int i = 1; i < res_T::size; i++) {
        ^~~
        VITIS_LOOP_341_3: 
/home/mattwilk/CoaxlinkQuadCxp12_1cam_working/RHEED_hls/myproject_prj/solution1/.autopilot/db/myproject.pp.0.cpp:57168:9: note: FIX-IT applied suggested code changes
/home/mattwilk/CoaxlinkQuadCxp12_1cam_working/RHEED_hls/myproject_prj/solution1/.autopilot/db/myproject.pp.0.cpp:58398:9: warning: Added loop label VITIS_LOOP_62_1:   [xilinx-label-all-loops]
        for (unsigned i = 0; i < __SHIFT_DEPTH__; ++i)
        ^~~
        VITIS_LOOP_62_1: 
/home/mattwilk/CoaxlinkQuadCxp12_1cam_working/RHEED_hls/myproject_prj/solution1/.autopilot/db/myproject.pp.0.cpp:58398:9: note: FIX-IT applied suggested code changes
/home/mattwilk/CoaxlinkQuadCxp12_1cam_working/RHEED_hls/myproject_prj/solution1/.autopilot/db/myproject.pp.0.cpp:58405:9: warning: Added loop label VITIS_LOOP_69_1:   [xilinx-label-all-loops]
        for (unsigned i = 0; i < __SHIFT_DEPTH__; ++i)
        ^~~
        VITIS_LOOP_69_1: 
/home/mattwilk/CoaxlinkQuadCxp12_1cam_working/RHEED_hls/myproject_prj/solution1/.autopilot/db/myproject.pp.0.cpp:58405:9: note: FIX-IT applied suggested code changes
/home/mattwilk/CoaxlinkQuadCxp12_1cam_working/RHEED_hls/myproject_prj/solution1/.autopilot/db/myproject.pp.0.cpp:58933:5: warning: Added loop label VITIS_LOOP_14_1:   [xilinx-label-all-loops]
    for (unsigned k = 0; k < CONFIG_T::n_out; k++) {
    ^~~
    VITIS_LOOP_14_1: 
/home/mattwilk/CoaxlinkQuadCxp12_1cam_working/RHEED_hls/myproject_prj/solution1/.autopilot/db/myproject.pp.0.cpp:58933:5: note: FIX-IT applied suggested code changes
/home/mattwilk/CoaxlinkQuadCxp12_1cam_working/RHEED_hls/myproject_prj/solution1/.autopilot/db/myproject.pp.0.cpp:58993:9: warning: Added loop label VITIS_LOOP_74_1:   [xilinx-label-all-loops]
        for (int im = 0; im < CONFIG_T::n_out; im++) {
        ^~~
        VITIS_LOOP_74_1: 
/home/mattwilk/CoaxlinkQuadCxp12_1cam_working/RHEED_hls/myproject_prj/solution1/.autopilot/db/myproject.pp.0.cpp:58993:9: note: FIX-IT applied suggested code changes
/home/mattwilk/CoaxlinkQuadCxp12_1cam_working/RHEED_hls/myproject_prj/solution1/.autopilot/db/myproject.pp.0.cpp:59129:5: warning: Added loop label VITIS_LOOP_13_1:   [xilinx-label-all-loops]
    for (int i = 1; i < N; i++) {
    ^~~
    VITIS_LOOP_13_1: 
/home/mattwilk/CoaxlinkQuadCxp12_1cam_working/RHEED_hls/myproject_prj/solution1/.autopilot/db/myproject.pp.0.cpp:59129:5: note: FIX-IT applied suggested code changes
/home/mattwilk/CoaxlinkQuadCxp12_1cam_working/RHEED_hls/myproject_prj/solution1/.autopilot/db/myproject.pp.0.cpp:59138:5: warning: Added loop label VITIS_LOOP_22_1:   [xilinx-label-all-loops]
    for (int i = 0; i < N; i++) {
    ^~~
    VITIS_LOOP_22_1: 
/home/mattwilk/CoaxlinkQuadCxp12_1cam_working/RHEED_hls/myproject_prj/solution1/.autopilot/db/myproject.pp.0.cpp:59138:5: note: FIX-IT applied suggested code changes
/home/mattwilk/CoaxlinkQuadCxp12_1cam_working/RHEED_hls/myproject_prj/solution1/.autopilot/db/myproject.pp.0.cpp:59150:5: warning: Added loop label VITIS_LOOP_34_1:   [xilinx-label-all-loops]
    for (int i = 0; i < N; i++) {
    ^~~
    VITIS_LOOP_34_1: 
/home/mattwilk/CoaxlinkQuadCxp12_1cam_working/RHEED_hls/myproject_prj/solution1/.autopilot/db/myproject.pp.0.cpp:59150:5: note: FIX-IT applied suggested code changes
/home/mattwilk/CoaxlinkQuadCxp12_1cam_working/RHEED_hls/myproject_prj/solution1/.autopilot/db/myproject.pp.0.cpp:59162:5: warning: Added loop label VITIS_LOOP_46_1:   [xilinx-label-all-loops]
    for (int i = 0; i < N; i++) {
    ^~~
    VITIS_LOOP_46_1: 
/home/mattwilk/CoaxlinkQuadCxp12_1cam_working/RHEED_hls/myproject_prj/solution1/.autopilot/db/myproject.pp.0.cpp:59162:5: note: FIX-IT applied suggested code changes
/home/mattwilk/CoaxlinkQuadCxp12_1cam_working/RHEED_hls/myproject_prj/solution1/.autopilot/db/myproject.pp.0.cpp:59230:5: warning: Added loop label VITIS_LOOP_114_1:   [xilinx-label-all-loops]
    for (int ff = 0; ff < CONFIG_T::n_filt; ff++) {
    ^~~
    VITIS_LOOP_114_1: 
/home/mattwilk/CoaxlinkQuadCxp12_1cam_working/RHEED_hls/myproject_prj/solution1/.autopilot/db/myproject.pp.0.cpp:59230:5: note: FIX-IT applied suggested code changes
/home/mattwilk/CoaxlinkQuadCxp12_1cam_working/RHEED_hls/myproject_prj/solution1/.autopilot/db/myproject.pp.0.cpp:59232:9: warning: Added loop label VITIS_LOOP_116_2:   [xilinx-label-all-loops]
        for (int ii = 0; ii < padded_width; ii += CONFIG_T::stride_width) {
        ^~~
        VITIS_LOOP_116_2: 
/home/mattwilk/CoaxlinkQuadCxp12_1cam_working/RHEED_hls/myproject_prj/solution1/.autopilot/db/myproject.pp.0.cpp:59232:9: note: FIX-IT applied suggested code changes
/home/mattwilk/CoaxlinkQuadCxp12_1cam_working/RHEED_hls/myproject_prj/solution1/.autopilot/db/myproject.pp.0.cpp:59237:13: warning: Added loop label VITIS_LOOP_121_3:   [xilinx-label-all-loops]
            for (int jj = 0; jj < CONFIG_T::stride_width; jj++) {
            ^~~
            VITIS_LOOP_121_3: 
/home/mattwilk/CoaxlinkQuadCxp12_1cam_working/RHEED_hls/myproject_prj/solution1/.autopilot/db/myproject.pp.0.cpp:59237:13: note: FIX-IT applied suggested code changes
/home/mattwilk/CoaxlinkQuadCxp12_1cam_working/RHEED_hls/myproject_prj/solution1/.autopilot/db/myproject.pp.0.cpp:59271:2: warning: Added loop label VITIS_LOOP_155_1:   [xilinx-label-all-loops]
 for (int ff = 0; ff < CONFIG_T::n_filt; ff++) {
 ^~~
 VITIS_LOOP_155_1: 
/home/mattwilk/CoaxlinkQuadCxp12_1cam_working/RHEED_hls/myproject_prj/solution1/.autopilot/db/myproject.pp.0.cpp:59271:2: note: FIX-IT applied suggested code changes
/home/mattwilk/CoaxlinkQuadCxp12_1cam_working/RHEED_hls/myproject_prj/solution1/.autopilot/db/myproject.pp.0.cpp:59273:9: warning: Added loop label VITIS_LOOP_157_2:   [xilinx-label-all-loops]
        for (int jj = 0; jj < CONFIG_T::n_in; jj++) {
        ^~~
        VITIS_LOOP_157_2: 
/home/mattwilk/CoaxlinkQuadCxp12_1cam_working/RHEED_hls/myproject_prj/solution1/.autopilot/db/myproject.pp.0.cpp:59273:9: note: FIX-IT applied suggested code changes
/home/mattwilk/CoaxlinkQuadCxp12_1cam_working/RHEED_hls/myproject_prj/solution1/.autopilot/db/myproject.pp.0.cpp:59327:5: warning: Added loop label VITIS_LOOP_211_1:   [xilinx-label-all-loops]
    for (int ff = 0; ff < CONFIG_T::n_filt; ff++) {
    ^~~
    VITIS_LOOP_211_1: 
/home/mattwilk/CoaxlinkQuadCxp12_1cam_working/RHEED_hls/myproject_prj/solution1/.autopilot/db/myproject.pp.0.cpp:59327:5: note: FIX-IT applied suggested code changes
/home/mattwilk/CoaxlinkQuadCxp12_1cam_working/RHEED_hls/myproject_prj/solution1/.autopilot/db/myproject.pp.0.cpp:59329:9: warning: Added loop label VITIS_LOOP_213_2:   [xilinx-label-all-loops]
        for (int ii = 0; ii < padded_height; ii += CONFIG_T::stride_height) {
        ^~~
        VITIS_LOOP_213_2: 
/home/mattwilk/CoaxlinkQuadCxp12_1cam_working/RHEED_hls/myproject_prj/solution1/.autopilot/db/myproject.pp.0.cpp:59329:9: note: FIX-IT applied suggested code changes
/home/mattwilk/CoaxlinkQuadCxp12_1cam_working/RHEED_hls/myproject_prj/solution1/.autopilot/db/myproject.pp.0.cpp:59331:13: warning: Added loop label VITIS_LOOP_215_3:   [xilinx-label-all-loops]
            for (int jj = 0; jj < padded_width; jj += CONFIG_T::stride_width) {
            ^~~
            VITIS_LOOP_215_3: 
/home/mattwilk/CoaxlinkQuadCxp12_1cam_working/RHEED_hls/myproject_prj/solution1/.autopilot/db/myproject.pp.0.cpp:59331:13: note: FIX-IT applied suggested code changes
/home/mattwilk/CoaxlinkQuadCxp12_1cam_working/RHEED_hls/myproject_prj/solution1/.autopilot/db/myproject.pp.0.cpp:59336:17: warning: Added loop label VITIS_LOOP_220_4:   [xilinx-label-all-loops]
                for (int kk = 0; kk < CONFIG_T::stride_height; kk++) {
                ^~~
                VITIS_LOOP_220_4: 
/home/mattwilk/CoaxlinkQuadCxp12_1cam_working/RHEED_hls/myproject_prj/solution1/.autopilot/db/myproject.pp.0.cpp:59336:17: note: FIX-IT applied suggested code changes
/home/mattwilk/CoaxlinkQuadCxp12_1cam_working/RHEED_hls/myproject_prj/solution1/.autopilot/db/myproject.pp.0.cpp:59338:21: warning: Added loop label VITIS_LOOP_222_5:   [xilinx-label-all-loops]
                    for (int ll = 0; ll < CONFIG_T::stride_width; ll++) {
                    ^~~
                    VITIS_LOOP_222_5: 
/home/mattwilk/CoaxlinkQuadCxp12_1cam_working/RHEED_hls/myproject_prj/solution1/.autopilot/db/myproject.pp.0.cpp:59338:21: note: FIX-IT applied suggested code changes
/home/mattwilk/CoaxlinkQuadCxp12_1cam_working/RHEED_hls/myproject_prj/solution1/.autopilot/db/myproject.pp.0.cpp:59386:5: warning: Added loop label VITIS_LOOP_270_1:   [xilinx-label-all-loops]
    for (int ff = 0; ff < CONFIG_T::n_filt; ff++) {
    ^~~
    VITIS_LOOP_270_1: 
/home/mattwilk/CoaxlinkQuadCxp12_1cam_working/RHEED_hls/myproject_prj/solution1/.autopilot/db/myproject.pp.0.cpp:59386:5: note: FIX-IT applied suggested code changes
/home/mattwilk/CoaxlinkQuadCxp12_1cam_working/RHEED_hls/myproject_prj/solution1/.autopilot/db/myproject.pp.0.cpp:59388:9: warning: Added loop label VITIS_LOOP_272_2:   [xilinx-label-all-loops]
        for (int ii = 0; ii < padded_height; ii += CONFIG_T::stride_height) {
        ^~~
        VITIS_LOOP_272_2: 
/home/mattwilk/CoaxlinkQuadCxp12_1cam_working/RHEED_hls/myproject_prj/solution1/.autopilot/db/myproject.pp.0.cpp:59388:9: note: FIX-IT applied suggested code changes
/home/mattwilk/CoaxlinkQuadCxp12_1cam_working/RHEED_hls/myproject_prj/solution1/.autopilot/db/myproject.pp.0.cpp:59390:13: warning: Added loop label VITIS_LOOP_274_3:   [xilinx-label-all-loops]
            for (int jj = 0; jj < padded_width; jj += CONFIG_T::stride_width) {
            ^~~
            VITIS_LOOP_274_3: 
/home/mattwilk/CoaxlinkQuadCxp12_1cam_working/RHEED_hls/myproject_prj/solution1/.autopilot/db/myproject.pp.0.cpp:59390:13: note: FIX-IT applied suggested code changes
/home/mattwilk/CoaxlinkQuadCxp12_1cam_working/RHEED_hls/myproject_prj/solution1/.autopilot/db/myproject.pp.0.cpp:59395:17: warning: Added loop label VITIS_LOOP_279_4:   [xilinx-label-all-loops]
                for (int kk = 0; kk < CONFIG_T::stride_height; kk++) {
                ^~~
                VITIS_LOOP_279_4: 
/home/mattwilk/CoaxlinkQuadCxp12_1cam_working/RHEED_hls/myproject_prj/solution1/.autopilot/db/myproject.pp.0.cpp:59395:17: note: FIX-IT applied suggested code changes
/home/mattwilk/CoaxlinkQuadCxp12_1cam_working/RHEED_hls/myproject_prj/solution1/.autopilot/db/myproject.pp.0.cpp:59397:21: warning: Added loop label VITIS_LOOP_281_5:   [xilinx-label-all-loops]
                    for (int ll = 0; ll < CONFIG_T::stride_width; ll++) {
                    ^~~
                    VITIS_LOOP_281_5: 
/home/mattwilk/CoaxlinkQuadCxp12_1cam_working/RHEED_hls/myproject_prj/solution1/.autopilot/db/myproject.pp.0.cpp:59397:21: note: FIX-IT applied suggested code changes
