

================================================================
== Vitis HLS Report for 'relu_array_ap_fixed_8u_array_ap_ufixed_8_2_4_0_0_8u_relu_config4_s'
================================================================
* Date:           Wed May 21 19:43:21 2025

* Version:        2022.2 (Build 3670227 on Oct 13 2022)
* Project:        myproject_prj
* Solution:       solution1 (Vivado IP Flow Target)
* Product family: kintexu
* Target device:  xcku035-fbva676-2-e


================================================================
== Performance Estimates
================================================================
+ Timing: 
    * Summary: 
    +--------+---------+----------+------------+
    |  Clock |  Target | Estimated| Uncertainty|
    +--------+---------+----------+------------+
    |ap_clk  |  5.00 ns|  3.303 ns|     0.62 ns|
    +--------+---------+----------+------------+

+ Latency: 
    * Summary: 
    +---------+---------+-----------+-----------+------+------+---------+
    |  Latency (cycles) |   Latency (absolute)  |   Interval  | Pipeline|
    |   min   |   max   |    min    |    max    |  min |  max |   Type  |
    +---------+---------+-----------+-----------+------+------+---------+
    |     2119|     2119|  10.595 us|  10.595 us|  2119|  2119|       no|
    +---------+---------+-----------+-----------+------+------+---------+

    + Detail: 
        * Instance: 
        N/A

        * Loop: 
        +---------------+---------+---------+----------+-----------+-----------+------+----------+
        |               |  Latency (cycles) | Iteration|  Initiation Interval  | Trip |          |
        |   Loop Name   |   min   |   max   |  Latency |  achieved |   target  | Count| Pipelined|
        +---------------+---------+---------+----------+-----------+-----------+------+----------+
        |- ReLUActLoop  |     2117|     2117|         3|          1|          1|  2116|       yes|
        +---------------+---------+---------+----------+-----------+-----------+------+----------+



================================================================
== Utilization Estimates
================================================================
* Summary: 
+-----------------+---------+------+--------+--------+-----+
|       Name      | BRAM_18K|  DSP |   FF   |   LUT  | URAM|
+-----------------+---------+------+--------+--------+-----+
|DSP              |        -|     -|       -|       -|    -|
|Expression       |        -|     -|       0|     181|    -|
|FIFO             |        -|     -|       -|       -|    -|
|Instance         |        -|     -|       -|       -|    -|
|Memory           |        -|     -|       -|       -|    -|
|Multiplexer      |        -|     -|       -|      63|    -|
|Register         |        -|     -|      74|       -|    -|
+-----------------+---------+------+--------+--------+-----+
|Total            |        0|     0|      74|     244|    0|
+-----------------+---------+------+--------+--------+-----+
|Available        |     1080|  1700|  406256|  203128|    0|
+-----------------+---------+------+--------+--------+-----+
|Utilization (%)  |        0|     0|      ~0|      ~0|    0|
+-----------------+---------+------+--------+--------+-----+

+ Detail: 
    * Instance: 
    N/A

    * DSP: 
    N/A

    * Memory: 
    N/A

    * FIFO: 
    N/A

    * Expression: 
    +----------------------------+----------+----+---+----+------------+------------+
    |        Variable Name       | Operation| DSP| FF| LUT| Bitwidth P0| Bitwidth P1|
    +----------------------------+----------+----+---+----+------------+------------+
    |i_2_fu_119_p2               |         +|   0|  0|  19|          12|           1|
    |ap_condition_126            |       and|   0|  0|   2|           1|           1|
    |icmp_ln1649_1_fu_292_p2     |      icmp|   0|  0|  11|           8|           1|
    |icmp_ln1649_2_fu_306_p2     |      icmp|   0|  0|  11|           8|           1|
    |icmp_ln1649_3_fu_320_p2     |      icmp|   0|  0|  11|           8|           1|
    |icmp_ln1649_4_fu_334_p2     |      icmp|   0|  0|  11|           8|           1|
    |icmp_ln1649_5_fu_348_p2     |      icmp|   0|  0|  11|           8|           1|
    |icmp_ln1649_6_fu_362_p2     |      icmp|   0|  0|  11|           8|           1|
    |icmp_ln1649_7_fu_376_p2     |      icmp|   0|  0|  11|           8|           1|
    |icmp_ln1649_fu_278_p2       |      icmp|   0|  0|  11|           8|           1|
    |icmp_ln41_fu_113_p2         |      icmp|   0|  0|  12|          12|          12|
    |ap_block_pp0_stage0_01001   |        or|   0|  0|   2|           1|           1|
    |out_data_data_11_fu_354_p3  |    select|   0|  0|   7|           1|           7|
    |out_data_data_12_fu_368_p3  |    select|   0|  0|   7|           1|           7|
    |out_data_data_14_fu_382_p3  |    select|   0|  0|   7|           1|           7|
    |out_data_data_5_fu_298_p3   |    select|   0|  0|   7|           1|           7|
    |out_data_data_6_fu_312_p3   |    select|   0|  0|   7|           1|           7|
    |out_data_data_8_fu_326_p3   |    select|   0|  0|   7|           1|           7|
    |out_data_data_9_fu_340_p3   |    select|   0|  0|   7|           1|           7|
    |out_data_data_fu_284_p3     |    select|   0|  0|   7|           1|           7|
    |ap_enable_pp0               |       xor|   0|  0|   2|           1|           2|
    +----------------------------+----------+----+---+----+------------+------------+
    |Total                       |          |   0|  0| 181|          99|          81|
    +----------------------------+----------+----+---+----+------------+------------+

    * Multiplexer: 
    +-------------------------+----+-----------+-----+-----------+
    |           Name          | LUT| Input Size| Bits| Total Bits|
    +-------------------------+----+-----------+-----+-----------+
    |ap_done_int              |   9|          2|    1|          2|
    |ap_enable_reg_pp0_iter1  |   9|          2|    1|          2|
    |ap_sig_allocacmp_i_1     |   9|          2|   12|         24|
    |i_fu_88                  |   9|          2|   12|         24|
    |layer2_out_blk_n         |   9|          2|    1|          2|
    |layer4_out_blk_n         |   9|          2|    1|          2|
    |real_start               |   9|          2|    1|          2|
    +-------------------------+----+-----------+-----+-----------+
    |Total                    |  63|         14|   29|         58|
    +-------------------------+----+-----------+-----+-----------+

    * Register: 
    +----------------------------------+----+----+-----+-----------+
    |               Name               | FF | LUT| Bits| Const Bits|
    +----------------------------------+----+----+-----+-----------+
    |ap_CS_fsm                         |   1|   0|    1|          0|
    |ap_done_reg                       |   1|   0|    1|          0|
    |ap_enable_reg_pp0_iter1           |   1|   0|    1|          0|
    |ap_enable_reg_pp0_iter2           |   1|   0|    1|          0|
    |ap_loop_exit_ready_pp0_iter1_reg  |   1|   0|    1|          0|
    |i_fu_88                           |  12|   0|   12|          0|
    |out_data_data_11_reg_471          |   7|   0|    7|          0|
    |out_data_data_12_reg_476          |   7|   0|    7|          0|
    |out_data_data_14_reg_481          |   7|   0|    7|          0|
    |out_data_data_5_reg_451           |   7|   0|    7|          0|
    |out_data_data_6_reg_456           |   7|   0|    7|          0|
    |out_data_data_8_reg_461           |   7|   0|    7|          0|
    |out_data_data_9_reg_466           |   7|   0|    7|          0|
    |out_data_data_reg_446             |   7|   0|    7|          0|
    |start_once_reg                    |   1|   0|    1|          0|
    +----------------------------------+----+----+-----+-----------+
    |Total                             |  74|   0|   74|          0|
    +----------------------------------+----+----+-----+-----------+



================================================================
== Interface
================================================================
* Summary: 
+---------------------------+-----+-----+------------+----------------------------------------------------------------------+--------------+
|         RTL Ports         | Dir | Bits|  Protocol  |                             Source Object                            |    C Type    |
+---------------------------+-----+-----+------------+----------------------------------------------------------------------+--------------+
|ap_clk                     |   in|    1|  ap_ctrl_hs|  relu<array<ap_fixed,8u>,array<ap_ufixed<8,2,4,0,0>,8u>,relu_config4>|  return value|
|ap_rst                     |   in|    1|  ap_ctrl_hs|  relu<array<ap_fixed,8u>,array<ap_ufixed<8,2,4,0,0>,8u>,relu_config4>|  return value|
|ap_start                   |   in|    1|  ap_ctrl_hs|  relu<array<ap_fixed,8u>,array<ap_ufixed<8,2,4,0,0>,8u>,relu_config4>|  return value|
|start_full_n               |   in|    1|  ap_ctrl_hs|  relu<array<ap_fixed,8u>,array<ap_ufixed<8,2,4,0,0>,8u>,relu_config4>|  return value|
|ap_done                    |  out|    1|  ap_ctrl_hs|  relu<array<ap_fixed,8u>,array<ap_ufixed<8,2,4,0,0>,8u>,relu_config4>|  return value|
|ap_continue                |   in|    1|  ap_ctrl_hs|  relu<array<ap_fixed,8u>,array<ap_ufixed<8,2,4,0,0>,8u>,relu_config4>|  return value|
|ap_idle                    |  out|    1|  ap_ctrl_hs|  relu<array<ap_fixed,8u>,array<ap_ufixed<8,2,4,0,0>,8u>,relu_config4>|  return value|
|ap_ready                   |  out|    1|  ap_ctrl_hs|  relu<array<ap_fixed,8u>,array<ap_ufixed<8,2,4,0,0>,8u>,relu_config4>|  return value|
|start_out                  |  out|    1|  ap_ctrl_hs|  relu<array<ap_fixed,8u>,array<ap_ufixed<8,2,4,0,0>,8u>,relu_config4>|  return value|
|start_write                |  out|    1|  ap_ctrl_hs|  relu<array<ap_fixed,8u>,array<ap_ufixed<8,2,4,0,0>,8u>,relu_config4>|  return value|
|layer2_out_dout            |   in|   64|     ap_fifo|                                                            layer2_out|       pointer|
|layer2_out_num_data_valid  |   in|   13|     ap_fifo|                                                            layer2_out|       pointer|
|layer2_out_fifo_cap        |   in|   13|     ap_fifo|                                                            layer2_out|       pointer|
|layer2_out_empty_n         |   in|    1|     ap_fifo|                                                            layer2_out|       pointer|
|layer2_out_read            |  out|    1|     ap_fifo|                                                            layer2_out|       pointer|
|layer4_out_din             |  out|   64|     ap_fifo|                                                            layer4_out|       pointer|
|layer4_out_num_data_valid  |   in|   13|     ap_fifo|                                                            layer4_out|       pointer|
|layer4_out_fifo_cap        |   in|   13|     ap_fifo|                                                            layer4_out|       pointer|
|layer4_out_full_n          |   in|    1|     ap_fifo|                                                            layer4_out|       pointer|
|layer4_out_write           |  out|    1|     ap_fifo|                                                            layer4_out|       pointer|
+---------------------------+-----+-----+------------+----------------------------------------------------------------------+--------------+

============================================================
+ Verbose Summary: Synthesis Manager
============================================================
InlineROM: 1
ExposeGlobal: 0
============================================================
+ Verbose Summary: CDFG Model
============================================================
IsTopModel: 0
ResetActiveHigh: 1
IsCombinational: 2
IsDatapathOnly: 0
HasWiredReturn: 1
HasMFsm: 2
HasVarLatency: 1
IsPipeline: 0
IsRtlPipelined: 0
IsInstanceOverlapped: 0
IsDontTouch: 0
HasImplIP: 0
IsGatedGlobalClock: 0

+ Individual pipeline summary: 
  * Pipeline-0: initiation interval (II) = 1, depth = 3


============================================================
+ Verbose Summary: Schedule
============================================================
* Number of FSM states : 3
* Pipeline : 1
  Pipeline-0 : II = 1, D = 3, States = { 1 2 3 }
* Dataflow Pipeline: 0

* FSM state transitions: 
1 --> 2 
2 --> 3 
3 --> 

* FSM state operations: 

State 1 <SV = 0> <Delay = 1.89>
ST_1 : Operation 6 [1/1] (0.00ns)   --->   "%i = alloca i32 1"   --->   Operation 6 'alloca' 'i' <Predicate = true> <Delay = 0.00>
ST_1 : Operation 7 [1/1] (0.00ns)   --->   "%specinterface_ln0 = specinterface void @_ssdm_op_SpecInterface, i64 %layer4_out, void @empty_1, i32 0, i32 0, void @empty_0, i32 0, i32 0, void @empty_0, void @empty_0, void @empty_0, i32 0, i32 0, i32 0, i32 0, void @empty_0, void @empty_0, i32 4294967295, i32 0"   --->   Operation 7 'specinterface' 'specinterface_ln0' <Predicate = true> <Delay = 0.00>
ST_1 : Operation 8 [1/1] (0.00ns)   --->   "%specinterface_ln0 = specinterface void @_ssdm_op_SpecInterface, i64 %layer2_out, void @empty_1, i32 0, i32 0, void @empty_0, i32 0, i32 0, void @empty_0, void @empty_0, void @empty_0, i32 0, i32 0, i32 0, i32 0, void @empty_0, void @empty_0, i32 4294967295, i32 0"   --->   Operation 8 'specinterface' 'specinterface_ln0' <Predicate = true> <Delay = 0.00>
ST_1 : Operation 9 [1/1] (0.53ns)   --->   "%store_ln41 = store i12 0, i12 %i" [firmware/nnet_utils/nnet_activation_stream.h:41]   --->   Operation 9 'store' 'store_ln41' <Predicate = true> <Delay = 0.53>
ST_1 : Operation 10 [1/1] (0.00ns)   --->   "%br_ln41 = br void %for.body4" [firmware/nnet_utils/nnet_activation_stream.h:41]   --->   Operation 10 'br' 'br_ln41' <Predicate = true> <Delay = 0.00>
ST_1 : Operation 11 [1/1] (0.00ns)   --->   "%i_1 = load i12 %i" [firmware/nnet_utils/nnet_activation_stream.h:41]   --->   Operation 11 'load' 'i_1' <Predicate = true> <Delay = 0.00>
ST_1 : Operation 12 [1/1] (0.93ns)   --->   "%icmp_ln41 = icmp_eq  i12 %i_1, i12 2116" [firmware/nnet_utils/nnet_activation_stream.h:41]   --->   Operation 12 'icmp' 'icmp_ln41' <Predicate = true> <Delay = 0.93> <CoreInst = "Cmp">   --->   Core 9 'Cmp' <Latency = 0> <II = 1> <Delay = 0.93> <FuncUnit> <Opcode : 'icmp'> <InPorts = 2> <OutPorts = 1>
ST_1 : Operation 13 [1/1] (0.00ns)   --->   "%empty = speclooptripcount i32 @_ssdm_op_SpecLoopTripCount, i64 2116, i64 2116, i64 2116"   --->   Operation 13 'speclooptripcount' 'empty' <Predicate = true> <Delay = 0.00>
ST_1 : Operation 14 [1/1] (1.35ns)   --->   "%i_2 = add i12 %i_1, i12 1" [firmware/nnet_utils/nnet_activation_stream.h:41]   --->   Operation 14 'add' 'i_2' <Predicate = true> <Delay = 1.35> <CoreInst = "Adder">   --->   Core 1 'Adder' <Latency = 0> <II = 1> <Delay = 1.35> <FuncUnit> <Opcode : 'add' 'sub'> <InPorts = 2> <OutPorts = 1>
ST_1 : Operation 15 [1/1] (0.00ns)   --->   "%br_ln41 = br i1 %icmp_ln41, void %for.body4.split, void %for.end15" [firmware/nnet_utils/nnet_activation_stream.h:41]   --->   Operation 15 'br' 'br_ln41' <Predicate = true> <Delay = 0.00>
ST_1 : Operation 16 [1/1] (0.53ns)   --->   "%store_ln41 = store i12 %i_2, i12 %i" [firmware/nnet_utils/nnet_activation_stream.h:41]   --->   Operation 16 'store' 'store_ln41' <Predicate = (!icmp_ln41)> <Delay = 0.53>

State 2 <SV = 1> <Delay = 3.30>
ST_2 : Operation 17 [1/1] (2.16ns)   --->   "%layer2_out_read = read i64 @_ssdm_op_Read.ap_fifo.volatile.i64P0A, i64 %layer2_out" [firmware/nnet_utils/nnet_activation_stream.h:44]   --->   Operation 17 'read' 'layer2_out_read' <Predicate = true> <Delay = 2.16> <CoreInst = "FIFO">   --->   Core 78 'FIFO' <Latency = 0> <II = 1> <Delay = 2.16> <Storage> <Opcode : 'read' 'write' 'nbread' 'nbwrite'> <Ports = 0> <Width = 64> <Depth = 2116> <FIFO>
ST_2 : Operation 18 [1/1] (0.00ns)   --->   "%out_data_data_15 = trunc i64 %layer2_out_read" [firmware/nnet_utils/nnet_activation_stream.h:44]   --->   Operation 18 'trunc' 'out_data_data_15' <Predicate = true> <Delay = 0.00>
ST_2 : Operation 19 [1/1] (0.00ns)   --->   "%trunc_ln45 = trunc i64 %layer2_out_read" [firmware/nnet_utils/nnet_activation_stream.h:45]   --->   Operation 19 'trunc' 'trunc_ln45' <Predicate = true> <Delay = 0.00>
ST_2 : Operation 20 [1/1] (0.00ns)   --->   "%out_data_data_18 = partselect i8 @_ssdm_op_PartSelect.i8.i64.i32.i32, i64 %layer2_out_read, i32 48, i32 55" [firmware/nnet_utils/nnet_activation_stream.h:44]   --->   Operation 20 'partselect' 'out_data_data_18' <Predicate = true> <Delay = 0.00>
ST_2 : Operation 21 [1/1] (0.00ns)   --->   "%in_data_data_10 = partselect i8 @_ssdm_op_PartSelect.i8.i64.i32.i32, i64 %layer2_out_read, i32 56, i32 63" [firmware/nnet_utils/nnet_activation_stream.h:44]   --->   Operation 21 'partselect' 'in_data_data_10' <Predicate = true> <Delay = 0.00>
ST_2 : Operation 22 [1/1] (0.00ns)   --->   "%in_data_data = partselect i8 @_ssdm_op_PartSelect.i8.i64.i32.i32, i64 %layer2_out_read, i32 8, i32 15" [firmware/nnet_utils/nnet_activation_stream.h:44]   --->   Operation 22 'partselect' 'in_data_data' <Predicate = true> <Delay = 0.00>
ST_2 : Operation 23 [1/1] (0.00ns)   --->   "%trunc_ln44_9 = partselect i7 @_ssdm_op_PartSelect.i7.i64.i32.i32, i64 %layer2_out_read, i32 8, i32 14" [firmware/nnet_utils/nnet_activation_stream.h:44]   --->   Operation 23 'partselect' 'trunc_ln44_9' <Predicate = true> <Delay = 0.00>
ST_2 : Operation 24 [1/1] (0.00ns)   --->   "%out_data_data_16 = partselect i8 @_ssdm_op_PartSelect.i8.i64.i32.i32, i64 %layer2_out_read, i32 16, i32 23" [firmware/nnet_utils/nnet_activation_stream.h:44]   --->   Operation 24 'partselect' 'out_data_data_16' <Predicate = true> <Delay = 0.00>
ST_2 : Operation 25 [1/1] (0.00ns)   --->   "%trunc_ln45_1 = partselect i7 @_ssdm_op_PartSelect.i7.i64.i32.i32, i64 %layer2_out_read, i32 16, i32 22" [firmware/nnet_utils/nnet_activation_stream.h:45]   --->   Operation 25 'partselect' 'trunc_ln45_1' <Predicate = true> <Delay = 0.00>
ST_2 : Operation 26 [1/1] (0.00ns)   --->   "%in_data_data_8 = partselect i8 @_ssdm_op_PartSelect.i8.i64.i32.i32, i64 %layer2_out_read, i32 24, i32 31" [firmware/nnet_utils/nnet_activation_stream.h:44]   --->   Operation 26 'partselect' 'in_data_data_8' <Predicate = true> <Delay = 0.00>
ST_2 : Operation 27 [1/1] (0.00ns)   --->   "%trunc_ln44_s = partselect i7 @_ssdm_op_PartSelect.i7.i64.i32.i32, i64 %layer2_out_read, i32 24, i32 30" [firmware/nnet_utils/nnet_activation_stream.h:44]   --->   Operation 27 'partselect' 'trunc_ln44_s' <Predicate = true> <Delay = 0.00>
ST_2 : Operation 28 [1/1] (0.00ns)   --->   "%out_data_data_17 = partselect i8 @_ssdm_op_PartSelect.i8.i64.i32.i32, i64 %layer2_out_read, i32 32, i32 39" [firmware/nnet_utils/nnet_activation_stream.h:44]   --->   Operation 28 'partselect' 'out_data_data_17' <Predicate = true> <Delay = 0.00>
ST_2 : Operation 29 [1/1] (0.00ns)   --->   "%trunc_ln45_2 = partselect i7 @_ssdm_op_PartSelect.i7.i64.i32.i32, i64 %layer2_out_read, i32 32, i32 38" [firmware/nnet_utils/nnet_activation_stream.h:45]   --->   Operation 29 'partselect' 'trunc_ln45_2' <Predicate = true> <Delay = 0.00>
ST_2 : Operation 30 [1/1] (0.00ns)   --->   "%in_data_data_9 = partselect i8 @_ssdm_op_PartSelect.i8.i64.i32.i32, i64 %layer2_out_read, i32 40, i32 47" [firmware/nnet_utils/nnet_activation_stream.h:44]   --->   Operation 30 'partselect' 'in_data_data_9' <Predicate = true> <Delay = 0.00>
ST_2 : Operation 31 [1/1] (0.00ns)   --->   "%trunc_ln44_8 = partselect i7 @_ssdm_op_PartSelect.i7.i64.i32.i32, i64 %layer2_out_read, i32 40, i32 46" [firmware/nnet_utils/nnet_activation_stream.h:44]   --->   Operation 31 'partselect' 'trunc_ln44_8' <Predicate = true> <Delay = 0.00>
ST_2 : Operation 32 [1/1] (0.00ns)   --->   "%trunc_ln45_3 = partselect i7 @_ssdm_op_PartSelect.i7.i64.i32.i32, i64 %layer2_out_read, i32 48, i32 54" [firmware/nnet_utils/nnet_activation_stream.h:45]   --->   Operation 32 'partselect' 'trunc_ln45_3' <Predicate = true> <Delay = 0.00>
ST_2 : Operation 33 [1/1] (0.00ns)   --->   "%trunc_ln44_1 = partselect i7 @_ssdm_op_PartSelect.i7.i64.i32.i32, i64 %layer2_out_read, i32 56, i32 62" [firmware/nnet_utils/nnet_activation_stream.h:44]   --->   Operation 33 'partselect' 'trunc_ln44_1' <Predicate = true> <Delay = 0.00>
ST_2 : Operation 34 [1/1] (0.78ns)   --->   "%icmp_ln1649 = icmp_sgt  i8 %out_data_data_15, i8 0"   --->   Operation 34 'icmp' 'icmp_ln1649' <Predicate = true> <Delay = 0.78> <CoreInst = "Cmp">   --->   Core 9 'Cmp' <Latency = 0> <II = 1> <Delay = 0.78> <FuncUnit> <Opcode : 'icmp'> <InPorts = 2> <OutPorts = 1>
ST_2 : Operation 35 [1/1] (0.35ns)   --->   "%out_data_data = select i1 %icmp_ln1649, i7 %trunc_ln45, i7 0" [firmware/nnet_utils/nnet_activation_stream.h:51]   --->   Operation 35 'select' 'out_data_data' <Predicate = true> <Delay = 0.35> <CoreInst = "Sel">   --->   Core 73 'Sel' <Latency = 0> <II = 1> <Delay = 0.35> <FuncUnit> <Opcode : 'select'> <InPorts = 3> <OutPorts = 1>
ST_2 : Operation 36 [1/1] (0.78ns)   --->   "%icmp_ln1649_1 = icmp_sgt  i8 %in_data_data, i8 0"   --->   Operation 36 'icmp' 'icmp_ln1649_1' <Predicate = true> <Delay = 0.78> <CoreInst = "Cmp">   --->   Core 9 'Cmp' <Latency = 0> <II = 1> <Delay = 0.78> <FuncUnit> <Opcode : 'icmp'> <InPorts = 2> <OutPorts = 1>
ST_2 : Operation 37 [1/1] (0.35ns)   --->   "%out_data_data_5 = select i1 %icmp_ln1649_1, i7 %trunc_ln44_9, i7 0" [firmware/nnet_utils/nnet_activation_stream.h:51]   --->   Operation 37 'select' 'out_data_data_5' <Predicate = true> <Delay = 0.35> <CoreInst = "Sel">   --->   Core 73 'Sel' <Latency = 0> <II = 1> <Delay = 0.35> <FuncUnit> <Opcode : 'select'> <InPorts = 3> <OutPorts = 1>
ST_2 : Operation 38 [1/1] (0.78ns)   --->   "%icmp_ln1649_2 = icmp_sgt  i8 %out_data_data_16, i8 0"   --->   Operation 38 'icmp' 'icmp_ln1649_2' <Predicate = true> <Delay = 0.78> <CoreInst = "Cmp">   --->   Core 9 'Cmp' <Latency = 0> <II = 1> <Delay = 0.78> <FuncUnit> <Opcode : 'icmp'> <InPorts = 2> <OutPorts = 1>
ST_2 : Operation 39 [1/1] (0.35ns)   --->   "%out_data_data_6 = select i1 %icmp_ln1649_2, i7 %trunc_ln45_1, i7 0" [firmware/nnet_utils/nnet_activation_stream.h:51]   --->   Operation 39 'select' 'out_data_data_6' <Predicate = true> <Delay = 0.35> <CoreInst = "Sel">   --->   Core 73 'Sel' <Latency = 0> <II = 1> <Delay = 0.35> <FuncUnit> <Opcode : 'select'> <InPorts = 3> <OutPorts = 1>
ST_2 : Operation 40 [1/1] (0.78ns)   --->   "%icmp_ln1649_3 = icmp_sgt  i8 %in_data_data_8, i8 0"   --->   Operation 40 'icmp' 'icmp_ln1649_3' <Predicate = true> <Delay = 0.78> <CoreInst = "Cmp">   --->   Core 9 'Cmp' <Latency = 0> <II = 1> <Delay = 0.78> <FuncUnit> <Opcode : 'icmp'> <InPorts = 2> <OutPorts = 1>
ST_2 : Operation 41 [1/1] (0.35ns)   --->   "%out_data_data_8 = select i1 %icmp_ln1649_3, i7 %trunc_ln44_s, i7 0" [firmware/nnet_utils/nnet_activation_stream.h:51]   --->   Operation 41 'select' 'out_data_data_8' <Predicate = true> <Delay = 0.35> <CoreInst = "Sel">   --->   Core 73 'Sel' <Latency = 0> <II = 1> <Delay = 0.35> <FuncUnit> <Opcode : 'select'> <InPorts = 3> <OutPorts = 1>
ST_2 : Operation 42 [1/1] (0.78ns)   --->   "%icmp_ln1649_4 = icmp_sgt  i8 %out_data_data_17, i8 0"   --->   Operation 42 'icmp' 'icmp_ln1649_4' <Predicate = true> <Delay = 0.78> <CoreInst = "Cmp">   --->   Core 9 'Cmp' <Latency = 0> <II = 1> <Delay = 0.78> <FuncUnit> <Opcode : 'icmp'> <InPorts = 2> <OutPorts = 1>
ST_2 : Operation 43 [1/1] (0.35ns)   --->   "%out_data_data_9 = select i1 %icmp_ln1649_4, i7 %trunc_ln45_2, i7 0" [firmware/nnet_utils/nnet_activation_stream.h:51]   --->   Operation 43 'select' 'out_data_data_9' <Predicate = true> <Delay = 0.35> <CoreInst = "Sel">   --->   Core 73 'Sel' <Latency = 0> <II = 1> <Delay = 0.35> <FuncUnit> <Opcode : 'select'> <InPorts = 3> <OutPorts = 1>
ST_2 : Operation 44 [1/1] (0.78ns)   --->   "%icmp_ln1649_5 = icmp_sgt  i8 %in_data_data_9, i8 0"   --->   Operation 44 'icmp' 'icmp_ln1649_5' <Predicate = true> <Delay = 0.78> <CoreInst = "Cmp">   --->   Core 9 'Cmp' <Latency = 0> <II = 1> <Delay = 0.78> <FuncUnit> <Opcode : 'icmp'> <InPorts = 2> <OutPorts = 1>
ST_2 : Operation 45 [1/1] (0.35ns)   --->   "%out_data_data_11 = select i1 %icmp_ln1649_5, i7 %trunc_ln44_8, i7 0" [firmware/nnet_utils/nnet_activation_stream.h:51]   --->   Operation 45 'select' 'out_data_data_11' <Predicate = true> <Delay = 0.35> <CoreInst = "Sel">   --->   Core 73 'Sel' <Latency = 0> <II = 1> <Delay = 0.35> <FuncUnit> <Opcode : 'select'> <InPorts = 3> <OutPorts = 1>
ST_2 : Operation 46 [1/1] (0.78ns)   --->   "%icmp_ln1649_6 = icmp_sgt  i8 %out_data_data_18, i8 0"   --->   Operation 46 'icmp' 'icmp_ln1649_6' <Predicate = true> <Delay = 0.78> <CoreInst = "Cmp">   --->   Core 9 'Cmp' <Latency = 0> <II = 1> <Delay = 0.78> <FuncUnit> <Opcode : 'icmp'> <InPorts = 2> <OutPorts = 1>
ST_2 : Operation 47 [1/1] (0.35ns)   --->   "%out_data_data_12 = select i1 %icmp_ln1649_6, i7 %trunc_ln45_3, i7 0" [firmware/nnet_utils/nnet_activation_stream.h:51]   --->   Operation 47 'select' 'out_data_data_12' <Predicate = true> <Delay = 0.35> <CoreInst = "Sel">   --->   Core 73 'Sel' <Latency = 0> <II = 1> <Delay = 0.35> <FuncUnit> <Opcode : 'select'> <InPorts = 3> <OutPorts = 1>
ST_2 : Operation 48 [1/1] (0.78ns)   --->   "%icmp_ln1649_7 = icmp_sgt  i8 %in_data_data_10, i8 0"   --->   Operation 48 'icmp' 'icmp_ln1649_7' <Predicate = true> <Delay = 0.78> <CoreInst = "Cmp">   --->   Core 9 'Cmp' <Latency = 0> <II = 1> <Delay = 0.78> <FuncUnit> <Opcode : 'icmp'> <InPorts = 2> <OutPorts = 1>
ST_2 : Operation 49 [1/1] (0.35ns)   --->   "%out_data_data_14 = select i1 %icmp_ln1649_7, i7 %trunc_ln44_1, i7 0" [firmware/nnet_utils/nnet_activation_stream.h:51]   --->   Operation 49 'select' 'out_data_data_14' <Predicate = true> <Delay = 0.35> <CoreInst = "Sel">   --->   Core 73 'Sel' <Latency = 0> <II = 1> <Delay = 0.35> <FuncUnit> <Opcode : 'select'> <InPorts = 3> <OutPorts = 1>
ST_2 : Operation 63 [1/1] (0.00ns)   --->   "%ret_ln59 = ret" [firmware/nnet_utils/nnet_activation_stream.h:59]   --->   Operation 63 'ret' 'ret_ln59' <Predicate = (icmp_ln41)> <Delay = 0.00>

State 3 <SV = 2> <Delay = 2.16>
ST_3 : Operation 50 [1/1] (0.00ns)   --->   "%specpipeline_ln42 = specpipeline void @_ssdm_op_SpecPipeline, i32 4294967295, i32 0, i32 0, i32 0, void @empty_0" [firmware/nnet_utils/nnet_activation_stream.h:42]   --->   Operation 50 'specpipeline' 'specpipeline_ln42' <Predicate = true> <Delay = 0.00>
ST_3 : Operation 51 [1/1] (0.00ns)   --->   "%specloopname_ln41 = specloopname void @_ssdm_op_SpecLoopName, void @empty_6" [firmware/nnet_utils/nnet_activation_stream.h:41]   --->   Operation 51 'specloopname' 'specloopname_ln41' <Predicate = true> <Delay = 0.00>
ST_3 : Operation 52 [1/1] (0.00ns)   --->   "%zext_ln45 = zext i7 %out_data_data" [firmware/nnet_utils/nnet_activation_stream.h:45]   --->   Operation 52 'zext' 'zext_ln45' <Predicate = true> <Delay = 0.00>
ST_3 : Operation 53 [1/1] (0.00ns)   --->   "%zext_ln51 = zext i7 %out_data_data_5" [firmware/nnet_utils/nnet_activation_stream.h:51]   --->   Operation 53 'zext' 'zext_ln51' <Predicate = true> <Delay = 0.00>
ST_3 : Operation 54 [1/1] (0.00ns)   --->   "%zext_ln45_1 = zext i7 %out_data_data_6" [firmware/nnet_utils/nnet_activation_stream.h:45]   --->   Operation 54 'zext' 'zext_ln45_1' <Predicate = true> <Delay = 0.00>
ST_3 : Operation 55 [1/1] (0.00ns)   --->   "%zext_ln51_1 = zext i7 %out_data_data_8" [firmware/nnet_utils/nnet_activation_stream.h:51]   --->   Operation 55 'zext' 'zext_ln51_1' <Predicate = true> <Delay = 0.00>
ST_3 : Operation 56 [1/1] (0.00ns)   --->   "%zext_ln45_2 = zext i7 %out_data_data_9" [firmware/nnet_utils/nnet_activation_stream.h:45]   --->   Operation 56 'zext' 'zext_ln45_2' <Predicate = true> <Delay = 0.00>
ST_3 : Operation 57 [1/1] (0.00ns)   --->   "%zext_ln51_2 = zext i7 %out_data_data_11" [firmware/nnet_utils/nnet_activation_stream.h:51]   --->   Operation 57 'zext' 'zext_ln51_2' <Predicate = true> <Delay = 0.00>
ST_3 : Operation 58 [1/1] (0.00ns)   --->   "%zext_ln45_3 = zext i7 %out_data_data_12" [firmware/nnet_utils/nnet_activation_stream.h:45]   --->   Operation 58 'zext' 'zext_ln45_3' <Predicate = true> <Delay = 0.00>
ST_3 : Operation 59 [1/1] (0.00ns)   --->   "%or_ln57_s = bitconcatenate i63 @_ssdm_op_BitConcatenate.i63.i7.i8.i8.i8.i8.i8.i8.i8, i7 %out_data_data_14, i8 %zext_ln45_3, i8 %zext_ln51_2, i8 %zext_ln45_2, i8 %zext_ln51_1, i8 %zext_ln45_1, i8 %zext_ln51, i8 %zext_ln45" [firmware/nnet_utils/nnet_activation_stream.h:57]   --->   Operation 59 'bitconcatenate' 'or_ln57_s' <Predicate = true> <Delay = 0.00>
ST_3 : Operation 60 [1/1] (0.00ns)   --->   "%zext_ln57 = zext i63 %or_ln57_s" [firmware/nnet_utils/nnet_activation_stream.h:57]   --->   Operation 60 'zext' 'zext_ln57' <Predicate = true> <Delay = 0.00>
ST_3 : Operation 61 [1/1] (2.16ns)   --->   "%write_ln57 = write void @_ssdm_op_Write.ap_fifo.volatile.i64P0A, i64 %layer4_out, i64 %zext_ln57" [firmware/nnet_utils/nnet_activation_stream.h:57]   --->   Operation 61 'write' 'write_ln57' <Predicate = true> <Delay = 2.16> <CoreInst = "FIFO">   --->   Core 78 'FIFO' <Latency = 0> <II = 1> <Delay = 2.16> <Storage> <Opcode : 'read' 'write' 'nbread' 'nbwrite'> <Ports = 0> <Width = 64> <Depth = 2116> <FIFO>
ST_3 : Operation 62 [1/1] (0.00ns)   --->   "%br_ln41 = br void %for.body4" [firmware/nnet_utils/nnet_activation_stream.h:41]   --->   Operation 62 'br' 'br_ln41' <Predicate = true> <Delay = 0.00>


============================================================
+ Verbose Summary: Binding
============================================================
STG Binding: 
---------------- STG Properties BEGIN ----------------
- Is combinational: 0
- Is one-state seq: 0
- Is datapath-only: 0
- Is pipelined: 0
- Is top level: 0
Port [ Return ] is wired: 1; IO mode=ap_ctrl_hs:ce=0
Port [ layer2_out]:  wired=1; compound=1; hidden=0; nouse=0; global=0; static=0; extern=0; dir=0; type=3; pingpong=0; private_global=0; IO mode=ap_fifo:ce=0
Port [ layer4_out]:  wired=1; compound=1; hidden=0; nouse=0; global=0; static=0; extern=0; dir=1; type=3; pingpong=0; private_global=0; IO mode=ap_fifo:ce=0
---------------- STG Properties END ------------------

---------------- Datapath Model BEGIN ----------------

<LifeTime>
<method=bitvector/>
i                 (alloca           ) [ 0100]
specinterface_ln0 (specinterface    ) [ 0000]
specinterface_ln0 (specinterface    ) [ 0000]
store_ln41        (store            ) [ 0000]
br_ln41           (br               ) [ 0000]
i_1               (load             ) [ 0000]
icmp_ln41         (icmp             ) [ 0110]
empty             (speclooptripcount) [ 0000]
i_2               (add              ) [ 0000]
br_ln41           (br               ) [ 0000]
store_ln41        (store            ) [ 0000]
layer2_out_read   (read             ) [ 0000]
out_data_data_15  (trunc            ) [ 0000]
trunc_ln45        (trunc            ) [ 0000]
out_data_data_18  (partselect       ) [ 0000]
in_data_data_10   (partselect       ) [ 0000]
in_data_data      (partselect       ) [ 0000]
trunc_ln44_9      (partselect       ) [ 0000]
out_data_data_16  (partselect       ) [ 0000]
trunc_ln45_1      (partselect       ) [ 0000]
in_data_data_8    (partselect       ) [ 0000]
trunc_ln44_s      (partselect       ) [ 0000]
out_data_data_17  (partselect       ) [ 0000]
trunc_ln45_2      (partselect       ) [ 0000]
in_data_data_9    (partselect       ) [ 0000]
trunc_ln44_8      (partselect       ) [ 0000]
trunc_ln45_3      (partselect       ) [ 0000]
trunc_ln44_1      (partselect       ) [ 0000]
icmp_ln1649       (icmp             ) [ 0000]
out_data_data     (select           ) [ 0101]
icmp_ln1649_1     (icmp             ) [ 0000]
out_data_data_5   (select           ) [ 0101]
icmp_ln1649_2     (icmp             ) [ 0000]
out_data_data_6   (select           ) [ 0101]
icmp_ln1649_3     (icmp             ) [ 0000]
out_data_data_8   (select           ) [ 0101]
icmp_ln1649_4     (icmp             ) [ 0000]
out_data_data_9   (select           ) [ 0101]
icmp_ln1649_5     (icmp             ) [ 0000]
out_data_data_11  (select           ) [ 0101]
icmp_ln1649_6     (icmp             ) [ 0000]
out_data_data_12  (select           ) [ 0101]
icmp_ln1649_7     (icmp             ) [ 0000]
out_data_data_14  (select           ) [ 0101]
specpipeline_ln42 (specpipeline     ) [ 0000]
specloopname_ln41 (specloopname     ) [ 0000]
zext_ln45         (zext             ) [ 0000]
zext_ln51         (zext             ) [ 0000]
zext_ln45_1       (zext             ) [ 0000]
zext_ln51_1       (zext             ) [ 0000]
zext_ln45_2       (zext             ) [ 0000]
zext_ln51_2       (zext             ) [ 0000]
zext_ln45_3       (zext             ) [ 0000]
or_ln57_s         (bitconcatenate   ) [ 0000]
zext_ln57         (zext             ) [ 0000]
write_ln57        (write            ) [ 0000]
br_ln41           (br               ) [ 0000]
ret_ln59          (ret              ) [ 0000]
</LifeTime>

<model>

<comp_list>
<comp id="0" class="1000" name="layer2_out">
<pin_list>
<pin id="1" dir="1" index="0" bw="1" slack="0"/>
</pin_list>
<bind>
<StgValue><ssdm name="layer2_out"/></StgValue>
</bind>
</comp>

<comp id="2" class="1000" name="layer4_out">
<pin_list>
<pin id="3" dir="1" index="0" bw="1" slack="0"/>
</pin_list>
<bind>
<StgValue><ssdm name="layer4_out"/></StgValue>
</bind>
</comp>

<comp id="4" class="1001" name="const_4">
<pin_list>
<pin id="5" dir="1" index="0" bw="1" slack="0"/>
</pin_list>
<bind>
<StgValue><ssdm name=""/></StgValue>
</bind>
</comp>

<comp id="6" class="1001" name="const_6">
<pin_list>
<pin id="7" dir="1" index="0" bw="1" slack="2147483647"/>
</pin_list>
<bind>
<StgValue><ssdm name="_ssdm_op_SpecInterface"/></StgValue>
</bind>
</comp>

<comp id="8" class="1001" name="const_8">
<pin_list>
<pin id="9" dir="1" index="0" bw="1" slack="2147483647"/>
</pin_list>
<bind>
<StgValue><ssdm name="empty_1"/></StgValue>
</bind>
</comp>

<comp id="10" class="1001" name="const_10">
<pin_list>
<pin id="11" dir="1" index="0" bw="1" slack="2147483647"/>
</pin_list>
<bind>
<StgValue><ssdm name=""/></StgValue>
</bind>
</comp>

<comp id="12" class="1001" name="const_12">
<pin_list>
<pin id="13" dir="1" index="0" bw="1" slack="2147483647"/>
</pin_list>
<bind>
<StgValue><ssdm name="empty_0"/></StgValue>
</bind>
</comp>

<comp id="14" class="1001" name="const_14">
<pin_list>
<pin id="15" dir="1" index="0" bw="1" slack="2147483647"/>
</pin_list>
<bind>
<StgValue><ssdm name=""/></StgValue>
</bind>
</comp>

<comp id="16" class="1001" name="const_16">
<pin_list>
<pin id="17" dir="1" index="0" bw="1" slack="0"/>
</pin_list>
<bind>
<StgValue><ssdm name=""/></StgValue>
</bind>
</comp>

<comp id="18" class="1001" name="const_18">
<pin_list>
<pin id="19" dir="1" index="0" bw="1" slack="0"/>
</pin_list>
<bind>
<StgValue><ssdm name=""/></StgValue>
</bind>
</comp>

<comp id="20" class="1001" name="const_20">
<pin_list>
<pin id="21" dir="1" index="0" bw="1" slack="2147483647"/>
</pin_list>
<bind>
<StgValue><ssdm name="_ssdm_op_SpecLoopTripCount"/></StgValue>
</bind>
</comp>

<comp id="22" class="1001" name="const_22">
<pin_list>
<pin id="23" dir="1" index="0" bw="1" slack="2147483647"/>
</pin_list>
<bind>
<StgValue><ssdm name=""/></StgValue>
</bind>
</comp>

<comp id="24" class="1001" name="const_24">
<pin_list>
<pin id="25" dir="1" index="0" bw="1" slack="0"/>
</pin_list>
<bind>
<StgValue><ssdm name=""/></StgValue>
</bind>
</comp>

<comp id="26" class="1001" name="const_26">
<pin_list>
<pin id="27" dir="1" index="0" bw="1" slack="0"/>
</pin_list>
<bind>
<StgValue><ssdm name="_ssdm_op_Read.ap_fifo.volatile.i64P0A"/></StgValue>
</bind>
</comp>

<comp id="28" class="1001" name="const_28">
<pin_list>
<pin id="29" dir="1" index="0" bw="1" slack="0"/>
</pin_list>
<bind>
<StgValue><ssdm name="_ssdm_op_PartSelect.i8.i64.i32.i32"/></StgValue>
</bind>
</comp>

<comp id="30" class="1001" name="const_30">
<pin_list>
<pin id="31" dir="1" index="0" bw="1" slack="0"/>
</pin_list>
<bind>
<StgValue><ssdm name=""/></StgValue>
</bind>
</comp>

<comp id="32" class="1001" name="const_32">
<pin_list>
<pin id="33" dir="1" index="0" bw="1" slack="0"/>
</pin_list>
<bind>
<StgValue><ssdm name=""/></StgValue>
</bind>
</comp>

<comp id="34" class="1001" name="const_34">
<pin_list>
<pin id="35" dir="1" index="0" bw="1" slack="0"/>
</pin_list>
<bind>
<StgValue><ssdm name=""/></StgValue>
</bind>
</comp>

<comp id="36" class="1001" name="const_36">
<pin_list>
<pin id="37" dir="1" index="0" bw="1" slack="0"/>
</pin_list>
<bind>
<StgValue><ssdm name=""/></StgValue>
</bind>
</comp>

<comp id="38" class="1001" name="const_38">
<pin_list>
<pin id="39" dir="1" index="0" bw="1" slack="0"/>
</pin_list>
<bind>
<StgValue><ssdm name=""/></StgValue>
</bind>
</comp>

<comp id="40" class="1001" name="const_40">
<pin_list>
<pin id="41" dir="1" index="0" bw="1" slack="0"/>
</pin_list>
<bind>
<StgValue><ssdm name=""/></StgValue>
</bind>
</comp>

<comp id="42" class="1001" name="const_42">
<pin_list>
<pin id="43" dir="1" index="0" bw="1" slack="0"/>
</pin_list>
<bind>
<StgValue><ssdm name="_ssdm_op_PartSelect.i7.i64.i32.i32"/></StgValue>
</bind>
</comp>

<comp id="44" class="1001" name="const_44">
<pin_list>
<pin id="45" dir="1" index="0" bw="1" slack="0"/>
</pin_list>
<bind>
<StgValue><ssdm name=""/></StgValue>
</bind>
</comp>

<comp id="46" class="1001" name="const_46">
<pin_list>
<pin id="47" dir="1" index="0" bw="1" slack="0"/>
</pin_list>
<bind>
<StgValue><ssdm name=""/></StgValue>
</bind>
</comp>

<comp id="48" class="1001" name="const_48">
<pin_list>
<pin id="49" dir="1" index="0" bw="1" slack="0"/>
</pin_list>
<bind>
<StgValue><ssdm name=""/></StgValue>
</bind>
</comp>

<comp id="50" class="1001" name="const_50">
<pin_list>
<pin id="51" dir="1" index="0" bw="1" slack="0"/>
</pin_list>
<bind>
<StgValue><ssdm name=""/></StgValue>
</bind>
</comp>

<comp id="52" class="1001" name="const_52">
<pin_list>
<pin id="53" dir="1" index="0" bw="1" slack="0"/>
</pin_list>
<bind>
<StgValue><ssdm name=""/></StgValue>
</bind>
</comp>

<comp id="54" class="1001" name="const_54">
<pin_list>
<pin id="55" dir="1" index="0" bw="1" slack="0"/>
</pin_list>
<bind>
<StgValue><ssdm name=""/></StgValue>
</bind>
</comp>

<comp id="56" class="1001" name="const_56">
<pin_list>
<pin id="57" dir="1" index="0" bw="1" slack="0"/>
</pin_list>
<bind>
<StgValue><ssdm name=""/></StgValue>
</bind>
</comp>

<comp id="58" class="1001" name="const_58">
<pin_list>
<pin id="59" dir="1" index="0" bw="1" slack="0"/>
</pin_list>
<bind>
<StgValue><ssdm name=""/></StgValue>
</bind>
</comp>

<comp id="60" class="1001" name="const_60">
<pin_list>
<pin id="61" dir="1" index="0" bw="1" slack="0"/>
</pin_list>
<bind>
<StgValue><ssdm name=""/></StgValue>
</bind>
</comp>

<comp id="62" class="1001" name="const_62">
<pin_list>
<pin id="63" dir="1" index="0" bw="1" slack="0"/>
</pin_list>
<bind>
<StgValue><ssdm name=""/></StgValue>
</bind>
</comp>

<comp id="64" class="1001" name="const_64">
<pin_list>
<pin id="65" dir="1" index="0" bw="1" slack="0"/>
</pin_list>
<bind>
<StgValue><ssdm name=""/></StgValue>
</bind>
</comp>

<comp id="66" class="1001" name="const_66">
<pin_list>
<pin id="67" dir="1" index="0" bw="1" slack="0"/>
</pin_list>
<bind>
<StgValue><ssdm name=""/></StgValue>
</bind>
</comp>

<comp id="68" class="1001" name="const_68">
<pin_list>
<pin id="69" dir="1" index="0" bw="1" slack="0"/>
</pin_list>
<bind>
<StgValue><ssdm name=""/></StgValue>
</bind>
</comp>

<comp id="70" class="1001" name="const_70">
<pin_list>
<pin id="71" dir="1" index="0" bw="1" slack="0"/>
</pin_list>
<bind>
<StgValue><ssdm name=""/></StgValue>
</bind>
</comp>

<comp id="72" class="1001" name="const_72">
<pin_list>
<pin id="73" dir="1" index="0" bw="1" slack="0"/>
</pin_list>
<bind>
<StgValue><ssdm name=""/></StgValue>
</bind>
</comp>

<comp id="74" class="1001" name="const_74">
<pin_list>
<pin id="75" dir="1" index="0" bw="1" slack="0"/>
</pin_list>
<bind>
<StgValue><ssdm name=""/></StgValue>
</bind>
</comp>

<comp id="76" class="1001" name="const_76">
<pin_list>
<pin id="77" dir="1" index="0" bw="1" slack="0"/>
</pin_list>
<bind>
<StgValue><ssdm name=""/></StgValue>
</bind>
</comp>

<comp id="78" class="1001" name="const_78">
<pin_list>
<pin id="79" dir="1" index="0" bw="1" slack="2147483647"/>
</pin_list>
<bind>
<StgValue><ssdm name="_ssdm_op_SpecPipeline"/></StgValue>
</bind>
</comp>

<comp id="80" class="1001" name="const_80">
<pin_list>
<pin id="81" dir="1" index="0" bw="1" slack="2147483647"/>
</pin_list>
<bind>
<StgValue><ssdm name="_ssdm_op_SpecLoopName"/></StgValue>
</bind>
</comp>

<comp id="82" class="1001" name="const_82">
<pin_list>
<pin id="83" dir="1" index="0" bw="1" slack="2147483647"/>
</pin_list>
<bind>
<StgValue><ssdm name="empty_6"/></StgValue>
</bind>
</comp>

<comp id="84" class="1001" name="const_84">
<pin_list>
<pin id="85" dir="1" index="0" bw="1" slack="0"/>
</pin_list>
<bind>
<StgValue><ssdm name="_ssdm_op_BitConcatenate.i63.i7.i8.i8.i8.i8.i8.i8.i8"/></StgValue>
</bind>
</comp>

<comp id="86" class="1001" name="const_86">
<pin_list>
<pin id="87" dir="1" index="0" bw="1" slack="0"/>
</pin_list>
<bind>
<StgValue><ssdm name="_ssdm_op_Write.ap_fifo.volatile.i64P0A"/></StgValue>
</bind>
</comp>

<comp id="88" class="1004" name="i_fu_88">
<pin_list>
<pin id="89" dir="0" index="0" bw="1" slack="0"/>
<pin id="90" dir="1" index="1" bw="12" slack="0"/>
</pin_list>
<bind>
<opcode="alloca(26) " fcode="alloca"/>
<opset="i/1 "/>
</bind>
</comp>

<comp id="92" class="1004" name="layer2_out_read_read_fu_92">
<pin_list>
<pin id="93" dir="0" index="0" bw="64" slack="0"/>
<pin id="94" dir="0" index="1" bw="64" slack="0"/>
<pin id="95" dir="1" index="2" bw="64" slack="0"/>
</pin_list>
<bind>
<opcode="read(1150) " fcode="read"/>
<opset="layer2_out_read/2 "/>
</bind>
</comp>

<comp id="98" class="1004" name="write_ln57_write_fu_98">
<pin_list>
<pin id="99" dir="0" index="0" bw="0" slack="0"/>
<pin id="100" dir="0" index="1" bw="64" slack="0"/>
<pin id="101" dir="0" index="2" bw="63" slack="0"/>
<pin id="102" dir="1" index="3" bw="0" slack="2147483647"/>
</pin_list>
<bind>
<opcode="write(1151) " fcode="write"/>
<opset="write_ln57/3 "/>
</bind>
</comp>

<comp id="105" class="1004" name="store_ln41_store_fu_105">
<pin_list>
<pin id="106" dir="0" index="0" bw="1" slack="0"/>
<pin id="107" dir="0" index="1" bw="12" slack="0"/>
<pin id="108" dir="1" index="2" bw="0" slack="2147483647"/>
</pin_list>
<bind>
<opcode="store(28) " fcode="store"/>
<opset="store_ln41/1 "/>
</bind>
</comp>

<comp id="110" class="1004" name="i_1_load_fu_110">
<pin_list>
<pin id="111" dir="0" index="0" bw="12" slack="0"/>
<pin id="112" dir="1" index="1" bw="12" slack="0"/>
</pin_list>
<bind>
<opcode="load(27) " fcode="load"/>
<opset="i_1/1 "/>
</bind>
</comp>

<comp id="113" class="1004" name="icmp_ln41_fu_113">
<pin_list>
<pin id="114" dir="0" index="0" bw="12" slack="0"/>
<pin id="115" dir="0" index="1" bw="12" slack="0"/>
<pin id="116" dir="1" index="2" bw="1" slack="1"/>
</pin_list>
<bind>
<opcode="icmp(45) " fcode="icmp"/>
<opset="icmp_ln41/1 "/>
</bind>
</comp>

<comp id="119" class="1004" name="i_2_fu_119">
<pin_list>
<pin id="120" dir="0" index="0" bw="12" slack="0"/>
<pin id="121" dir="0" index="1" bw="1" slack="0"/>
<pin id="122" dir="1" index="2" bw="12" slack="0"/>
</pin_list>
<bind>
<opcode="add(8) " fcode="add"/>
<opset="i_2/1 "/>
</bind>
</comp>

<comp id="125" class="1004" name="store_ln41_store_fu_125">
<pin_list>
<pin id="126" dir="0" index="0" bw="12" slack="0"/>
<pin id="127" dir="0" index="1" bw="12" slack="0"/>
<pin id="128" dir="1" index="2" bw="0" slack="2147483647"/>
</pin_list>
<bind>
<opcode="store(28) " fcode="store"/>
<opset="store_ln41/1 "/>
</bind>
</comp>

<comp id="130" class="1004" name="out_data_data_15_fu_130">
<pin_list>
<pin id="131" dir="0" index="0" bw="64" slack="0"/>
<pin id="132" dir="1" index="1" bw="8" slack="0"/>
</pin_list>
<bind>
<opcode="trunc(33) " fcode="trunc"/>
<opset="out_data_data_15/2 "/>
</bind>
</comp>

<comp id="134" class="1004" name="trunc_ln45_fu_134">
<pin_list>
<pin id="135" dir="0" index="0" bw="64" slack="0"/>
<pin id="136" dir="1" index="1" bw="7" slack="0"/>
</pin_list>
<bind>
<opcode="trunc(33) " fcode="trunc"/>
<opset="trunc_ln45/2 "/>
</bind>
</comp>

<comp id="138" class="1004" name="out_data_data_18_fu_138">
<pin_list>
<pin id="139" dir="0" index="0" bw="8" slack="0"/>
<pin id="140" dir="0" index="1" bw="64" slack="0"/>
<pin id="141" dir="0" index="2" bw="7" slack="0"/>
<pin id="142" dir="0" index="3" bw="7" slack="0"/>
<pin id="143" dir="1" index="4" bw="8" slack="0"/>
</pin_list>
<bind>
<opcode="partselect(1002) " fcode="partselect"/>
<opset="out_data_data_18/2 "/>
</bind>
</comp>

<comp id="148" class="1004" name="in_data_data_10_fu_148">
<pin_list>
<pin id="149" dir="0" index="0" bw="8" slack="0"/>
<pin id="150" dir="0" index="1" bw="64" slack="0"/>
<pin id="151" dir="0" index="2" bw="7" slack="0"/>
<pin id="152" dir="0" index="3" bw="7" slack="0"/>
<pin id="153" dir="1" index="4" bw="8" slack="0"/>
</pin_list>
<bind>
<opcode="partselect(1002) " fcode="partselect"/>
<opset="in_data_data_10/2 "/>
</bind>
</comp>

<comp id="158" class="1004" name="in_data_data_fu_158">
<pin_list>
<pin id="159" dir="0" index="0" bw="8" slack="0"/>
<pin id="160" dir="0" index="1" bw="64" slack="0"/>
<pin id="161" dir="0" index="2" bw="5" slack="0"/>
<pin id="162" dir="0" index="3" bw="5" slack="0"/>
<pin id="163" dir="1" index="4" bw="8" slack="0"/>
</pin_list>
<bind>
<opcode="partselect(1002) " fcode="partselect"/>
<opset="in_data_data/2 "/>
</bind>
</comp>

<comp id="168" class="1004" name="trunc_ln44_9_fu_168">
<pin_list>
<pin id="169" dir="0" index="0" bw="7" slack="0"/>
<pin id="170" dir="0" index="1" bw="64" slack="0"/>
<pin id="171" dir="0" index="2" bw="5" slack="0"/>
<pin id="172" dir="0" index="3" bw="5" slack="0"/>
<pin id="173" dir="1" index="4" bw="7" slack="0"/>
</pin_list>
<bind>
<opcode="partselect(1002) " fcode="partselect"/>
<opset="trunc_ln44_9/2 "/>
</bind>
</comp>

<comp id="178" class="1004" name="out_data_data_16_fu_178">
<pin_list>
<pin id="179" dir="0" index="0" bw="8" slack="0"/>
<pin id="180" dir="0" index="1" bw="64" slack="0"/>
<pin id="181" dir="0" index="2" bw="6" slack="0"/>
<pin id="182" dir="0" index="3" bw="6" slack="0"/>
<pin id="183" dir="1" index="4" bw="8" slack="0"/>
</pin_list>
<bind>
<opcode="partselect(1002) " fcode="partselect"/>
<opset="out_data_data_16/2 "/>
</bind>
</comp>

<comp id="188" class="1004" name="trunc_ln45_1_fu_188">
<pin_list>
<pin id="189" dir="0" index="0" bw="7" slack="0"/>
<pin id="190" dir="0" index="1" bw="64" slack="0"/>
<pin id="191" dir="0" index="2" bw="6" slack="0"/>
<pin id="192" dir="0" index="3" bw="6" slack="0"/>
<pin id="193" dir="1" index="4" bw="7" slack="0"/>
</pin_list>
<bind>
<opcode="partselect(1002) " fcode="partselect"/>
<opset="trunc_ln45_1/2 "/>
</bind>
</comp>

<comp id="198" class="1004" name="in_data_data_8_fu_198">
<pin_list>
<pin id="199" dir="0" index="0" bw="8" slack="0"/>
<pin id="200" dir="0" index="1" bw="64" slack="0"/>
<pin id="201" dir="0" index="2" bw="6" slack="0"/>
<pin id="202" dir="0" index="3" bw="6" slack="0"/>
<pin id="203" dir="1" index="4" bw="8" slack="0"/>
</pin_list>
<bind>
<opcode="partselect(1002) " fcode="partselect"/>
<opset="in_data_data_8/2 "/>
</bind>
</comp>

<comp id="208" class="1004" name="trunc_ln44_s_fu_208">
<pin_list>
<pin id="209" dir="0" index="0" bw="7" slack="0"/>
<pin id="210" dir="0" index="1" bw="64" slack="0"/>
<pin id="211" dir="0" index="2" bw="6" slack="0"/>
<pin id="212" dir="0" index="3" bw="6" slack="0"/>
<pin id="213" dir="1" index="4" bw="7" slack="0"/>
</pin_list>
<bind>
<opcode="partselect(1002) " fcode="partselect"/>
<opset="trunc_ln44_s/2 "/>
</bind>
</comp>

<comp id="218" class="1004" name="out_data_data_17_fu_218">
<pin_list>
<pin id="219" dir="0" index="0" bw="8" slack="0"/>
<pin id="220" dir="0" index="1" bw="64" slack="0"/>
<pin id="221" dir="0" index="2" bw="7" slack="0"/>
<pin id="222" dir="0" index="3" bw="7" slack="0"/>
<pin id="223" dir="1" index="4" bw="8" slack="0"/>
</pin_list>
<bind>
<opcode="partselect(1002) " fcode="partselect"/>
<opset="out_data_data_17/2 "/>
</bind>
</comp>

<comp id="228" class="1004" name="trunc_ln45_2_fu_228">
<pin_list>
<pin id="229" dir="0" index="0" bw="7" slack="0"/>
<pin id="230" dir="0" index="1" bw="64" slack="0"/>
<pin id="231" dir="0" index="2" bw="7" slack="0"/>
<pin id="232" dir="0" index="3" bw="7" slack="0"/>
<pin id="233" dir="1" index="4" bw="7" slack="0"/>
</pin_list>
<bind>
<opcode="partselect(1002) " fcode="partselect"/>
<opset="trunc_ln45_2/2 "/>
</bind>
</comp>

<comp id="238" class="1004" name="in_data_data_9_fu_238">
<pin_list>
<pin id="239" dir="0" index="0" bw="8" slack="0"/>
<pin id="240" dir="0" index="1" bw="64" slack="0"/>
<pin id="241" dir="0" index="2" bw="7" slack="0"/>
<pin id="242" dir="0" index="3" bw="7" slack="0"/>
<pin id="243" dir="1" index="4" bw="8" slack="0"/>
</pin_list>
<bind>
<opcode="partselect(1002) " fcode="partselect"/>
<opset="in_data_data_9/2 "/>
</bind>
</comp>

<comp id="248" class="1004" name="trunc_ln44_8_fu_248">
<pin_list>
<pin id="249" dir="0" index="0" bw="7" slack="0"/>
<pin id="250" dir="0" index="1" bw="64" slack="0"/>
<pin id="251" dir="0" index="2" bw="7" slack="0"/>
<pin id="252" dir="0" index="3" bw="7" slack="0"/>
<pin id="253" dir="1" index="4" bw="7" slack="0"/>
</pin_list>
<bind>
<opcode="partselect(1002) " fcode="partselect"/>
<opset="trunc_ln44_8/2 "/>
</bind>
</comp>

<comp id="258" class="1004" name="trunc_ln45_3_fu_258">
<pin_list>
<pin id="259" dir="0" index="0" bw="7" slack="0"/>
<pin id="260" dir="0" index="1" bw="64" slack="0"/>
<pin id="261" dir="0" index="2" bw="7" slack="0"/>
<pin id="262" dir="0" index="3" bw="7" slack="0"/>
<pin id="263" dir="1" index="4" bw="7" slack="0"/>
</pin_list>
<bind>
<opcode="partselect(1002) " fcode="partselect"/>
<opset="trunc_ln45_3/2 "/>
</bind>
</comp>

<comp id="268" class="1004" name="trunc_ln44_1_fu_268">
<pin_list>
<pin id="269" dir="0" index="0" bw="7" slack="0"/>
<pin id="270" dir="0" index="1" bw="64" slack="0"/>
<pin id="271" dir="0" index="2" bw="7" slack="0"/>
<pin id="272" dir="0" index="3" bw="7" slack="0"/>
<pin id="273" dir="1" index="4" bw="7" slack="0"/>
</pin_list>
<bind>
<opcode="partselect(1002) " fcode="partselect"/>
<opset="trunc_ln44_1/2 "/>
</bind>
</comp>

<comp id="278" class="1004" name="icmp_ln1649_fu_278">
<pin_list>
<pin id="279" dir="0" index="0" bw="8" slack="0"/>
<pin id="280" dir="0" index="1" bw="8" slack="0"/>
<pin id="281" dir="1" index="2" bw="1" slack="0"/>
</pin_list>
<bind>
<opcode="icmp(45) " fcode="icmp"/>
<opset="icmp_ln1649/2 "/>
</bind>
</comp>

<comp id="284" class="1004" name="out_data_data_fu_284">
<pin_list>
<pin id="285" dir="0" index="0" bw="1" slack="0"/>
<pin id="286" dir="0" index="1" bw="7" slack="0"/>
<pin id="287" dir="0" index="2" bw="7" slack="0"/>
<pin id="288" dir="1" index="3" bw="7" slack="1"/>
</pin_list>
<bind>
<opcode="select(49) " fcode="select"/>
<opset="out_data_data/2 "/>
</bind>
</comp>

<comp id="292" class="1004" name="icmp_ln1649_1_fu_292">
<pin_list>
<pin id="293" dir="0" index="0" bw="8" slack="0"/>
<pin id="294" dir="0" index="1" bw="8" slack="0"/>
<pin id="295" dir="1" index="2" bw="1" slack="0"/>
</pin_list>
<bind>
<opcode="icmp(45) " fcode="icmp"/>
<opset="icmp_ln1649_1/2 "/>
</bind>
</comp>

<comp id="298" class="1004" name="out_data_data_5_fu_298">
<pin_list>
<pin id="299" dir="0" index="0" bw="1" slack="0"/>
<pin id="300" dir="0" index="1" bw="7" slack="0"/>
<pin id="301" dir="0" index="2" bw="7" slack="0"/>
<pin id="302" dir="1" index="3" bw="7" slack="1"/>
</pin_list>
<bind>
<opcode="select(49) " fcode="select"/>
<opset="out_data_data_5/2 "/>
</bind>
</comp>

<comp id="306" class="1004" name="icmp_ln1649_2_fu_306">
<pin_list>
<pin id="307" dir="0" index="0" bw="8" slack="0"/>
<pin id="308" dir="0" index="1" bw="8" slack="0"/>
<pin id="309" dir="1" index="2" bw="1" slack="0"/>
</pin_list>
<bind>
<opcode="icmp(45) " fcode="icmp"/>
<opset="icmp_ln1649_2/2 "/>
</bind>
</comp>

<comp id="312" class="1004" name="out_data_data_6_fu_312">
<pin_list>
<pin id="313" dir="0" index="0" bw="1" slack="0"/>
<pin id="314" dir="0" index="1" bw="7" slack="0"/>
<pin id="315" dir="0" index="2" bw="7" slack="0"/>
<pin id="316" dir="1" index="3" bw="7" slack="1"/>
</pin_list>
<bind>
<opcode="select(49) " fcode="select"/>
<opset="out_data_data_6/2 "/>
</bind>
</comp>

<comp id="320" class="1004" name="icmp_ln1649_3_fu_320">
<pin_list>
<pin id="321" dir="0" index="0" bw="8" slack="0"/>
<pin id="322" dir="0" index="1" bw="8" slack="0"/>
<pin id="323" dir="1" index="2" bw="1" slack="0"/>
</pin_list>
<bind>
<opcode="icmp(45) " fcode="icmp"/>
<opset="icmp_ln1649_3/2 "/>
</bind>
</comp>

<comp id="326" class="1004" name="out_data_data_8_fu_326">
<pin_list>
<pin id="327" dir="0" index="0" bw="1" slack="0"/>
<pin id="328" dir="0" index="1" bw="7" slack="0"/>
<pin id="329" dir="0" index="2" bw="7" slack="0"/>
<pin id="330" dir="1" index="3" bw="7" slack="1"/>
</pin_list>
<bind>
<opcode="select(49) " fcode="select"/>
<opset="out_data_data_8/2 "/>
</bind>
</comp>

<comp id="334" class="1004" name="icmp_ln1649_4_fu_334">
<pin_list>
<pin id="335" dir="0" index="0" bw="8" slack="0"/>
<pin id="336" dir="0" index="1" bw="8" slack="0"/>
<pin id="337" dir="1" index="2" bw="1" slack="0"/>
</pin_list>
<bind>
<opcode="icmp(45) " fcode="icmp"/>
<opset="icmp_ln1649_4/2 "/>
</bind>
</comp>

<comp id="340" class="1004" name="out_data_data_9_fu_340">
<pin_list>
<pin id="341" dir="0" index="0" bw="1" slack="0"/>
<pin id="342" dir="0" index="1" bw="7" slack="0"/>
<pin id="343" dir="0" index="2" bw="7" slack="0"/>
<pin id="344" dir="1" index="3" bw="7" slack="1"/>
</pin_list>
<bind>
<opcode="select(49) " fcode="select"/>
<opset="out_data_data_9/2 "/>
</bind>
</comp>

<comp id="348" class="1004" name="icmp_ln1649_5_fu_348">
<pin_list>
<pin id="349" dir="0" index="0" bw="8" slack="0"/>
<pin id="350" dir="0" index="1" bw="8" slack="0"/>
<pin id="351" dir="1" index="2" bw="1" slack="0"/>
</pin_list>
<bind>
<opcode="icmp(45) " fcode="icmp"/>
<opset="icmp_ln1649_5/2 "/>
</bind>
</comp>

<comp id="354" class="1004" name="out_data_data_11_fu_354">
<pin_list>
<pin id="355" dir="0" index="0" bw="1" slack="0"/>
<pin id="356" dir="0" index="1" bw="7" slack="0"/>
<pin id="357" dir="0" index="2" bw="7" slack="0"/>
<pin id="358" dir="1" index="3" bw="7" slack="1"/>
</pin_list>
<bind>
<opcode="select(49) " fcode="select"/>
<opset="out_data_data_11/2 "/>
</bind>
</comp>

<comp id="362" class="1004" name="icmp_ln1649_6_fu_362">
<pin_list>
<pin id="363" dir="0" index="0" bw="8" slack="0"/>
<pin id="364" dir="0" index="1" bw="8" slack="0"/>
<pin id="365" dir="1" index="2" bw="1" slack="0"/>
</pin_list>
<bind>
<opcode="icmp(45) " fcode="icmp"/>
<opset="icmp_ln1649_6/2 "/>
</bind>
</comp>

<comp id="368" class="1004" name="out_data_data_12_fu_368">
<pin_list>
<pin id="369" dir="0" index="0" bw="1" slack="0"/>
<pin id="370" dir="0" index="1" bw="7" slack="0"/>
<pin id="371" dir="0" index="2" bw="7" slack="0"/>
<pin id="372" dir="1" index="3" bw="7" slack="1"/>
</pin_list>
<bind>
<opcode="select(49) " fcode="select"/>
<opset="out_data_data_12/2 "/>
</bind>
</comp>

<comp id="376" class="1004" name="icmp_ln1649_7_fu_376">
<pin_list>
<pin id="377" dir="0" index="0" bw="8" slack="0"/>
<pin id="378" dir="0" index="1" bw="8" slack="0"/>
<pin id="379" dir="1" index="2" bw="1" slack="0"/>
</pin_list>
<bind>
<opcode="icmp(45) " fcode="icmp"/>
<opset="icmp_ln1649_7/2 "/>
</bind>
</comp>

<comp id="382" class="1004" name="out_data_data_14_fu_382">
<pin_list>
<pin id="383" dir="0" index="0" bw="1" slack="0"/>
<pin id="384" dir="0" index="1" bw="7" slack="0"/>
<pin id="385" dir="0" index="2" bw="7" slack="0"/>
<pin id="386" dir="1" index="3" bw="7" slack="1"/>
</pin_list>
<bind>
<opcode="select(49) " fcode="select"/>
<opset="out_data_data_14/2 "/>
</bind>
</comp>

<comp id="390" class="1004" name="zext_ln45_fu_390">
<pin_list>
<pin id="391" dir="0" index="0" bw="7" slack="1"/>
<pin id="392" dir="1" index="1" bw="8" slack="0"/>
</pin_list>
<bind>
<opcode="zext(34) " fcode="zext"/>
<opset="zext_ln45/3 "/>
</bind>
</comp>

<comp id="393" class="1004" name="zext_ln51_fu_393">
<pin_list>
<pin id="394" dir="0" index="0" bw="7" slack="1"/>
<pin id="395" dir="1" index="1" bw="8" slack="0"/>
</pin_list>
<bind>
<opcode="zext(34) " fcode="zext"/>
<opset="zext_ln51/3 "/>
</bind>
</comp>

<comp id="396" class="1004" name="zext_ln45_1_fu_396">
<pin_list>
<pin id="397" dir="0" index="0" bw="7" slack="1"/>
<pin id="398" dir="1" index="1" bw="8" slack="0"/>
</pin_list>
<bind>
<opcode="zext(34) " fcode="zext"/>
<opset="zext_ln45_1/3 "/>
</bind>
</comp>

<comp id="399" class="1004" name="zext_ln51_1_fu_399">
<pin_list>
<pin id="400" dir="0" index="0" bw="7" slack="1"/>
<pin id="401" dir="1" index="1" bw="8" slack="0"/>
</pin_list>
<bind>
<opcode="zext(34) " fcode="zext"/>
<opset="zext_ln51_1/3 "/>
</bind>
</comp>

<comp id="402" class="1004" name="zext_ln45_2_fu_402">
<pin_list>
<pin id="403" dir="0" index="0" bw="7" slack="1"/>
<pin id="404" dir="1" index="1" bw="8" slack="0"/>
</pin_list>
<bind>
<opcode="zext(34) " fcode="zext"/>
<opset="zext_ln45_2/3 "/>
</bind>
</comp>

<comp id="405" class="1004" name="zext_ln51_2_fu_405">
<pin_list>
<pin id="406" dir="0" index="0" bw="7" slack="1"/>
<pin id="407" dir="1" index="1" bw="8" slack="0"/>
</pin_list>
<bind>
<opcode="zext(34) " fcode="zext"/>
<opset="zext_ln51_2/3 "/>
</bind>
</comp>

<comp id="408" class="1004" name="zext_ln45_3_fu_408">
<pin_list>
<pin id="409" dir="0" index="0" bw="7" slack="1"/>
<pin id="410" dir="1" index="1" bw="8" slack="0"/>
</pin_list>
<bind>
<opcode="zext(34) " fcode="zext"/>
<opset="zext_ln45_3/3 "/>
</bind>
</comp>

<comp id="411" class="1004" name="or_ln57_s_fu_411">
<pin_list>
<pin id="412" dir="0" index="0" bw="63" slack="0"/>
<pin id="413" dir="0" index="1" bw="7" slack="1"/>
<pin id="414" dir="0" index="2" bw="7" slack="0"/>
<pin id="415" dir="0" index="3" bw="7" slack="0"/>
<pin id="416" dir="0" index="4" bw="7" slack="0"/>
<pin id="417" dir="0" index="5" bw="7" slack="0"/>
<pin id="418" dir="0" index="6" bw="7" slack="0"/>
<pin id="419" dir="0" index="7" bw="7" slack="0"/>
<pin id="420" dir="0" index="8" bw="7" slack="0"/>
<pin id="421" dir="1" index="9" bw="63" slack="0"/>
</pin_list>
<bind>
<opcode="bitconcatenate(1004) " fcode="bitconcatenate"/>
<opset="or_ln57_s/3 "/>
</bind>
</comp>

<comp id="430" class="1004" name="zext_ln57_fu_430">
<pin_list>
<pin id="431" dir="0" index="0" bw="63" slack="0"/>
<pin id="432" dir="1" index="1" bw="64" slack="0"/>
</pin_list>
<bind>
<opcode="zext(34) " fcode="zext"/>
<opset="zext_ln57/3 "/>
</bind>
</comp>

<comp id="435" class="1005" name="i_reg_435">
<pin_list>
<pin id="436" dir="0" index="0" bw="12" slack="0"/>
<pin id="437" dir="1" index="1" bw="12" slack="0"/>
</pin_list>
<bind>
<opset="i "/>
</bind>
</comp>

<comp id="442" class="1005" name="icmp_ln41_reg_442">
<pin_list>
<pin id="443" dir="0" index="0" bw="1" slack="1"/>
<pin id="444" dir="1" index="1" bw="1" slack="2147483647"/>
</pin_list>
<bind>
<opset="icmp_ln41 "/>
</bind>
</comp>

<comp id="446" class="1005" name="out_data_data_reg_446">
<pin_list>
<pin id="447" dir="0" index="0" bw="7" slack="1"/>
<pin id="448" dir="1" index="1" bw="7" slack="1"/>
</pin_list>
<bind>
<opset="out_data_data "/>
</bind>
</comp>

<comp id="451" class="1005" name="out_data_data_5_reg_451">
<pin_list>
<pin id="452" dir="0" index="0" bw="7" slack="1"/>
<pin id="453" dir="1" index="1" bw="7" slack="1"/>
</pin_list>
<bind>
<opset="out_data_data_5 "/>
</bind>
</comp>

<comp id="456" class="1005" name="out_data_data_6_reg_456">
<pin_list>
<pin id="457" dir="0" index="0" bw="7" slack="1"/>
<pin id="458" dir="1" index="1" bw="7" slack="1"/>
</pin_list>
<bind>
<opset="out_data_data_6 "/>
</bind>
</comp>

<comp id="461" class="1005" name="out_data_data_8_reg_461">
<pin_list>
<pin id="462" dir="0" index="0" bw="7" slack="1"/>
<pin id="463" dir="1" index="1" bw="7" slack="1"/>
</pin_list>
<bind>
<opset="out_data_data_8 "/>
</bind>
</comp>

<comp id="466" class="1005" name="out_data_data_9_reg_466">
<pin_list>
<pin id="467" dir="0" index="0" bw="7" slack="1"/>
<pin id="468" dir="1" index="1" bw="7" slack="1"/>
</pin_list>
<bind>
<opset="out_data_data_9 "/>
</bind>
</comp>

<comp id="471" class="1005" name="out_data_data_11_reg_471">
<pin_list>
<pin id="472" dir="0" index="0" bw="7" slack="1"/>
<pin id="473" dir="1" index="1" bw="7" slack="1"/>
</pin_list>
<bind>
<opset="out_data_data_11 "/>
</bind>
</comp>

<comp id="476" class="1005" name="out_data_data_12_reg_476">
<pin_list>
<pin id="477" dir="0" index="0" bw="7" slack="1"/>
<pin id="478" dir="1" index="1" bw="7" slack="1"/>
</pin_list>
<bind>
<opset="out_data_data_12 "/>
</bind>
</comp>

<comp id="481" class="1005" name="out_data_data_14_reg_481">
<pin_list>
<pin id="482" dir="0" index="0" bw="7" slack="1"/>
<pin id="483" dir="1" index="1" bw="7" slack="1"/>
</pin_list>
<bind>
<opset="out_data_data_14 "/>
</bind>
</comp>

</comp_list>

<net_list>
<net id="91"><net_src comp="4" pin="0"/><net_sink comp="88" pin=0"/></net>

<net id="96"><net_src comp="26" pin="0"/><net_sink comp="92" pin=0"/></net>

<net id="97"><net_src comp="0" pin="0"/><net_sink comp="92" pin=1"/></net>

<net id="103"><net_src comp="86" pin="0"/><net_sink comp="98" pin=0"/></net>

<net id="104"><net_src comp="2" pin="0"/><net_sink comp="98" pin=1"/></net>

<net id="109"><net_src comp="16" pin="0"/><net_sink comp="105" pin=0"/></net>

<net id="117"><net_src comp="110" pin="1"/><net_sink comp="113" pin=0"/></net>

<net id="118"><net_src comp="18" pin="0"/><net_sink comp="113" pin=1"/></net>

<net id="123"><net_src comp="110" pin="1"/><net_sink comp="119" pin=0"/></net>

<net id="124"><net_src comp="24" pin="0"/><net_sink comp="119" pin=1"/></net>

<net id="129"><net_src comp="119" pin="2"/><net_sink comp="125" pin=0"/></net>

<net id="133"><net_src comp="92" pin="2"/><net_sink comp="130" pin=0"/></net>

<net id="137"><net_src comp="92" pin="2"/><net_sink comp="134" pin=0"/></net>

<net id="144"><net_src comp="28" pin="0"/><net_sink comp="138" pin=0"/></net>

<net id="145"><net_src comp="92" pin="2"/><net_sink comp="138" pin=1"/></net>

<net id="146"><net_src comp="30" pin="0"/><net_sink comp="138" pin=2"/></net>

<net id="147"><net_src comp="32" pin="0"/><net_sink comp="138" pin=3"/></net>

<net id="154"><net_src comp="28" pin="0"/><net_sink comp="148" pin=0"/></net>

<net id="155"><net_src comp="92" pin="2"/><net_sink comp="148" pin=1"/></net>

<net id="156"><net_src comp="34" pin="0"/><net_sink comp="148" pin=2"/></net>

<net id="157"><net_src comp="36" pin="0"/><net_sink comp="148" pin=3"/></net>

<net id="164"><net_src comp="28" pin="0"/><net_sink comp="158" pin=0"/></net>

<net id="165"><net_src comp="92" pin="2"/><net_sink comp="158" pin=1"/></net>

<net id="166"><net_src comp="38" pin="0"/><net_sink comp="158" pin=2"/></net>

<net id="167"><net_src comp="40" pin="0"/><net_sink comp="158" pin=3"/></net>

<net id="174"><net_src comp="42" pin="0"/><net_sink comp="168" pin=0"/></net>

<net id="175"><net_src comp="92" pin="2"/><net_sink comp="168" pin=1"/></net>

<net id="176"><net_src comp="38" pin="0"/><net_sink comp="168" pin=2"/></net>

<net id="177"><net_src comp="44" pin="0"/><net_sink comp="168" pin=3"/></net>

<net id="184"><net_src comp="28" pin="0"/><net_sink comp="178" pin=0"/></net>

<net id="185"><net_src comp="92" pin="2"/><net_sink comp="178" pin=1"/></net>

<net id="186"><net_src comp="46" pin="0"/><net_sink comp="178" pin=2"/></net>

<net id="187"><net_src comp="48" pin="0"/><net_sink comp="178" pin=3"/></net>

<net id="194"><net_src comp="42" pin="0"/><net_sink comp="188" pin=0"/></net>

<net id="195"><net_src comp="92" pin="2"/><net_sink comp="188" pin=1"/></net>

<net id="196"><net_src comp="46" pin="0"/><net_sink comp="188" pin=2"/></net>

<net id="197"><net_src comp="50" pin="0"/><net_sink comp="188" pin=3"/></net>

<net id="204"><net_src comp="28" pin="0"/><net_sink comp="198" pin=0"/></net>

<net id="205"><net_src comp="92" pin="2"/><net_sink comp="198" pin=1"/></net>

<net id="206"><net_src comp="52" pin="0"/><net_sink comp="198" pin=2"/></net>

<net id="207"><net_src comp="54" pin="0"/><net_sink comp="198" pin=3"/></net>

<net id="214"><net_src comp="42" pin="0"/><net_sink comp="208" pin=0"/></net>

<net id="215"><net_src comp="92" pin="2"/><net_sink comp="208" pin=1"/></net>

<net id="216"><net_src comp="52" pin="0"/><net_sink comp="208" pin=2"/></net>

<net id="217"><net_src comp="56" pin="0"/><net_sink comp="208" pin=3"/></net>

<net id="224"><net_src comp="28" pin="0"/><net_sink comp="218" pin=0"/></net>

<net id="225"><net_src comp="92" pin="2"/><net_sink comp="218" pin=1"/></net>

<net id="226"><net_src comp="58" pin="0"/><net_sink comp="218" pin=2"/></net>

<net id="227"><net_src comp="60" pin="0"/><net_sink comp="218" pin=3"/></net>

<net id="234"><net_src comp="42" pin="0"/><net_sink comp="228" pin=0"/></net>

<net id="235"><net_src comp="92" pin="2"/><net_sink comp="228" pin=1"/></net>

<net id="236"><net_src comp="58" pin="0"/><net_sink comp="228" pin=2"/></net>

<net id="237"><net_src comp="62" pin="0"/><net_sink comp="228" pin=3"/></net>

<net id="244"><net_src comp="28" pin="0"/><net_sink comp="238" pin=0"/></net>

<net id="245"><net_src comp="92" pin="2"/><net_sink comp="238" pin=1"/></net>

<net id="246"><net_src comp="64" pin="0"/><net_sink comp="238" pin=2"/></net>

<net id="247"><net_src comp="66" pin="0"/><net_sink comp="238" pin=3"/></net>

<net id="254"><net_src comp="42" pin="0"/><net_sink comp="248" pin=0"/></net>

<net id="255"><net_src comp="92" pin="2"/><net_sink comp="248" pin=1"/></net>

<net id="256"><net_src comp="64" pin="0"/><net_sink comp="248" pin=2"/></net>

<net id="257"><net_src comp="68" pin="0"/><net_sink comp="248" pin=3"/></net>

<net id="264"><net_src comp="42" pin="0"/><net_sink comp="258" pin=0"/></net>

<net id="265"><net_src comp="92" pin="2"/><net_sink comp="258" pin=1"/></net>

<net id="266"><net_src comp="30" pin="0"/><net_sink comp="258" pin=2"/></net>

<net id="267"><net_src comp="70" pin="0"/><net_sink comp="258" pin=3"/></net>

<net id="274"><net_src comp="42" pin="0"/><net_sink comp="268" pin=0"/></net>

<net id="275"><net_src comp="92" pin="2"/><net_sink comp="268" pin=1"/></net>

<net id="276"><net_src comp="34" pin="0"/><net_sink comp="268" pin=2"/></net>

<net id="277"><net_src comp="72" pin="0"/><net_sink comp="268" pin=3"/></net>

<net id="282"><net_src comp="130" pin="1"/><net_sink comp="278" pin=0"/></net>

<net id="283"><net_src comp="74" pin="0"/><net_sink comp="278" pin=1"/></net>

<net id="289"><net_src comp="278" pin="2"/><net_sink comp="284" pin=0"/></net>

<net id="290"><net_src comp="134" pin="1"/><net_sink comp="284" pin=1"/></net>

<net id="291"><net_src comp="76" pin="0"/><net_sink comp="284" pin=2"/></net>

<net id="296"><net_src comp="158" pin="4"/><net_sink comp="292" pin=0"/></net>

<net id="297"><net_src comp="74" pin="0"/><net_sink comp="292" pin=1"/></net>

<net id="303"><net_src comp="292" pin="2"/><net_sink comp="298" pin=0"/></net>

<net id="304"><net_src comp="168" pin="4"/><net_sink comp="298" pin=1"/></net>

<net id="305"><net_src comp="76" pin="0"/><net_sink comp="298" pin=2"/></net>

<net id="310"><net_src comp="178" pin="4"/><net_sink comp="306" pin=0"/></net>

<net id="311"><net_src comp="74" pin="0"/><net_sink comp="306" pin=1"/></net>

<net id="317"><net_src comp="306" pin="2"/><net_sink comp="312" pin=0"/></net>

<net id="318"><net_src comp="188" pin="4"/><net_sink comp="312" pin=1"/></net>

<net id="319"><net_src comp="76" pin="0"/><net_sink comp="312" pin=2"/></net>

<net id="324"><net_src comp="198" pin="4"/><net_sink comp="320" pin=0"/></net>

<net id="325"><net_src comp="74" pin="0"/><net_sink comp="320" pin=1"/></net>

<net id="331"><net_src comp="320" pin="2"/><net_sink comp="326" pin=0"/></net>

<net id="332"><net_src comp="208" pin="4"/><net_sink comp="326" pin=1"/></net>

<net id="333"><net_src comp="76" pin="0"/><net_sink comp="326" pin=2"/></net>

<net id="338"><net_src comp="218" pin="4"/><net_sink comp="334" pin=0"/></net>

<net id="339"><net_src comp="74" pin="0"/><net_sink comp="334" pin=1"/></net>

<net id="345"><net_src comp="334" pin="2"/><net_sink comp="340" pin=0"/></net>

<net id="346"><net_src comp="228" pin="4"/><net_sink comp="340" pin=1"/></net>

<net id="347"><net_src comp="76" pin="0"/><net_sink comp="340" pin=2"/></net>

<net id="352"><net_src comp="238" pin="4"/><net_sink comp="348" pin=0"/></net>

<net id="353"><net_src comp="74" pin="0"/><net_sink comp="348" pin=1"/></net>

<net id="359"><net_src comp="348" pin="2"/><net_sink comp="354" pin=0"/></net>

<net id="360"><net_src comp="248" pin="4"/><net_sink comp="354" pin=1"/></net>

<net id="361"><net_src comp="76" pin="0"/><net_sink comp="354" pin=2"/></net>

<net id="366"><net_src comp="138" pin="4"/><net_sink comp="362" pin=0"/></net>

<net id="367"><net_src comp="74" pin="0"/><net_sink comp="362" pin=1"/></net>

<net id="373"><net_src comp="362" pin="2"/><net_sink comp="368" pin=0"/></net>

<net id="374"><net_src comp="258" pin="4"/><net_sink comp="368" pin=1"/></net>

<net id="375"><net_src comp="76" pin="0"/><net_sink comp="368" pin=2"/></net>

<net id="380"><net_src comp="148" pin="4"/><net_sink comp="376" pin=0"/></net>

<net id="381"><net_src comp="74" pin="0"/><net_sink comp="376" pin=1"/></net>

<net id="387"><net_src comp="376" pin="2"/><net_sink comp="382" pin=0"/></net>

<net id="388"><net_src comp="268" pin="4"/><net_sink comp="382" pin=1"/></net>

<net id="389"><net_src comp="76" pin="0"/><net_sink comp="382" pin=2"/></net>

<net id="422"><net_src comp="84" pin="0"/><net_sink comp="411" pin=0"/></net>

<net id="423"><net_src comp="408" pin="1"/><net_sink comp="411" pin=2"/></net>

<net id="424"><net_src comp="405" pin="1"/><net_sink comp="411" pin=3"/></net>

<net id="425"><net_src comp="402" pin="1"/><net_sink comp="411" pin=4"/></net>

<net id="426"><net_src comp="399" pin="1"/><net_sink comp="411" pin=5"/></net>

<net id="427"><net_src comp="396" pin="1"/><net_sink comp="411" pin=6"/></net>

<net id="428"><net_src comp="393" pin="1"/><net_sink comp="411" pin=7"/></net>

<net id="429"><net_src comp="390" pin="1"/><net_sink comp="411" pin=8"/></net>

<net id="433"><net_src comp="411" pin="9"/><net_sink comp="430" pin=0"/></net>

<net id="434"><net_src comp="430" pin="1"/><net_sink comp="98" pin=2"/></net>

<net id="438"><net_src comp="88" pin="1"/><net_sink comp="435" pin=0"/></net>

<net id="439"><net_src comp="435" pin="1"/><net_sink comp="105" pin=1"/></net>

<net id="440"><net_src comp="435" pin="1"/><net_sink comp="110" pin=0"/></net>

<net id="441"><net_src comp="435" pin="1"/><net_sink comp="125" pin=1"/></net>

<net id="445"><net_src comp="113" pin="2"/><net_sink comp="442" pin=0"/></net>

<net id="449"><net_src comp="284" pin="3"/><net_sink comp="446" pin=0"/></net>

<net id="450"><net_src comp="446" pin="1"/><net_sink comp="390" pin=0"/></net>

<net id="454"><net_src comp="298" pin="3"/><net_sink comp="451" pin=0"/></net>

<net id="455"><net_src comp="451" pin="1"/><net_sink comp="393" pin=0"/></net>

<net id="459"><net_src comp="312" pin="3"/><net_sink comp="456" pin=0"/></net>

<net id="460"><net_src comp="456" pin="1"/><net_sink comp="396" pin=0"/></net>

<net id="464"><net_src comp="326" pin="3"/><net_sink comp="461" pin=0"/></net>

<net id="465"><net_src comp="461" pin="1"/><net_sink comp="399" pin=0"/></net>

<net id="469"><net_src comp="340" pin="3"/><net_sink comp="466" pin=0"/></net>

<net id="470"><net_src comp="466" pin="1"/><net_sink comp="402" pin=0"/></net>

<net id="474"><net_src comp="354" pin="3"/><net_sink comp="471" pin=0"/></net>

<net id="475"><net_src comp="471" pin="1"/><net_sink comp="405" pin=0"/></net>

<net id="479"><net_src comp="368" pin="3"/><net_sink comp="476" pin=0"/></net>

<net id="480"><net_src comp="476" pin="1"/><net_sink comp="408" pin=0"/></net>

<net id="484"><net_src comp="382" pin="3"/><net_sink comp="481" pin=0"/></net>

<net id="485"><net_src comp="481" pin="1"/><net_sink comp="411" pin=1"/></net>

</net_list>

</model> 
---------------- Datapath Model END ------------------

* FSMD analyzer results:
  - Output states:
	Port: layer4_out | {3 }
 - Input state : 
	Port: relu<array<ap_fixed,8u>,array<ap_ufixed<8,2,4,0,0>,8u>,relu_config4> : layer2_out | {2 }
  - Chain level:
	State 1
		store_ln41 : 1
		i_1 : 1
		icmp_ln41 : 2
		i_2 : 2
		br_ln41 : 3
		store_ln41 : 3
	State 2
		icmp_ln1649 : 1
		out_data_data : 2
		icmp_ln1649_1 : 1
		out_data_data_5 : 2
		icmp_ln1649_2 : 1
		out_data_data_6 : 2
		icmp_ln1649_3 : 1
		out_data_data_8 : 2
		icmp_ln1649_4 : 1
		out_data_data_9 : 2
		icmp_ln1649_5 : 1
		out_data_data_11 : 2
		icmp_ln1649_6 : 1
		out_data_data_12 : 2
		icmp_ln1649_7 : 1
		out_data_data_14 : 2
	State 3
		or_ln57_s : 1
		zext_ln57 : 2
		write_ln57 : 3


============================================================
+ Verbose Summary: Datapath Resource usage 
============================================================

* Functional unit list:
|----------|----------------------------|---------|---------|
| Operation|       Functional Unit      |    FF   |   LUT   |
|----------|----------------------------|---------|---------|
|          |      icmp_ln41_fu_113      |    0    |    12   |
|          |     icmp_ln1649_fu_278     |    0    |    11   |
|          |    icmp_ln1649_1_fu_292    |    0    |    11   |
|          |    icmp_ln1649_2_fu_306    |    0    |    11   |
|   icmp   |    icmp_ln1649_3_fu_320    |    0    |    11   |
|          |    icmp_ln1649_4_fu_334    |    0    |    11   |
|          |    icmp_ln1649_5_fu_348    |    0    |    11   |
|          |    icmp_ln1649_6_fu_362    |    0    |    11   |
|          |    icmp_ln1649_7_fu_376    |    0    |    11   |
|----------|----------------------------|---------|---------|
|          |    out_data_data_fu_284    |    0    |    7    |
|          |   out_data_data_5_fu_298   |    0    |    7    |
|          |   out_data_data_6_fu_312   |    0    |    7    |
|  select  |   out_data_data_8_fu_326   |    0    |    7    |
|          |   out_data_data_9_fu_340   |    0    |    7    |
|          |   out_data_data_11_fu_354  |    0    |    7    |
|          |   out_data_data_12_fu_368  |    0    |    7    |
|          |   out_data_data_14_fu_382  |    0    |    7    |
|----------|----------------------------|---------|---------|
|    add   |         i_2_fu_119         |    0    |    19   |
|----------|----------------------------|---------|---------|
|   read   | layer2_out_read_read_fu_92 |    0    |    0    |
|----------|----------------------------|---------|---------|
|   write  |   write_ln57_write_fu_98   |    0    |    0    |
|----------|----------------------------|---------|---------|
|   trunc  |   out_data_data_15_fu_130  |    0    |    0    |
|          |      trunc_ln45_fu_134     |    0    |    0    |
|----------|----------------------------|---------|---------|
|          |   out_data_data_18_fu_138  |    0    |    0    |
|          |   in_data_data_10_fu_148   |    0    |    0    |
|          |     in_data_data_fu_158    |    0    |    0    |
|          |     trunc_ln44_9_fu_168    |    0    |    0    |
|          |   out_data_data_16_fu_178  |    0    |    0    |
|          |     trunc_ln45_1_fu_188    |    0    |    0    |
|partselect|    in_data_data_8_fu_198   |    0    |    0    |
|          |     trunc_ln44_s_fu_208    |    0    |    0    |
|          |   out_data_data_17_fu_218  |    0    |    0    |
|          |     trunc_ln45_2_fu_228    |    0    |    0    |
|          |    in_data_data_9_fu_238   |    0    |    0    |
|          |     trunc_ln44_8_fu_248    |    0    |    0    |
|          |     trunc_ln45_3_fu_258    |    0    |    0    |
|          |     trunc_ln44_1_fu_268    |    0    |    0    |
|----------|----------------------------|---------|---------|
|          |      zext_ln45_fu_390      |    0    |    0    |
|          |      zext_ln51_fu_393      |    0    |    0    |
|          |     zext_ln45_1_fu_396     |    0    |    0    |
|   zext   |     zext_ln51_1_fu_399     |    0    |    0    |
|          |     zext_ln45_2_fu_402     |    0    |    0    |
|          |     zext_ln51_2_fu_405     |    0    |    0    |
|          |     zext_ln45_3_fu_408     |    0    |    0    |
|          |      zext_ln57_fu_430      |    0    |    0    |
|----------|----------------------------|---------|---------|
|bitconcatenate|      or_ln57_s_fu_411      |    0    |    0    |
|----------|----------------------------|---------|---------|
|   Total  |                            |    0    |   175   |
|----------|----------------------------|---------|---------|

Memories:
N/A

* Register list:
+------------------------+--------+
|                        |   FF   |
+------------------------+--------+
|        i_reg_435       |   12   |
|    icmp_ln41_reg_442   |    1   |
|out_data_data_11_reg_471|    7   |
|out_data_data_12_reg_476|    7   |
|out_data_data_14_reg_481|    7   |
| out_data_data_5_reg_451|    7   |
| out_data_data_6_reg_456|    7   |
| out_data_data_8_reg_461|    7   |
| out_data_data_9_reg_466|    7   |
|  out_data_data_reg_446 |    7   |
+------------------------+--------+
|          Total         |   69   |
+------------------------+--------+

* Multiplexer (MUX) list: 
|--------|------|------|------|--------|
|  Comp  |  Pin | Size |  BW  | S x BW |
|--------|------|------|------|--------|
|  Total |      |      |      |    0   |
|--------|------|------|------|--------|



* Summary:
+-----------+--------+--------+
|           |   FF   |   LUT  |
+-----------+--------+--------+
|  Function |    0   |   175  |
|   Memory  |    -   |    -   |
|Multiplexer|    -   |    -   |
|  Register |   69   |    -   |
+-----------+--------+--------+
|   Total   |   69   |   175  |
+-----------+--------+--------+
