

================================================================
== Vitis HLS Report for 'relu_array_ap_fixed_52u_array_ap_ufixed_8_2_4_0_0_52u_relu_config16_s'
================================================================
* Date:           Tue May 13 20:25:38 2025

* Version:        2022.2 (Build 3670227 on Oct 13 2022)
* Project:        myproject_prj
* Solution:       solution1 (Vivado IP Flow Target)
* Product family: kintexu
* Target device:  xcku035-fbva676-2-e


================================================================
== Performance Estimates
================================================================
+ Timing: 
    * Summary: 
    +--------+---------+----------+------------+
    |  Clock |  Target | Estimated| Uncertainty|
    +--------+---------+----------+------------+
    |ap_clk  |  5.00 ns|  3.328 ns|     0.62 ns|
    +--------+---------+----------+------------+

+ Latency: 
    * Summary: 
    +---------+---------+----------+----------+-----+-----+---------+
    |  Latency (cycles) |  Latency (absolute) |  Interval | Pipeline|
    |   min   |   max   |    min   |    max   | min | max |   Type  |
    +---------+---------+----------+----------+-----+-----+---------+
    |        1|        1|  5.000 ns|  5.000 ns|    1|    1|       no|
    +---------+---------+----------+----------+-----+-----+---------+

    + Detail: 
        * Instance: 
        N/A

        * Loop: 
        N/A

============================================================
+ Verbose Summary: Synthesis Manager
============================================================
InlineROM: 1
ExposeGlobal: 0
============================================================
+ Verbose Summary: CDFG Model
============================================================
IsTopModel: 0
ResetActiveHigh: 1
IsCombinational: 2
IsDatapathOnly: 0
HasWiredReturn: 1
HasMFsm: 0
HasVarLatency: 1
IsPipeline: 0
IsRtlPipelined: 0
IsInstanceOverlapped: 0
IsDontTouch: 0
HasImplIP: 0
IsGatedGlobalClock: 0


============================================================
+ Verbose Summary: Schedule
============================================================
* Number of FSM states : 2
* Pipeline : 0
* Dataflow Pipeline: 0

* FSM state transitions: 
1 --> 2 
2 --> 

* FSM state operations: 

State 1 <SV = 0> <Delay = 3.32>
ST_1 : Operation 3 [1/1] (2.18ns)   --->   "%layer14_out_read = read i416 @_ssdm_op_Read.ap_fifo.volatile.i416P0A, i416 %layer14_out" [firmware/nnet_utils/nnet_activation_stream.h:44]   --->   Operation 3 'read' 'layer14_out_read' <Predicate = true> <Delay = 2.18> <CoreInst = "FIFO_SRL">   --->   Core 81 'FIFO_SRL' <Latency = 0> <II = 1> <Delay = 2.26> <Storage> <Opcode : 'read' 'write' 'nbread' 'nbwrite'> <Ports = 0> <Width = 416> <Depth = 1> <FIFO>
ST_1 : Operation 4 [1/1] (0.00ns)   --->   "%out_data_data_33 = trunc i416 %layer14_out_read" [firmware/nnet_utils/nnet_activation_stream.h:44]   --->   Operation 4 'trunc' 'out_data_data_33' <Predicate = true> <Delay = 0.00>
ST_1 : Operation 5 [1/1] (0.00ns)   --->   "%trunc_ln45 = trunc i416 %layer14_out_read" [firmware/nnet_utils/nnet_activation_stream.h:45]   --->   Operation 5 'trunc' 'trunc_ln45' <Predicate = true> <Delay = 0.00>
ST_1 : Operation 6 [1/1] (0.00ns)   --->   "%p_Val2_147 = partselect i8 @_ssdm_op_PartSelect.i8.i416.i32.i32, i416 %layer14_out_read, i32 400, i32 407" [firmware/nnet_utils/nnet_activation_stream.h:44]   --->   Operation 6 'partselect' 'p_Val2_147' <Predicate = true> <Delay = 0.00>
ST_1 : Operation 7 [1/1] (0.00ns)   --->   "%p_Val2_126 = partselect i8 @_ssdm_op_PartSelect.i8.i416.i32.i32, i416 %layer14_out_read, i32 408, i32 415" [firmware/nnet_utils/nnet_activation_stream.h:44]   --->   Operation 7 'partselect' 'p_Val2_126' <Predicate = true> <Delay = 0.00>
ST_1 : Operation 8 [1/1] (0.00ns)   --->   "%in_data_data = partselect i8 @_ssdm_op_PartSelect.i8.i416.i32.i32, i416 %layer14_out_read, i32 8, i32 15" [firmware/nnet_utils/nnet_activation_stream.h:44]   --->   Operation 8 'partselect' 'in_data_data' <Predicate = true> <Delay = 0.00>
ST_1 : Operation 9 [1/1] (0.00ns)   --->   "%trunc_ln44_s = partselect i7 @_ssdm_op_PartSelect.i7.i416.i32.i32, i416 %layer14_out_read, i32 8, i32 14" [firmware/nnet_utils/nnet_activation_stream.h:44]   --->   Operation 9 'partselect' 'trunc_ln44_s' <Predicate = true> <Delay = 0.00>
ST_1 : Operation 10 [1/1] (0.00ns)   --->   "%out_data_data = partselect i8 @_ssdm_op_PartSelect.i8.i416.i32.i32, i416 %layer14_out_read, i32 16, i32 23" [firmware/nnet_utils/nnet_activation_stream.h:44]   --->   Operation 10 'partselect' 'out_data_data' <Predicate = true> <Delay = 0.00>
ST_1 : Operation 11 [1/1] (0.00ns)   --->   "%trunc_ln45_6 = partselect i7 @_ssdm_op_PartSelect.i7.i416.i32.i32, i416 %layer14_out_read, i32 16, i32 22" [firmware/nnet_utils/nnet_activation_stream.h:45]   --->   Operation 11 'partselect' 'trunc_ln45_6' <Predicate = true> <Delay = 0.00>
ST_1 : Operation 12 [1/1] (0.00ns)   --->   "%in_data_data_24 = partselect i8 @_ssdm_op_PartSelect.i8.i416.i32.i32, i416 %layer14_out_read, i32 24, i32 31" [firmware/nnet_utils/nnet_activation_stream.h:44]   --->   Operation 12 'partselect' 'in_data_data_24' <Predicate = true> <Delay = 0.00>
ST_1 : Operation 13 [1/1] (0.00ns)   --->   "%trunc_ln44_50 = partselect i7 @_ssdm_op_PartSelect.i7.i416.i32.i32, i416 %layer14_out_read, i32 24, i32 30" [firmware/nnet_utils/nnet_activation_stream.h:44]   --->   Operation 13 'partselect' 'trunc_ln44_50' <Predicate = true> <Delay = 0.00>
ST_1 : Operation 14 [1/1] (0.00ns)   --->   "%out_data_data_34 = partselect i8 @_ssdm_op_PartSelect.i8.i416.i32.i32, i416 %layer14_out_read, i32 32, i32 39" [firmware/nnet_utils/nnet_activation_stream.h:44]   --->   Operation 14 'partselect' 'out_data_data_34' <Predicate = true> <Delay = 0.00>
ST_1 : Operation 15 [1/1] (0.00ns)   --->   "%trunc_ln45_7 = partselect i7 @_ssdm_op_PartSelect.i7.i416.i32.i32, i416 %layer14_out_read, i32 32, i32 38" [firmware/nnet_utils/nnet_activation_stream.h:45]   --->   Operation 15 'partselect' 'trunc_ln45_7' <Predicate = true> <Delay = 0.00>
ST_1 : Operation 16 [1/1] (0.00ns)   --->   "%in_data_data_25 = partselect i8 @_ssdm_op_PartSelect.i8.i416.i32.i32, i416 %layer14_out_read, i32 40, i32 47" [firmware/nnet_utils/nnet_activation_stream.h:44]   --->   Operation 16 'partselect' 'in_data_data_25' <Predicate = true> <Delay = 0.00>
ST_1 : Operation 17 [1/1] (0.00ns)   --->   "%trunc_ln44_51 = partselect i7 @_ssdm_op_PartSelect.i7.i416.i32.i32, i416 %layer14_out_read, i32 40, i32 46" [firmware/nnet_utils/nnet_activation_stream.h:44]   --->   Operation 17 'partselect' 'trunc_ln44_51' <Predicate = true> <Delay = 0.00>
ST_1 : Operation 18 [1/1] (0.00ns)   --->   "%out_data_data_35 = partselect i8 @_ssdm_op_PartSelect.i8.i416.i32.i32, i416 %layer14_out_read, i32 48, i32 55" [firmware/nnet_utils/nnet_activation_stream.h:44]   --->   Operation 18 'partselect' 'out_data_data_35' <Predicate = true> <Delay = 0.00>
ST_1 : Operation 19 [1/1] (0.00ns)   --->   "%trunc_ln45_8 = partselect i7 @_ssdm_op_PartSelect.i7.i416.i32.i32, i416 %layer14_out_read, i32 48, i32 54" [firmware/nnet_utils/nnet_activation_stream.h:45]   --->   Operation 19 'partselect' 'trunc_ln45_8' <Predicate = true> <Delay = 0.00>
ST_1 : Operation 20 [1/1] (0.00ns)   --->   "%in_data_data_26 = partselect i8 @_ssdm_op_PartSelect.i8.i416.i32.i32, i416 %layer14_out_read, i32 56, i32 63" [firmware/nnet_utils/nnet_activation_stream.h:44]   --->   Operation 20 'partselect' 'in_data_data_26' <Predicate = true> <Delay = 0.00>
ST_1 : Operation 21 [1/1] (0.00ns)   --->   "%trunc_ln44_52 = partselect i7 @_ssdm_op_PartSelect.i7.i416.i32.i32, i416 %layer14_out_read, i32 56, i32 62" [firmware/nnet_utils/nnet_activation_stream.h:44]   --->   Operation 21 'partselect' 'trunc_ln44_52' <Predicate = true> <Delay = 0.00>
ST_1 : Operation 22 [1/1] (0.00ns)   --->   "%p_Val2_s = partselect i8 @_ssdm_op_PartSelect.i8.i416.i32.i32, i416 %layer14_out_read, i32 64, i32 71" [firmware/nnet_utils/nnet_activation_stream.h:44]   --->   Operation 22 'partselect' 'p_Val2_s' <Predicate = true> <Delay = 0.00>
ST_1 : Operation 23 [1/1] (0.00ns)   --->   "%trunc_ln = partselect i7 @_ssdm_op_PartSelect.i7.i416.i32.i32, i416 %layer14_out_read, i32 64, i32 70"   --->   Operation 23 'partselect' 'trunc_ln' <Predicate = true> <Delay = 0.00>
ST_1 : Operation 24 [1/1] (0.00ns)   --->   "%p_Val2_127 = partselect i8 @_ssdm_op_PartSelect.i8.i416.i32.i32, i416 %layer14_out_read, i32 72, i32 79" [firmware/nnet_utils/nnet_activation_stream.h:44]   --->   Operation 24 'partselect' 'p_Val2_127' <Predicate = true> <Delay = 0.00>
ST_1 : Operation 25 [1/1] (0.00ns)   --->   "%trunc_ln44_53 = partselect i7 @_ssdm_op_PartSelect.i7.i416.i32.i32, i416 %layer14_out_read, i32 72, i32 78" [firmware/nnet_utils/nnet_activation_stream.h:44]   --->   Operation 25 'partselect' 'trunc_ln44_53' <Predicate = true> <Delay = 0.00>
ST_1 : Operation 26 [1/1] (0.00ns)   --->   "%p_Val2_86 = partselect i8 @_ssdm_op_PartSelect.i8.i416.i32.i32, i416 %layer14_out_read, i32 80, i32 87" [firmware/nnet_utils/nnet_activation_stream.h:44]   --->   Operation 26 'partselect' 'p_Val2_86' <Predicate = true> <Delay = 0.00>
ST_1 : Operation 27 [1/1] (0.00ns)   --->   "%trunc_ln810_s = partselect i7 @_ssdm_op_PartSelect.i7.i416.i32.i32, i416 %layer14_out_read, i32 80, i32 86"   --->   Operation 27 'partselect' 'trunc_ln810_s' <Predicate = true> <Delay = 0.00>
ST_1 : Operation 28 [1/1] (0.00ns)   --->   "%p_Val2_87 = partselect i8 @_ssdm_op_PartSelect.i8.i416.i32.i32, i416 %layer14_out_read, i32 88, i32 95" [firmware/nnet_utils/nnet_activation_stream.h:44]   --->   Operation 28 'partselect' 'p_Val2_87' <Predicate = true> <Delay = 0.00>
ST_1 : Operation 29 [1/1] (0.00ns)   --->   "%trunc_ln44_54 = partselect i7 @_ssdm_op_PartSelect.i7.i416.i32.i32, i416 %layer14_out_read, i32 88, i32 94" [firmware/nnet_utils/nnet_activation_stream.h:44]   --->   Operation 29 'partselect' 'trunc_ln44_54' <Predicate = true> <Delay = 0.00>
ST_1 : Operation 30 [1/1] (0.00ns)   --->   "%p_Val2_88 = partselect i8 @_ssdm_op_PartSelect.i8.i416.i32.i32, i416 %layer14_out_read, i32 96, i32 103" [firmware/nnet_utils/nnet_activation_stream.h:44]   --->   Operation 30 'partselect' 'p_Val2_88' <Predicate = true> <Delay = 0.00>
ST_1 : Operation 31 [1/1] (0.00ns)   --->   "%trunc_ln810_44 = partselect i7 @_ssdm_op_PartSelect.i7.i416.i32.i32, i416 %layer14_out_read, i32 96, i32 102"   --->   Operation 31 'partselect' 'trunc_ln810_44' <Predicate = true> <Delay = 0.00>
ST_1 : Operation 32 [1/1] (0.00ns)   --->   "%p_Val2_89 = partselect i8 @_ssdm_op_PartSelect.i8.i416.i32.i32, i416 %layer14_out_read, i32 104, i32 111" [firmware/nnet_utils/nnet_activation_stream.h:44]   --->   Operation 32 'partselect' 'p_Val2_89' <Predicate = true> <Delay = 0.00>
ST_1 : Operation 33 [1/1] (0.00ns)   --->   "%trunc_ln44_55 = partselect i7 @_ssdm_op_PartSelect.i7.i416.i32.i32, i416 %layer14_out_read, i32 104, i32 110" [firmware/nnet_utils/nnet_activation_stream.h:44]   --->   Operation 33 'partselect' 'trunc_ln44_55' <Predicate = true> <Delay = 0.00>
ST_1 : Operation 34 [1/1] (0.00ns)   --->   "%p_Val2_90 = partselect i8 @_ssdm_op_PartSelect.i8.i416.i32.i32, i416 %layer14_out_read, i32 112, i32 119" [firmware/nnet_utils/nnet_activation_stream.h:44]   --->   Operation 34 'partselect' 'p_Val2_90' <Predicate = true> <Delay = 0.00>
ST_1 : Operation 35 [1/1] (0.00ns)   --->   "%trunc_ln810_45 = partselect i7 @_ssdm_op_PartSelect.i7.i416.i32.i32, i416 %layer14_out_read, i32 112, i32 118"   --->   Operation 35 'partselect' 'trunc_ln810_45' <Predicate = true> <Delay = 0.00>
ST_1 : Operation 36 [1/1] (0.00ns)   --->   "%p_Val2_91 = partselect i8 @_ssdm_op_PartSelect.i8.i416.i32.i32, i416 %layer14_out_read, i32 120, i32 127" [firmware/nnet_utils/nnet_activation_stream.h:44]   --->   Operation 36 'partselect' 'p_Val2_91' <Predicate = true> <Delay = 0.00>
ST_1 : Operation 37 [1/1] (0.00ns)   --->   "%trunc_ln44_56 = partselect i7 @_ssdm_op_PartSelect.i7.i416.i32.i32, i416 %layer14_out_read, i32 120, i32 126" [firmware/nnet_utils/nnet_activation_stream.h:44]   --->   Operation 37 'partselect' 'trunc_ln44_56' <Predicate = true> <Delay = 0.00>
ST_1 : Operation 38 [1/1] (0.00ns)   --->   "%p_Val2_92 = partselect i8 @_ssdm_op_PartSelect.i8.i416.i32.i32, i416 %layer14_out_read, i32 128, i32 135" [firmware/nnet_utils/nnet_activation_stream.h:44]   --->   Operation 38 'partselect' 'p_Val2_92' <Predicate = true> <Delay = 0.00>
ST_1 : Operation 39 [1/1] (0.00ns)   --->   "%trunc_ln810_46 = partselect i7 @_ssdm_op_PartSelect.i7.i416.i32.i32, i416 %layer14_out_read, i32 128, i32 134"   --->   Operation 39 'partselect' 'trunc_ln810_46' <Predicate = true> <Delay = 0.00>
ST_1 : Operation 40 [1/1] (0.00ns)   --->   "%p_Val2_93 = partselect i8 @_ssdm_op_PartSelect.i8.i416.i32.i32, i416 %layer14_out_read, i32 136, i32 143" [firmware/nnet_utils/nnet_activation_stream.h:44]   --->   Operation 40 'partselect' 'p_Val2_93' <Predicate = true> <Delay = 0.00>
ST_1 : Operation 41 [1/1] (0.00ns)   --->   "%trunc_ln44_57 = partselect i7 @_ssdm_op_PartSelect.i7.i416.i32.i32, i416 %layer14_out_read, i32 136, i32 142" [firmware/nnet_utils/nnet_activation_stream.h:44]   --->   Operation 41 'partselect' 'trunc_ln44_57' <Predicate = true> <Delay = 0.00>
ST_1 : Operation 42 [1/1] (0.00ns)   --->   "%p_Val2_94 = partselect i8 @_ssdm_op_PartSelect.i8.i416.i32.i32, i416 %layer14_out_read, i32 144, i32 151" [firmware/nnet_utils/nnet_activation_stream.h:44]   --->   Operation 42 'partselect' 'p_Val2_94' <Predicate = true> <Delay = 0.00>
ST_1 : Operation 43 [1/1] (0.00ns)   --->   "%trunc_ln810_47 = partselect i7 @_ssdm_op_PartSelect.i7.i416.i32.i32, i416 %layer14_out_read, i32 144, i32 150"   --->   Operation 43 'partselect' 'trunc_ln810_47' <Predicate = true> <Delay = 0.00>
ST_1 : Operation 44 [1/1] (0.00ns)   --->   "%p_Val2_95 = partselect i8 @_ssdm_op_PartSelect.i8.i416.i32.i32, i416 %layer14_out_read, i32 152, i32 159" [firmware/nnet_utils/nnet_activation_stream.h:44]   --->   Operation 44 'partselect' 'p_Val2_95' <Predicate = true> <Delay = 0.00>
ST_1 : Operation 45 [1/1] (0.00ns)   --->   "%trunc_ln44_58 = partselect i7 @_ssdm_op_PartSelect.i7.i416.i32.i32, i416 %layer14_out_read, i32 152, i32 158" [firmware/nnet_utils/nnet_activation_stream.h:44]   --->   Operation 45 'partselect' 'trunc_ln44_58' <Predicate = true> <Delay = 0.00>
ST_1 : Operation 46 [1/1] (0.00ns)   --->   "%p_Val2_96 = partselect i8 @_ssdm_op_PartSelect.i8.i416.i32.i32, i416 %layer14_out_read, i32 160, i32 167" [firmware/nnet_utils/nnet_activation_stream.h:44]   --->   Operation 46 'partselect' 'p_Val2_96' <Predicate = true> <Delay = 0.00>
ST_1 : Operation 47 [1/1] (0.00ns)   --->   "%trunc_ln810_48 = partselect i7 @_ssdm_op_PartSelect.i7.i416.i32.i32, i416 %layer14_out_read, i32 160, i32 166"   --->   Operation 47 'partselect' 'trunc_ln810_48' <Predicate = true> <Delay = 0.00>
ST_1 : Operation 48 [1/1] (0.00ns)   --->   "%p_Val2_97 = partselect i8 @_ssdm_op_PartSelect.i8.i416.i32.i32, i416 %layer14_out_read, i32 168, i32 175" [firmware/nnet_utils/nnet_activation_stream.h:44]   --->   Operation 48 'partselect' 'p_Val2_97' <Predicate = true> <Delay = 0.00>
ST_1 : Operation 49 [1/1] (0.00ns)   --->   "%trunc_ln44_59 = partselect i7 @_ssdm_op_PartSelect.i7.i416.i32.i32, i416 %layer14_out_read, i32 168, i32 174" [firmware/nnet_utils/nnet_activation_stream.h:44]   --->   Operation 49 'partselect' 'trunc_ln44_59' <Predicate = true> <Delay = 0.00>
ST_1 : Operation 50 [1/1] (0.00ns)   --->   "%p_Val2_98 = partselect i8 @_ssdm_op_PartSelect.i8.i416.i32.i32, i416 %layer14_out_read, i32 176, i32 183" [firmware/nnet_utils/nnet_activation_stream.h:44]   --->   Operation 50 'partselect' 'p_Val2_98' <Predicate = true> <Delay = 0.00>
ST_1 : Operation 51 [1/1] (0.00ns)   --->   "%trunc_ln810_49 = partselect i7 @_ssdm_op_PartSelect.i7.i416.i32.i32, i416 %layer14_out_read, i32 176, i32 182"   --->   Operation 51 'partselect' 'trunc_ln810_49' <Predicate = true> <Delay = 0.00>
ST_1 : Operation 52 [1/1] (0.00ns)   --->   "%p_Val2_99 = partselect i8 @_ssdm_op_PartSelect.i8.i416.i32.i32, i416 %layer14_out_read, i32 184, i32 191" [firmware/nnet_utils/nnet_activation_stream.h:44]   --->   Operation 52 'partselect' 'p_Val2_99' <Predicate = true> <Delay = 0.00>
ST_1 : Operation 53 [1/1] (0.00ns)   --->   "%trunc_ln44_60 = partselect i7 @_ssdm_op_PartSelect.i7.i416.i32.i32, i416 %layer14_out_read, i32 184, i32 190" [firmware/nnet_utils/nnet_activation_stream.h:44]   --->   Operation 53 'partselect' 'trunc_ln44_60' <Predicate = true> <Delay = 0.00>
ST_1 : Operation 54 [1/1] (0.00ns)   --->   "%p_Val2_100 = partselect i8 @_ssdm_op_PartSelect.i8.i416.i32.i32, i416 %layer14_out_read, i32 192, i32 199" [firmware/nnet_utils/nnet_activation_stream.h:44]   --->   Operation 54 'partselect' 'p_Val2_100' <Predicate = true> <Delay = 0.00>
ST_1 : Operation 55 [1/1] (0.00ns)   --->   "%trunc_ln810_50 = partselect i7 @_ssdm_op_PartSelect.i7.i416.i32.i32, i416 %layer14_out_read, i32 192, i32 198"   --->   Operation 55 'partselect' 'trunc_ln810_50' <Predicate = true> <Delay = 0.00>
ST_1 : Operation 56 [1/1] (0.00ns)   --->   "%p_Val2_101 = partselect i8 @_ssdm_op_PartSelect.i8.i416.i32.i32, i416 %layer14_out_read, i32 200, i32 207" [firmware/nnet_utils/nnet_activation_stream.h:44]   --->   Operation 56 'partselect' 'p_Val2_101' <Predicate = true> <Delay = 0.00>
ST_1 : Operation 57 [1/1] (0.00ns)   --->   "%trunc_ln44_61 = partselect i7 @_ssdm_op_PartSelect.i7.i416.i32.i32, i416 %layer14_out_read, i32 200, i32 206" [firmware/nnet_utils/nnet_activation_stream.h:44]   --->   Operation 57 'partselect' 'trunc_ln44_61' <Predicate = true> <Delay = 0.00>
ST_1 : Operation 58 [1/1] (0.00ns)   --->   "%p_Val2_102 = partselect i8 @_ssdm_op_PartSelect.i8.i416.i32.i32, i416 %layer14_out_read, i32 208, i32 215" [firmware/nnet_utils/nnet_activation_stream.h:44]   --->   Operation 58 'partselect' 'p_Val2_102' <Predicate = true> <Delay = 0.00>
ST_1 : Operation 59 [1/1] (0.00ns)   --->   "%trunc_ln810_51 = partselect i7 @_ssdm_op_PartSelect.i7.i416.i32.i32, i416 %layer14_out_read, i32 208, i32 214"   --->   Operation 59 'partselect' 'trunc_ln810_51' <Predicate = true> <Delay = 0.00>
ST_1 : Operation 60 [1/1] (0.00ns)   --->   "%p_Val2_103 = partselect i8 @_ssdm_op_PartSelect.i8.i416.i32.i32, i416 %layer14_out_read, i32 216, i32 223" [firmware/nnet_utils/nnet_activation_stream.h:44]   --->   Operation 60 'partselect' 'p_Val2_103' <Predicate = true> <Delay = 0.00>
ST_1 : Operation 61 [1/1] (0.00ns)   --->   "%trunc_ln44_62 = partselect i7 @_ssdm_op_PartSelect.i7.i416.i32.i32, i416 %layer14_out_read, i32 216, i32 222" [firmware/nnet_utils/nnet_activation_stream.h:44]   --->   Operation 61 'partselect' 'trunc_ln44_62' <Predicate = true> <Delay = 0.00>
ST_1 : Operation 62 [1/1] (0.00ns)   --->   "%p_Val2_104 = partselect i8 @_ssdm_op_PartSelect.i8.i416.i32.i32, i416 %layer14_out_read, i32 224, i32 231" [firmware/nnet_utils/nnet_activation_stream.h:44]   --->   Operation 62 'partselect' 'p_Val2_104' <Predicate = true> <Delay = 0.00>
ST_1 : Operation 63 [1/1] (0.00ns)   --->   "%trunc_ln810_52 = partselect i7 @_ssdm_op_PartSelect.i7.i416.i32.i32, i416 %layer14_out_read, i32 224, i32 230"   --->   Operation 63 'partselect' 'trunc_ln810_52' <Predicate = true> <Delay = 0.00>
ST_1 : Operation 64 [1/1] (0.00ns)   --->   "%p_Val2_105 = partselect i8 @_ssdm_op_PartSelect.i8.i416.i32.i32, i416 %layer14_out_read, i32 232, i32 239" [firmware/nnet_utils/nnet_activation_stream.h:44]   --->   Operation 64 'partselect' 'p_Val2_105' <Predicate = true> <Delay = 0.00>
ST_1 : Operation 65 [1/1] (0.00ns)   --->   "%trunc_ln44_63 = partselect i7 @_ssdm_op_PartSelect.i7.i416.i32.i32, i416 %layer14_out_read, i32 232, i32 238" [firmware/nnet_utils/nnet_activation_stream.h:44]   --->   Operation 65 'partselect' 'trunc_ln44_63' <Predicate = true> <Delay = 0.00>
ST_1 : Operation 66 [1/1] (0.00ns)   --->   "%p_Val2_106 = partselect i8 @_ssdm_op_PartSelect.i8.i416.i32.i32, i416 %layer14_out_read, i32 240, i32 247" [firmware/nnet_utils/nnet_activation_stream.h:44]   --->   Operation 66 'partselect' 'p_Val2_106' <Predicate = true> <Delay = 0.00>
ST_1 : Operation 67 [1/1] (0.00ns)   --->   "%trunc_ln810_53 = partselect i7 @_ssdm_op_PartSelect.i7.i416.i32.i32, i416 %layer14_out_read, i32 240, i32 246"   --->   Operation 67 'partselect' 'trunc_ln810_53' <Predicate = true> <Delay = 0.00>
ST_1 : Operation 68 [1/1] (0.00ns)   --->   "%p_Val2_107 = partselect i8 @_ssdm_op_PartSelect.i8.i416.i32.i32, i416 %layer14_out_read, i32 248, i32 255" [firmware/nnet_utils/nnet_activation_stream.h:44]   --->   Operation 68 'partselect' 'p_Val2_107' <Predicate = true> <Delay = 0.00>
ST_1 : Operation 69 [1/1] (0.00ns)   --->   "%trunc_ln44_64 = partselect i7 @_ssdm_op_PartSelect.i7.i416.i32.i32, i416 %layer14_out_read, i32 248, i32 254" [firmware/nnet_utils/nnet_activation_stream.h:44]   --->   Operation 69 'partselect' 'trunc_ln44_64' <Predicate = true> <Delay = 0.00>
ST_1 : Operation 70 [1/1] (0.00ns)   --->   "%p_Val2_108 = partselect i8 @_ssdm_op_PartSelect.i8.i416.i32.i32, i416 %layer14_out_read, i32 256, i32 263" [firmware/nnet_utils/nnet_activation_stream.h:44]   --->   Operation 70 'partselect' 'p_Val2_108' <Predicate = true> <Delay = 0.00>
ST_1 : Operation 71 [1/1] (0.00ns)   --->   "%trunc_ln810_54 = partselect i7 @_ssdm_op_PartSelect.i7.i416.i32.i32, i416 %layer14_out_read, i32 256, i32 262"   --->   Operation 71 'partselect' 'trunc_ln810_54' <Predicate = true> <Delay = 0.00>
ST_1 : Operation 72 [1/1] (0.00ns)   --->   "%p_Val2_109 = partselect i8 @_ssdm_op_PartSelect.i8.i416.i32.i32, i416 %layer14_out_read, i32 264, i32 271" [firmware/nnet_utils/nnet_activation_stream.h:44]   --->   Operation 72 'partselect' 'p_Val2_109' <Predicate = true> <Delay = 0.00>
ST_1 : Operation 73 [1/1] (0.00ns)   --->   "%trunc_ln44_65 = partselect i7 @_ssdm_op_PartSelect.i7.i416.i32.i32, i416 %layer14_out_read, i32 264, i32 270" [firmware/nnet_utils/nnet_activation_stream.h:44]   --->   Operation 73 'partselect' 'trunc_ln44_65' <Predicate = true> <Delay = 0.00>
ST_1 : Operation 74 [1/1] (0.00ns)   --->   "%p_Val2_110 = partselect i8 @_ssdm_op_PartSelect.i8.i416.i32.i32, i416 %layer14_out_read, i32 272, i32 279" [firmware/nnet_utils/nnet_activation_stream.h:44]   --->   Operation 74 'partselect' 'p_Val2_110' <Predicate = true> <Delay = 0.00>
ST_1 : Operation 75 [1/1] (0.00ns)   --->   "%trunc_ln810_55 = partselect i7 @_ssdm_op_PartSelect.i7.i416.i32.i32, i416 %layer14_out_read, i32 272, i32 278"   --->   Operation 75 'partselect' 'trunc_ln810_55' <Predicate = true> <Delay = 0.00>
ST_1 : Operation 76 [1/1] (0.00ns)   --->   "%p_Val2_111 = partselect i8 @_ssdm_op_PartSelect.i8.i416.i32.i32, i416 %layer14_out_read, i32 280, i32 287" [firmware/nnet_utils/nnet_activation_stream.h:44]   --->   Operation 76 'partselect' 'p_Val2_111' <Predicate = true> <Delay = 0.00>
ST_1 : Operation 77 [1/1] (0.00ns)   --->   "%trunc_ln44_66 = partselect i7 @_ssdm_op_PartSelect.i7.i416.i32.i32, i416 %layer14_out_read, i32 280, i32 286" [firmware/nnet_utils/nnet_activation_stream.h:44]   --->   Operation 77 'partselect' 'trunc_ln44_66' <Predicate = true> <Delay = 0.00>
ST_1 : Operation 78 [1/1] (0.00ns)   --->   "%p_Val2_112 = partselect i8 @_ssdm_op_PartSelect.i8.i416.i32.i32, i416 %layer14_out_read, i32 288, i32 295" [firmware/nnet_utils/nnet_activation_stream.h:44]   --->   Operation 78 'partselect' 'p_Val2_112' <Predicate = true> <Delay = 0.00>
ST_1 : Operation 79 [1/1] (0.00ns)   --->   "%trunc_ln810_56 = partselect i7 @_ssdm_op_PartSelect.i7.i416.i32.i32, i416 %layer14_out_read, i32 288, i32 294"   --->   Operation 79 'partselect' 'trunc_ln810_56' <Predicate = true> <Delay = 0.00>
ST_1 : Operation 80 [1/1] (0.00ns)   --->   "%p_Val2_113 = partselect i8 @_ssdm_op_PartSelect.i8.i416.i32.i32, i416 %layer14_out_read, i32 296, i32 303" [firmware/nnet_utils/nnet_activation_stream.h:44]   --->   Operation 80 'partselect' 'p_Val2_113' <Predicate = true> <Delay = 0.00>
ST_1 : Operation 81 [1/1] (0.00ns)   --->   "%trunc_ln44_67 = partselect i7 @_ssdm_op_PartSelect.i7.i416.i32.i32, i416 %layer14_out_read, i32 296, i32 302" [firmware/nnet_utils/nnet_activation_stream.h:44]   --->   Operation 81 'partselect' 'trunc_ln44_67' <Predicate = true> <Delay = 0.00>
ST_1 : Operation 82 [1/1] (0.00ns)   --->   "%p_Val2_114 = partselect i8 @_ssdm_op_PartSelect.i8.i416.i32.i32, i416 %layer14_out_read, i32 304, i32 311" [firmware/nnet_utils/nnet_activation_stream.h:44]   --->   Operation 82 'partselect' 'p_Val2_114' <Predicate = true> <Delay = 0.00>
ST_1 : Operation 83 [1/1] (0.00ns)   --->   "%trunc_ln810_57 = partselect i7 @_ssdm_op_PartSelect.i7.i416.i32.i32, i416 %layer14_out_read, i32 304, i32 310"   --->   Operation 83 'partselect' 'trunc_ln810_57' <Predicate = true> <Delay = 0.00>
ST_1 : Operation 84 [1/1] (0.00ns)   --->   "%p_Val2_115 = partselect i8 @_ssdm_op_PartSelect.i8.i416.i32.i32, i416 %layer14_out_read, i32 312, i32 319" [firmware/nnet_utils/nnet_activation_stream.h:44]   --->   Operation 84 'partselect' 'p_Val2_115' <Predicate = true> <Delay = 0.00>
ST_1 : Operation 85 [1/1] (0.00ns)   --->   "%trunc_ln44_68 = partselect i7 @_ssdm_op_PartSelect.i7.i416.i32.i32, i416 %layer14_out_read, i32 312, i32 318" [firmware/nnet_utils/nnet_activation_stream.h:44]   --->   Operation 85 'partselect' 'trunc_ln44_68' <Predicate = true> <Delay = 0.00>
ST_1 : Operation 86 [1/1] (0.00ns)   --->   "%p_Val2_116 = partselect i8 @_ssdm_op_PartSelect.i8.i416.i32.i32, i416 %layer14_out_read, i32 320, i32 327" [firmware/nnet_utils/nnet_activation_stream.h:44]   --->   Operation 86 'partselect' 'p_Val2_116' <Predicate = true> <Delay = 0.00>
ST_1 : Operation 87 [1/1] (0.00ns)   --->   "%trunc_ln810_58 = partselect i7 @_ssdm_op_PartSelect.i7.i416.i32.i32, i416 %layer14_out_read, i32 320, i32 326"   --->   Operation 87 'partselect' 'trunc_ln810_58' <Predicate = true> <Delay = 0.00>
ST_1 : Operation 88 [1/1] (0.00ns)   --->   "%p_Val2_117 = partselect i8 @_ssdm_op_PartSelect.i8.i416.i32.i32, i416 %layer14_out_read, i32 328, i32 335" [firmware/nnet_utils/nnet_activation_stream.h:44]   --->   Operation 88 'partselect' 'p_Val2_117' <Predicate = true> <Delay = 0.00>
ST_1 : Operation 89 [1/1] (0.00ns)   --->   "%trunc_ln44_69 = partselect i7 @_ssdm_op_PartSelect.i7.i416.i32.i32, i416 %layer14_out_read, i32 328, i32 334" [firmware/nnet_utils/nnet_activation_stream.h:44]   --->   Operation 89 'partselect' 'trunc_ln44_69' <Predicate = true> <Delay = 0.00>
ST_1 : Operation 90 [1/1] (0.00ns)   --->   "%p_Val2_118 = partselect i8 @_ssdm_op_PartSelect.i8.i416.i32.i32, i416 %layer14_out_read, i32 336, i32 343" [firmware/nnet_utils/nnet_activation_stream.h:44]   --->   Operation 90 'partselect' 'p_Val2_118' <Predicate = true> <Delay = 0.00>
ST_1 : Operation 91 [1/1] (0.00ns)   --->   "%trunc_ln810_59 = partselect i7 @_ssdm_op_PartSelect.i7.i416.i32.i32, i416 %layer14_out_read, i32 336, i32 342"   --->   Operation 91 'partselect' 'trunc_ln810_59' <Predicate = true> <Delay = 0.00>
ST_1 : Operation 92 [1/1] (0.00ns)   --->   "%p_Val2_119 = partselect i8 @_ssdm_op_PartSelect.i8.i416.i32.i32, i416 %layer14_out_read, i32 344, i32 351" [firmware/nnet_utils/nnet_activation_stream.h:44]   --->   Operation 92 'partselect' 'p_Val2_119' <Predicate = true> <Delay = 0.00>
ST_1 : Operation 93 [1/1] (0.00ns)   --->   "%trunc_ln44_70 = partselect i7 @_ssdm_op_PartSelect.i7.i416.i32.i32, i416 %layer14_out_read, i32 344, i32 350" [firmware/nnet_utils/nnet_activation_stream.h:44]   --->   Operation 93 'partselect' 'trunc_ln44_70' <Predicate = true> <Delay = 0.00>
ST_1 : Operation 94 [1/1] (0.00ns)   --->   "%p_Val2_120 = partselect i8 @_ssdm_op_PartSelect.i8.i416.i32.i32, i416 %layer14_out_read, i32 352, i32 359" [firmware/nnet_utils/nnet_activation_stream.h:44]   --->   Operation 94 'partselect' 'p_Val2_120' <Predicate = true> <Delay = 0.00>
ST_1 : Operation 95 [1/1] (0.00ns)   --->   "%trunc_ln810_60 = partselect i7 @_ssdm_op_PartSelect.i7.i416.i32.i32, i416 %layer14_out_read, i32 352, i32 358"   --->   Operation 95 'partselect' 'trunc_ln810_60' <Predicate = true> <Delay = 0.00>
ST_1 : Operation 96 [1/1] (0.00ns)   --->   "%p_Val2_121 = partselect i8 @_ssdm_op_PartSelect.i8.i416.i32.i32, i416 %layer14_out_read, i32 360, i32 367" [firmware/nnet_utils/nnet_activation_stream.h:44]   --->   Operation 96 'partselect' 'p_Val2_121' <Predicate = true> <Delay = 0.00>
ST_1 : Operation 97 [1/1] (0.00ns)   --->   "%trunc_ln44_71 = partselect i7 @_ssdm_op_PartSelect.i7.i416.i32.i32, i416 %layer14_out_read, i32 360, i32 366" [firmware/nnet_utils/nnet_activation_stream.h:44]   --->   Operation 97 'partselect' 'trunc_ln44_71' <Predicate = true> <Delay = 0.00>
ST_1 : Operation 98 [1/1] (0.00ns)   --->   "%p_Val2_122 = partselect i8 @_ssdm_op_PartSelect.i8.i416.i32.i32, i416 %layer14_out_read, i32 368, i32 375" [firmware/nnet_utils/nnet_activation_stream.h:44]   --->   Operation 98 'partselect' 'p_Val2_122' <Predicate = true> <Delay = 0.00>
ST_1 : Operation 99 [1/1] (0.00ns)   --->   "%trunc_ln810_61 = partselect i7 @_ssdm_op_PartSelect.i7.i416.i32.i32, i416 %layer14_out_read, i32 368, i32 374"   --->   Operation 99 'partselect' 'trunc_ln810_61' <Predicate = true> <Delay = 0.00>
ST_1 : Operation 100 [1/1] (0.00ns)   --->   "%p_Val2_123 = partselect i8 @_ssdm_op_PartSelect.i8.i416.i32.i32, i416 %layer14_out_read, i32 376, i32 383" [firmware/nnet_utils/nnet_activation_stream.h:44]   --->   Operation 100 'partselect' 'p_Val2_123' <Predicate = true> <Delay = 0.00>
ST_1 : Operation 101 [1/1] (0.00ns)   --->   "%trunc_ln44_72 = partselect i7 @_ssdm_op_PartSelect.i7.i416.i32.i32, i416 %layer14_out_read, i32 376, i32 382" [firmware/nnet_utils/nnet_activation_stream.h:44]   --->   Operation 101 'partselect' 'trunc_ln44_72' <Predicate = true> <Delay = 0.00>
ST_1 : Operation 102 [1/1] (0.00ns)   --->   "%p_Val2_124 = partselect i8 @_ssdm_op_PartSelect.i8.i416.i32.i32, i416 %layer14_out_read, i32 384, i32 391" [firmware/nnet_utils/nnet_activation_stream.h:44]   --->   Operation 102 'partselect' 'p_Val2_124' <Predicate = true> <Delay = 0.00>
ST_1 : Operation 103 [1/1] (0.00ns)   --->   "%trunc_ln810_62 = partselect i7 @_ssdm_op_PartSelect.i7.i416.i32.i32, i416 %layer14_out_read, i32 384, i32 390"   --->   Operation 103 'partselect' 'trunc_ln810_62' <Predicate = true> <Delay = 0.00>
ST_1 : Operation 104 [1/1] (0.00ns)   --->   "%p_Val2_125 = partselect i8 @_ssdm_op_PartSelect.i8.i416.i32.i32, i416 %layer14_out_read, i32 392, i32 399" [firmware/nnet_utils/nnet_activation_stream.h:44]   --->   Operation 104 'partselect' 'p_Val2_125' <Predicate = true> <Delay = 0.00>
ST_1 : Operation 105 [1/1] (0.00ns)   --->   "%trunc_ln44_73 = partselect i7 @_ssdm_op_PartSelect.i7.i416.i32.i32, i416 %layer14_out_read, i32 392, i32 398" [firmware/nnet_utils/nnet_activation_stream.h:44]   --->   Operation 105 'partselect' 'trunc_ln44_73' <Predicate = true> <Delay = 0.00>
ST_1 : Operation 106 [1/1] (0.00ns)   --->   "%trunc_ln810_63 = partselect i7 @_ssdm_op_PartSelect.i7.i416.i32.i32, i416 %layer14_out_read, i32 400, i32 406"   --->   Operation 106 'partselect' 'trunc_ln810_63' <Predicate = true> <Delay = 0.00>
ST_1 : Operation 107 [1/1] (0.00ns)   --->   "%trunc_ln2 = partselect i7 @_ssdm_op_PartSelect.i7.i416.i32.i32, i416 %layer14_out_read, i32 408, i32 414"   --->   Operation 107 'partselect' 'trunc_ln2' <Predicate = true> <Delay = 0.00>
ST_1 : Operation 108 [1/1] (0.78ns)   --->   "%icmp_ln1649 = icmp_sgt  i8 %out_data_data_33, i8 0"   --->   Operation 108 'icmp' 'icmp_ln1649' <Predicate = true> <Delay = 0.78> <CoreInst = "Cmp">   --->   Core 9 'Cmp' <Latency = 0> <II = 1> <Delay = 0.78> <FuncUnit> <Opcode : 'icmp'> <InPorts = 2> <OutPorts = 1>
ST_1 : Operation 109 [1/1] (0.35ns)   --->   "%select_ln51 = select i1 %icmp_ln1649, i7 %trunc_ln45, i7 0" [firmware/nnet_utils/nnet_activation_stream.h:51]   --->   Operation 109 'select' 'select_ln51' <Predicate = true> <Delay = 0.35> <CoreInst = "Sel">   --->   Core 73 'Sel' <Latency = 0> <II = 1> <Delay = 0.35> <FuncUnit> <Opcode : 'select'> <InPorts = 3> <OutPorts = 1>
ST_1 : Operation 110 [1/1] (0.78ns)   --->   "%icmp_ln1649_103 = icmp_sgt  i8 %in_data_data, i8 0"   --->   Operation 110 'icmp' 'icmp_ln1649_103' <Predicate = true> <Delay = 0.78> <CoreInst = "Cmp">   --->   Core 9 'Cmp' <Latency = 0> <II = 1> <Delay = 0.78> <FuncUnit> <Opcode : 'icmp'> <InPorts = 2> <OutPorts = 1>
ST_1 : Operation 111 [1/1] (0.35ns)   --->   "%out_data_data_26 = select i1 %icmp_ln1649_103, i7 %trunc_ln44_s, i7 0" [firmware/nnet_utils/nnet_activation_stream.h:51]   --->   Operation 111 'select' 'out_data_data_26' <Predicate = true> <Delay = 0.35> <CoreInst = "Sel">   --->   Core 73 'Sel' <Latency = 0> <II = 1> <Delay = 0.35> <FuncUnit> <Opcode : 'select'> <InPorts = 3> <OutPorts = 1>
ST_1 : Operation 112 [1/1] (0.78ns)   --->   "%icmp_ln1649_104 = icmp_sgt  i8 %out_data_data, i8 0"   --->   Operation 112 'icmp' 'icmp_ln1649_104' <Predicate = true> <Delay = 0.78> <CoreInst = "Cmp">   --->   Core 9 'Cmp' <Latency = 0> <II = 1> <Delay = 0.78> <FuncUnit> <Opcode : 'icmp'> <InPorts = 2> <OutPorts = 1>
ST_1 : Operation 113 [1/1] (0.35ns)   --->   "%select_ln51_99 = select i1 %icmp_ln1649_104, i7 %trunc_ln45_6, i7 0" [firmware/nnet_utils/nnet_activation_stream.h:51]   --->   Operation 113 'select' 'select_ln51_99' <Predicate = true> <Delay = 0.35> <CoreInst = "Sel">   --->   Core 73 'Sel' <Latency = 0> <II = 1> <Delay = 0.35> <FuncUnit> <Opcode : 'select'> <InPorts = 3> <OutPorts = 1>
ST_1 : Operation 114 [1/1] (0.78ns)   --->   "%icmp_ln1649_105 = icmp_sgt  i8 %in_data_data_24, i8 0"   --->   Operation 114 'icmp' 'icmp_ln1649_105' <Predicate = true> <Delay = 0.78> <CoreInst = "Cmp">   --->   Core 9 'Cmp' <Latency = 0> <II = 1> <Delay = 0.78> <FuncUnit> <Opcode : 'icmp'> <InPorts = 2> <OutPorts = 1>
ST_1 : Operation 115 [1/1] (0.35ns)   --->   "%out_data_data_28 = select i1 %icmp_ln1649_105, i7 %trunc_ln44_50, i7 0" [firmware/nnet_utils/nnet_activation_stream.h:51]   --->   Operation 115 'select' 'out_data_data_28' <Predicate = true> <Delay = 0.35> <CoreInst = "Sel">   --->   Core 73 'Sel' <Latency = 0> <II = 1> <Delay = 0.35> <FuncUnit> <Opcode : 'select'> <InPorts = 3> <OutPorts = 1>
ST_1 : Operation 116 [1/1] (0.78ns)   --->   "%icmp_ln1649_106 = icmp_sgt  i8 %out_data_data_34, i8 0"   --->   Operation 116 'icmp' 'icmp_ln1649_106' <Predicate = true> <Delay = 0.78> <CoreInst = "Cmp">   --->   Core 9 'Cmp' <Latency = 0> <II = 1> <Delay = 0.78> <FuncUnit> <Opcode : 'icmp'> <InPorts = 2> <OutPorts = 1>
ST_1 : Operation 117 [1/1] (0.35ns)   --->   "%select_ln51_101 = select i1 %icmp_ln1649_106, i7 %trunc_ln45_7, i7 0" [firmware/nnet_utils/nnet_activation_stream.h:51]   --->   Operation 117 'select' 'select_ln51_101' <Predicate = true> <Delay = 0.35> <CoreInst = "Sel">   --->   Core 73 'Sel' <Latency = 0> <II = 1> <Delay = 0.35> <FuncUnit> <Opcode : 'select'> <InPorts = 3> <OutPorts = 1>
ST_1 : Operation 118 [1/1] (0.78ns)   --->   "%icmp_ln1649_107 = icmp_sgt  i8 %in_data_data_25, i8 0"   --->   Operation 118 'icmp' 'icmp_ln1649_107' <Predicate = true> <Delay = 0.78> <CoreInst = "Cmp">   --->   Core 9 'Cmp' <Latency = 0> <II = 1> <Delay = 0.78> <FuncUnit> <Opcode : 'icmp'> <InPorts = 2> <OutPorts = 1>
ST_1 : Operation 119 [1/1] (0.35ns)   --->   "%out_data_data_30 = select i1 %icmp_ln1649_107, i7 %trunc_ln44_51, i7 0" [firmware/nnet_utils/nnet_activation_stream.h:51]   --->   Operation 119 'select' 'out_data_data_30' <Predicate = true> <Delay = 0.35> <CoreInst = "Sel">   --->   Core 73 'Sel' <Latency = 0> <II = 1> <Delay = 0.35> <FuncUnit> <Opcode : 'select'> <InPorts = 3> <OutPorts = 1>
ST_1 : Operation 120 [1/1] (0.78ns)   --->   "%icmp_ln1649_108 = icmp_sgt  i8 %out_data_data_35, i8 0"   --->   Operation 120 'icmp' 'icmp_ln1649_108' <Predicate = true> <Delay = 0.78> <CoreInst = "Cmp">   --->   Core 9 'Cmp' <Latency = 0> <II = 1> <Delay = 0.78> <FuncUnit> <Opcode : 'icmp'> <InPorts = 2> <OutPorts = 1>
ST_1 : Operation 121 [1/1] (0.35ns)   --->   "%select_ln51_103 = select i1 %icmp_ln1649_108, i7 %trunc_ln45_8, i7 0" [firmware/nnet_utils/nnet_activation_stream.h:51]   --->   Operation 121 'select' 'select_ln51_103' <Predicate = true> <Delay = 0.35> <CoreInst = "Sel">   --->   Core 73 'Sel' <Latency = 0> <II = 1> <Delay = 0.35> <FuncUnit> <Opcode : 'select'> <InPorts = 3> <OutPorts = 1>
ST_1 : Operation 122 [1/1] (0.78ns)   --->   "%icmp_ln1649_109 = icmp_sgt  i8 %in_data_data_26, i8 0"   --->   Operation 122 'icmp' 'icmp_ln1649_109' <Predicate = true> <Delay = 0.78> <CoreInst = "Cmp">   --->   Core 9 'Cmp' <Latency = 0> <II = 1> <Delay = 0.78> <FuncUnit> <Opcode : 'icmp'> <InPorts = 2> <OutPorts = 1>
ST_1 : Operation 123 [1/1] (0.35ns)   --->   "%out_data_data_32 = select i1 %icmp_ln1649_109, i7 %trunc_ln44_52, i7 0" [firmware/nnet_utils/nnet_activation_stream.h:51]   --->   Operation 123 'select' 'out_data_data_32' <Predicate = true> <Delay = 0.35> <CoreInst = "Sel">   --->   Core 73 'Sel' <Latency = 0> <II = 1> <Delay = 0.35> <FuncUnit> <Opcode : 'select'> <InPorts = 3> <OutPorts = 1>
ST_1 : Operation 124 [1/1] (0.78ns)   --->   "%icmp_ln1649_110 = icmp_sgt  i8 %p_Val2_s, i8 0"   --->   Operation 124 'icmp' 'icmp_ln1649_110' <Predicate = true> <Delay = 0.78> <CoreInst = "Cmp">   --->   Core 9 'Cmp' <Latency = 0> <II = 1> <Delay = 0.78> <FuncUnit> <Opcode : 'icmp'> <InPorts = 2> <OutPorts = 1>
ST_1 : Operation 125 [1/1] (0.35ns)   --->   "%select_ln51_105 = select i1 %icmp_ln1649_110, i7 %trunc_ln, i7 0" [firmware/nnet_utils/nnet_activation_stream.h:51]   --->   Operation 125 'select' 'select_ln51_105' <Predicate = true> <Delay = 0.35> <CoreInst = "Sel">   --->   Core 73 'Sel' <Latency = 0> <II = 1> <Delay = 0.35> <FuncUnit> <Opcode : 'select'> <InPorts = 3> <OutPorts = 1>
ST_1 : Operation 126 [1/1] (0.78ns)   --->   "%icmp_ln1649_111 = icmp_sgt  i8 %p_Val2_127, i8 0"   --->   Operation 126 'icmp' 'icmp_ln1649_111' <Predicate = true> <Delay = 0.78> <CoreInst = "Cmp">   --->   Core 9 'Cmp' <Latency = 0> <II = 1> <Delay = 0.78> <FuncUnit> <Opcode : 'icmp'> <InPorts = 2> <OutPorts = 1>
ST_1 : Operation 127 [1/1] (0.35ns)   --->   "%p_Val2_152 = select i1 %icmp_ln1649_111, i7 %trunc_ln44_53, i7 0" [firmware/nnet_utils/nnet_activation_stream.h:51]   --->   Operation 127 'select' 'p_Val2_152' <Predicate = true> <Delay = 0.35> <CoreInst = "Sel">   --->   Core 73 'Sel' <Latency = 0> <II = 1> <Delay = 0.35> <FuncUnit> <Opcode : 'select'> <InPorts = 3> <OutPorts = 1>
ST_1 : Operation 128 [1/1] (0.78ns)   --->   "%icmp_ln1649_112 = icmp_sgt  i8 %p_Val2_86, i8 0"   --->   Operation 128 'icmp' 'icmp_ln1649_112' <Predicate = true> <Delay = 0.78> <CoreInst = "Cmp">   --->   Core 9 'Cmp' <Latency = 0> <II = 1> <Delay = 0.78> <FuncUnit> <Opcode : 'icmp'> <InPorts = 2> <OutPorts = 1>
ST_1 : Operation 129 [1/1] (0.35ns)   --->   "%select_ln51_107 = select i1 %icmp_ln1649_112, i7 %trunc_ln810_s, i7 0" [firmware/nnet_utils/nnet_activation_stream.h:51]   --->   Operation 129 'select' 'select_ln51_107' <Predicate = true> <Delay = 0.35> <CoreInst = "Sel">   --->   Core 73 'Sel' <Latency = 0> <II = 1> <Delay = 0.35> <FuncUnit> <Opcode : 'select'> <InPorts = 3> <OutPorts = 1>
ST_1 : Operation 130 [1/1] (0.78ns)   --->   "%icmp_ln1649_113 = icmp_sgt  i8 %p_Val2_87, i8 0"   --->   Operation 130 'icmp' 'icmp_ln1649_113' <Predicate = true> <Delay = 0.78> <CoreInst = "Cmp">   --->   Core 9 'Cmp' <Latency = 0> <II = 1> <Delay = 0.78> <FuncUnit> <Opcode : 'icmp'> <InPorts = 2> <OutPorts = 1>
ST_1 : Operation 131 [1/1] (0.35ns)   --->   "%p_Val2_153 = select i1 %icmp_ln1649_113, i7 %trunc_ln44_54, i7 0" [firmware/nnet_utils/nnet_activation_stream.h:51]   --->   Operation 131 'select' 'p_Val2_153' <Predicate = true> <Delay = 0.35> <CoreInst = "Sel">   --->   Core 73 'Sel' <Latency = 0> <II = 1> <Delay = 0.35> <FuncUnit> <Opcode : 'select'> <InPorts = 3> <OutPorts = 1>
ST_1 : Operation 132 [1/1] (0.78ns)   --->   "%icmp_ln1649_114 = icmp_sgt  i8 %p_Val2_88, i8 0"   --->   Operation 132 'icmp' 'icmp_ln1649_114' <Predicate = true> <Delay = 0.78> <CoreInst = "Cmp">   --->   Core 9 'Cmp' <Latency = 0> <II = 1> <Delay = 0.78> <FuncUnit> <Opcode : 'icmp'> <InPorts = 2> <OutPorts = 1>
ST_1 : Operation 133 [1/1] (0.35ns)   --->   "%select_ln51_109 = select i1 %icmp_ln1649_114, i7 %trunc_ln810_44, i7 0" [firmware/nnet_utils/nnet_activation_stream.h:51]   --->   Operation 133 'select' 'select_ln51_109' <Predicate = true> <Delay = 0.35> <CoreInst = "Sel">   --->   Core 73 'Sel' <Latency = 0> <II = 1> <Delay = 0.35> <FuncUnit> <Opcode : 'select'> <InPorts = 3> <OutPorts = 1>
ST_1 : Operation 134 [1/1] (0.78ns)   --->   "%icmp_ln1649_115 = icmp_sgt  i8 %p_Val2_89, i8 0"   --->   Operation 134 'icmp' 'icmp_ln1649_115' <Predicate = true> <Delay = 0.78> <CoreInst = "Cmp">   --->   Core 9 'Cmp' <Latency = 0> <II = 1> <Delay = 0.78> <FuncUnit> <Opcode : 'icmp'> <InPorts = 2> <OutPorts = 1>
ST_1 : Operation 135 [1/1] (0.35ns)   --->   "%p_Val2_154 = select i1 %icmp_ln1649_115, i7 %trunc_ln44_55, i7 0" [firmware/nnet_utils/nnet_activation_stream.h:51]   --->   Operation 135 'select' 'p_Val2_154' <Predicate = true> <Delay = 0.35> <CoreInst = "Sel">   --->   Core 73 'Sel' <Latency = 0> <II = 1> <Delay = 0.35> <FuncUnit> <Opcode : 'select'> <InPorts = 3> <OutPorts = 1>
ST_1 : Operation 136 [1/1] (0.78ns)   --->   "%icmp_ln1649_116 = icmp_sgt  i8 %p_Val2_90, i8 0"   --->   Operation 136 'icmp' 'icmp_ln1649_116' <Predicate = true> <Delay = 0.78> <CoreInst = "Cmp">   --->   Core 9 'Cmp' <Latency = 0> <II = 1> <Delay = 0.78> <FuncUnit> <Opcode : 'icmp'> <InPorts = 2> <OutPorts = 1>
ST_1 : Operation 137 [1/1] (0.35ns)   --->   "%select_ln51_111 = select i1 %icmp_ln1649_116, i7 %trunc_ln810_45, i7 0" [firmware/nnet_utils/nnet_activation_stream.h:51]   --->   Operation 137 'select' 'select_ln51_111' <Predicate = true> <Delay = 0.35> <CoreInst = "Sel">   --->   Core 73 'Sel' <Latency = 0> <II = 1> <Delay = 0.35> <FuncUnit> <Opcode : 'select'> <InPorts = 3> <OutPorts = 1>
ST_1 : Operation 138 [1/1] (0.78ns)   --->   "%icmp_ln1649_117 = icmp_sgt  i8 %p_Val2_91, i8 0"   --->   Operation 138 'icmp' 'icmp_ln1649_117' <Predicate = true> <Delay = 0.78> <CoreInst = "Cmp">   --->   Core 9 'Cmp' <Latency = 0> <II = 1> <Delay = 0.78> <FuncUnit> <Opcode : 'icmp'> <InPorts = 2> <OutPorts = 1>
ST_1 : Operation 139 [1/1] (0.35ns)   --->   "%p_Val2_155 = select i1 %icmp_ln1649_117, i7 %trunc_ln44_56, i7 0" [firmware/nnet_utils/nnet_activation_stream.h:51]   --->   Operation 139 'select' 'p_Val2_155' <Predicate = true> <Delay = 0.35> <CoreInst = "Sel">   --->   Core 73 'Sel' <Latency = 0> <II = 1> <Delay = 0.35> <FuncUnit> <Opcode : 'select'> <InPorts = 3> <OutPorts = 1>
ST_1 : Operation 140 [1/1] (0.78ns)   --->   "%icmp_ln1649_118 = icmp_sgt  i8 %p_Val2_92, i8 0"   --->   Operation 140 'icmp' 'icmp_ln1649_118' <Predicate = true> <Delay = 0.78> <CoreInst = "Cmp">   --->   Core 9 'Cmp' <Latency = 0> <II = 1> <Delay = 0.78> <FuncUnit> <Opcode : 'icmp'> <InPorts = 2> <OutPorts = 1>
ST_1 : Operation 141 [1/1] (0.35ns)   --->   "%select_ln51_113 = select i1 %icmp_ln1649_118, i7 %trunc_ln810_46, i7 0" [firmware/nnet_utils/nnet_activation_stream.h:51]   --->   Operation 141 'select' 'select_ln51_113' <Predicate = true> <Delay = 0.35> <CoreInst = "Sel">   --->   Core 73 'Sel' <Latency = 0> <II = 1> <Delay = 0.35> <FuncUnit> <Opcode : 'select'> <InPorts = 3> <OutPorts = 1>
ST_1 : Operation 142 [1/1] (0.78ns)   --->   "%icmp_ln1649_119 = icmp_sgt  i8 %p_Val2_93, i8 0"   --->   Operation 142 'icmp' 'icmp_ln1649_119' <Predicate = true> <Delay = 0.78> <CoreInst = "Cmp">   --->   Core 9 'Cmp' <Latency = 0> <II = 1> <Delay = 0.78> <FuncUnit> <Opcode : 'icmp'> <InPorts = 2> <OutPorts = 1>
ST_1 : Operation 143 [1/1] (0.35ns)   --->   "%p_Val2_156 = select i1 %icmp_ln1649_119, i7 %trunc_ln44_57, i7 0" [firmware/nnet_utils/nnet_activation_stream.h:51]   --->   Operation 143 'select' 'p_Val2_156' <Predicate = true> <Delay = 0.35> <CoreInst = "Sel">   --->   Core 73 'Sel' <Latency = 0> <II = 1> <Delay = 0.35> <FuncUnit> <Opcode : 'select'> <InPorts = 3> <OutPorts = 1>
ST_1 : Operation 144 [1/1] (0.78ns)   --->   "%icmp_ln1649_120 = icmp_sgt  i8 %p_Val2_94, i8 0"   --->   Operation 144 'icmp' 'icmp_ln1649_120' <Predicate = true> <Delay = 0.78> <CoreInst = "Cmp">   --->   Core 9 'Cmp' <Latency = 0> <II = 1> <Delay = 0.78> <FuncUnit> <Opcode : 'icmp'> <InPorts = 2> <OutPorts = 1>
ST_1 : Operation 145 [1/1] (0.35ns)   --->   "%select_ln51_115 = select i1 %icmp_ln1649_120, i7 %trunc_ln810_47, i7 0" [firmware/nnet_utils/nnet_activation_stream.h:51]   --->   Operation 145 'select' 'select_ln51_115' <Predicate = true> <Delay = 0.35> <CoreInst = "Sel">   --->   Core 73 'Sel' <Latency = 0> <II = 1> <Delay = 0.35> <FuncUnit> <Opcode : 'select'> <InPorts = 3> <OutPorts = 1>
ST_1 : Operation 146 [1/1] (0.78ns)   --->   "%icmp_ln1649_121 = icmp_sgt  i8 %p_Val2_95, i8 0"   --->   Operation 146 'icmp' 'icmp_ln1649_121' <Predicate = true> <Delay = 0.78> <CoreInst = "Cmp">   --->   Core 9 'Cmp' <Latency = 0> <II = 1> <Delay = 0.78> <FuncUnit> <Opcode : 'icmp'> <InPorts = 2> <OutPorts = 1>
ST_1 : Operation 147 [1/1] (0.35ns)   --->   "%p_Val2_157 = select i1 %icmp_ln1649_121, i7 %trunc_ln44_58, i7 0" [firmware/nnet_utils/nnet_activation_stream.h:51]   --->   Operation 147 'select' 'p_Val2_157' <Predicate = true> <Delay = 0.35> <CoreInst = "Sel">   --->   Core 73 'Sel' <Latency = 0> <II = 1> <Delay = 0.35> <FuncUnit> <Opcode : 'select'> <InPorts = 3> <OutPorts = 1>
ST_1 : Operation 148 [1/1] (0.78ns)   --->   "%icmp_ln1649_122 = icmp_sgt  i8 %p_Val2_96, i8 0"   --->   Operation 148 'icmp' 'icmp_ln1649_122' <Predicate = true> <Delay = 0.78> <CoreInst = "Cmp">   --->   Core 9 'Cmp' <Latency = 0> <II = 1> <Delay = 0.78> <FuncUnit> <Opcode : 'icmp'> <InPorts = 2> <OutPorts = 1>
ST_1 : Operation 149 [1/1] (0.35ns)   --->   "%select_ln51_117 = select i1 %icmp_ln1649_122, i7 %trunc_ln810_48, i7 0" [firmware/nnet_utils/nnet_activation_stream.h:51]   --->   Operation 149 'select' 'select_ln51_117' <Predicate = true> <Delay = 0.35> <CoreInst = "Sel">   --->   Core 73 'Sel' <Latency = 0> <II = 1> <Delay = 0.35> <FuncUnit> <Opcode : 'select'> <InPorts = 3> <OutPorts = 1>
ST_1 : Operation 150 [1/1] (0.78ns)   --->   "%icmp_ln1649_123 = icmp_sgt  i8 %p_Val2_97, i8 0"   --->   Operation 150 'icmp' 'icmp_ln1649_123' <Predicate = true> <Delay = 0.78> <CoreInst = "Cmp">   --->   Core 9 'Cmp' <Latency = 0> <II = 1> <Delay = 0.78> <FuncUnit> <Opcode : 'icmp'> <InPorts = 2> <OutPorts = 1>
ST_1 : Operation 151 [1/1] (0.35ns)   --->   "%p_Val2_158 = select i1 %icmp_ln1649_123, i7 %trunc_ln44_59, i7 0" [firmware/nnet_utils/nnet_activation_stream.h:51]   --->   Operation 151 'select' 'p_Val2_158' <Predicate = true> <Delay = 0.35> <CoreInst = "Sel">   --->   Core 73 'Sel' <Latency = 0> <II = 1> <Delay = 0.35> <FuncUnit> <Opcode : 'select'> <InPorts = 3> <OutPorts = 1>
ST_1 : Operation 152 [1/1] (0.78ns)   --->   "%icmp_ln1649_124 = icmp_sgt  i8 %p_Val2_98, i8 0"   --->   Operation 152 'icmp' 'icmp_ln1649_124' <Predicate = true> <Delay = 0.78> <CoreInst = "Cmp">   --->   Core 9 'Cmp' <Latency = 0> <II = 1> <Delay = 0.78> <FuncUnit> <Opcode : 'icmp'> <InPorts = 2> <OutPorts = 1>
ST_1 : Operation 153 [1/1] (0.35ns)   --->   "%select_ln51_119 = select i1 %icmp_ln1649_124, i7 %trunc_ln810_49, i7 0" [firmware/nnet_utils/nnet_activation_stream.h:51]   --->   Operation 153 'select' 'select_ln51_119' <Predicate = true> <Delay = 0.35> <CoreInst = "Sel">   --->   Core 73 'Sel' <Latency = 0> <II = 1> <Delay = 0.35> <FuncUnit> <Opcode : 'select'> <InPorts = 3> <OutPorts = 1>
ST_1 : Operation 154 [1/1] (0.78ns)   --->   "%icmp_ln1649_125 = icmp_sgt  i8 %p_Val2_99, i8 0"   --->   Operation 154 'icmp' 'icmp_ln1649_125' <Predicate = true> <Delay = 0.78> <CoreInst = "Cmp">   --->   Core 9 'Cmp' <Latency = 0> <II = 1> <Delay = 0.78> <FuncUnit> <Opcode : 'icmp'> <InPorts = 2> <OutPorts = 1>
ST_1 : Operation 155 [1/1] (0.35ns)   --->   "%p_Val2_159 = select i1 %icmp_ln1649_125, i7 %trunc_ln44_60, i7 0" [firmware/nnet_utils/nnet_activation_stream.h:51]   --->   Operation 155 'select' 'p_Val2_159' <Predicate = true> <Delay = 0.35> <CoreInst = "Sel">   --->   Core 73 'Sel' <Latency = 0> <II = 1> <Delay = 0.35> <FuncUnit> <Opcode : 'select'> <InPorts = 3> <OutPorts = 1>
ST_1 : Operation 156 [1/1] (0.78ns)   --->   "%icmp_ln1649_126 = icmp_sgt  i8 %p_Val2_100, i8 0"   --->   Operation 156 'icmp' 'icmp_ln1649_126' <Predicate = true> <Delay = 0.78> <CoreInst = "Cmp">   --->   Core 9 'Cmp' <Latency = 0> <II = 1> <Delay = 0.78> <FuncUnit> <Opcode : 'icmp'> <InPorts = 2> <OutPorts = 1>
ST_1 : Operation 157 [1/1] (0.35ns)   --->   "%select_ln51_121 = select i1 %icmp_ln1649_126, i7 %trunc_ln810_50, i7 0" [firmware/nnet_utils/nnet_activation_stream.h:51]   --->   Operation 157 'select' 'select_ln51_121' <Predicate = true> <Delay = 0.35> <CoreInst = "Sel">   --->   Core 73 'Sel' <Latency = 0> <II = 1> <Delay = 0.35> <FuncUnit> <Opcode : 'select'> <InPorts = 3> <OutPorts = 1>
ST_1 : Operation 158 [1/1] (0.78ns)   --->   "%icmp_ln1649_127 = icmp_sgt  i8 %p_Val2_101, i8 0"   --->   Operation 158 'icmp' 'icmp_ln1649_127' <Predicate = true> <Delay = 0.78> <CoreInst = "Cmp">   --->   Core 9 'Cmp' <Latency = 0> <II = 1> <Delay = 0.78> <FuncUnit> <Opcode : 'icmp'> <InPorts = 2> <OutPorts = 1>
ST_1 : Operation 159 [1/1] (0.35ns)   --->   "%p_Val2_160 = select i1 %icmp_ln1649_127, i7 %trunc_ln44_61, i7 0" [firmware/nnet_utils/nnet_activation_stream.h:51]   --->   Operation 159 'select' 'p_Val2_160' <Predicate = true> <Delay = 0.35> <CoreInst = "Sel">   --->   Core 73 'Sel' <Latency = 0> <II = 1> <Delay = 0.35> <FuncUnit> <Opcode : 'select'> <InPorts = 3> <OutPorts = 1>
ST_1 : Operation 160 [1/1] (0.78ns)   --->   "%icmp_ln1649_128 = icmp_sgt  i8 %p_Val2_102, i8 0"   --->   Operation 160 'icmp' 'icmp_ln1649_128' <Predicate = true> <Delay = 0.78> <CoreInst = "Cmp">   --->   Core 9 'Cmp' <Latency = 0> <II = 1> <Delay = 0.78> <FuncUnit> <Opcode : 'icmp'> <InPorts = 2> <OutPorts = 1>
ST_1 : Operation 161 [1/1] (0.35ns)   --->   "%select_ln51_123 = select i1 %icmp_ln1649_128, i7 %trunc_ln810_51, i7 0" [firmware/nnet_utils/nnet_activation_stream.h:51]   --->   Operation 161 'select' 'select_ln51_123' <Predicate = true> <Delay = 0.35> <CoreInst = "Sel">   --->   Core 73 'Sel' <Latency = 0> <II = 1> <Delay = 0.35> <FuncUnit> <Opcode : 'select'> <InPorts = 3> <OutPorts = 1>
ST_1 : Operation 162 [1/1] (0.78ns)   --->   "%icmp_ln1649_129 = icmp_sgt  i8 %p_Val2_103, i8 0"   --->   Operation 162 'icmp' 'icmp_ln1649_129' <Predicate = true> <Delay = 0.78> <CoreInst = "Cmp">   --->   Core 9 'Cmp' <Latency = 0> <II = 1> <Delay = 0.78> <FuncUnit> <Opcode : 'icmp'> <InPorts = 2> <OutPorts = 1>
ST_1 : Operation 163 [1/1] (0.35ns)   --->   "%p_Val2_161 = select i1 %icmp_ln1649_129, i7 %trunc_ln44_62, i7 0" [firmware/nnet_utils/nnet_activation_stream.h:51]   --->   Operation 163 'select' 'p_Val2_161' <Predicate = true> <Delay = 0.35> <CoreInst = "Sel">   --->   Core 73 'Sel' <Latency = 0> <II = 1> <Delay = 0.35> <FuncUnit> <Opcode : 'select'> <InPorts = 3> <OutPorts = 1>
ST_1 : Operation 164 [1/1] (0.78ns)   --->   "%icmp_ln1649_130 = icmp_sgt  i8 %p_Val2_104, i8 0"   --->   Operation 164 'icmp' 'icmp_ln1649_130' <Predicate = true> <Delay = 0.78> <CoreInst = "Cmp">   --->   Core 9 'Cmp' <Latency = 0> <II = 1> <Delay = 0.78> <FuncUnit> <Opcode : 'icmp'> <InPorts = 2> <OutPorts = 1>
ST_1 : Operation 165 [1/1] (0.35ns)   --->   "%select_ln51_125 = select i1 %icmp_ln1649_130, i7 %trunc_ln810_52, i7 0" [firmware/nnet_utils/nnet_activation_stream.h:51]   --->   Operation 165 'select' 'select_ln51_125' <Predicate = true> <Delay = 0.35> <CoreInst = "Sel">   --->   Core 73 'Sel' <Latency = 0> <II = 1> <Delay = 0.35> <FuncUnit> <Opcode : 'select'> <InPorts = 3> <OutPorts = 1>
ST_1 : Operation 166 [1/1] (0.78ns)   --->   "%icmp_ln1649_131 = icmp_sgt  i8 %p_Val2_105, i8 0"   --->   Operation 166 'icmp' 'icmp_ln1649_131' <Predicate = true> <Delay = 0.78> <CoreInst = "Cmp">   --->   Core 9 'Cmp' <Latency = 0> <II = 1> <Delay = 0.78> <FuncUnit> <Opcode : 'icmp'> <InPorts = 2> <OutPorts = 1>
ST_1 : Operation 167 [1/1] (0.35ns)   --->   "%p_Val2_162 = select i1 %icmp_ln1649_131, i7 %trunc_ln44_63, i7 0" [firmware/nnet_utils/nnet_activation_stream.h:51]   --->   Operation 167 'select' 'p_Val2_162' <Predicate = true> <Delay = 0.35> <CoreInst = "Sel">   --->   Core 73 'Sel' <Latency = 0> <II = 1> <Delay = 0.35> <FuncUnit> <Opcode : 'select'> <InPorts = 3> <OutPorts = 1>
ST_1 : Operation 168 [1/1] (0.78ns)   --->   "%icmp_ln1649_132 = icmp_sgt  i8 %p_Val2_106, i8 0"   --->   Operation 168 'icmp' 'icmp_ln1649_132' <Predicate = true> <Delay = 0.78> <CoreInst = "Cmp">   --->   Core 9 'Cmp' <Latency = 0> <II = 1> <Delay = 0.78> <FuncUnit> <Opcode : 'icmp'> <InPorts = 2> <OutPorts = 1>
ST_1 : Operation 169 [1/1] (0.35ns)   --->   "%select_ln51_127 = select i1 %icmp_ln1649_132, i7 %trunc_ln810_53, i7 0" [firmware/nnet_utils/nnet_activation_stream.h:51]   --->   Operation 169 'select' 'select_ln51_127' <Predicate = true> <Delay = 0.35> <CoreInst = "Sel">   --->   Core 73 'Sel' <Latency = 0> <II = 1> <Delay = 0.35> <FuncUnit> <Opcode : 'select'> <InPorts = 3> <OutPorts = 1>
ST_1 : Operation 170 [1/1] (0.78ns)   --->   "%icmp_ln1649_133 = icmp_sgt  i8 %p_Val2_107, i8 0"   --->   Operation 170 'icmp' 'icmp_ln1649_133' <Predicate = true> <Delay = 0.78> <CoreInst = "Cmp">   --->   Core 9 'Cmp' <Latency = 0> <II = 1> <Delay = 0.78> <FuncUnit> <Opcode : 'icmp'> <InPorts = 2> <OutPorts = 1>
ST_1 : Operation 171 [1/1] (0.35ns)   --->   "%p_Val2_163 = select i1 %icmp_ln1649_133, i7 %trunc_ln44_64, i7 0" [firmware/nnet_utils/nnet_activation_stream.h:51]   --->   Operation 171 'select' 'p_Val2_163' <Predicate = true> <Delay = 0.35> <CoreInst = "Sel">   --->   Core 73 'Sel' <Latency = 0> <II = 1> <Delay = 0.35> <FuncUnit> <Opcode : 'select'> <InPorts = 3> <OutPorts = 1>
ST_1 : Operation 172 [1/1] (0.78ns)   --->   "%icmp_ln1649_134 = icmp_sgt  i8 %p_Val2_108, i8 0"   --->   Operation 172 'icmp' 'icmp_ln1649_134' <Predicate = true> <Delay = 0.78> <CoreInst = "Cmp">   --->   Core 9 'Cmp' <Latency = 0> <II = 1> <Delay = 0.78> <FuncUnit> <Opcode : 'icmp'> <InPorts = 2> <OutPorts = 1>
ST_1 : Operation 173 [1/1] (0.35ns)   --->   "%select_ln51_129 = select i1 %icmp_ln1649_134, i7 %trunc_ln810_54, i7 0" [firmware/nnet_utils/nnet_activation_stream.h:51]   --->   Operation 173 'select' 'select_ln51_129' <Predicate = true> <Delay = 0.35> <CoreInst = "Sel">   --->   Core 73 'Sel' <Latency = 0> <II = 1> <Delay = 0.35> <FuncUnit> <Opcode : 'select'> <InPorts = 3> <OutPorts = 1>
ST_1 : Operation 174 [1/1] (0.78ns)   --->   "%icmp_ln1649_135 = icmp_sgt  i8 %p_Val2_109, i8 0"   --->   Operation 174 'icmp' 'icmp_ln1649_135' <Predicate = true> <Delay = 0.78> <CoreInst = "Cmp">   --->   Core 9 'Cmp' <Latency = 0> <II = 1> <Delay = 0.78> <FuncUnit> <Opcode : 'icmp'> <InPorts = 2> <OutPorts = 1>
ST_1 : Operation 175 [1/1] (0.35ns)   --->   "%p_Val2_164 = select i1 %icmp_ln1649_135, i7 %trunc_ln44_65, i7 0" [firmware/nnet_utils/nnet_activation_stream.h:51]   --->   Operation 175 'select' 'p_Val2_164' <Predicate = true> <Delay = 0.35> <CoreInst = "Sel">   --->   Core 73 'Sel' <Latency = 0> <II = 1> <Delay = 0.35> <FuncUnit> <Opcode : 'select'> <InPorts = 3> <OutPorts = 1>
ST_1 : Operation 176 [1/1] (0.78ns)   --->   "%icmp_ln1649_136 = icmp_sgt  i8 %p_Val2_110, i8 0"   --->   Operation 176 'icmp' 'icmp_ln1649_136' <Predicate = true> <Delay = 0.78> <CoreInst = "Cmp">   --->   Core 9 'Cmp' <Latency = 0> <II = 1> <Delay = 0.78> <FuncUnit> <Opcode : 'icmp'> <InPorts = 2> <OutPorts = 1>
ST_1 : Operation 177 [1/1] (0.35ns)   --->   "%select_ln51_131 = select i1 %icmp_ln1649_136, i7 %trunc_ln810_55, i7 0" [firmware/nnet_utils/nnet_activation_stream.h:51]   --->   Operation 177 'select' 'select_ln51_131' <Predicate = true> <Delay = 0.35> <CoreInst = "Sel">   --->   Core 73 'Sel' <Latency = 0> <II = 1> <Delay = 0.35> <FuncUnit> <Opcode : 'select'> <InPorts = 3> <OutPorts = 1>
ST_1 : Operation 178 [1/1] (0.78ns)   --->   "%icmp_ln1649_137 = icmp_sgt  i8 %p_Val2_111, i8 0"   --->   Operation 178 'icmp' 'icmp_ln1649_137' <Predicate = true> <Delay = 0.78> <CoreInst = "Cmp">   --->   Core 9 'Cmp' <Latency = 0> <II = 1> <Delay = 0.78> <FuncUnit> <Opcode : 'icmp'> <InPorts = 2> <OutPorts = 1>
ST_1 : Operation 179 [1/1] (0.35ns)   --->   "%p_Val2_165 = select i1 %icmp_ln1649_137, i7 %trunc_ln44_66, i7 0" [firmware/nnet_utils/nnet_activation_stream.h:51]   --->   Operation 179 'select' 'p_Val2_165' <Predicate = true> <Delay = 0.35> <CoreInst = "Sel">   --->   Core 73 'Sel' <Latency = 0> <II = 1> <Delay = 0.35> <FuncUnit> <Opcode : 'select'> <InPorts = 3> <OutPorts = 1>
ST_1 : Operation 180 [1/1] (0.78ns)   --->   "%icmp_ln1649_138 = icmp_sgt  i8 %p_Val2_112, i8 0"   --->   Operation 180 'icmp' 'icmp_ln1649_138' <Predicate = true> <Delay = 0.78> <CoreInst = "Cmp">   --->   Core 9 'Cmp' <Latency = 0> <II = 1> <Delay = 0.78> <FuncUnit> <Opcode : 'icmp'> <InPorts = 2> <OutPorts = 1>
ST_1 : Operation 181 [1/1] (0.35ns)   --->   "%select_ln51_133 = select i1 %icmp_ln1649_138, i7 %trunc_ln810_56, i7 0" [firmware/nnet_utils/nnet_activation_stream.h:51]   --->   Operation 181 'select' 'select_ln51_133' <Predicate = true> <Delay = 0.35> <CoreInst = "Sel">   --->   Core 73 'Sel' <Latency = 0> <II = 1> <Delay = 0.35> <FuncUnit> <Opcode : 'select'> <InPorts = 3> <OutPorts = 1>
ST_1 : Operation 182 [1/1] (0.78ns)   --->   "%icmp_ln1649_139 = icmp_sgt  i8 %p_Val2_113, i8 0"   --->   Operation 182 'icmp' 'icmp_ln1649_139' <Predicate = true> <Delay = 0.78> <CoreInst = "Cmp">   --->   Core 9 'Cmp' <Latency = 0> <II = 1> <Delay = 0.78> <FuncUnit> <Opcode : 'icmp'> <InPorts = 2> <OutPorts = 1>
ST_1 : Operation 183 [1/1] (0.35ns)   --->   "%p_Val2_166 = select i1 %icmp_ln1649_139, i7 %trunc_ln44_67, i7 0" [firmware/nnet_utils/nnet_activation_stream.h:51]   --->   Operation 183 'select' 'p_Val2_166' <Predicate = true> <Delay = 0.35> <CoreInst = "Sel">   --->   Core 73 'Sel' <Latency = 0> <II = 1> <Delay = 0.35> <FuncUnit> <Opcode : 'select'> <InPorts = 3> <OutPorts = 1>
ST_1 : Operation 184 [1/1] (0.78ns)   --->   "%icmp_ln1649_140 = icmp_sgt  i8 %p_Val2_114, i8 0"   --->   Operation 184 'icmp' 'icmp_ln1649_140' <Predicate = true> <Delay = 0.78> <CoreInst = "Cmp">   --->   Core 9 'Cmp' <Latency = 0> <II = 1> <Delay = 0.78> <FuncUnit> <Opcode : 'icmp'> <InPorts = 2> <OutPorts = 1>
ST_1 : Operation 185 [1/1] (0.35ns)   --->   "%select_ln51_135 = select i1 %icmp_ln1649_140, i7 %trunc_ln810_57, i7 0" [firmware/nnet_utils/nnet_activation_stream.h:51]   --->   Operation 185 'select' 'select_ln51_135' <Predicate = true> <Delay = 0.35> <CoreInst = "Sel">   --->   Core 73 'Sel' <Latency = 0> <II = 1> <Delay = 0.35> <FuncUnit> <Opcode : 'select'> <InPorts = 3> <OutPorts = 1>
ST_1 : Operation 186 [1/1] (0.78ns)   --->   "%icmp_ln1649_141 = icmp_sgt  i8 %p_Val2_115, i8 0"   --->   Operation 186 'icmp' 'icmp_ln1649_141' <Predicate = true> <Delay = 0.78> <CoreInst = "Cmp">   --->   Core 9 'Cmp' <Latency = 0> <II = 1> <Delay = 0.78> <FuncUnit> <Opcode : 'icmp'> <InPorts = 2> <OutPorts = 1>
ST_1 : Operation 187 [1/1] (0.35ns)   --->   "%p_Val2_167 = select i1 %icmp_ln1649_141, i7 %trunc_ln44_68, i7 0" [firmware/nnet_utils/nnet_activation_stream.h:51]   --->   Operation 187 'select' 'p_Val2_167' <Predicate = true> <Delay = 0.35> <CoreInst = "Sel">   --->   Core 73 'Sel' <Latency = 0> <II = 1> <Delay = 0.35> <FuncUnit> <Opcode : 'select'> <InPorts = 3> <OutPorts = 1>
ST_1 : Operation 188 [1/1] (0.78ns)   --->   "%icmp_ln1649_142 = icmp_sgt  i8 %p_Val2_116, i8 0"   --->   Operation 188 'icmp' 'icmp_ln1649_142' <Predicate = true> <Delay = 0.78> <CoreInst = "Cmp">   --->   Core 9 'Cmp' <Latency = 0> <II = 1> <Delay = 0.78> <FuncUnit> <Opcode : 'icmp'> <InPorts = 2> <OutPorts = 1>
ST_1 : Operation 189 [1/1] (0.35ns)   --->   "%select_ln51_137 = select i1 %icmp_ln1649_142, i7 %trunc_ln810_58, i7 0" [firmware/nnet_utils/nnet_activation_stream.h:51]   --->   Operation 189 'select' 'select_ln51_137' <Predicate = true> <Delay = 0.35> <CoreInst = "Sel">   --->   Core 73 'Sel' <Latency = 0> <II = 1> <Delay = 0.35> <FuncUnit> <Opcode : 'select'> <InPorts = 3> <OutPorts = 1>
ST_1 : Operation 190 [1/1] (0.78ns)   --->   "%icmp_ln1649_143 = icmp_sgt  i8 %p_Val2_117, i8 0"   --->   Operation 190 'icmp' 'icmp_ln1649_143' <Predicate = true> <Delay = 0.78> <CoreInst = "Cmp">   --->   Core 9 'Cmp' <Latency = 0> <II = 1> <Delay = 0.78> <FuncUnit> <Opcode : 'icmp'> <InPorts = 2> <OutPorts = 1>
ST_1 : Operation 191 [1/1] (0.35ns)   --->   "%p_Val2_168 = select i1 %icmp_ln1649_143, i7 %trunc_ln44_69, i7 0" [firmware/nnet_utils/nnet_activation_stream.h:51]   --->   Operation 191 'select' 'p_Val2_168' <Predicate = true> <Delay = 0.35> <CoreInst = "Sel">   --->   Core 73 'Sel' <Latency = 0> <II = 1> <Delay = 0.35> <FuncUnit> <Opcode : 'select'> <InPorts = 3> <OutPorts = 1>
ST_1 : Operation 192 [1/1] (0.78ns)   --->   "%icmp_ln1649_144 = icmp_sgt  i8 %p_Val2_118, i8 0"   --->   Operation 192 'icmp' 'icmp_ln1649_144' <Predicate = true> <Delay = 0.78> <CoreInst = "Cmp">   --->   Core 9 'Cmp' <Latency = 0> <II = 1> <Delay = 0.78> <FuncUnit> <Opcode : 'icmp'> <InPorts = 2> <OutPorts = 1>
ST_1 : Operation 193 [1/1] (0.35ns)   --->   "%select_ln51_139 = select i1 %icmp_ln1649_144, i7 %trunc_ln810_59, i7 0" [firmware/nnet_utils/nnet_activation_stream.h:51]   --->   Operation 193 'select' 'select_ln51_139' <Predicate = true> <Delay = 0.35> <CoreInst = "Sel">   --->   Core 73 'Sel' <Latency = 0> <II = 1> <Delay = 0.35> <FuncUnit> <Opcode : 'select'> <InPorts = 3> <OutPorts = 1>
ST_1 : Operation 194 [1/1] (0.78ns)   --->   "%icmp_ln1649_145 = icmp_sgt  i8 %p_Val2_119, i8 0"   --->   Operation 194 'icmp' 'icmp_ln1649_145' <Predicate = true> <Delay = 0.78> <CoreInst = "Cmp">   --->   Core 9 'Cmp' <Latency = 0> <II = 1> <Delay = 0.78> <FuncUnit> <Opcode : 'icmp'> <InPorts = 2> <OutPorts = 1>
ST_1 : Operation 195 [1/1] (0.35ns)   --->   "%p_Val2_169 = select i1 %icmp_ln1649_145, i7 %trunc_ln44_70, i7 0" [firmware/nnet_utils/nnet_activation_stream.h:51]   --->   Operation 195 'select' 'p_Val2_169' <Predicate = true> <Delay = 0.35> <CoreInst = "Sel">   --->   Core 73 'Sel' <Latency = 0> <II = 1> <Delay = 0.35> <FuncUnit> <Opcode : 'select'> <InPorts = 3> <OutPorts = 1>
ST_1 : Operation 196 [1/1] (0.78ns)   --->   "%icmp_ln1649_146 = icmp_sgt  i8 %p_Val2_120, i8 0"   --->   Operation 196 'icmp' 'icmp_ln1649_146' <Predicate = true> <Delay = 0.78> <CoreInst = "Cmp">   --->   Core 9 'Cmp' <Latency = 0> <II = 1> <Delay = 0.78> <FuncUnit> <Opcode : 'icmp'> <InPorts = 2> <OutPorts = 1>
ST_1 : Operation 197 [1/1] (0.35ns)   --->   "%select_ln51_141 = select i1 %icmp_ln1649_146, i7 %trunc_ln810_60, i7 0" [firmware/nnet_utils/nnet_activation_stream.h:51]   --->   Operation 197 'select' 'select_ln51_141' <Predicate = true> <Delay = 0.35> <CoreInst = "Sel">   --->   Core 73 'Sel' <Latency = 0> <II = 1> <Delay = 0.35> <FuncUnit> <Opcode : 'select'> <InPorts = 3> <OutPorts = 1>
ST_1 : Operation 198 [1/1] (0.78ns)   --->   "%icmp_ln1649_147 = icmp_sgt  i8 %p_Val2_121, i8 0"   --->   Operation 198 'icmp' 'icmp_ln1649_147' <Predicate = true> <Delay = 0.78> <CoreInst = "Cmp">   --->   Core 9 'Cmp' <Latency = 0> <II = 1> <Delay = 0.78> <FuncUnit> <Opcode : 'icmp'> <InPorts = 2> <OutPorts = 1>
ST_1 : Operation 199 [1/1] (0.35ns)   --->   "%p_Val2_170 = select i1 %icmp_ln1649_147, i7 %trunc_ln44_71, i7 0" [firmware/nnet_utils/nnet_activation_stream.h:51]   --->   Operation 199 'select' 'p_Val2_170' <Predicate = true> <Delay = 0.35> <CoreInst = "Sel">   --->   Core 73 'Sel' <Latency = 0> <II = 1> <Delay = 0.35> <FuncUnit> <Opcode : 'select'> <InPorts = 3> <OutPorts = 1>
ST_1 : Operation 200 [1/1] (0.78ns)   --->   "%icmp_ln1649_148 = icmp_sgt  i8 %p_Val2_122, i8 0"   --->   Operation 200 'icmp' 'icmp_ln1649_148' <Predicate = true> <Delay = 0.78> <CoreInst = "Cmp">   --->   Core 9 'Cmp' <Latency = 0> <II = 1> <Delay = 0.78> <FuncUnit> <Opcode : 'icmp'> <InPorts = 2> <OutPorts = 1>
ST_1 : Operation 201 [1/1] (0.35ns)   --->   "%select_ln51_143 = select i1 %icmp_ln1649_148, i7 %trunc_ln810_61, i7 0" [firmware/nnet_utils/nnet_activation_stream.h:51]   --->   Operation 201 'select' 'select_ln51_143' <Predicate = true> <Delay = 0.35> <CoreInst = "Sel">   --->   Core 73 'Sel' <Latency = 0> <II = 1> <Delay = 0.35> <FuncUnit> <Opcode : 'select'> <InPorts = 3> <OutPorts = 1>
ST_1 : Operation 202 [1/1] (0.78ns)   --->   "%icmp_ln1649_149 = icmp_sgt  i8 %p_Val2_123, i8 0"   --->   Operation 202 'icmp' 'icmp_ln1649_149' <Predicate = true> <Delay = 0.78> <CoreInst = "Cmp">   --->   Core 9 'Cmp' <Latency = 0> <II = 1> <Delay = 0.78> <FuncUnit> <Opcode : 'icmp'> <InPorts = 2> <OutPorts = 1>
ST_1 : Operation 203 [1/1] (0.35ns)   --->   "%p_Val2_171 = select i1 %icmp_ln1649_149, i7 %trunc_ln44_72, i7 0" [firmware/nnet_utils/nnet_activation_stream.h:51]   --->   Operation 203 'select' 'p_Val2_171' <Predicate = true> <Delay = 0.35> <CoreInst = "Sel">   --->   Core 73 'Sel' <Latency = 0> <II = 1> <Delay = 0.35> <FuncUnit> <Opcode : 'select'> <InPorts = 3> <OutPorts = 1>
ST_1 : Operation 204 [1/1] (0.78ns)   --->   "%icmp_ln1649_150 = icmp_sgt  i8 %p_Val2_124, i8 0"   --->   Operation 204 'icmp' 'icmp_ln1649_150' <Predicate = true> <Delay = 0.78> <CoreInst = "Cmp">   --->   Core 9 'Cmp' <Latency = 0> <II = 1> <Delay = 0.78> <FuncUnit> <Opcode : 'icmp'> <InPorts = 2> <OutPorts = 1>
ST_1 : Operation 205 [1/1] (0.35ns)   --->   "%select_ln51_145 = select i1 %icmp_ln1649_150, i7 %trunc_ln810_62, i7 0" [firmware/nnet_utils/nnet_activation_stream.h:51]   --->   Operation 205 'select' 'select_ln51_145' <Predicate = true> <Delay = 0.35> <CoreInst = "Sel">   --->   Core 73 'Sel' <Latency = 0> <II = 1> <Delay = 0.35> <FuncUnit> <Opcode : 'select'> <InPorts = 3> <OutPorts = 1>
ST_1 : Operation 206 [1/1] (0.78ns)   --->   "%icmp_ln1649_151 = icmp_sgt  i8 %p_Val2_125, i8 0"   --->   Operation 206 'icmp' 'icmp_ln1649_151' <Predicate = true> <Delay = 0.78> <CoreInst = "Cmp">   --->   Core 9 'Cmp' <Latency = 0> <II = 1> <Delay = 0.78> <FuncUnit> <Opcode : 'icmp'> <InPorts = 2> <OutPorts = 1>
ST_1 : Operation 207 [1/1] (0.35ns)   --->   "%p_Val2_172 = select i1 %icmp_ln1649_151, i7 %trunc_ln44_73, i7 0" [firmware/nnet_utils/nnet_activation_stream.h:51]   --->   Operation 207 'select' 'p_Val2_172' <Predicate = true> <Delay = 0.35> <CoreInst = "Sel">   --->   Core 73 'Sel' <Latency = 0> <II = 1> <Delay = 0.35> <FuncUnit> <Opcode : 'select'> <InPorts = 3> <OutPorts = 1>
ST_1 : Operation 208 [1/1] (0.78ns)   --->   "%icmp_ln1649_152 = icmp_sgt  i8 %p_Val2_147, i8 0"   --->   Operation 208 'icmp' 'icmp_ln1649_152' <Predicate = true> <Delay = 0.78> <CoreInst = "Cmp">   --->   Core 9 'Cmp' <Latency = 0> <II = 1> <Delay = 0.78> <FuncUnit> <Opcode : 'icmp'> <InPorts = 2> <OutPorts = 1>
ST_1 : Operation 209 [1/1] (0.35ns)   --->   "%select_ln51_147 = select i1 %icmp_ln1649_152, i7 %trunc_ln810_63, i7 0" [firmware/nnet_utils/nnet_activation_stream.h:51]   --->   Operation 209 'select' 'select_ln51_147' <Predicate = true> <Delay = 0.35> <CoreInst = "Sel">   --->   Core 73 'Sel' <Latency = 0> <II = 1> <Delay = 0.35> <FuncUnit> <Opcode : 'select'> <InPorts = 3> <OutPorts = 1>
ST_1 : Operation 210 [1/1] (0.78ns)   --->   "%icmp_ln1649_153 = icmp_sgt  i8 %p_Val2_126, i8 0"   --->   Operation 210 'icmp' 'icmp_ln1649_153' <Predicate = true> <Delay = 0.78> <CoreInst = "Cmp">   --->   Core 9 'Cmp' <Latency = 0> <II = 1> <Delay = 0.78> <FuncUnit> <Opcode : 'icmp'> <InPorts = 2> <OutPorts = 1>
ST_1 : Operation 211 [1/1] (0.35ns)   --->   "%p_Val2_173 = select i1 %icmp_ln1649_153, i7 %trunc_ln2, i7 0" [firmware/nnet_utils/nnet_activation_stream.h:51]   --->   Operation 211 'select' 'p_Val2_173' <Predicate = true> <Delay = 0.35> <CoreInst = "Sel">   --->   Core 73 'Sel' <Latency = 0> <II = 1> <Delay = 0.35> <FuncUnit> <Opcode : 'select'> <InPorts = 3> <OutPorts = 1>

State 2 <SV = 1> <Delay = 2.18>
ST_2 : Operation 212 [1/1] (0.00ns)   --->   "%specinterface_ln0 = specinterface void @_ssdm_op_SpecInterface, i416 %layer16_out, void @empty_2, i32 0, i32 0, void @empty_1, i32 0, i32 0, void @empty_1, void @empty_1, void @empty_1, i32 0, i32 0, i32 0, i32 0, void @empty_1, void @empty_1, i32 4294967295, i32 0"   --->   Operation 212 'specinterface' 'specinterface_ln0' <Predicate = true> <Delay = 0.00>
ST_2 : Operation 213 [1/1] (0.00ns)   --->   "%specinterface_ln0 = specinterface void @_ssdm_op_SpecInterface, i416 %layer14_out, void @empty_2, i32 0, i32 0, void @empty_1, i32 0, i32 0, void @empty_1, void @empty_1, void @empty_1, i32 0, i32 0, i32 0, i32 0, void @empty_1, void @empty_1, i32 4294967295, i32 0"   --->   Operation 213 'specinterface' 'specinterface_ln0' <Predicate = true> <Delay = 0.00>
ST_2 : Operation 214 [1/1] (0.00ns)   --->   "%zext_ln1649 = zext i7 %select_ln51"   --->   Operation 214 'zext' 'zext_ln1649' <Predicate = true> <Delay = 0.00>
ST_2 : Operation 215 [1/1] (0.00ns)   --->   "%zext_ln51 = zext i7 %out_data_data_26" [firmware/nnet_utils/nnet_activation_stream.h:51]   --->   Operation 215 'zext' 'zext_ln51' <Predicate = true> <Delay = 0.00>
ST_2 : Operation 216 [1/1] (0.00ns)   --->   "%zext_ln1649_49 = zext i7 %select_ln51_99"   --->   Operation 216 'zext' 'zext_ln1649_49' <Predicate = true> <Delay = 0.00>
ST_2 : Operation 217 [1/1] (0.00ns)   --->   "%zext_ln51_49 = zext i7 %out_data_data_28" [firmware/nnet_utils/nnet_activation_stream.h:51]   --->   Operation 217 'zext' 'zext_ln51_49' <Predicate = true> <Delay = 0.00>
ST_2 : Operation 218 [1/1] (0.00ns)   --->   "%zext_ln1649_50 = zext i7 %select_ln51_101"   --->   Operation 218 'zext' 'zext_ln1649_50' <Predicate = true> <Delay = 0.00>
ST_2 : Operation 219 [1/1] (0.00ns)   --->   "%zext_ln51_50 = zext i7 %out_data_data_30" [firmware/nnet_utils/nnet_activation_stream.h:51]   --->   Operation 219 'zext' 'zext_ln51_50' <Predicate = true> <Delay = 0.00>
ST_2 : Operation 220 [1/1] (0.00ns)   --->   "%zext_ln1649_51 = zext i7 %select_ln51_103"   --->   Operation 220 'zext' 'zext_ln1649_51' <Predicate = true> <Delay = 0.00>
ST_2 : Operation 221 [1/1] (0.00ns)   --->   "%zext_ln51_51 = zext i7 %out_data_data_32" [firmware/nnet_utils/nnet_activation_stream.h:51]   --->   Operation 221 'zext' 'zext_ln51_51' <Predicate = true> <Delay = 0.00>
ST_2 : Operation 222 [1/1] (0.00ns)   --->   "%zext_ln1649_52 = zext i7 %select_ln51_105"   --->   Operation 222 'zext' 'zext_ln1649_52' <Predicate = true> <Delay = 0.00>
ST_2 : Operation 223 [1/1] (0.00ns)   --->   "%zext_ln51_52 = zext i7 %p_Val2_152" [firmware/nnet_utils/nnet_activation_stream.h:51]   --->   Operation 223 'zext' 'zext_ln51_52' <Predicate = true> <Delay = 0.00>
ST_2 : Operation 224 [1/1] (0.00ns)   --->   "%zext_ln1649_53 = zext i7 %select_ln51_107"   --->   Operation 224 'zext' 'zext_ln1649_53' <Predicate = true> <Delay = 0.00>
ST_2 : Operation 225 [1/1] (0.00ns)   --->   "%zext_ln51_53 = zext i7 %p_Val2_153" [firmware/nnet_utils/nnet_activation_stream.h:51]   --->   Operation 225 'zext' 'zext_ln51_53' <Predicate = true> <Delay = 0.00>
ST_2 : Operation 226 [1/1] (0.00ns)   --->   "%zext_ln1649_54 = zext i7 %select_ln51_109"   --->   Operation 226 'zext' 'zext_ln1649_54' <Predicate = true> <Delay = 0.00>
ST_2 : Operation 227 [1/1] (0.00ns)   --->   "%zext_ln51_54 = zext i7 %p_Val2_154" [firmware/nnet_utils/nnet_activation_stream.h:51]   --->   Operation 227 'zext' 'zext_ln51_54' <Predicate = true> <Delay = 0.00>
ST_2 : Operation 228 [1/1] (0.00ns)   --->   "%zext_ln1649_55 = zext i7 %select_ln51_111"   --->   Operation 228 'zext' 'zext_ln1649_55' <Predicate = true> <Delay = 0.00>
ST_2 : Operation 229 [1/1] (0.00ns)   --->   "%zext_ln51_55 = zext i7 %p_Val2_155" [firmware/nnet_utils/nnet_activation_stream.h:51]   --->   Operation 229 'zext' 'zext_ln51_55' <Predicate = true> <Delay = 0.00>
ST_2 : Operation 230 [1/1] (0.00ns)   --->   "%zext_ln1649_56 = zext i7 %select_ln51_113"   --->   Operation 230 'zext' 'zext_ln1649_56' <Predicate = true> <Delay = 0.00>
ST_2 : Operation 231 [1/1] (0.00ns)   --->   "%zext_ln51_56 = zext i7 %p_Val2_156" [firmware/nnet_utils/nnet_activation_stream.h:51]   --->   Operation 231 'zext' 'zext_ln51_56' <Predicate = true> <Delay = 0.00>
ST_2 : Operation 232 [1/1] (0.00ns)   --->   "%zext_ln1649_57 = zext i7 %select_ln51_115"   --->   Operation 232 'zext' 'zext_ln1649_57' <Predicate = true> <Delay = 0.00>
ST_2 : Operation 233 [1/1] (0.00ns)   --->   "%zext_ln51_57 = zext i7 %p_Val2_157" [firmware/nnet_utils/nnet_activation_stream.h:51]   --->   Operation 233 'zext' 'zext_ln51_57' <Predicate = true> <Delay = 0.00>
ST_2 : Operation 234 [1/1] (0.00ns)   --->   "%zext_ln1649_58 = zext i7 %select_ln51_117"   --->   Operation 234 'zext' 'zext_ln1649_58' <Predicate = true> <Delay = 0.00>
ST_2 : Operation 235 [1/1] (0.00ns)   --->   "%zext_ln51_58 = zext i7 %p_Val2_158" [firmware/nnet_utils/nnet_activation_stream.h:51]   --->   Operation 235 'zext' 'zext_ln51_58' <Predicate = true> <Delay = 0.00>
ST_2 : Operation 236 [1/1] (0.00ns)   --->   "%zext_ln1649_59 = zext i7 %select_ln51_119"   --->   Operation 236 'zext' 'zext_ln1649_59' <Predicate = true> <Delay = 0.00>
ST_2 : Operation 237 [1/1] (0.00ns)   --->   "%zext_ln51_59 = zext i7 %p_Val2_159" [firmware/nnet_utils/nnet_activation_stream.h:51]   --->   Operation 237 'zext' 'zext_ln51_59' <Predicate = true> <Delay = 0.00>
ST_2 : Operation 238 [1/1] (0.00ns)   --->   "%zext_ln1649_60 = zext i7 %select_ln51_121"   --->   Operation 238 'zext' 'zext_ln1649_60' <Predicate = true> <Delay = 0.00>
ST_2 : Operation 239 [1/1] (0.00ns)   --->   "%zext_ln51_60 = zext i7 %p_Val2_160" [firmware/nnet_utils/nnet_activation_stream.h:51]   --->   Operation 239 'zext' 'zext_ln51_60' <Predicate = true> <Delay = 0.00>
ST_2 : Operation 240 [1/1] (0.00ns)   --->   "%zext_ln1649_61 = zext i7 %select_ln51_123"   --->   Operation 240 'zext' 'zext_ln1649_61' <Predicate = true> <Delay = 0.00>
ST_2 : Operation 241 [1/1] (0.00ns)   --->   "%zext_ln51_61 = zext i7 %p_Val2_161" [firmware/nnet_utils/nnet_activation_stream.h:51]   --->   Operation 241 'zext' 'zext_ln51_61' <Predicate = true> <Delay = 0.00>
ST_2 : Operation 242 [1/1] (0.00ns)   --->   "%zext_ln1649_62 = zext i7 %select_ln51_125"   --->   Operation 242 'zext' 'zext_ln1649_62' <Predicate = true> <Delay = 0.00>
ST_2 : Operation 243 [1/1] (0.00ns)   --->   "%zext_ln51_62 = zext i7 %p_Val2_162" [firmware/nnet_utils/nnet_activation_stream.h:51]   --->   Operation 243 'zext' 'zext_ln51_62' <Predicate = true> <Delay = 0.00>
ST_2 : Operation 244 [1/1] (0.00ns)   --->   "%zext_ln1649_63 = zext i7 %select_ln51_127"   --->   Operation 244 'zext' 'zext_ln1649_63' <Predicate = true> <Delay = 0.00>
ST_2 : Operation 245 [1/1] (0.00ns)   --->   "%zext_ln51_63 = zext i7 %p_Val2_163" [firmware/nnet_utils/nnet_activation_stream.h:51]   --->   Operation 245 'zext' 'zext_ln51_63' <Predicate = true> <Delay = 0.00>
ST_2 : Operation 246 [1/1] (0.00ns)   --->   "%zext_ln1649_64 = zext i7 %select_ln51_129"   --->   Operation 246 'zext' 'zext_ln1649_64' <Predicate = true> <Delay = 0.00>
ST_2 : Operation 247 [1/1] (0.00ns)   --->   "%zext_ln51_64 = zext i7 %p_Val2_164" [firmware/nnet_utils/nnet_activation_stream.h:51]   --->   Operation 247 'zext' 'zext_ln51_64' <Predicate = true> <Delay = 0.00>
ST_2 : Operation 248 [1/1] (0.00ns)   --->   "%zext_ln1649_65 = zext i7 %select_ln51_131"   --->   Operation 248 'zext' 'zext_ln1649_65' <Predicate = true> <Delay = 0.00>
ST_2 : Operation 249 [1/1] (0.00ns)   --->   "%zext_ln51_65 = zext i7 %p_Val2_165" [firmware/nnet_utils/nnet_activation_stream.h:51]   --->   Operation 249 'zext' 'zext_ln51_65' <Predicate = true> <Delay = 0.00>
ST_2 : Operation 250 [1/1] (0.00ns)   --->   "%zext_ln1649_66 = zext i7 %select_ln51_133"   --->   Operation 250 'zext' 'zext_ln1649_66' <Predicate = true> <Delay = 0.00>
ST_2 : Operation 251 [1/1] (0.00ns)   --->   "%zext_ln51_66 = zext i7 %p_Val2_166" [firmware/nnet_utils/nnet_activation_stream.h:51]   --->   Operation 251 'zext' 'zext_ln51_66' <Predicate = true> <Delay = 0.00>
ST_2 : Operation 252 [1/1] (0.00ns)   --->   "%zext_ln1649_67 = zext i7 %select_ln51_135"   --->   Operation 252 'zext' 'zext_ln1649_67' <Predicate = true> <Delay = 0.00>
ST_2 : Operation 253 [1/1] (0.00ns)   --->   "%zext_ln51_67 = zext i7 %p_Val2_167" [firmware/nnet_utils/nnet_activation_stream.h:51]   --->   Operation 253 'zext' 'zext_ln51_67' <Predicate = true> <Delay = 0.00>
ST_2 : Operation 254 [1/1] (0.00ns)   --->   "%zext_ln1649_68 = zext i7 %select_ln51_137"   --->   Operation 254 'zext' 'zext_ln1649_68' <Predicate = true> <Delay = 0.00>
ST_2 : Operation 255 [1/1] (0.00ns)   --->   "%zext_ln51_68 = zext i7 %p_Val2_168" [firmware/nnet_utils/nnet_activation_stream.h:51]   --->   Operation 255 'zext' 'zext_ln51_68' <Predicate = true> <Delay = 0.00>
ST_2 : Operation 256 [1/1] (0.00ns)   --->   "%zext_ln1649_69 = zext i7 %select_ln51_139"   --->   Operation 256 'zext' 'zext_ln1649_69' <Predicate = true> <Delay = 0.00>
ST_2 : Operation 257 [1/1] (0.00ns)   --->   "%zext_ln51_69 = zext i7 %p_Val2_169" [firmware/nnet_utils/nnet_activation_stream.h:51]   --->   Operation 257 'zext' 'zext_ln51_69' <Predicate = true> <Delay = 0.00>
ST_2 : Operation 258 [1/1] (0.00ns)   --->   "%zext_ln1649_70 = zext i7 %select_ln51_141"   --->   Operation 258 'zext' 'zext_ln1649_70' <Predicate = true> <Delay = 0.00>
ST_2 : Operation 259 [1/1] (0.00ns)   --->   "%zext_ln51_70 = zext i7 %p_Val2_170" [firmware/nnet_utils/nnet_activation_stream.h:51]   --->   Operation 259 'zext' 'zext_ln51_70' <Predicate = true> <Delay = 0.00>
ST_2 : Operation 260 [1/1] (0.00ns)   --->   "%zext_ln1649_71 = zext i7 %select_ln51_143"   --->   Operation 260 'zext' 'zext_ln1649_71' <Predicate = true> <Delay = 0.00>
ST_2 : Operation 261 [1/1] (0.00ns)   --->   "%zext_ln51_71 = zext i7 %p_Val2_171" [firmware/nnet_utils/nnet_activation_stream.h:51]   --->   Operation 261 'zext' 'zext_ln51_71' <Predicate = true> <Delay = 0.00>
ST_2 : Operation 262 [1/1] (0.00ns)   --->   "%zext_ln1649_72 = zext i7 %select_ln51_145"   --->   Operation 262 'zext' 'zext_ln1649_72' <Predicate = true> <Delay = 0.00>
ST_2 : Operation 263 [1/1] (0.00ns)   --->   "%zext_ln51_72 = zext i7 %p_Val2_172" [firmware/nnet_utils/nnet_activation_stream.h:51]   --->   Operation 263 'zext' 'zext_ln51_72' <Predicate = true> <Delay = 0.00>
ST_2 : Operation 264 [1/1] (0.00ns)   --->   "%zext_ln1649_73 = zext i7 %select_ln51_147"   --->   Operation 264 'zext' 'zext_ln1649_73' <Predicate = true> <Delay = 0.00>
ST_2 : Operation 265 [1/1] (0.00ns)   --->   "%or_ln57_s = bitconcatenate i415 @_ssdm_op_BitConcatenate.i415.i7.i8.i8.i8.i8.i8.i8.i8.i8.i8.i8.i8.i8.i8.i8.i8.i8.i8.i8.i8.i8.i8.i8.i8.i8.i8.i8.i8.i8.i8.i8.i8.i8.i8.i8.i8.i8.i8.i8.i8.i8.i8.i8.i8.i8.i8.i8.i8.i8.i8.i8.i8, i7 %p_Val2_173, i8 %zext_ln1649_73, i8 %zext_ln51_72, i8 %zext_ln1649_72, i8 %zext_ln51_71, i8 %zext_ln1649_71, i8 %zext_ln51_70, i8 %zext_ln1649_70, i8 %zext_ln51_69, i8 %zext_ln1649_69, i8 %zext_ln51_68, i8 %zext_ln1649_68, i8 %zext_ln51_67, i8 %zext_ln1649_67, i8 %zext_ln51_66, i8 %zext_ln1649_66, i8 %zext_ln51_65, i8 %zext_ln1649_65, i8 %zext_ln51_64, i8 %zext_ln1649_64, i8 %zext_ln51_63, i8 %zext_ln1649_63, i8 %zext_ln51_62, i8 %zext_ln1649_62, i8 %zext_ln51_61, i8 %zext_ln1649_61, i8 %zext_ln51_60, i8 %zext_ln1649_60, i8 %zext_ln51_59, i8 %zext_ln1649_59, i8 %zext_ln51_58, i8 %zext_ln1649_58, i8 %zext_ln51_57, i8 %zext_ln1649_57, i8 %zext_ln51_56, i8 %zext_ln1649_56, i8 %zext_ln51_55, i8 %zext_ln1649_55, i8 %zext_ln51_54, i8 %zext_ln1649_54, i8 %zext_ln51_53, i8 %zext_ln1649_53, i8 %zext_ln51_52, i8 %zext_ln1649_52, i8 %zext_ln51_51, i8 %zext_ln1649_51, i8 %zext_ln51_50, i8 %zext_ln1649_50, i8 %zext_ln51_49, i8 %zext_ln1649_49, i8 %zext_ln51, i8 %zext_ln1649" [firmware/nnet_utils/nnet_activation_stream.h:57]   --->   Operation 265 'bitconcatenate' 'or_ln57_s' <Predicate = true> <Delay = 0.00>
ST_2 : Operation 266 [1/1] (0.00ns)   --->   "%zext_ln57 = zext i415 %or_ln57_s" [firmware/nnet_utils/nnet_activation_stream.h:57]   --->   Operation 266 'zext' 'zext_ln57' <Predicate = true> <Delay = 0.00>
ST_2 : Operation 267 [1/1] (2.18ns)   --->   "%write_ln57 = write void @_ssdm_op_Write.ap_fifo.volatile.i416P0A, i416 %layer16_out, i416 %zext_ln57" [firmware/nnet_utils/nnet_activation_stream.h:57]   --->   Operation 267 'write' 'write_ln57' <Predicate = true> <Delay = 2.18> <CoreInst = "FIFO_SRL">   --->   Core 81 'FIFO_SRL' <Latency = 0> <II = 1> <Delay = 2.26> <Storage> <Opcode : 'read' 'write' 'nbread' 'nbwrite'> <Ports = 0> <Width = 416> <Depth = 1> <FIFO>
ST_2 : Operation 268 [1/1] (0.00ns)   --->   "%ret_ln59 = ret" [firmware/nnet_utils/nnet_activation_stream.h:59]   --->   Operation 268 'ret' 'ret_ln59' <Predicate = true> <Delay = 0.00>


============================================================
+ Verbose Summary: Timing violations
============================================================
Target clock period: 5ns, clock uncertainty: 0.625ns.

 <State 1>: 3.33ns
The critical path consists of the following:
	fifo read operation ('layer14_out_read', firmware/nnet_utils/nnet_activation_stream.h:44) on port 'layer14_out' (firmware/nnet_utils/nnet_activation_stream.h:44) [5]  (2.19 ns)
	'icmp' operation ('icmp_ln1649') [110]  (0.782 ns)
	'select' operation ('select_ln51', firmware/nnet_utils/nnet_activation_stream.h:51) [111]  (0.358 ns)

 <State 2>: 2.19ns
The critical path consists of the following:
	fifo write operation ('write_ln57', firmware/nnet_utils/nnet_activation_stream.h:57) on port 'layer16_out' (firmware/nnet_utils/nnet_activation_stream.h:57) [267]  (2.19 ns)


============================================================
+ Verbose Summary: Binding
============================================================
N/A
* FSMD analyzer results:
  - Output states:
 - Input state : 
  - Chain level:
	State 1
	State 2


============================================================
+ Verbose Summary: Datapath Resource usage 
============================================================
N/A
