

================================================================
== Vitis HLS Report for 'relu_array_ap_fixed_32u_array_ap_ufixed_8_2_4_0_0_32u_relu_config12_s'
================================================================
* Date:           Wed May 21 19:43:08 2025

* Version:        2022.2 (Build 3670227 on Oct 13 2022)
* Project:        myproject_prj
* Solution:       solution1 (Vivado IP Flow Target)
* Product family: kintexu
* Target device:  xcku035-fbva676-2-e


================================================================
== Performance Estimates
================================================================
+ Timing: 
    * Summary: 
    +--------+---------+----------+------------+
    |  Clock |  Target | Estimated| Uncertainty|
    +--------+---------+----------+------------+
    |ap_clk  |  5.00 ns|  3.328 ns|     0.62 ns|
    +--------+---------+----------+------------+

+ Latency: 
    * Summary: 
    +---------+---------+-----------+-----------+-----+-----+---------+
    |  Latency (cycles) |   Latency (absolute)  |  Interval | Pipeline|
    |   min   |   max   |    min    |    max    | min | max |   Type  |
    +---------+---------+-----------+-----------+-----+-----+---------+
    |        7|        7|  35.000 ns|  35.000 ns|    7|    7|       no|
    +---------+---------+-----------+-----------+-----+-----+---------+

    + Detail: 
        * Instance: 
        N/A

        * Loop: 
        +---------------+---------+---------+----------+-----------+-----------+------+----------+
        |               |  Latency (cycles) | Iteration|  Initiation Interval  | Trip |          |
        |   Loop Name   |   min   |   max   |  Latency |  achieved |   target  | Count| Pipelined|
        +---------------+---------+---------+----------+-----------+-----------+------+----------+
        |- ReLUActLoop  |        5|        5|         3|          1|          1|     4|       yes|
        +---------------+---------+---------+----------+-----------+-----------+------+----------+

============================================================
+ Verbose Summary: Synthesis Manager
============================================================
InlineROM: 1
ExposeGlobal: 0
============================================================
+ Verbose Summary: CDFG Model
============================================================
IsTopModel: 0
ResetActiveHigh: 1
IsCombinational: 2
IsDatapathOnly: 0
HasWiredReturn: 1
HasMFsm: 2
HasVarLatency: 1
IsPipeline: 0
IsRtlPipelined: 0
IsInstanceOverlapped: 0
IsDontTouch: 0
HasImplIP: 0
IsGatedGlobalClock: 0

+ Individual pipeline summary: 
  * Pipeline-0: initiation interval (II) = 1, depth = 3


============================================================
+ Verbose Summary: Schedule
============================================================
* Number of FSM states : 3
* Pipeline : 1
  Pipeline-0 : II = 1, D = 3, States = { 1 2 3 }
* Dataflow Pipeline: 0

* FSM state transitions: 
1 --> 2 
2 --> 3 
3 --> 

* FSM state operations: 

State 1 <SV = 0> <Delay = 1.37>
ST_1 : Operation 6 [1/1] (0.00ns)   --->   "%i = alloca i32 1"   --->   Operation 6 'alloca' 'i' <Predicate = true> <Delay = 0.00>
ST_1 : Operation 7 [1/1] (0.00ns)   --->   "%specinterface_ln0 = specinterface void @_ssdm_op_SpecInterface, i256 %layer12_out, void @empty_1, i32 0, i32 0, void @empty_0, i32 0, i32 0, void @empty_0, void @empty_0, void @empty_0, i32 0, i32 0, i32 0, i32 0, void @empty_0, void @empty_0, i32 4294967295, i32 0"   --->   Operation 7 'specinterface' 'specinterface_ln0' <Predicate = true> <Delay = 0.00>
ST_1 : Operation 8 [1/1] (0.00ns)   --->   "%specinterface_ln0 = specinterface void @_ssdm_op_SpecInterface, i256 %layer10_out, void @empty_1, i32 0, i32 0, void @empty_0, i32 0, i32 0, void @empty_0, void @empty_0, void @empty_0, i32 0, i32 0, i32 0, i32 0, void @empty_0, void @empty_0, i32 4294967295, i32 0"   --->   Operation 8 'specinterface' 'specinterface_ln0' <Predicate = true> <Delay = 0.00>
ST_1 : Operation 9 [1/1] (0.53ns)   --->   "%store_ln41 = store i3 0, i3 %i" [firmware/nnet_utils/nnet_activation_stream.h:41]   --->   Operation 9 'store' 'store_ln41' <Predicate = true> <Delay = 0.53>
ST_1 : Operation 10 [1/1] (0.00ns)   --->   "%br_ln41 = br void %for.body4" [firmware/nnet_utils/nnet_activation_stream.h:41]   --->   Operation 10 'br' 'br_ln41' <Predicate = true> <Delay = 0.00>
ST_1 : Operation 11 [1/1] (0.00ns)   --->   "%i_3 = load i3 %i" [firmware/nnet_utils/nnet_activation_stream.h:41]   --->   Operation 11 'load' 'i_3' <Predicate = true> <Delay = 0.00>
ST_1 : Operation 12 [1/1] (0.72ns)   --->   "%icmp_ln41 = icmp_eq  i3 %i_3, i3 4" [firmware/nnet_utils/nnet_activation_stream.h:41]   --->   Operation 12 'icmp' 'icmp_ln41' <Predicate = true> <Delay = 0.72> <CoreInst = "Cmp">   --->   Core 9 'Cmp' <Latency = 0> <II = 1> <Delay = 0.72> <FuncUnit> <Opcode : 'icmp'> <InPorts = 2> <OutPorts = 1>
ST_1 : Operation 13 [1/1] (0.00ns)   --->   "%empty = speclooptripcount i32 @_ssdm_op_SpecLoopTripCount, i64 4, i64 4, i64 4"   --->   Operation 13 'speclooptripcount' 'empty' <Predicate = true> <Delay = 0.00>
ST_1 : Operation 14 [1/1] (0.83ns)   --->   "%i_4 = add i3 %i_3, i3 1" [firmware/nnet_utils/nnet_activation_stream.h:41]   --->   Operation 14 'add' 'i_4' <Predicate = true> <Delay = 0.83> <CoreInst = "Adder">   --->   Core 1 'Adder' <Latency = 0> <II = 1> <Delay = 0.83> <FuncUnit> <Opcode : 'add' 'sub'> <InPorts = 2> <OutPorts = 1>
ST_1 : Operation 15 [1/1] (0.00ns)   --->   "%br_ln41 = br i1 %icmp_ln41, void %for.body4.split, void %for.end15" [firmware/nnet_utils/nnet_activation_stream.h:41]   --->   Operation 15 'br' 'br_ln41' <Predicate = true> <Delay = 0.00>
ST_1 : Operation 16 [1/1] (0.53ns)   --->   "%store_ln41 = store i3 %i_4, i3 %i" [firmware/nnet_utils/nnet_activation_stream.h:41]   --->   Operation 16 'store' 'store_ln41' <Predicate = (!icmp_ln41)> <Delay = 0.53>

State 2 <SV = 1> <Delay = 3.32>
ST_2 : Operation 17 [1/1] (2.18ns)   --->   "%layer10_out_read = read i256 @_ssdm_op_Read.ap_fifo.volatile.i256P0A, i256 %layer10_out" [firmware/nnet_utils/nnet_activation_stream.h:44]   --->   Operation 17 'read' 'layer10_out_read' <Predicate = true> <Delay = 2.18> <CoreInst = "FIFO_SRL">   --->   Core 81 'FIFO_SRL' <Latency = 0> <II = 1> <Delay = 2.26> <Storage> <Opcode : 'read' 'write' 'nbread' 'nbwrite'> <Ports = 0> <Width = 256> <Depth = 4> <FIFO>
ST_2 : Operation 18 [1/1] (0.00ns)   --->   "%out_data_data_45 = trunc i256 %layer10_out_read" [firmware/nnet_utils/nnet_activation_stream.h:44]   --->   Operation 18 'trunc' 'out_data_data_45' <Predicate = true> <Delay = 0.00>
ST_2 : Operation 19 [1/1] (0.00ns)   --->   "%trunc_ln45 = trunc i256 %layer10_out_read" [firmware/nnet_utils/nnet_activation_stream.h:45]   --->   Operation 19 'trunc' 'trunc_ln45' <Predicate = true> <Delay = 0.00>
ST_2 : Operation 20 [1/1] (0.00ns)   --->   "%p_Val2_48 = partselect i8 @_ssdm_op_PartSelect.i8.i256.i32.i32, i256 %layer10_out_read, i32 240, i32 247" [firmware/nnet_utils/nnet_activation_stream.h:44]   --->   Operation 20 'partselect' 'p_Val2_48' <Predicate = true> <Delay = 0.00>
ST_2 : Operation 21 [1/1] (0.00ns)   --->   "%p_Val2_40 = partselect i8 @_ssdm_op_PartSelect.i8.i256.i32.i32, i256 %layer10_out_read, i32 248, i32 255" [firmware/nnet_utils/nnet_activation_stream.h:44]   --->   Operation 21 'partselect' 'p_Val2_40' <Predicate = true> <Delay = 0.00>
ST_2 : Operation 22 [1/1] (0.00ns)   --->   "%in_data_data = partselect i8 @_ssdm_op_PartSelect.i8.i256.i32.i32, i256 %layer10_out_read, i32 8, i32 15" [firmware/nnet_utils/nnet_activation_stream.h:44]   --->   Operation 22 'partselect' 'in_data_data' <Predicate = true> <Delay = 0.00>
ST_2 : Operation 23 [1/1] (0.00ns)   --->   "%trunc_ln44_s = partselect i7 @_ssdm_op_PartSelect.i7.i256.i32.i32, i256 %layer10_out_read, i32 8, i32 14" [firmware/nnet_utils/nnet_activation_stream.h:44]   --->   Operation 23 'partselect' 'trunc_ln44_s' <Predicate = true> <Delay = 0.00>
ST_2 : Operation 24 [1/1] (0.00ns)   --->   "%out_data_data_46 = partselect i8 @_ssdm_op_PartSelect.i8.i256.i32.i32, i256 %layer10_out_read, i32 16, i32 23" [firmware/nnet_utils/nnet_activation_stream.h:44]   --->   Operation 24 'partselect' 'out_data_data_46' <Predicate = true> <Delay = 0.00>
ST_2 : Operation 25 [1/1] (0.00ns)   --->   "%trunc_ln45_7 = partselect i7 @_ssdm_op_PartSelect.i7.i256.i32.i32, i256 %layer10_out_read, i32 16, i32 22" [firmware/nnet_utils/nnet_activation_stream.h:45]   --->   Operation 25 'partselect' 'trunc_ln45_7' <Predicate = true> <Delay = 0.00>
ST_2 : Operation 26 [1/1] (0.00ns)   --->   "%in_data_data_28 = partselect i8 @_ssdm_op_PartSelect.i8.i256.i32.i32, i256 %layer10_out_read, i32 24, i32 31" [firmware/nnet_utils/nnet_activation_stream.h:44]   --->   Operation 26 'partselect' 'in_data_data_28' <Predicate = true> <Delay = 0.00>
ST_2 : Operation 27 [1/1] (0.00ns)   --->   "%trunc_ln44_15 = partselect i7 @_ssdm_op_PartSelect.i7.i256.i32.i32, i256 %layer10_out_read, i32 24, i32 30" [firmware/nnet_utils/nnet_activation_stream.h:44]   --->   Operation 27 'partselect' 'trunc_ln44_15' <Predicate = true> <Delay = 0.00>
ST_2 : Operation 28 [1/1] (0.00ns)   --->   "%out_data_data_47 = partselect i8 @_ssdm_op_PartSelect.i8.i256.i32.i32, i256 %layer10_out_read, i32 32, i32 39" [firmware/nnet_utils/nnet_activation_stream.h:44]   --->   Operation 28 'partselect' 'out_data_data_47' <Predicate = true> <Delay = 0.00>
ST_2 : Operation 29 [1/1] (0.00ns)   --->   "%trunc_ln45_8 = partselect i7 @_ssdm_op_PartSelect.i7.i256.i32.i32, i256 %layer10_out_read, i32 32, i32 38" [firmware/nnet_utils/nnet_activation_stream.h:45]   --->   Operation 29 'partselect' 'trunc_ln45_8' <Predicate = true> <Delay = 0.00>
ST_2 : Operation 30 [1/1] (0.00ns)   --->   "%in_data_data_29 = partselect i8 @_ssdm_op_PartSelect.i8.i256.i32.i32, i256 %layer10_out_read, i32 40, i32 47" [firmware/nnet_utils/nnet_activation_stream.h:44]   --->   Operation 30 'partselect' 'in_data_data_29' <Predicate = true> <Delay = 0.00>
ST_2 : Operation 31 [1/1] (0.00ns)   --->   "%trunc_ln44_16 = partselect i7 @_ssdm_op_PartSelect.i7.i256.i32.i32, i256 %layer10_out_read, i32 40, i32 46" [firmware/nnet_utils/nnet_activation_stream.h:44]   --->   Operation 31 'partselect' 'trunc_ln44_16' <Predicate = true> <Delay = 0.00>
ST_2 : Operation 32 [1/1] (0.00ns)   --->   "%out_data_data_48 = partselect i8 @_ssdm_op_PartSelect.i8.i256.i32.i32, i256 %layer10_out_read, i32 48, i32 55" [firmware/nnet_utils/nnet_activation_stream.h:44]   --->   Operation 32 'partselect' 'out_data_data_48' <Predicate = true> <Delay = 0.00>
ST_2 : Operation 33 [1/1] (0.00ns)   --->   "%trunc_ln45_9 = partselect i7 @_ssdm_op_PartSelect.i7.i256.i32.i32, i256 %layer10_out_read, i32 48, i32 54" [firmware/nnet_utils/nnet_activation_stream.h:45]   --->   Operation 33 'partselect' 'trunc_ln45_9' <Predicate = true> <Delay = 0.00>
ST_2 : Operation 34 [1/1] (0.00ns)   --->   "%in_data_data_30 = partselect i8 @_ssdm_op_PartSelect.i8.i256.i32.i32, i256 %layer10_out_read, i32 56, i32 63" [firmware/nnet_utils/nnet_activation_stream.h:44]   --->   Operation 34 'partselect' 'in_data_data_30' <Predicate = true> <Delay = 0.00>
ST_2 : Operation 35 [1/1] (0.00ns)   --->   "%trunc_ln44_17 = partselect i7 @_ssdm_op_PartSelect.i7.i256.i32.i32, i256 %layer10_out_read, i32 56, i32 62" [firmware/nnet_utils/nnet_activation_stream.h:44]   --->   Operation 35 'partselect' 'trunc_ln44_17' <Predicate = true> <Delay = 0.00>
ST_2 : Operation 36 [1/1] (0.00ns)   --->   "%p_Val2_s = partselect i8 @_ssdm_op_PartSelect.i8.i256.i32.i32, i256 %layer10_out_read, i32 64, i32 71" [firmware/nnet_utils/nnet_activation_stream.h:44]   --->   Operation 36 'partselect' 'p_Val2_s' <Predicate = true> <Delay = 0.00>
ST_2 : Operation 37 [1/1] (0.00ns)   --->   "%trunc_ln = partselect i7 @_ssdm_op_PartSelect.i7.i256.i32.i32, i256 %layer10_out_read, i32 64, i32 70"   --->   Operation 37 'partselect' 'trunc_ln' <Predicate = true> <Delay = 0.00>
ST_2 : Operation 38 [1/1] (0.00ns)   --->   "%p_Val2_41 = partselect i8 @_ssdm_op_PartSelect.i8.i256.i32.i32, i256 %layer10_out_read, i32 72, i32 79" [firmware/nnet_utils/nnet_activation_stream.h:44]   --->   Operation 38 'partselect' 'p_Val2_41' <Predicate = true> <Delay = 0.00>
ST_2 : Operation 39 [1/1] (0.00ns)   --->   "%trunc_ln44_18 = partselect i7 @_ssdm_op_PartSelect.i7.i256.i32.i32, i256 %layer10_out_read, i32 72, i32 78" [firmware/nnet_utils/nnet_activation_stream.h:44]   --->   Operation 39 'partselect' 'trunc_ln44_18' <Predicate = true> <Delay = 0.00>
ST_2 : Operation 40 [1/1] (0.00ns)   --->   "%p_Val2_20 = partselect i8 @_ssdm_op_PartSelect.i8.i256.i32.i32, i256 %layer10_out_read, i32 80, i32 87" [firmware/nnet_utils/nnet_activation_stream.h:44]   --->   Operation 40 'partselect' 'p_Val2_20' <Predicate = true> <Delay = 0.00>
ST_2 : Operation 41 [1/1] (0.00ns)   --->   "%trunc_ln810_s = partselect i7 @_ssdm_op_PartSelect.i7.i256.i32.i32, i256 %layer10_out_read, i32 80, i32 86"   --->   Operation 41 'partselect' 'trunc_ln810_s' <Predicate = true> <Delay = 0.00>
ST_2 : Operation 42 [1/1] (0.00ns)   --->   "%p_Val2_21 = partselect i8 @_ssdm_op_PartSelect.i8.i256.i32.i32, i256 %layer10_out_read, i32 88, i32 95" [firmware/nnet_utils/nnet_activation_stream.h:44]   --->   Operation 42 'partselect' 'p_Val2_21' <Predicate = true> <Delay = 0.00>
ST_2 : Operation 43 [1/1] (0.00ns)   --->   "%trunc_ln44_19 = partselect i7 @_ssdm_op_PartSelect.i7.i256.i32.i32, i256 %layer10_out_read, i32 88, i32 94" [firmware/nnet_utils/nnet_activation_stream.h:44]   --->   Operation 43 'partselect' 'trunc_ln44_19' <Predicate = true> <Delay = 0.00>
ST_2 : Operation 44 [1/1] (0.00ns)   --->   "%p_Val2_22 = partselect i8 @_ssdm_op_PartSelect.i8.i256.i32.i32, i256 %layer10_out_read, i32 96, i32 103" [firmware/nnet_utils/nnet_activation_stream.h:44]   --->   Operation 44 'partselect' 'p_Val2_22' <Predicate = true> <Delay = 0.00>
ST_2 : Operation 45 [1/1] (0.00ns)   --->   "%trunc_ln810_11 = partselect i7 @_ssdm_op_PartSelect.i7.i256.i32.i32, i256 %layer10_out_read, i32 96, i32 102"   --->   Operation 45 'partselect' 'trunc_ln810_11' <Predicate = true> <Delay = 0.00>
ST_2 : Operation 46 [1/1] (0.00ns)   --->   "%p_Val2_23 = partselect i8 @_ssdm_op_PartSelect.i8.i256.i32.i32, i256 %layer10_out_read, i32 104, i32 111" [firmware/nnet_utils/nnet_activation_stream.h:44]   --->   Operation 46 'partselect' 'p_Val2_23' <Predicate = true> <Delay = 0.00>
ST_2 : Operation 47 [1/1] (0.00ns)   --->   "%trunc_ln44_20 = partselect i7 @_ssdm_op_PartSelect.i7.i256.i32.i32, i256 %layer10_out_read, i32 104, i32 110" [firmware/nnet_utils/nnet_activation_stream.h:44]   --->   Operation 47 'partselect' 'trunc_ln44_20' <Predicate = true> <Delay = 0.00>
ST_2 : Operation 48 [1/1] (0.00ns)   --->   "%p_Val2_24 = partselect i8 @_ssdm_op_PartSelect.i8.i256.i32.i32, i256 %layer10_out_read, i32 112, i32 119" [firmware/nnet_utils/nnet_activation_stream.h:44]   --->   Operation 48 'partselect' 'p_Val2_24' <Predicate = true> <Delay = 0.00>
ST_2 : Operation 49 [1/1] (0.00ns)   --->   "%trunc_ln810_12 = partselect i7 @_ssdm_op_PartSelect.i7.i256.i32.i32, i256 %layer10_out_read, i32 112, i32 118"   --->   Operation 49 'partselect' 'trunc_ln810_12' <Predicate = true> <Delay = 0.00>
ST_2 : Operation 50 [1/1] (0.00ns)   --->   "%p_Val2_25 = partselect i8 @_ssdm_op_PartSelect.i8.i256.i32.i32, i256 %layer10_out_read, i32 120, i32 127" [firmware/nnet_utils/nnet_activation_stream.h:44]   --->   Operation 50 'partselect' 'p_Val2_25' <Predicate = true> <Delay = 0.00>
ST_2 : Operation 51 [1/1] (0.00ns)   --->   "%trunc_ln44_21 = partselect i7 @_ssdm_op_PartSelect.i7.i256.i32.i32, i256 %layer10_out_read, i32 120, i32 126" [firmware/nnet_utils/nnet_activation_stream.h:44]   --->   Operation 51 'partselect' 'trunc_ln44_21' <Predicate = true> <Delay = 0.00>
ST_2 : Operation 52 [1/1] (0.00ns)   --->   "%p_Val2_26 = partselect i8 @_ssdm_op_PartSelect.i8.i256.i32.i32, i256 %layer10_out_read, i32 128, i32 135" [firmware/nnet_utils/nnet_activation_stream.h:44]   --->   Operation 52 'partselect' 'p_Val2_26' <Predicate = true> <Delay = 0.00>
ST_2 : Operation 53 [1/1] (0.00ns)   --->   "%trunc_ln810_13 = partselect i7 @_ssdm_op_PartSelect.i7.i256.i32.i32, i256 %layer10_out_read, i32 128, i32 134"   --->   Operation 53 'partselect' 'trunc_ln810_13' <Predicate = true> <Delay = 0.00>
ST_2 : Operation 54 [1/1] (0.00ns)   --->   "%p_Val2_27 = partselect i8 @_ssdm_op_PartSelect.i8.i256.i32.i32, i256 %layer10_out_read, i32 136, i32 143" [firmware/nnet_utils/nnet_activation_stream.h:44]   --->   Operation 54 'partselect' 'p_Val2_27' <Predicate = true> <Delay = 0.00>
ST_2 : Operation 55 [1/1] (0.00ns)   --->   "%trunc_ln44_22 = partselect i7 @_ssdm_op_PartSelect.i7.i256.i32.i32, i256 %layer10_out_read, i32 136, i32 142" [firmware/nnet_utils/nnet_activation_stream.h:44]   --->   Operation 55 'partselect' 'trunc_ln44_22' <Predicate = true> <Delay = 0.00>
ST_2 : Operation 56 [1/1] (0.00ns)   --->   "%p_Val2_28 = partselect i8 @_ssdm_op_PartSelect.i8.i256.i32.i32, i256 %layer10_out_read, i32 144, i32 151" [firmware/nnet_utils/nnet_activation_stream.h:44]   --->   Operation 56 'partselect' 'p_Val2_28' <Predicate = true> <Delay = 0.00>
ST_2 : Operation 57 [1/1] (0.00ns)   --->   "%trunc_ln810_14 = partselect i7 @_ssdm_op_PartSelect.i7.i256.i32.i32, i256 %layer10_out_read, i32 144, i32 150"   --->   Operation 57 'partselect' 'trunc_ln810_14' <Predicate = true> <Delay = 0.00>
ST_2 : Operation 58 [1/1] (0.00ns)   --->   "%p_Val2_29 = partselect i8 @_ssdm_op_PartSelect.i8.i256.i32.i32, i256 %layer10_out_read, i32 152, i32 159" [firmware/nnet_utils/nnet_activation_stream.h:44]   --->   Operation 58 'partselect' 'p_Val2_29' <Predicate = true> <Delay = 0.00>
ST_2 : Operation 59 [1/1] (0.00ns)   --->   "%trunc_ln44_23 = partselect i7 @_ssdm_op_PartSelect.i7.i256.i32.i32, i256 %layer10_out_read, i32 152, i32 158" [firmware/nnet_utils/nnet_activation_stream.h:44]   --->   Operation 59 'partselect' 'trunc_ln44_23' <Predicate = true> <Delay = 0.00>
ST_2 : Operation 60 [1/1] (0.00ns)   --->   "%p_Val2_30 = partselect i8 @_ssdm_op_PartSelect.i8.i256.i32.i32, i256 %layer10_out_read, i32 160, i32 167" [firmware/nnet_utils/nnet_activation_stream.h:44]   --->   Operation 60 'partselect' 'p_Val2_30' <Predicate = true> <Delay = 0.00>
ST_2 : Operation 61 [1/1] (0.00ns)   --->   "%trunc_ln810_15 = partselect i7 @_ssdm_op_PartSelect.i7.i256.i32.i32, i256 %layer10_out_read, i32 160, i32 166"   --->   Operation 61 'partselect' 'trunc_ln810_15' <Predicate = true> <Delay = 0.00>
ST_2 : Operation 62 [1/1] (0.00ns)   --->   "%p_Val2_31 = partselect i8 @_ssdm_op_PartSelect.i8.i256.i32.i32, i256 %layer10_out_read, i32 168, i32 175" [firmware/nnet_utils/nnet_activation_stream.h:44]   --->   Operation 62 'partselect' 'p_Val2_31' <Predicate = true> <Delay = 0.00>
ST_2 : Operation 63 [1/1] (0.00ns)   --->   "%trunc_ln44_24 = partselect i7 @_ssdm_op_PartSelect.i7.i256.i32.i32, i256 %layer10_out_read, i32 168, i32 174" [firmware/nnet_utils/nnet_activation_stream.h:44]   --->   Operation 63 'partselect' 'trunc_ln44_24' <Predicate = true> <Delay = 0.00>
ST_2 : Operation 64 [1/1] (0.00ns)   --->   "%p_Val2_32 = partselect i8 @_ssdm_op_PartSelect.i8.i256.i32.i32, i256 %layer10_out_read, i32 176, i32 183" [firmware/nnet_utils/nnet_activation_stream.h:44]   --->   Operation 64 'partselect' 'p_Val2_32' <Predicate = true> <Delay = 0.00>
ST_2 : Operation 65 [1/1] (0.00ns)   --->   "%trunc_ln810_16 = partselect i7 @_ssdm_op_PartSelect.i7.i256.i32.i32, i256 %layer10_out_read, i32 176, i32 182"   --->   Operation 65 'partselect' 'trunc_ln810_16' <Predicate = true> <Delay = 0.00>
ST_2 : Operation 66 [1/1] (0.00ns)   --->   "%p_Val2_33 = partselect i8 @_ssdm_op_PartSelect.i8.i256.i32.i32, i256 %layer10_out_read, i32 184, i32 191" [firmware/nnet_utils/nnet_activation_stream.h:44]   --->   Operation 66 'partselect' 'p_Val2_33' <Predicate = true> <Delay = 0.00>
ST_2 : Operation 67 [1/1] (0.00ns)   --->   "%trunc_ln44_25 = partselect i7 @_ssdm_op_PartSelect.i7.i256.i32.i32, i256 %layer10_out_read, i32 184, i32 190" [firmware/nnet_utils/nnet_activation_stream.h:44]   --->   Operation 67 'partselect' 'trunc_ln44_25' <Predicate = true> <Delay = 0.00>
ST_2 : Operation 68 [1/1] (0.00ns)   --->   "%p_Val2_34 = partselect i8 @_ssdm_op_PartSelect.i8.i256.i32.i32, i256 %layer10_out_read, i32 192, i32 199" [firmware/nnet_utils/nnet_activation_stream.h:44]   --->   Operation 68 'partselect' 'p_Val2_34' <Predicate = true> <Delay = 0.00>
ST_2 : Operation 69 [1/1] (0.00ns)   --->   "%trunc_ln810_17 = partselect i7 @_ssdm_op_PartSelect.i7.i256.i32.i32, i256 %layer10_out_read, i32 192, i32 198"   --->   Operation 69 'partselect' 'trunc_ln810_17' <Predicate = true> <Delay = 0.00>
ST_2 : Operation 70 [1/1] (0.00ns)   --->   "%p_Val2_35 = partselect i8 @_ssdm_op_PartSelect.i8.i256.i32.i32, i256 %layer10_out_read, i32 200, i32 207" [firmware/nnet_utils/nnet_activation_stream.h:44]   --->   Operation 70 'partselect' 'p_Val2_35' <Predicate = true> <Delay = 0.00>
ST_2 : Operation 71 [1/1] (0.00ns)   --->   "%trunc_ln44_26 = partselect i7 @_ssdm_op_PartSelect.i7.i256.i32.i32, i256 %layer10_out_read, i32 200, i32 206" [firmware/nnet_utils/nnet_activation_stream.h:44]   --->   Operation 71 'partselect' 'trunc_ln44_26' <Predicate = true> <Delay = 0.00>
ST_2 : Operation 72 [1/1] (0.00ns)   --->   "%p_Val2_36 = partselect i8 @_ssdm_op_PartSelect.i8.i256.i32.i32, i256 %layer10_out_read, i32 208, i32 215" [firmware/nnet_utils/nnet_activation_stream.h:44]   --->   Operation 72 'partselect' 'p_Val2_36' <Predicate = true> <Delay = 0.00>
ST_2 : Operation 73 [1/1] (0.00ns)   --->   "%trunc_ln810_18 = partselect i7 @_ssdm_op_PartSelect.i7.i256.i32.i32, i256 %layer10_out_read, i32 208, i32 214"   --->   Operation 73 'partselect' 'trunc_ln810_18' <Predicate = true> <Delay = 0.00>
ST_2 : Operation 74 [1/1] (0.00ns)   --->   "%p_Val2_37 = partselect i8 @_ssdm_op_PartSelect.i8.i256.i32.i32, i256 %layer10_out_read, i32 216, i32 223" [firmware/nnet_utils/nnet_activation_stream.h:44]   --->   Operation 74 'partselect' 'p_Val2_37' <Predicate = true> <Delay = 0.00>
ST_2 : Operation 75 [1/1] (0.00ns)   --->   "%trunc_ln44_27 = partselect i7 @_ssdm_op_PartSelect.i7.i256.i32.i32, i256 %layer10_out_read, i32 216, i32 222" [firmware/nnet_utils/nnet_activation_stream.h:44]   --->   Operation 75 'partselect' 'trunc_ln44_27' <Predicate = true> <Delay = 0.00>
ST_2 : Operation 76 [1/1] (0.00ns)   --->   "%p_Val2_38 = partselect i8 @_ssdm_op_PartSelect.i8.i256.i32.i32, i256 %layer10_out_read, i32 224, i32 231" [firmware/nnet_utils/nnet_activation_stream.h:44]   --->   Operation 76 'partselect' 'p_Val2_38' <Predicate = true> <Delay = 0.00>
ST_2 : Operation 77 [1/1] (0.00ns)   --->   "%trunc_ln810_19 = partselect i7 @_ssdm_op_PartSelect.i7.i256.i32.i32, i256 %layer10_out_read, i32 224, i32 230"   --->   Operation 77 'partselect' 'trunc_ln810_19' <Predicate = true> <Delay = 0.00>
ST_2 : Operation 78 [1/1] (0.00ns)   --->   "%p_Val2_39 = partselect i8 @_ssdm_op_PartSelect.i8.i256.i32.i32, i256 %layer10_out_read, i32 232, i32 239" [firmware/nnet_utils/nnet_activation_stream.h:44]   --->   Operation 78 'partselect' 'p_Val2_39' <Predicate = true> <Delay = 0.00>
ST_2 : Operation 79 [1/1] (0.00ns)   --->   "%trunc_ln44_28 = partselect i7 @_ssdm_op_PartSelect.i7.i256.i32.i32, i256 %layer10_out_read, i32 232, i32 238" [firmware/nnet_utils/nnet_activation_stream.h:44]   --->   Operation 79 'partselect' 'trunc_ln44_28' <Predicate = true> <Delay = 0.00>
ST_2 : Operation 80 [1/1] (0.00ns)   --->   "%trunc_ln810_20 = partselect i7 @_ssdm_op_PartSelect.i7.i256.i32.i32, i256 %layer10_out_read, i32 240, i32 246"   --->   Operation 80 'partselect' 'trunc_ln810_20' <Predicate = true> <Delay = 0.00>
ST_2 : Operation 81 [1/1] (0.00ns)   --->   "%trunc_ln2 = partselect i7 @_ssdm_op_PartSelect.i7.i256.i32.i32, i256 %layer10_out_read, i32 248, i32 254"   --->   Operation 81 'partselect' 'trunc_ln2' <Predicate = true> <Delay = 0.00>
ST_2 : Operation 82 [1/1] (0.78ns)   --->   "%icmp_ln1649 = icmp_sgt  i8 %out_data_data_45, i8 0"   --->   Operation 82 'icmp' 'icmp_ln1649' <Predicate = true> <Delay = 0.78> <CoreInst = "Cmp">   --->   Core 9 'Cmp' <Latency = 0> <II = 1> <Delay = 0.78> <FuncUnit> <Opcode : 'icmp'> <InPorts = 2> <OutPorts = 1>
ST_2 : Operation 83 [1/1] (0.35ns)   --->   "%out_data_data = select i1 %icmp_ln1649, i7 %trunc_ln45, i7 0" [firmware/nnet_utils/nnet_activation_stream.h:51]   --->   Operation 83 'select' 'out_data_data' <Predicate = true> <Delay = 0.35> <CoreInst = "Sel">   --->   Core 73 'Sel' <Latency = 0> <II = 1> <Delay = 0.35> <FuncUnit> <Opcode : 'select'> <InPorts = 3> <OutPorts = 1>
ST_2 : Operation 84 [1/1] (0.78ns)   --->   "%icmp_ln1649_39 = icmp_sgt  i8 %in_data_data, i8 0"   --->   Operation 84 'icmp' 'icmp_ln1649_39' <Predicate = true> <Delay = 0.78> <CoreInst = "Cmp">   --->   Core 9 'Cmp' <Latency = 0> <II = 1> <Delay = 0.78> <FuncUnit> <Opcode : 'icmp'> <InPorts = 2> <OutPorts = 1>
ST_2 : Operation 85 [1/1] (0.35ns)   --->   "%out_data_data_35 = select i1 %icmp_ln1649_39, i7 %trunc_ln44_s, i7 0" [firmware/nnet_utils/nnet_activation_stream.h:51]   --->   Operation 85 'select' 'out_data_data_35' <Predicate = true> <Delay = 0.35> <CoreInst = "Sel">   --->   Core 73 'Sel' <Latency = 0> <II = 1> <Delay = 0.35> <FuncUnit> <Opcode : 'select'> <InPorts = 3> <OutPorts = 1>
ST_2 : Operation 86 [1/1] (0.78ns)   --->   "%icmp_ln1649_40 = icmp_sgt  i8 %out_data_data_46, i8 0"   --->   Operation 86 'icmp' 'icmp_ln1649_40' <Predicate = true> <Delay = 0.78> <CoreInst = "Cmp">   --->   Core 9 'Cmp' <Latency = 0> <II = 1> <Delay = 0.78> <FuncUnit> <Opcode : 'icmp'> <InPorts = 2> <OutPorts = 1>
ST_2 : Operation 87 [1/1] (0.35ns)   --->   "%out_data_data_36 = select i1 %icmp_ln1649_40, i7 %trunc_ln45_7, i7 0" [firmware/nnet_utils/nnet_activation_stream.h:51]   --->   Operation 87 'select' 'out_data_data_36' <Predicate = true> <Delay = 0.35> <CoreInst = "Sel">   --->   Core 73 'Sel' <Latency = 0> <II = 1> <Delay = 0.35> <FuncUnit> <Opcode : 'select'> <InPorts = 3> <OutPorts = 1>
ST_2 : Operation 88 [1/1] (0.78ns)   --->   "%icmp_ln1649_41 = icmp_sgt  i8 %in_data_data_28, i8 0"   --->   Operation 88 'icmp' 'icmp_ln1649_41' <Predicate = true> <Delay = 0.78> <CoreInst = "Cmp">   --->   Core 9 'Cmp' <Latency = 0> <II = 1> <Delay = 0.78> <FuncUnit> <Opcode : 'icmp'> <InPorts = 2> <OutPorts = 1>
ST_2 : Operation 89 [1/1] (0.35ns)   --->   "%out_data_data_38 = select i1 %icmp_ln1649_41, i7 %trunc_ln44_15, i7 0" [firmware/nnet_utils/nnet_activation_stream.h:51]   --->   Operation 89 'select' 'out_data_data_38' <Predicate = true> <Delay = 0.35> <CoreInst = "Sel">   --->   Core 73 'Sel' <Latency = 0> <II = 1> <Delay = 0.35> <FuncUnit> <Opcode : 'select'> <InPorts = 3> <OutPorts = 1>
ST_2 : Operation 90 [1/1] (0.78ns)   --->   "%icmp_ln1649_42 = icmp_sgt  i8 %out_data_data_47, i8 0"   --->   Operation 90 'icmp' 'icmp_ln1649_42' <Predicate = true> <Delay = 0.78> <CoreInst = "Cmp">   --->   Core 9 'Cmp' <Latency = 0> <II = 1> <Delay = 0.78> <FuncUnit> <Opcode : 'icmp'> <InPorts = 2> <OutPorts = 1>
ST_2 : Operation 91 [1/1] (0.35ns)   --->   "%out_data_data_39 = select i1 %icmp_ln1649_42, i7 %trunc_ln45_8, i7 0" [firmware/nnet_utils/nnet_activation_stream.h:51]   --->   Operation 91 'select' 'out_data_data_39' <Predicate = true> <Delay = 0.35> <CoreInst = "Sel">   --->   Core 73 'Sel' <Latency = 0> <II = 1> <Delay = 0.35> <FuncUnit> <Opcode : 'select'> <InPorts = 3> <OutPorts = 1>
ST_2 : Operation 92 [1/1] (0.78ns)   --->   "%icmp_ln1649_43 = icmp_sgt  i8 %in_data_data_29, i8 0"   --->   Operation 92 'icmp' 'icmp_ln1649_43' <Predicate = true> <Delay = 0.78> <CoreInst = "Cmp">   --->   Core 9 'Cmp' <Latency = 0> <II = 1> <Delay = 0.78> <FuncUnit> <Opcode : 'icmp'> <InPorts = 2> <OutPorts = 1>
ST_2 : Operation 93 [1/1] (0.35ns)   --->   "%out_data_data_41 = select i1 %icmp_ln1649_43, i7 %trunc_ln44_16, i7 0" [firmware/nnet_utils/nnet_activation_stream.h:51]   --->   Operation 93 'select' 'out_data_data_41' <Predicate = true> <Delay = 0.35> <CoreInst = "Sel">   --->   Core 73 'Sel' <Latency = 0> <II = 1> <Delay = 0.35> <FuncUnit> <Opcode : 'select'> <InPorts = 3> <OutPorts = 1>
ST_2 : Operation 94 [1/1] (0.78ns)   --->   "%icmp_ln1649_44 = icmp_sgt  i8 %out_data_data_48, i8 0"   --->   Operation 94 'icmp' 'icmp_ln1649_44' <Predicate = true> <Delay = 0.78> <CoreInst = "Cmp">   --->   Core 9 'Cmp' <Latency = 0> <II = 1> <Delay = 0.78> <FuncUnit> <Opcode : 'icmp'> <InPorts = 2> <OutPorts = 1>
ST_2 : Operation 95 [1/1] (0.35ns)   --->   "%out_data_data_42 = select i1 %icmp_ln1649_44, i7 %trunc_ln45_9, i7 0" [firmware/nnet_utils/nnet_activation_stream.h:51]   --->   Operation 95 'select' 'out_data_data_42' <Predicate = true> <Delay = 0.35> <CoreInst = "Sel">   --->   Core 73 'Sel' <Latency = 0> <II = 1> <Delay = 0.35> <FuncUnit> <Opcode : 'select'> <InPorts = 3> <OutPorts = 1>
ST_2 : Operation 96 [1/1] (0.78ns)   --->   "%icmp_ln1649_45 = icmp_sgt  i8 %in_data_data_30, i8 0"   --->   Operation 96 'icmp' 'icmp_ln1649_45' <Predicate = true> <Delay = 0.78> <CoreInst = "Cmp">   --->   Core 9 'Cmp' <Latency = 0> <II = 1> <Delay = 0.78> <FuncUnit> <Opcode : 'icmp'> <InPorts = 2> <OutPorts = 1>
ST_2 : Operation 97 [1/1] (0.35ns)   --->   "%out_data_data_44 = select i1 %icmp_ln1649_45, i7 %trunc_ln44_17, i7 0" [firmware/nnet_utils/nnet_activation_stream.h:51]   --->   Operation 97 'select' 'out_data_data_44' <Predicate = true> <Delay = 0.35> <CoreInst = "Sel">   --->   Core 73 'Sel' <Latency = 0> <II = 1> <Delay = 0.35> <FuncUnit> <Opcode : 'select'> <InPorts = 3> <OutPorts = 1>
ST_2 : Operation 98 [1/1] (0.78ns)   --->   "%icmp_ln1649_46 = icmp_sgt  i8 %p_Val2_s, i8 0"   --->   Operation 98 'icmp' 'icmp_ln1649_46' <Predicate = true> <Delay = 0.78> <CoreInst = "Cmp">   --->   Core 9 'Cmp' <Latency = 0> <II = 1> <Delay = 0.78> <FuncUnit> <Opcode : 'icmp'> <InPorts = 2> <OutPorts = 1>
ST_2 : Operation 99 [1/1] (0.35ns)   --->   "%select_ln51 = select i1 %icmp_ln1649_46, i7 %trunc_ln, i7 0" [firmware/nnet_utils/nnet_activation_stream.h:51]   --->   Operation 99 'select' 'select_ln51' <Predicate = true> <Delay = 0.35> <CoreInst = "Sel">   --->   Core 73 'Sel' <Latency = 0> <II = 1> <Delay = 0.35> <FuncUnit> <Opcode : 'select'> <InPorts = 3> <OutPorts = 1>
ST_2 : Operation 100 [1/1] (0.78ns)   --->   "%icmp_ln1649_47 = icmp_sgt  i8 %p_Val2_41, i8 0"   --->   Operation 100 'icmp' 'icmp_ln1649_47' <Predicate = true> <Delay = 0.78> <CoreInst = "Cmp">   --->   Core 9 'Cmp' <Latency = 0> <II = 1> <Delay = 0.78> <FuncUnit> <Opcode : 'icmp'> <InPorts = 2> <OutPorts = 1>
ST_2 : Operation 101 [1/1] (0.35ns)   --->   "%p_Val2_53 = select i1 %icmp_ln1649_47, i7 %trunc_ln44_18, i7 0" [firmware/nnet_utils/nnet_activation_stream.h:51]   --->   Operation 101 'select' 'p_Val2_53' <Predicate = true> <Delay = 0.35> <CoreInst = "Sel">   --->   Core 73 'Sel' <Latency = 0> <II = 1> <Delay = 0.35> <FuncUnit> <Opcode : 'select'> <InPorts = 3> <OutPorts = 1>
ST_2 : Operation 102 [1/1] (0.78ns)   --->   "%icmp_ln1649_48 = icmp_sgt  i8 %p_Val2_20, i8 0"   --->   Operation 102 'icmp' 'icmp_ln1649_48' <Predicate = true> <Delay = 0.78> <CoreInst = "Cmp">   --->   Core 9 'Cmp' <Latency = 0> <II = 1> <Delay = 0.78> <FuncUnit> <Opcode : 'icmp'> <InPorts = 2> <OutPorts = 1>
ST_2 : Operation 103 [1/1] (0.35ns)   --->   "%select_ln51_33 = select i1 %icmp_ln1649_48, i7 %trunc_ln810_s, i7 0" [firmware/nnet_utils/nnet_activation_stream.h:51]   --->   Operation 103 'select' 'select_ln51_33' <Predicate = true> <Delay = 0.35> <CoreInst = "Sel">   --->   Core 73 'Sel' <Latency = 0> <II = 1> <Delay = 0.35> <FuncUnit> <Opcode : 'select'> <InPorts = 3> <OutPorts = 1>
ST_2 : Operation 104 [1/1] (0.78ns)   --->   "%icmp_ln1649_49 = icmp_sgt  i8 %p_Val2_21, i8 0"   --->   Operation 104 'icmp' 'icmp_ln1649_49' <Predicate = true> <Delay = 0.78> <CoreInst = "Cmp">   --->   Core 9 'Cmp' <Latency = 0> <II = 1> <Delay = 0.78> <FuncUnit> <Opcode : 'icmp'> <InPorts = 2> <OutPorts = 1>
ST_2 : Operation 105 [1/1] (0.35ns)   --->   "%p_Val2_54 = select i1 %icmp_ln1649_49, i7 %trunc_ln44_19, i7 0" [firmware/nnet_utils/nnet_activation_stream.h:51]   --->   Operation 105 'select' 'p_Val2_54' <Predicate = true> <Delay = 0.35> <CoreInst = "Sel">   --->   Core 73 'Sel' <Latency = 0> <II = 1> <Delay = 0.35> <FuncUnit> <Opcode : 'select'> <InPorts = 3> <OutPorts = 1>
ST_2 : Operation 106 [1/1] (0.78ns)   --->   "%icmp_ln1649_50 = icmp_sgt  i8 %p_Val2_22, i8 0"   --->   Operation 106 'icmp' 'icmp_ln1649_50' <Predicate = true> <Delay = 0.78> <CoreInst = "Cmp">   --->   Core 9 'Cmp' <Latency = 0> <II = 1> <Delay = 0.78> <FuncUnit> <Opcode : 'icmp'> <InPorts = 2> <OutPorts = 1>
ST_2 : Operation 107 [1/1] (0.35ns)   --->   "%select_ln51_35 = select i1 %icmp_ln1649_50, i7 %trunc_ln810_11, i7 0" [firmware/nnet_utils/nnet_activation_stream.h:51]   --->   Operation 107 'select' 'select_ln51_35' <Predicate = true> <Delay = 0.35> <CoreInst = "Sel">   --->   Core 73 'Sel' <Latency = 0> <II = 1> <Delay = 0.35> <FuncUnit> <Opcode : 'select'> <InPorts = 3> <OutPorts = 1>
ST_2 : Operation 108 [1/1] (0.78ns)   --->   "%icmp_ln1649_51 = icmp_sgt  i8 %p_Val2_23, i8 0"   --->   Operation 108 'icmp' 'icmp_ln1649_51' <Predicate = true> <Delay = 0.78> <CoreInst = "Cmp">   --->   Core 9 'Cmp' <Latency = 0> <II = 1> <Delay = 0.78> <FuncUnit> <Opcode : 'icmp'> <InPorts = 2> <OutPorts = 1>
ST_2 : Operation 109 [1/1] (0.35ns)   --->   "%p_Val2_55 = select i1 %icmp_ln1649_51, i7 %trunc_ln44_20, i7 0" [firmware/nnet_utils/nnet_activation_stream.h:51]   --->   Operation 109 'select' 'p_Val2_55' <Predicate = true> <Delay = 0.35> <CoreInst = "Sel">   --->   Core 73 'Sel' <Latency = 0> <II = 1> <Delay = 0.35> <FuncUnit> <Opcode : 'select'> <InPorts = 3> <OutPorts = 1>
ST_2 : Operation 110 [1/1] (0.78ns)   --->   "%icmp_ln1649_52 = icmp_sgt  i8 %p_Val2_24, i8 0"   --->   Operation 110 'icmp' 'icmp_ln1649_52' <Predicate = true> <Delay = 0.78> <CoreInst = "Cmp">   --->   Core 9 'Cmp' <Latency = 0> <II = 1> <Delay = 0.78> <FuncUnit> <Opcode : 'icmp'> <InPorts = 2> <OutPorts = 1>
ST_2 : Operation 111 [1/1] (0.35ns)   --->   "%select_ln51_37 = select i1 %icmp_ln1649_52, i7 %trunc_ln810_12, i7 0" [firmware/nnet_utils/nnet_activation_stream.h:51]   --->   Operation 111 'select' 'select_ln51_37' <Predicate = true> <Delay = 0.35> <CoreInst = "Sel">   --->   Core 73 'Sel' <Latency = 0> <II = 1> <Delay = 0.35> <FuncUnit> <Opcode : 'select'> <InPorts = 3> <OutPorts = 1>
ST_2 : Operation 112 [1/1] (0.78ns)   --->   "%icmp_ln1649_53 = icmp_sgt  i8 %p_Val2_25, i8 0"   --->   Operation 112 'icmp' 'icmp_ln1649_53' <Predicate = true> <Delay = 0.78> <CoreInst = "Cmp">   --->   Core 9 'Cmp' <Latency = 0> <II = 1> <Delay = 0.78> <FuncUnit> <Opcode : 'icmp'> <InPorts = 2> <OutPorts = 1>
ST_2 : Operation 113 [1/1] (0.35ns)   --->   "%p_Val2_56 = select i1 %icmp_ln1649_53, i7 %trunc_ln44_21, i7 0" [firmware/nnet_utils/nnet_activation_stream.h:51]   --->   Operation 113 'select' 'p_Val2_56' <Predicate = true> <Delay = 0.35> <CoreInst = "Sel">   --->   Core 73 'Sel' <Latency = 0> <II = 1> <Delay = 0.35> <FuncUnit> <Opcode : 'select'> <InPorts = 3> <OutPorts = 1>
ST_2 : Operation 114 [1/1] (0.78ns)   --->   "%icmp_ln1649_54 = icmp_sgt  i8 %p_Val2_26, i8 0"   --->   Operation 114 'icmp' 'icmp_ln1649_54' <Predicate = true> <Delay = 0.78> <CoreInst = "Cmp">   --->   Core 9 'Cmp' <Latency = 0> <II = 1> <Delay = 0.78> <FuncUnit> <Opcode : 'icmp'> <InPorts = 2> <OutPorts = 1>
ST_2 : Operation 115 [1/1] (0.35ns)   --->   "%select_ln51_39 = select i1 %icmp_ln1649_54, i7 %trunc_ln810_13, i7 0" [firmware/nnet_utils/nnet_activation_stream.h:51]   --->   Operation 115 'select' 'select_ln51_39' <Predicate = true> <Delay = 0.35> <CoreInst = "Sel">   --->   Core 73 'Sel' <Latency = 0> <II = 1> <Delay = 0.35> <FuncUnit> <Opcode : 'select'> <InPorts = 3> <OutPorts = 1>
ST_2 : Operation 116 [1/1] (0.78ns)   --->   "%icmp_ln1649_55 = icmp_sgt  i8 %p_Val2_27, i8 0"   --->   Operation 116 'icmp' 'icmp_ln1649_55' <Predicate = true> <Delay = 0.78> <CoreInst = "Cmp">   --->   Core 9 'Cmp' <Latency = 0> <II = 1> <Delay = 0.78> <FuncUnit> <Opcode : 'icmp'> <InPorts = 2> <OutPorts = 1>
ST_2 : Operation 117 [1/1] (0.35ns)   --->   "%p_Val2_57 = select i1 %icmp_ln1649_55, i7 %trunc_ln44_22, i7 0" [firmware/nnet_utils/nnet_activation_stream.h:51]   --->   Operation 117 'select' 'p_Val2_57' <Predicate = true> <Delay = 0.35> <CoreInst = "Sel">   --->   Core 73 'Sel' <Latency = 0> <II = 1> <Delay = 0.35> <FuncUnit> <Opcode : 'select'> <InPorts = 3> <OutPorts = 1>
ST_2 : Operation 118 [1/1] (0.78ns)   --->   "%icmp_ln1649_56 = icmp_sgt  i8 %p_Val2_28, i8 0"   --->   Operation 118 'icmp' 'icmp_ln1649_56' <Predicate = true> <Delay = 0.78> <CoreInst = "Cmp">   --->   Core 9 'Cmp' <Latency = 0> <II = 1> <Delay = 0.78> <FuncUnit> <Opcode : 'icmp'> <InPorts = 2> <OutPorts = 1>
ST_2 : Operation 119 [1/1] (0.35ns)   --->   "%select_ln51_41 = select i1 %icmp_ln1649_56, i7 %trunc_ln810_14, i7 0" [firmware/nnet_utils/nnet_activation_stream.h:51]   --->   Operation 119 'select' 'select_ln51_41' <Predicate = true> <Delay = 0.35> <CoreInst = "Sel">   --->   Core 73 'Sel' <Latency = 0> <II = 1> <Delay = 0.35> <FuncUnit> <Opcode : 'select'> <InPorts = 3> <OutPorts = 1>
ST_2 : Operation 120 [1/1] (0.78ns)   --->   "%icmp_ln1649_57 = icmp_sgt  i8 %p_Val2_29, i8 0"   --->   Operation 120 'icmp' 'icmp_ln1649_57' <Predicate = true> <Delay = 0.78> <CoreInst = "Cmp">   --->   Core 9 'Cmp' <Latency = 0> <II = 1> <Delay = 0.78> <FuncUnit> <Opcode : 'icmp'> <InPorts = 2> <OutPorts = 1>
ST_2 : Operation 121 [1/1] (0.35ns)   --->   "%p_Val2_58 = select i1 %icmp_ln1649_57, i7 %trunc_ln44_23, i7 0" [firmware/nnet_utils/nnet_activation_stream.h:51]   --->   Operation 121 'select' 'p_Val2_58' <Predicate = true> <Delay = 0.35> <CoreInst = "Sel">   --->   Core 73 'Sel' <Latency = 0> <II = 1> <Delay = 0.35> <FuncUnit> <Opcode : 'select'> <InPorts = 3> <OutPorts = 1>
ST_2 : Operation 122 [1/1] (0.78ns)   --->   "%icmp_ln1649_58 = icmp_sgt  i8 %p_Val2_30, i8 0"   --->   Operation 122 'icmp' 'icmp_ln1649_58' <Predicate = true> <Delay = 0.78> <CoreInst = "Cmp">   --->   Core 9 'Cmp' <Latency = 0> <II = 1> <Delay = 0.78> <FuncUnit> <Opcode : 'icmp'> <InPorts = 2> <OutPorts = 1>
ST_2 : Operation 123 [1/1] (0.35ns)   --->   "%select_ln51_43 = select i1 %icmp_ln1649_58, i7 %trunc_ln810_15, i7 0" [firmware/nnet_utils/nnet_activation_stream.h:51]   --->   Operation 123 'select' 'select_ln51_43' <Predicate = true> <Delay = 0.35> <CoreInst = "Sel">   --->   Core 73 'Sel' <Latency = 0> <II = 1> <Delay = 0.35> <FuncUnit> <Opcode : 'select'> <InPorts = 3> <OutPorts = 1>
ST_2 : Operation 124 [1/1] (0.78ns)   --->   "%icmp_ln1649_59 = icmp_sgt  i8 %p_Val2_31, i8 0"   --->   Operation 124 'icmp' 'icmp_ln1649_59' <Predicate = true> <Delay = 0.78> <CoreInst = "Cmp">   --->   Core 9 'Cmp' <Latency = 0> <II = 1> <Delay = 0.78> <FuncUnit> <Opcode : 'icmp'> <InPorts = 2> <OutPorts = 1>
ST_2 : Operation 125 [1/1] (0.35ns)   --->   "%p_Val2_59 = select i1 %icmp_ln1649_59, i7 %trunc_ln44_24, i7 0" [firmware/nnet_utils/nnet_activation_stream.h:51]   --->   Operation 125 'select' 'p_Val2_59' <Predicate = true> <Delay = 0.35> <CoreInst = "Sel">   --->   Core 73 'Sel' <Latency = 0> <II = 1> <Delay = 0.35> <FuncUnit> <Opcode : 'select'> <InPorts = 3> <OutPorts = 1>
ST_2 : Operation 126 [1/1] (0.78ns)   --->   "%icmp_ln1649_60 = icmp_sgt  i8 %p_Val2_32, i8 0"   --->   Operation 126 'icmp' 'icmp_ln1649_60' <Predicate = true> <Delay = 0.78> <CoreInst = "Cmp">   --->   Core 9 'Cmp' <Latency = 0> <II = 1> <Delay = 0.78> <FuncUnit> <Opcode : 'icmp'> <InPorts = 2> <OutPorts = 1>
ST_2 : Operation 127 [1/1] (0.35ns)   --->   "%select_ln51_45 = select i1 %icmp_ln1649_60, i7 %trunc_ln810_16, i7 0" [firmware/nnet_utils/nnet_activation_stream.h:51]   --->   Operation 127 'select' 'select_ln51_45' <Predicate = true> <Delay = 0.35> <CoreInst = "Sel">   --->   Core 73 'Sel' <Latency = 0> <II = 1> <Delay = 0.35> <FuncUnit> <Opcode : 'select'> <InPorts = 3> <OutPorts = 1>
ST_2 : Operation 128 [1/1] (0.78ns)   --->   "%icmp_ln1649_61 = icmp_sgt  i8 %p_Val2_33, i8 0"   --->   Operation 128 'icmp' 'icmp_ln1649_61' <Predicate = true> <Delay = 0.78> <CoreInst = "Cmp">   --->   Core 9 'Cmp' <Latency = 0> <II = 1> <Delay = 0.78> <FuncUnit> <Opcode : 'icmp'> <InPorts = 2> <OutPorts = 1>
ST_2 : Operation 129 [1/1] (0.35ns)   --->   "%p_Val2_60 = select i1 %icmp_ln1649_61, i7 %trunc_ln44_25, i7 0" [firmware/nnet_utils/nnet_activation_stream.h:51]   --->   Operation 129 'select' 'p_Val2_60' <Predicate = true> <Delay = 0.35> <CoreInst = "Sel">   --->   Core 73 'Sel' <Latency = 0> <II = 1> <Delay = 0.35> <FuncUnit> <Opcode : 'select'> <InPorts = 3> <OutPorts = 1>
ST_2 : Operation 130 [1/1] (0.78ns)   --->   "%icmp_ln1649_62 = icmp_sgt  i8 %p_Val2_34, i8 0"   --->   Operation 130 'icmp' 'icmp_ln1649_62' <Predicate = true> <Delay = 0.78> <CoreInst = "Cmp">   --->   Core 9 'Cmp' <Latency = 0> <II = 1> <Delay = 0.78> <FuncUnit> <Opcode : 'icmp'> <InPorts = 2> <OutPorts = 1>
ST_2 : Operation 131 [1/1] (0.35ns)   --->   "%select_ln51_47 = select i1 %icmp_ln1649_62, i7 %trunc_ln810_17, i7 0" [firmware/nnet_utils/nnet_activation_stream.h:51]   --->   Operation 131 'select' 'select_ln51_47' <Predicate = true> <Delay = 0.35> <CoreInst = "Sel">   --->   Core 73 'Sel' <Latency = 0> <II = 1> <Delay = 0.35> <FuncUnit> <Opcode : 'select'> <InPorts = 3> <OutPorts = 1>
ST_2 : Operation 132 [1/1] (0.78ns)   --->   "%icmp_ln1649_63 = icmp_sgt  i8 %p_Val2_35, i8 0"   --->   Operation 132 'icmp' 'icmp_ln1649_63' <Predicate = true> <Delay = 0.78> <CoreInst = "Cmp">   --->   Core 9 'Cmp' <Latency = 0> <II = 1> <Delay = 0.78> <FuncUnit> <Opcode : 'icmp'> <InPorts = 2> <OutPorts = 1>
ST_2 : Operation 133 [1/1] (0.35ns)   --->   "%p_Val2_61 = select i1 %icmp_ln1649_63, i7 %trunc_ln44_26, i7 0" [firmware/nnet_utils/nnet_activation_stream.h:51]   --->   Operation 133 'select' 'p_Val2_61' <Predicate = true> <Delay = 0.35> <CoreInst = "Sel">   --->   Core 73 'Sel' <Latency = 0> <II = 1> <Delay = 0.35> <FuncUnit> <Opcode : 'select'> <InPorts = 3> <OutPorts = 1>
ST_2 : Operation 134 [1/1] (0.78ns)   --->   "%icmp_ln1649_64 = icmp_sgt  i8 %p_Val2_36, i8 0"   --->   Operation 134 'icmp' 'icmp_ln1649_64' <Predicate = true> <Delay = 0.78> <CoreInst = "Cmp">   --->   Core 9 'Cmp' <Latency = 0> <II = 1> <Delay = 0.78> <FuncUnit> <Opcode : 'icmp'> <InPorts = 2> <OutPorts = 1>
ST_2 : Operation 135 [1/1] (0.35ns)   --->   "%select_ln51_49 = select i1 %icmp_ln1649_64, i7 %trunc_ln810_18, i7 0" [firmware/nnet_utils/nnet_activation_stream.h:51]   --->   Operation 135 'select' 'select_ln51_49' <Predicate = true> <Delay = 0.35> <CoreInst = "Sel">   --->   Core 73 'Sel' <Latency = 0> <II = 1> <Delay = 0.35> <FuncUnit> <Opcode : 'select'> <InPorts = 3> <OutPorts = 1>
ST_2 : Operation 136 [1/1] (0.78ns)   --->   "%icmp_ln1649_65 = icmp_sgt  i8 %p_Val2_37, i8 0"   --->   Operation 136 'icmp' 'icmp_ln1649_65' <Predicate = true> <Delay = 0.78> <CoreInst = "Cmp">   --->   Core 9 'Cmp' <Latency = 0> <II = 1> <Delay = 0.78> <FuncUnit> <Opcode : 'icmp'> <InPorts = 2> <OutPorts = 1>
ST_2 : Operation 137 [1/1] (0.35ns)   --->   "%p_Val2_62 = select i1 %icmp_ln1649_65, i7 %trunc_ln44_27, i7 0" [firmware/nnet_utils/nnet_activation_stream.h:51]   --->   Operation 137 'select' 'p_Val2_62' <Predicate = true> <Delay = 0.35> <CoreInst = "Sel">   --->   Core 73 'Sel' <Latency = 0> <II = 1> <Delay = 0.35> <FuncUnit> <Opcode : 'select'> <InPorts = 3> <OutPorts = 1>
ST_2 : Operation 138 [1/1] (0.78ns)   --->   "%icmp_ln1649_66 = icmp_sgt  i8 %p_Val2_38, i8 0"   --->   Operation 138 'icmp' 'icmp_ln1649_66' <Predicate = true> <Delay = 0.78> <CoreInst = "Cmp">   --->   Core 9 'Cmp' <Latency = 0> <II = 1> <Delay = 0.78> <FuncUnit> <Opcode : 'icmp'> <InPorts = 2> <OutPorts = 1>
ST_2 : Operation 139 [1/1] (0.35ns)   --->   "%select_ln51_51 = select i1 %icmp_ln1649_66, i7 %trunc_ln810_19, i7 0" [firmware/nnet_utils/nnet_activation_stream.h:51]   --->   Operation 139 'select' 'select_ln51_51' <Predicate = true> <Delay = 0.35> <CoreInst = "Sel">   --->   Core 73 'Sel' <Latency = 0> <II = 1> <Delay = 0.35> <FuncUnit> <Opcode : 'select'> <InPorts = 3> <OutPorts = 1>
ST_2 : Operation 140 [1/1] (0.78ns)   --->   "%icmp_ln1649_67 = icmp_sgt  i8 %p_Val2_39, i8 0"   --->   Operation 140 'icmp' 'icmp_ln1649_67' <Predicate = true> <Delay = 0.78> <CoreInst = "Cmp">   --->   Core 9 'Cmp' <Latency = 0> <II = 1> <Delay = 0.78> <FuncUnit> <Opcode : 'icmp'> <InPorts = 2> <OutPorts = 1>
ST_2 : Operation 141 [1/1] (0.35ns)   --->   "%p_Val2_63 = select i1 %icmp_ln1649_67, i7 %trunc_ln44_28, i7 0" [firmware/nnet_utils/nnet_activation_stream.h:51]   --->   Operation 141 'select' 'p_Val2_63' <Predicate = true> <Delay = 0.35> <CoreInst = "Sel">   --->   Core 73 'Sel' <Latency = 0> <II = 1> <Delay = 0.35> <FuncUnit> <Opcode : 'select'> <InPorts = 3> <OutPorts = 1>
ST_2 : Operation 142 [1/1] (0.78ns)   --->   "%icmp_ln1649_68 = icmp_sgt  i8 %p_Val2_48, i8 0"   --->   Operation 142 'icmp' 'icmp_ln1649_68' <Predicate = true> <Delay = 0.78> <CoreInst = "Cmp">   --->   Core 9 'Cmp' <Latency = 0> <II = 1> <Delay = 0.78> <FuncUnit> <Opcode : 'icmp'> <InPorts = 2> <OutPorts = 1>
ST_2 : Operation 143 [1/1] (0.35ns)   --->   "%select_ln51_53 = select i1 %icmp_ln1649_68, i7 %trunc_ln810_20, i7 0" [firmware/nnet_utils/nnet_activation_stream.h:51]   --->   Operation 143 'select' 'select_ln51_53' <Predicate = true> <Delay = 0.35> <CoreInst = "Sel">   --->   Core 73 'Sel' <Latency = 0> <II = 1> <Delay = 0.35> <FuncUnit> <Opcode : 'select'> <InPorts = 3> <OutPorts = 1>
ST_2 : Operation 144 [1/1] (0.78ns)   --->   "%icmp_ln1649_69 = icmp_sgt  i8 %p_Val2_40, i8 0"   --->   Operation 144 'icmp' 'icmp_ln1649_69' <Predicate = true> <Delay = 0.78> <CoreInst = "Cmp">   --->   Core 9 'Cmp' <Latency = 0> <II = 1> <Delay = 0.78> <FuncUnit> <Opcode : 'icmp'> <InPorts = 2> <OutPorts = 1>
ST_2 : Operation 145 [1/1] (0.35ns)   --->   "%p_Val2_64 = select i1 %icmp_ln1649_69, i7 %trunc_ln2, i7 0" [firmware/nnet_utils/nnet_activation_stream.h:51]   --->   Operation 145 'select' 'p_Val2_64' <Predicate = true> <Delay = 0.35> <CoreInst = "Sel">   --->   Core 73 'Sel' <Latency = 0> <II = 1> <Delay = 0.35> <FuncUnit> <Opcode : 'select'> <InPorts = 3> <OutPorts = 1>
ST_2 : Operation 183 [1/1] (0.00ns)   --->   "%ret_ln59 = ret" [firmware/nnet_utils/nnet_activation_stream.h:59]   --->   Operation 183 'ret' 'ret_ln59' <Predicate = (icmp_ln41)> <Delay = 0.00>

State 3 <SV = 2> <Delay = 2.18>
ST_3 : Operation 146 [1/1] (0.00ns)   --->   "%specpipeline_ln42 = specpipeline void @_ssdm_op_SpecPipeline, i32 4294967295, i32 0, i32 0, i32 0, void @empty_0" [firmware/nnet_utils/nnet_activation_stream.h:42]   --->   Operation 146 'specpipeline' 'specpipeline_ln42' <Predicate = true> <Delay = 0.00>
ST_3 : Operation 147 [1/1] (0.00ns)   --->   "%specloopname_ln41 = specloopname void @_ssdm_op_SpecLoopName, void @empty_6" [firmware/nnet_utils/nnet_activation_stream.h:41]   --->   Operation 147 'specloopname' 'specloopname_ln41' <Predicate = true> <Delay = 0.00>
ST_3 : Operation 148 [1/1] (0.00ns)   --->   "%zext_ln45 = zext i7 %out_data_data" [firmware/nnet_utils/nnet_activation_stream.h:45]   --->   Operation 148 'zext' 'zext_ln45' <Predicate = true> <Delay = 0.00>
ST_3 : Operation 149 [1/1] (0.00ns)   --->   "%zext_ln51 = zext i7 %out_data_data_35" [firmware/nnet_utils/nnet_activation_stream.h:51]   --->   Operation 149 'zext' 'zext_ln51' <Predicate = true> <Delay = 0.00>
ST_3 : Operation 150 [1/1] (0.00ns)   --->   "%zext_ln45_4 = zext i7 %out_data_data_36" [firmware/nnet_utils/nnet_activation_stream.h:45]   --->   Operation 150 'zext' 'zext_ln45_4' <Predicate = true> <Delay = 0.00>
ST_3 : Operation 151 [1/1] (0.00ns)   --->   "%zext_ln51_17 = zext i7 %out_data_data_38" [firmware/nnet_utils/nnet_activation_stream.h:51]   --->   Operation 151 'zext' 'zext_ln51_17' <Predicate = true> <Delay = 0.00>
ST_3 : Operation 152 [1/1] (0.00ns)   --->   "%zext_ln45_5 = zext i7 %out_data_data_39" [firmware/nnet_utils/nnet_activation_stream.h:45]   --->   Operation 152 'zext' 'zext_ln45_5' <Predicate = true> <Delay = 0.00>
ST_3 : Operation 153 [1/1] (0.00ns)   --->   "%zext_ln51_18 = zext i7 %out_data_data_41" [firmware/nnet_utils/nnet_activation_stream.h:51]   --->   Operation 153 'zext' 'zext_ln51_18' <Predicate = true> <Delay = 0.00>
ST_3 : Operation 154 [1/1] (0.00ns)   --->   "%zext_ln45_6 = zext i7 %out_data_data_42" [firmware/nnet_utils/nnet_activation_stream.h:45]   --->   Operation 154 'zext' 'zext_ln45_6' <Predicate = true> <Delay = 0.00>
ST_3 : Operation 155 [1/1] (0.00ns)   --->   "%zext_ln51_19 = zext i7 %out_data_data_44" [firmware/nnet_utils/nnet_activation_stream.h:51]   --->   Operation 155 'zext' 'zext_ln51_19' <Predicate = true> <Delay = 0.00>
ST_3 : Operation 156 [1/1] (0.00ns)   --->   "%zext_ln1649 = zext i7 %select_ln51"   --->   Operation 156 'zext' 'zext_ln1649' <Predicate = true> <Delay = 0.00>
ST_3 : Operation 157 [1/1] (0.00ns)   --->   "%zext_ln51_20 = zext i7 %p_Val2_53" [firmware/nnet_utils/nnet_activation_stream.h:51]   --->   Operation 157 'zext' 'zext_ln51_20' <Predicate = true> <Delay = 0.00>
ST_3 : Operation 158 [1/1] (0.00ns)   --->   "%zext_ln1649_16 = zext i7 %select_ln51_33"   --->   Operation 158 'zext' 'zext_ln1649_16' <Predicate = true> <Delay = 0.00>
ST_3 : Operation 159 [1/1] (0.00ns)   --->   "%zext_ln51_21 = zext i7 %p_Val2_54" [firmware/nnet_utils/nnet_activation_stream.h:51]   --->   Operation 159 'zext' 'zext_ln51_21' <Predicate = true> <Delay = 0.00>
ST_3 : Operation 160 [1/1] (0.00ns)   --->   "%zext_ln1649_17 = zext i7 %select_ln51_35"   --->   Operation 160 'zext' 'zext_ln1649_17' <Predicate = true> <Delay = 0.00>
ST_3 : Operation 161 [1/1] (0.00ns)   --->   "%zext_ln51_22 = zext i7 %p_Val2_55" [firmware/nnet_utils/nnet_activation_stream.h:51]   --->   Operation 161 'zext' 'zext_ln51_22' <Predicate = true> <Delay = 0.00>
ST_3 : Operation 162 [1/1] (0.00ns)   --->   "%zext_ln1649_18 = zext i7 %select_ln51_37"   --->   Operation 162 'zext' 'zext_ln1649_18' <Predicate = true> <Delay = 0.00>
ST_3 : Operation 163 [1/1] (0.00ns)   --->   "%zext_ln51_23 = zext i7 %p_Val2_56" [firmware/nnet_utils/nnet_activation_stream.h:51]   --->   Operation 163 'zext' 'zext_ln51_23' <Predicate = true> <Delay = 0.00>
ST_3 : Operation 164 [1/1] (0.00ns)   --->   "%zext_ln1649_19 = zext i7 %select_ln51_39"   --->   Operation 164 'zext' 'zext_ln1649_19' <Predicate = true> <Delay = 0.00>
ST_3 : Operation 165 [1/1] (0.00ns)   --->   "%zext_ln51_24 = zext i7 %p_Val2_57" [firmware/nnet_utils/nnet_activation_stream.h:51]   --->   Operation 165 'zext' 'zext_ln51_24' <Predicate = true> <Delay = 0.00>
ST_3 : Operation 166 [1/1] (0.00ns)   --->   "%zext_ln1649_20 = zext i7 %select_ln51_41"   --->   Operation 166 'zext' 'zext_ln1649_20' <Predicate = true> <Delay = 0.00>
ST_3 : Operation 167 [1/1] (0.00ns)   --->   "%zext_ln51_25 = zext i7 %p_Val2_58" [firmware/nnet_utils/nnet_activation_stream.h:51]   --->   Operation 167 'zext' 'zext_ln51_25' <Predicate = true> <Delay = 0.00>
ST_3 : Operation 168 [1/1] (0.00ns)   --->   "%zext_ln1649_21 = zext i7 %select_ln51_43"   --->   Operation 168 'zext' 'zext_ln1649_21' <Predicate = true> <Delay = 0.00>
ST_3 : Operation 169 [1/1] (0.00ns)   --->   "%zext_ln51_26 = zext i7 %p_Val2_59" [firmware/nnet_utils/nnet_activation_stream.h:51]   --->   Operation 169 'zext' 'zext_ln51_26' <Predicate = true> <Delay = 0.00>
ST_3 : Operation 170 [1/1] (0.00ns)   --->   "%zext_ln1649_22 = zext i7 %select_ln51_45"   --->   Operation 170 'zext' 'zext_ln1649_22' <Predicate = true> <Delay = 0.00>
ST_3 : Operation 171 [1/1] (0.00ns)   --->   "%zext_ln51_27 = zext i7 %p_Val2_60" [firmware/nnet_utils/nnet_activation_stream.h:51]   --->   Operation 171 'zext' 'zext_ln51_27' <Predicate = true> <Delay = 0.00>
ST_3 : Operation 172 [1/1] (0.00ns)   --->   "%zext_ln1649_23 = zext i7 %select_ln51_47"   --->   Operation 172 'zext' 'zext_ln1649_23' <Predicate = true> <Delay = 0.00>
ST_3 : Operation 173 [1/1] (0.00ns)   --->   "%zext_ln51_28 = zext i7 %p_Val2_61" [firmware/nnet_utils/nnet_activation_stream.h:51]   --->   Operation 173 'zext' 'zext_ln51_28' <Predicate = true> <Delay = 0.00>
ST_3 : Operation 174 [1/1] (0.00ns)   --->   "%zext_ln1649_24 = zext i7 %select_ln51_49"   --->   Operation 174 'zext' 'zext_ln1649_24' <Predicate = true> <Delay = 0.00>
ST_3 : Operation 175 [1/1] (0.00ns)   --->   "%zext_ln51_29 = zext i7 %p_Val2_62" [firmware/nnet_utils/nnet_activation_stream.h:51]   --->   Operation 175 'zext' 'zext_ln51_29' <Predicate = true> <Delay = 0.00>
ST_3 : Operation 176 [1/1] (0.00ns)   --->   "%zext_ln1649_25 = zext i7 %select_ln51_51"   --->   Operation 176 'zext' 'zext_ln1649_25' <Predicate = true> <Delay = 0.00>
ST_3 : Operation 177 [1/1] (0.00ns)   --->   "%zext_ln51_30 = zext i7 %p_Val2_63" [firmware/nnet_utils/nnet_activation_stream.h:51]   --->   Operation 177 'zext' 'zext_ln51_30' <Predicate = true> <Delay = 0.00>
ST_3 : Operation 178 [1/1] (0.00ns)   --->   "%zext_ln1649_26 = zext i7 %select_ln51_53"   --->   Operation 178 'zext' 'zext_ln1649_26' <Predicate = true> <Delay = 0.00>
ST_3 : Operation 179 [1/1] (0.00ns)   --->   "%or_ln57_s = bitconcatenate i255 @_ssdm_op_BitConcatenate.i255.i7.i8.i8.i8.i8.i8.i8.i8.i8.i8.i8.i8.i8.i8.i8.i8.i8.i8.i8.i8.i8.i8.i8.i8.i8.i8.i8.i8.i8.i8.i8.i8, i7 %p_Val2_64, i8 %zext_ln1649_26, i8 %zext_ln51_30, i8 %zext_ln1649_25, i8 %zext_ln51_29, i8 %zext_ln1649_24, i8 %zext_ln51_28, i8 %zext_ln1649_23, i8 %zext_ln51_27, i8 %zext_ln1649_22, i8 %zext_ln51_26, i8 %zext_ln1649_21, i8 %zext_ln51_25, i8 %zext_ln1649_20, i8 %zext_ln51_24, i8 %zext_ln1649_19, i8 %zext_ln51_23, i8 %zext_ln1649_18, i8 %zext_ln51_22, i8 %zext_ln1649_17, i8 %zext_ln51_21, i8 %zext_ln1649_16, i8 %zext_ln51_20, i8 %zext_ln1649, i8 %zext_ln51_19, i8 %zext_ln45_6, i8 %zext_ln51_18, i8 %zext_ln45_5, i8 %zext_ln51_17, i8 %zext_ln45_4, i8 %zext_ln51, i8 %zext_ln45" [firmware/nnet_utils/nnet_activation_stream.h:57]   --->   Operation 179 'bitconcatenate' 'or_ln57_s' <Predicate = true> <Delay = 0.00>
ST_3 : Operation 180 [1/1] (0.00ns)   --->   "%zext_ln57 = zext i255 %or_ln57_s" [firmware/nnet_utils/nnet_activation_stream.h:57]   --->   Operation 180 'zext' 'zext_ln57' <Predicate = true> <Delay = 0.00>
ST_3 : Operation 181 [1/1] (2.18ns)   --->   "%write_ln57 = write void @_ssdm_op_Write.ap_fifo.volatile.i256P0A, i256 %layer12_out, i256 %zext_ln57" [firmware/nnet_utils/nnet_activation_stream.h:57]   --->   Operation 181 'write' 'write_ln57' <Predicate = true> <Delay = 2.18> <CoreInst = "FIFO_SRL">   --->   Core 81 'FIFO_SRL' <Latency = 0> <II = 1> <Delay = 2.26> <Storage> <Opcode : 'read' 'write' 'nbread' 'nbwrite'> <Ports = 0> <Width = 256> <Depth = 4> <FIFO>
ST_3 : Operation 182 [1/1] (0.00ns)   --->   "%br_ln41 = br void %for.body4" [firmware/nnet_utils/nnet_activation_stream.h:41]   --->   Operation 182 'br' 'br_ln41' <Predicate = true> <Delay = 0.00>


============================================================
+ Verbose Summary: Timing violations
============================================================
Target clock period: 5ns, clock uncertainty: 0.625ns.

 <State 1>: 1.37ns
The critical path consists of the following:
	'alloca' operation ('i') [3]  (0 ns)
	'load' operation ('i', firmware/nnet_utils/nnet_activation_stream.h:41) on local variable 'i' [9]  (0 ns)
	'add' operation ('i', firmware/nnet_utils/nnet_activation_stream.h:41) [12]  (0.836 ns)
	'store' operation ('store_ln41', firmware/nnet_utils/nnet_activation_stream.h:41) of variable 'i', firmware/nnet_utils/nnet_activation_stream.h:41 on local variable 'i' [180]  (0.538 ns)

 <State 2>: 3.33ns
The critical path consists of the following:
	fifo read operation ('layer10_out_read', firmware/nnet_utils/nnet_activation_stream.h:44) on port 'layer10_out' (firmware/nnet_utils/nnet_activation_stream.h:44) [17]  (2.19 ns)
	'icmp' operation ('icmp_ln1649') [82]  (0.782 ns)
	'select' operation ('out_data.data', firmware/nnet_utils/nnet_activation_stream.h:51) [83]  (0.358 ns)

 <State 3>: 2.19ns
The critical path consists of the following:
	fifo write operation ('write_ln57', firmware/nnet_utils/nnet_activation_stream.h:57) on port 'layer12_out' (firmware/nnet_utils/nnet_activation_stream.h:57) [179]  (2.19 ns)


============================================================
+ Verbose Summary: Binding
============================================================
N/A
* FSMD analyzer results:
  - Output states:
 - Input state : 
  - Chain level:
	State 1
	State 2
	State 3


============================================================
+ Verbose Summary: Datapath Resource usage 
============================================================
N/A
