

================================================================
== Vitis HLS Report for 'relu_array_ap_fixed_16u_array_ap_ufixed_8_2_4_0_0_16u_relu_config8_s'
================================================================
* Date:           Tue May 13 20:25:33 2025

* Version:        2022.2 (Build 3670227 on Oct 13 2022)
* Project:        myproject_prj
* Solution:       solution1 (Vivado IP Flow Target)
* Product family: kintexu
* Target device:  xcku035-fbva676-2-e


================================================================
== Performance Estimates
================================================================
+ Timing: 
    * Summary: 
    +--------+---------+----------+------------+
    |  Clock |  Target | Estimated| Uncertainty|
    +--------+---------+----------+------------+
    |ap_clk  |  5.00 ns|  3.328 ns|     0.62 ns|
    +--------+---------+----------+------------+

+ Latency: 
    * Summary: 
    +---------+---------+----------+----------+-----+-----+---------+
    |  Latency (cycles) |  Latency (absolute) |  Interval | Pipeline|
    |   min   |   max   |    min   |    max   | min | max |   Type  |
    +---------+---------+----------+----------+-----+-----+---------+
    |       52|       52|  0.260 us|  0.260 us|   52|   52|       no|
    +---------+---------+----------+----------+-----+-----+---------+

    + Detail: 
        * Instance: 
        N/A

        * Loop: 
        +---------------+---------+---------+----------+-----------+-----------+------+----------+
        |               |  Latency (cycles) | Iteration|  Initiation Interval  | Trip |          |
        |   Loop Name   |   min   |   max   |  Latency |  achieved |   target  | Count| Pipelined|
        +---------------+---------+---------+----------+-----------+-----------+------+----------+
        |- ReLUActLoop  |       50|       50|         3|          1|          1|    49|       yes|
        +---------------+---------+---------+----------+-----------+-----------+------+----------+

============================================================
+ Verbose Summary: Synthesis Manager
============================================================
InlineROM: 1
ExposeGlobal: 0
============================================================
+ Verbose Summary: CDFG Model
============================================================
IsTopModel: 0
ResetActiveHigh: 1
IsCombinational: 2
IsDatapathOnly: 0
HasWiredReturn: 1
HasMFsm: 2
HasVarLatency: 1
IsPipeline: 0
IsRtlPipelined: 0
IsInstanceOverlapped: 0
IsDontTouch: 0
HasImplIP: 0
IsGatedGlobalClock: 0

+ Individual pipeline summary: 
  * Pipeline-0: initiation interval (II) = 1, depth = 3


============================================================
+ Verbose Summary: Schedule
============================================================
* Number of FSM states : 3
* Pipeline : 1
  Pipeline-0 : II = 1, D = 3, States = { 1 2 3 }
* Dataflow Pipeline: 0

* FSM state transitions: 
1 --> 2 
2 --> 3 
3 --> 

* FSM state operations: 

State 1 <SV = 0> <Delay = 1.65>
ST_1 : Operation 6 [1/1] (0.00ns)   --->   "%i = alloca i32 1"   --->   Operation 6 'alloca' 'i' <Predicate = true> <Delay = 0.00>
ST_1 : Operation 7 [1/1] (0.00ns)   --->   "%specinterface_ln0 = specinterface void @_ssdm_op_SpecInterface, i128 %layer8_out, void @empty_2, i32 0, i32 0, void @empty_1, i32 0, i32 0, void @empty_1, void @empty_1, void @empty_1, i32 0, i32 0, i32 0, i32 0, void @empty_1, void @empty_1, i32 4294967295, i32 0"   --->   Operation 7 'specinterface' 'specinterface_ln0' <Predicate = true> <Delay = 0.00>
ST_1 : Operation 8 [1/1] (0.00ns)   --->   "%specinterface_ln0 = specinterface void @_ssdm_op_SpecInterface, i128 %layer6_out, void @empty_2, i32 0, i32 0, void @empty_1, i32 0, i32 0, void @empty_1, void @empty_1, void @empty_1, i32 0, i32 0, i32 0, i32 0, void @empty_1, void @empty_1, i32 4294967295, i32 0"   --->   Operation 8 'specinterface' 'specinterface_ln0' <Predicate = true> <Delay = 0.00>
ST_1 : Operation 9 [1/1] (0.53ns)   --->   "%store_ln41 = store i6 0, i6 %i" [firmware/nnet_utils/nnet_activation_stream.h:41]   --->   Operation 9 'store' 'store_ln41' <Predicate = true> <Delay = 0.53>
ST_1 : Operation 10 [1/1] (0.00ns)   --->   "%br_ln41 = br void %for.body4" [firmware/nnet_utils/nnet_activation_stream.h:41]   --->   Operation 10 'br' 'br_ln41' <Predicate = true> <Delay = 0.00>
ST_1 : Operation 11 [1/1] (0.00ns)   --->   "%i_3 = load i6 %i" [firmware/nnet_utils/nnet_activation_stream.h:41]   --->   Operation 11 'load' 'i_3' <Predicate = true> <Delay = 0.00>
ST_1 : Operation 12 [1/1] (0.84ns)   --->   "%icmp_ln41 = icmp_eq  i6 %i_3, i6 49" [firmware/nnet_utils/nnet_activation_stream.h:41]   --->   Operation 12 'icmp' 'icmp_ln41' <Predicate = true> <Delay = 0.84> <CoreInst = "Cmp">   --->   Core 9 'Cmp' <Latency = 0> <II = 1> <Delay = 0.84> <FuncUnit> <Opcode : 'icmp'> <InPorts = 2> <OutPorts = 1>
ST_1 : Operation 13 [1/1] (0.00ns)   --->   "%empty = speclooptripcount i32 @_ssdm_op_SpecLoopTripCount, i64 49, i64 49, i64 49"   --->   Operation 13 'speclooptripcount' 'empty' <Predicate = true> <Delay = 0.00>
ST_1 : Operation 14 [1/1] (1.11ns)   --->   "%i_4 = add i6 %i_3, i6 1" [firmware/nnet_utils/nnet_activation_stream.h:41]   --->   Operation 14 'add' 'i_4' <Predicate = true> <Delay = 1.11> <CoreInst = "Adder">   --->   Core 1 'Adder' <Latency = 0> <II = 1> <Delay = 1.11> <FuncUnit> <Opcode : 'add' 'sub'> <InPorts = 2> <OutPorts = 1>
ST_1 : Operation 15 [1/1] (0.00ns)   --->   "%br_ln41 = br i1 %icmp_ln41, void %for.body4.split, void %for.end15" [firmware/nnet_utils/nnet_activation_stream.h:41]   --->   Operation 15 'br' 'br_ln41' <Predicate = true> <Delay = 0.00>
ST_1 : Operation 16 [1/1] (0.53ns)   --->   "%store_ln41 = store i6 %i_4, i6 %i" [firmware/nnet_utils/nnet_activation_stream.h:41]   --->   Operation 16 'store' 'store_ln41' <Predicate = (!icmp_ln41)> <Delay = 0.53>

State 2 <SV = 1> <Delay = 3.32>
ST_2 : Operation 17 [1/1] (2.18ns)   --->   "%layer6_out_read = read i128 @_ssdm_op_Read.ap_fifo.volatile.i128P0A, i128 %layer6_out" [firmware/nnet_utils/nnet_activation_stream.h:44]   --->   Operation 17 'read' 'layer6_out_read' <Predicate = true> <Delay = 2.18> <CoreInst = "FIFO">   --->   Core 78 'FIFO' <Latency = 0> <II = 1> <Delay = 2.23> <Storage> <Opcode : 'read' 'write' 'nbread' 'nbwrite'> <Ports = 0> <Width = 128> <Depth = 49> <FIFO>
ST_2 : Operation 18 [1/1] (0.00ns)   --->   "%out_data_data_51 = trunc i128 %layer6_out_read" [firmware/nnet_utils/nnet_activation_stream.h:44]   --->   Operation 18 'trunc' 'out_data_data_51' <Predicate = true> <Delay = 0.00>
ST_2 : Operation 19 [1/1] (0.00ns)   --->   "%trunc_ln45 = trunc i128 %layer6_out_read" [firmware/nnet_utils/nnet_activation_stream.h:45]   --->   Operation 19 'trunc' 'trunc_ln45' <Predicate = true> <Delay = 0.00>
ST_2 : Operation 20 [1/1] (0.00ns)   --->   "%p_Val2_178 = partselect i8 @_ssdm_op_PartSelect.i8.i128.i32.i32, i128 %layer6_out_read, i32 112, i32 119" [firmware/nnet_utils/nnet_activation_stream.h:44]   --->   Operation 20 'partselect' 'p_Val2_178' <Predicate = true> <Delay = 0.00>
ST_2 : Operation 21 [1/1] (0.00ns)   --->   "%p_Val2_130 = partselect i8 @_ssdm_op_PartSelect.i8.i128.i32.i32, i128 %layer6_out_read, i32 120, i32 127" [firmware/nnet_utils/nnet_activation_stream.h:44]   --->   Operation 21 'partselect' 'p_Val2_130' <Predicate = true> <Delay = 0.00>
ST_2 : Operation 22 [1/1] (0.00ns)   --->   "%in_data_data = partselect i8 @_ssdm_op_PartSelect.i8.i128.i32.i32, i128 %layer6_out_read, i32 8, i32 15" [firmware/nnet_utils/nnet_activation_stream.h:44]   --->   Operation 22 'partselect' 'in_data_data' <Predicate = true> <Delay = 0.00>
ST_2 : Operation 23 [1/1] (0.00ns)   --->   "%trunc_ln44_s = partselect i7 @_ssdm_op_PartSelect.i7.i128.i32.i32, i128 %layer6_out_read, i32 8, i32 14" [firmware/nnet_utils/nnet_activation_stream.h:44]   --->   Operation 23 'partselect' 'trunc_ln44_s' <Predicate = true> <Delay = 0.00>
ST_2 : Operation 24 [1/1] (0.00ns)   --->   "%out_data_data_52 = partselect i8 @_ssdm_op_PartSelect.i8.i128.i32.i32, i128 %layer6_out_read, i32 16, i32 23" [firmware/nnet_utils/nnet_activation_stream.h:44]   --->   Operation 24 'partselect' 'out_data_data_52' <Predicate = true> <Delay = 0.00>
ST_2 : Operation 25 [1/1] (0.00ns)   --->   "%trunc_ln45_9 = partselect i7 @_ssdm_op_PartSelect.i7.i128.i32.i32, i128 %layer6_out_read, i32 16, i32 22" [firmware/nnet_utils/nnet_activation_stream.h:45]   --->   Operation 25 'partselect' 'trunc_ln45_9' <Predicate = true> <Delay = 0.00>
ST_2 : Operation 26 [1/1] (0.00ns)   --->   "%in_data_data_34 = partselect i8 @_ssdm_op_PartSelect.i8.i128.i32.i32, i128 %layer6_out_read, i32 24, i32 31" [firmware/nnet_utils/nnet_activation_stream.h:44]   --->   Operation 26 'partselect' 'in_data_data_34' <Predicate = true> <Delay = 0.00>
ST_2 : Operation 27 [1/1] (0.00ns)   --->   "%trunc_ln44_74 = partselect i7 @_ssdm_op_PartSelect.i7.i128.i32.i32, i128 %layer6_out_read, i32 24, i32 30" [firmware/nnet_utils/nnet_activation_stream.h:44]   --->   Operation 27 'partselect' 'trunc_ln44_74' <Predicate = true> <Delay = 0.00>
ST_2 : Operation 28 [1/1] (0.00ns)   --->   "%out_data_data_53 = partselect i8 @_ssdm_op_PartSelect.i8.i128.i32.i32, i128 %layer6_out_read, i32 32, i32 39" [firmware/nnet_utils/nnet_activation_stream.h:44]   --->   Operation 28 'partselect' 'out_data_data_53' <Predicate = true> <Delay = 0.00>
ST_2 : Operation 29 [1/1] (0.00ns)   --->   "%trunc_ln45_s = partselect i7 @_ssdm_op_PartSelect.i7.i128.i32.i32, i128 %layer6_out_read, i32 32, i32 38" [firmware/nnet_utils/nnet_activation_stream.h:45]   --->   Operation 29 'partselect' 'trunc_ln45_s' <Predicate = true> <Delay = 0.00>
ST_2 : Operation 30 [1/1] (0.00ns)   --->   "%in_data_data_35 = partselect i8 @_ssdm_op_PartSelect.i8.i128.i32.i32, i128 %layer6_out_read, i32 40, i32 47" [firmware/nnet_utils/nnet_activation_stream.h:44]   --->   Operation 30 'partselect' 'in_data_data_35' <Predicate = true> <Delay = 0.00>
ST_2 : Operation 31 [1/1] (0.00ns)   --->   "%trunc_ln44_75 = partselect i7 @_ssdm_op_PartSelect.i7.i128.i32.i32, i128 %layer6_out_read, i32 40, i32 46" [firmware/nnet_utils/nnet_activation_stream.h:44]   --->   Operation 31 'partselect' 'trunc_ln44_75' <Predicate = true> <Delay = 0.00>
ST_2 : Operation 32 [1/1] (0.00ns)   --->   "%out_data_data_54 = partselect i8 @_ssdm_op_PartSelect.i8.i128.i32.i32, i128 %layer6_out_read, i32 48, i32 55" [firmware/nnet_utils/nnet_activation_stream.h:44]   --->   Operation 32 'partselect' 'out_data_data_54' <Predicate = true> <Delay = 0.00>
ST_2 : Operation 33 [1/1] (0.00ns)   --->   "%trunc_ln45_1 = partselect i7 @_ssdm_op_PartSelect.i7.i128.i32.i32, i128 %layer6_out_read, i32 48, i32 54" [firmware/nnet_utils/nnet_activation_stream.h:45]   --->   Operation 33 'partselect' 'trunc_ln45_1' <Predicate = true> <Delay = 0.00>
ST_2 : Operation 34 [1/1] (0.00ns)   --->   "%in_data_data_36 = partselect i8 @_ssdm_op_PartSelect.i8.i128.i32.i32, i128 %layer6_out_read, i32 56, i32 63" [firmware/nnet_utils/nnet_activation_stream.h:44]   --->   Operation 34 'partselect' 'in_data_data_36' <Predicate = true> <Delay = 0.00>
ST_2 : Operation 35 [1/1] (0.00ns)   --->   "%trunc_ln44_76 = partselect i7 @_ssdm_op_PartSelect.i7.i128.i32.i32, i128 %layer6_out_read, i32 56, i32 62" [firmware/nnet_utils/nnet_activation_stream.h:44]   --->   Operation 35 'partselect' 'trunc_ln44_76' <Predicate = true> <Delay = 0.00>
ST_2 : Operation 36 [1/1] (0.00ns)   --->   "%p_Val2_s = partselect i8 @_ssdm_op_PartSelect.i8.i128.i32.i32, i128 %layer6_out_read, i32 64, i32 71" [firmware/nnet_utils/nnet_activation_stream.h:44]   --->   Operation 36 'partselect' 'p_Val2_s' <Predicate = true> <Delay = 0.00>
ST_2 : Operation 37 [1/1] (0.00ns)   --->   "%trunc_ln = partselect i7 @_ssdm_op_PartSelect.i7.i128.i32.i32, i128 %layer6_out_read, i32 64, i32 70"   --->   Operation 37 'partselect' 'trunc_ln' <Predicate = true> <Delay = 0.00>
ST_2 : Operation 38 [1/1] (0.00ns)   --->   "%p_Val2_131 = partselect i8 @_ssdm_op_PartSelect.i8.i128.i32.i32, i128 %layer6_out_read, i32 72, i32 79" [firmware/nnet_utils/nnet_activation_stream.h:44]   --->   Operation 38 'partselect' 'p_Val2_131' <Predicate = true> <Delay = 0.00>
ST_2 : Operation 39 [1/1] (0.00ns)   --->   "%trunc_ln44_77 = partselect i7 @_ssdm_op_PartSelect.i7.i128.i32.i32, i128 %layer6_out_read, i32 72, i32 78" [firmware/nnet_utils/nnet_activation_stream.h:44]   --->   Operation 39 'partselect' 'trunc_ln44_77' <Predicate = true> <Delay = 0.00>
ST_2 : Operation 40 [1/1] (0.00ns)   --->   "%p_Val2_126 = partselect i8 @_ssdm_op_PartSelect.i8.i128.i32.i32, i128 %layer6_out_read, i32 80, i32 87" [firmware/nnet_utils/nnet_activation_stream.h:44]   --->   Operation 40 'partselect' 'p_Val2_126' <Predicate = true> <Delay = 0.00>
ST_2 : Operation 41 [1/1] (0.00ns)   --->   "%trunc_ln810_s = partselect i7 @_ssdm_op_PartSelect.i7.i128.i32.i32, i128 %layer6_out_read, i32 80, i32 86"   --->   Operation 41 'partselect' 'trunc_ln810_s' <Predicate = true> <Delay = 0.00>
ST_2 : Operation 42 [1/1] (0.00ns)   --->   "%p_Val2_127 = partselect i8 @_ssdm_op_PartSelect.i8.i128.i32.i32, i128 %layer6_out_read, i32 88, i32 95" [firmware/nnet_utils/nnet_activation_stream.h:44]   --->   Operation 42 'partselect' 'p_Val2_127' <Predicate = true> <Delay = 0.00>
ST_2 : Operation 43 [1/1] (0.00ns)   --->   "%trunc_ln44_78 = partselect i7 @_ssdm_op_PartSelect.i7.i128.i32.i32, i128 %layer6_out_read, i32 88, i32 94" [firmware/nnet_utils/nnet_activation_stream.h:44]   --->   Operation 43 'partselect' 'trunc_ln44_78' <Predicate = true> <Delay = 0.00>
ST_2 : Operation 44 [1/1] (0.00ns)   --->   "%p_Val2_128 = partselect i8 @_ssdm_op_PartSelect.i8.i128.i32.i32, i128 %layer6_out_read, i32 96, i32 103" [firmware/nnet_utils/nnet_activation_stream.h:44]   --->   Operation 44 'partselect' 'p_Val2_128' <Predicate = true> <Delay = 0.00>
ST_2 : Operation 45 [1/1] (0.00ns)   --->   "%trunc_ln810_64 = partselect i7 @_ssdm_op_PartSelect.i7.i128.i32.i32, i128 %layer6_out_read, i32 96, i32 102"   --->   Operation 45 'partselect' 'trunc_ln810_64' <Predicate = true> <Delay = 0.00>
ST_2 : Operation 46 [1/1] (0.00ns)   --->   "%p_Val2_129 = partselect i8 @_ssdm_op_PartSelect.i8.i128.i32.i32, i128 %layer6_out_read, i32 104, i32 111" [firmware/nnet_utils/nnet_activation_stream.h:44]   --->   Operation 46 'partselect' 'p_Val2_129' <Predicate = true> <Delay = 0.00>
ST_2 : Operation 47 [1/1] (0.00ns)   --->   "%trunc_ln44_79 = partselect i7 @_ssdm_op_PartSelect.i7.i128.i32.i32, i128 %layer6_out_read, i32 104, i32 110" [firmware/nnet_utils/nnet_activation_stream.h:44]   --->   Operation 47 'partselect' 'trunc_ln44_79' <Predicate = true> <Delay = 0.00>
ST_2 : Operation 48 [1/1] (0.00ns)   --->   "%trunc_ln810_65 = partselect i7 @_ssdm_op_PartSelect.i7.i128.i32.i32, i128 %layer6_out_read, i32 112, i32 118"   --->   Operation 48 'partselect' 'trunc_ln810_65' <Predicate = true> <Delay = 0.00>
ST_2 : Operation 49 [1/1] (0.00ns)   --->   "%trunc_ln3 = partselect i7 @_ssdm_op_PartSelect.i7.i128.i32.i32, i128 %layer6_out_read, i32 120, i32 126"   --->   Operation 49 'partselect' 'trunc_ln3' <Predicate = true> <Delay = 0.00>
ST_2 : Operation 50 [1/1] (0.78ns)   --->   "%icmp_ln1649 = icmp_sgt  i8 %out_data_data_51, i8 0"   --->   Operation 50 'icmp' 'icmp_ln1649' <Predicate = true> <Delay = 0.78> <CoreInst = "Cmp">   --->   Core 9 'Cmp' <Latency = 0> <II = 1> <Delay = 0.78> <FuncUnit> <Opcode : 'icmp'> <InPorts = 2> <OutPorts = 1>
ST_2 : Operation 51 [1/1] (0.35ns)   --->   "%out_data_data = select i1 %icmp_ln1649, i7 %trunc_ln45, i7 0" [firmware/nnet_utils/nnet_activation_stream.h:51]   --->   Operation 51 'select' 'out_data_data' <Predicate = true> <Delay = 0.35> <CoreInst = "Sel">   --->   Core 73 'Sel' <Latency = 0> <II = 1> <Delay = 0.35> <FuncUnit> <Opcode : 'select'> <InPorts = 3> <OutPorts = 1>
ST_2 : Operation 52 [1/1] (0.78ns)   --->   "%icmp_ln1649_154 = icmp_sgt  i8 %in_data_data, i8 0"   --->   Operation 52 'icmp' 'icmp_ln1649_154' <Predicate = true> <Delay = 0.78> <CoreInst = "Cmp">   --->   Core 9 'Cmp' <Latency = 0> <II = 1> <Delay = 0.78> <FuncUnit> <Opcode : 'icmp'> <InPorts = 2> <OutPorts = 1>
ST_2 : Operation 53 [1/1] (0.35ns)   --->   "%out_data_data_41 = select i1 %icmp_ln1649_154, i7 %trunc_ln44_s, i7 0" [firmware/nnet_utils/nnet_activation_stream.h:51]   --->   Operation 53 'select' 'out_data_data_41' <Predicate = true> <Delay = 0.35> <CoreInst = "Sel">   --->   Core 73 'Sel' <Latency = 0> <II = 1> <Delay = 0.35> <FuncUnit> <Opcode : 'select'> <InPorts = 3> <OutPorts = 1>
ST_2 : Operation 54 [1/1] (0.78ns)   --->   "%icmp_ln1649_155 = icmp_sgt  i8 %out_data_data_52, i8 0"   --->   Operation 54 'icmp' 'icmp_ln1649_155' <Predicate = true> <Delay = 0.78> <CoreInst = "Cmp">   --->   Core 9 'Cmp' <Latency = 0> <II = 1> <Delay = 0.78> <FuncUnit> <Opcode : 'icmp'> <InPorts = 2> <OutPorts = 1>
ST_2 : Operation 55 [1/1] (0.35ns)   --->   "%out_data_data_42 = select i1 %icmp_ln1649_155, i7 %trunc_ln45_9, i7 0" [firmware/nnet_utils/nnet_activation_stream.h:51]   --->   Operation 55 'select' 'out_data_data_42' <Predicate = true> <Delay = 0.35> <CoreInst = "Sel">   --->   Core 73 'Sel' <Latency = 0> <II = 1> <Delay = 0.35> <FuncUnit> <Opcode : 'select'> <InPorts = 3> <OutPorts = 1>
ST_2 : Operation 56 [1/1] (0.78ns)   --->   "%icmp_ln1649_156 = icmp_sgt  i8 %in_data_data_34, i8 0"   --->   Operation 56 'icmp' 'icmp_ln1649_156' <Predicate = true> <Delay = 0.78> <CoreInst = "Cmp">   --->   Core 9 'Cmp' <Latency = 0> <II = 1> <Delay = 0.78> <FuncUnit> <Opcode : 'icmp'> <InPorts = 2> <OutPorts = 1>
ST_2 : Operation 57 [1/1] (0.35ns)   --->   "%out_data_data_44 = select i1 %icmp_ln1649_156, i7 %trunc_ln44_74, i7 0" [firmware/nnet_utils/nnet_activation_stream.h:51]   --->   Operation 57 'select' 'out_data_data_44' <Predicate = true> <Delay = 0.35> <CoreInst = "Sel">   --->   Core 73 'Sel' <Latency = 0> <II = 1> <Delay = 0.35> <FuncUnit> <Opcode : 'select'> <InPorts = 3> <OutPorts = 1>
ST_2 : Operation 58 [1/1] (0.78ns)   --->   "%icmp_ln1649_157 = icmp_sgt  i8 %out_data_data_53, i8 0"   --->   Operation 58 'icmp' 'icmp_ln1649_157' <Predicate = true> <Delay = 0.78> <CoreInst = "Cmp">   --->   Core 9 'Cmp' <Latency = 0> <II = 1> <Delay = 0.78> <FuncUnit> <Opcode : 'icmp'> <InPorts = 2> <OutPorts = 1>
ST_2 : Operation 59 [1/1] (0.35ns)   --->   "%out_data_data_45 = select i1 %icmp_ln1649_157, i7 %trunc_ln45_s, i7 0" [firmware/nnet_utils/nnet_activation_stream.h:51]   --->   Operation 59 'select' 'out_data_data_45' <Predicate = true> <Delay = 0.35> <CoreInst = "Sel">   --->   Core 73 'Sel' <Latency = 0> <II = 1> <Delay = 0.35> <FuncUnit> <Opcode : 'select'> <InPorts = 3> <OutPorts = 1>
ST_2 : Operation 60 [1/1] (0.78ns)   --->   "%icmp_ln1649_158 = icmp_sgt  i8 %in_data_data_35, i8 0"   --->   Operation 60 'icmp' 'icmp_ln1649_158' <Predicate = true> <Delay = 0.78> <CoreInst = "Cmp">   --->   Core 9 'Cmp' <Latency = 0> <II = 1> <Delay = 0.78> <FuncUnit> <Opcode : 'icmp'> <InPorts = 2> <OutPorts = 1>
ST_2 : Operation 61 [1/1] (0.35ns)   --->   "%out_data_data_47 = select i1 %icmp_ln1649_158, i7 %trunc_ln44_75, i7 0" [firmware/nnet_utils/nnet_activation_stream.h:51]   --->   Operation 61 'select' 'out_data_data_47' <Predicate = true> <Delay = 0.35> <CoreInst = "Sel">   --->   Core 73 'Sel' <Latency = 0> <II = 1> <Delay = 0.35> <FuncUnit> <Opcode : 'select'> <InPorts = 3> <OutPorts = 1>
ST_2 : Operation 62 [1/1] (0.78ns)   --->   "%icmp_ln1649_159 = icmp_sgt  i8 %out_data_data_54, i8 0"   --->   Operation 62 'icmp' 'icmp_ln1649_159' <Predicate = true> <Delay = 0.78> <CoreInst = "Cmp">   --->   Core 9 'Cmp' <Latency = 0> <II = 1> <Delay = 0.78> <FuncUnit> <Opcode : 'icmp'> <InPorts = 2> <OutPorts = 1>
ST_2 : Operation 63 [1/1] (0.35ns)   --->   "%out_data_data_48 = select i1 %icmp_ln1649_159, i7 %trunc_ln45_1, i7 0" [firmware/nnet_utils/nnet_activation_stream.h:51]   --->   Operation 63 'select' 'out_data_data_48' <Predicate = true> <Delay = 0.35> <CoreInst = "Sel">   --->   Core 73 'Sel' <Latency = 0> <II = 1> <Delay = 0.35> <FuncUnit> <Opcode : 'select'> <InPorts = 3> <OutPorts = 1>
ST_2 : Operation 64 [1/1] (0.78ns)   --->   "%icmp_ln1649_160 = icmp_sgt  i8 %in_data_data_36, i8 0"   --->   Operation 64 'icmp' 'icmp_ln1649_160' <Predicate = true> <Delay = 0.78> <CoreInst = "Cmp">   --->   Core 9 'Cmp' <Latency = 0> <II = 1> <Delay = 0.78> <FuncUnit> <Opcode : 'icmp'> <InPorts = 2> <OutPorts = 1>
ST_2 : Operation 65 [1/1] (0.35ns)   --->   "%out_data_data_50 = select i1 %icmp_ln1649_160, i7 %trunc_ln44_76, i7 0" [firmware/nnet_utils/nnet_activation_stream.h:51]   --->   Operation 65 'select' 'out_data_data_50' <Predicate = true> <Delay = 0.35> <CoreInst = "Sel">   --->   Core 73 'Sel' <Latency = 0> <II = 1> <Delay = 0.35> <FuncUnit> <Opcode : 'select'> <InPorts = 3> <OutPorts = 1>
ST_2 : Operation 66 [1/1] (0.78ns)   --->   "%icmp_ln1649_161 = icmp_sgt  i8 %p_Val2_s, i8 0"   --->   Operation 66 'icmp' 'icmp_ln1649_161' <Predicate = true> <Delay = 0.78> <CoreInst = "Cmp">   --->   Core 9 'Cmp' <Latency = 0> <II = 1> <Delay = 0.78> <FuncUnit> <Opcode : 'icmp'> <InPorts = 2> <OutPorts = 1>
ST_2 : Operation 67 [1/1] (0.35ns)   --->   "%select_ln51 = select i1 %icmp_ln1649_161, i7 %trunc_ln, i7 0" [firmware/nnet_utils/nnet_activation_stream.h:51]   --->   Operation 67 'select' 'select_ln51' <Predicate = true> <Delay = 0.35> <CoreInst = "Sel">   --->   Core 73 'Sel' <Latency = 0> <II = 1> <Delay = 0.35> <FuncUnit> <Opcode : 'select'> <InPorts = 3> <OutPorts = 1>
ST_2 : Operation 68 [1/1] (0.78ns)   --->   "%icmp_ln1649_162 = icmp_sgt  i8 %p_Val2_131, i8 0"   --->   Operation 68 'icmp' 'icmp_ln1649_162' <Predicate = true> <Delay = 0.78> <CoreInst = "Cmp">   --->   Core 9 'Cmp' <Latency = 0> <II = 1> <Delay = 0.78> <FuncUnit> <Opcode : 'icmp'> <InPorts = 2> <OutPorts = 1>
ST_2 : Operation 69 [1/1] (0.35ns)   --->   "%p_Val2_183 = select i1 %icmp_ln1649_162, i7 %trunc_ln44_77, i7 0" [firmware/nnet_utils/nnet_activation_stream.h:51]   --->   Operation 69 'select' 'p_Val2_183' <Predicate = true> <Delay = 0.35> <CoreInst = "Sel">   --->   Core 73 'Sel' <Latency = 0> <II = 1> <Delay = 0.35> <FuncUnit> <Opcode : 'select'> <InPorts = 3> <OutPorts = 1>
ST_2 : Operation 70 [1/1] (0.78ns)   --->   "%icmp_ln1649_163 = icmp_sgt  i8 %p_Val2_126, i8 0"   --->   Operation 70 'icmp' 'icmp_ln1649_163' <Predicate = true> <Delay = 0.78> <CoreInst = "Cmp">   --->   Core 9 'Cmp' <Latency = 0> <II = 1> <Delay = 0.78> <FuncUnit> <Opcode : 'icmp'> <InPorts = 2> <OutPorts = 1>
ST_2 : Operation 71 [1/1] (0.35ns)   --->   "%select_ln51_150 = select i1 %icmp_ln1649_163, i7 %trunc_ln810_s, i7 0" [firmware/nnet_utils/nnet_activation_stream.h:51]   --->   Operation 71 'select' 'select_ln51_150' <Predicate = true> <Delay = 0.35> <CoreInst = "Sel">   --->   Core 73 'Sel' <Latency = 0> <II = 1> <Delay = 0.35> <FuncUnit> <Opcode : 'select'> <InPorts = 3> <OutPorts = 1>
ST_2 : Operation 72 [1/1] (0.78ns)   --->   "%icmp_ln1649_164 = icmp_sgt  i8 %p_Val2_127, i8 0"   --->   Operation 72 'icmp' 'icmp_ln1649_164' <Predicate = true> <Delay = 0.78> <CoreInst = "Cmp">   --->   Core 9 'Cmp' <Latency = 0> <II = 1> <Delay = 0.78> <FuncUnit> <Opcode : 'icmp'> <InPorts = 2> <OutPorts = 1>
ST_2 : Operation 73 [1/1] (0.35ns)   --->   "%p_Val2_184 = select i1 %icmp_ln1649_164, i7 %trunc_ln44_78, i7 0" [firmware/nnet_utils/nnet_activation_stream.h:51]   --->   Operation 73 'select' 'p_Val2_184' <Predicate = true> <Delay = 0.35> <CoreInst = "Sel">   --->   Core 73 'Sel' <Latency = 0> <II = 1> <Delay = 0.35> <FuncUnit> <Opcode : 'select'> <InPorts = 3> <OutPorts = 1>
ST_2 : Operation 74 [1/1] (0.78ns)   --->   "%icmp_ln1649_165 = icmp_sgt  i8 %p_Val2_128, i8 0"   --->   Operation 74 'icmp' 'icmp_ln1649_165' <Predicate = true> <Delay = 0.78> <CoreInst = "Cmp">   --->   Core 9 'Cmp' <Latency = 0> <II = 1> <Delay = 0.78> <FuncUnit> <Opcode : 'icmp'> <InPorts = 2> <OutPorts = 1>
ST_2 : Operation 75 [1/1] (0.35ns)   --->   "%select_ln51_152 = select i1 %icmp_ln1649_165, i7 %trunc_ln810_64, i7 0" [firmware/nnet_utils/nnet_activation_stream.h:51]   --->   Operation 75 'select' 'select_ln51_152' <Predicate = true> <Delay = 0.35> <CoreInst = "Sel">   --->   Core 73 'Sel' <Latency = 0> <II = 1> <Delay = 0.35> <FuncUnit> <Opcode : 'select'> <InPorts = 3> <OutPorts = 1>
ST_2 : Operation 76 [1/1] (0.78ns)   --->   "%icmp_ln1649_166 = icmp_sgt  i8 %p_Val2_129, i8 0"   --->   Operation 76 'icmp' 'icmp_ln1649_166' <Predicate = true> <Delay = 0.78> <CoreInst = "Cmp">   --->   Core 9 'Cmp' <Latency = 0> <II = 1> <Delay = 0.78> <FuncUnit> <Opcode : 'icmp'> <InPorts = 2> <OutPorts = 1>
ST_2 : Operation 77 [1/1] (0.35ns)   --->   "%p_Val2_185 = select i1 %icmp_ln1649_166, i7 %trunc_ln44_79, i7 0" [firmware/nnet_utils/nnet_activation_stream.h:51]   --->   Operation 77 'select' 'p_Val2_185' <Predicate = true> <Delay = 0.35> <CoreInst = "Sel">   --->   Core 73 'Sel' <Latency = 0> <II = 1> <Delay = 0.35> <FuncUnit> <Opcode : 'select'> <InPorts = 3> <OutPorts = 1>
ST_2 : Operation 78 [1/1] (0.78ns)   --->   "%icmp_ln1649_167 = icmp_sgt  i8 %p_Val2_178, i8 0"   --->   Operation 78 'icmp' 'icmp_ln1649_167' <Predicate = true> <Delay = 0.78> <CoreInst = "Cmp">   --->   Core 9 'Cmp' <Latency = 0> <II = 1> <Delay = 0.78> <FuncUnit> <Opcode : 'icmp'> <InPorts = 2> <OutPorts = 1>
ST_2 : Operation 79 [1/1] (0.35ns)   --->   "%select_ln51_154 = select i1 %icmp_ln1649_167, i7 %trunc_ln810_65, i7 0" [firmware/nnet_utils/nnet_activation_stream.h:51]   --->   Operation 79 'select' 'select_ln51_154' <Predicate = true> <Delay = 0.35> <CoreInst = "Sel">   --->   Core 73 'Sel' <Latency = 0> <II = 1> <Delay = 0.35> <FuncUnit> <Opcode : 'select'> <InPorts = 3> <OutPorts = 1>
ST_2 : Operation 80 [1/1] (0.78ns)   --->   "%icmp_ln1649_168 = icmp_sgt  i8 %p_Val2_130, i8 0"   --->   Operation 80 'icmp' 'icmp_ln1649_168' <Predicate = true> <Delay = 0.78> <CoreInst = "Cmp">   --->   Core 9 'Cmp' <Latency = 0> <II = 1> <Delay = 0.78> <FuncUnit> <Opcode : 'icmp'> <InPorts = 2> <OutPorts = 1>
ST_2 : Operation 81 [1/1] (0.35ns)   --->   "%p_Val2_186 = select i1 %icmp_ln1649_168, i7 %trunc_ln3, i7 0" [firmware/nnet_utils/nnet_activation_stream.h:51]   --->   Operation 81 'select' 'p_Val2_186' <Predicate = true> <Delay = 0.35> <CoreInst = "Sel">   --->   Core 73 'Sel' <Latency = 0> <II = 1> <Delay = 0.35> <FuncUnit> <Opcode : 'select'> <InPorts = 3> <OutPorts = 1>
ST_2 : Operation 103 [1/1] (0.00ns)   --->   "%ret_ln59 = ret" [firmware/nnet_utils/nnet_activation_stream.h:59]   --->   Operation 103 'ret' 'ret_ln59' <Predicate = (icmp_ln41)> <Delay = 0.00>

State 3 <SV = 2> <Delay = 2.18>
ST_3 : Operation 82 [1/1] (0.00ns)   --->   "%specpipeline_ln42 = specpipeline void @_ssdm_op_SpecPipeline, i32 4294967295, i32 0, i32 0, i32 0, void @empty_1" [firmware/nnet_utils/nnet_activation_stream.h:42]   --->   Operation 82 'specpipeline' 'specpipeline_ln42' <Predicate = true> <Delay = 0.00>
ST_3 : Operation 83 [1/1] (0.00ns)   --->   "%specloopname_ln41 = specloopname void @_ssdm_op_SpecLoopName, void @empty_3" [firmware/nnet_utils/nnet_activation_stream.h:41]   --->   Operation 83 'specloopname' 'specloopname_ln41' <Predicate = true> <Delay = 0.00>
ST_3 : Operation 84 [1/1] (0.00ns)   --->   "%zext_ln45 = zext i7 %out_data_data" [firmware/nnet_utils/nnet_activation_stream.h:45]   --->   Operation 84 'zext' 'zext_ln45' <Predicate = true> <Delay = 0.00>
ST_3 : Operation 85 [1/1] (0.00ns)   --->   "%zext_ln51 = zext i7 %out_data_data_41" [firmware/nnet_utils/nnet_activation_stream.h:51]   --->   Operation 85 'zext' 'zext_ln51' <Predicate = true> <Delay = 0.00>
ST_3 : Operation 86 [1/1] (0.00ns)   --->   "%zext_ln45_3 = zext i7 %out_data_data_42" [firmware/nnet_utils/nnet_activation_stream.h:45]   --->   Operation 86 'zext' 'zext_ln45_3' <Predicate = true> <Delay = 0.00>
ST_3 : Operation 87 [1/1] (0.00ns)   --->   "%zext_ln51_73 = zext i7 %out_data_data_44" [firmware/nnet_utils/nnet_activation_stream.h:51]   --->   Operation 87 'zext' 'zext_ln51_73' <Predicate = true> <Delay = 0.00>
ST_3 : Operation 88 [1/1] (0.00ns)   --->   "%zext_ln45_4 = zext i7 %out_data_data_45" [firmware/nnet_utils/nnet_activation_stream.h:45]   --->   Operation 88 'zext' 'zext_ln45_4' <Predicate = true> <Delay = 0.00>
ST_3 : Operation 89 [1/1] (0.00ns)   --->   "%zext_ln51_74 = zext i7 %out_data_data_47" [firmware/nnet_utils/nnet_activation_stream.h:51]   --->   Operation 89 'zext' 'zext_ln51_74' <Predicate = true> <Delay = 0.00>
ST_3 : Operation 90 [1/1] (0.00ns)   --->   "%zext_ln45_5 = zext i7 %out_data_data_48" [firmware/nnet_utils/nnet_activation_stream.h:45]   --->   Operation 90 'zext' 'zext_ln45_5' <Predicate = true> <Delay = 0.00>
ST_3 : Operation 91 [1/1] (0.00ns)   --->   "%zext_ln51_75 = zext i7 %out_data_data_50" [firmware/nnet_utils/nnet_activation_stream.h:51]   --->   Operation 91 'zext' 'zext_ln51_75' <Predicate = true> <Delay = 0.00>
ST_3 : Operation 92 [1/1] (0.00ns)   --->   "%zext_ln1649 = zext i7 %select_ln51"   --->   Operation 92 'zext' 'zext_ln1649' <Predicate = true> <Delay = 0.00>
ST_3 : Operation 93 [1/1] (0.00ns)   --->   "%zext_ln51_76 = zext i7 %p_Val2_183" [firmware/nnet_utils/nnet_activation_stream.h:51]   --->   Operation 93 'zext' 'zext_ln51_76' <Predicate = true> <Delay = 0.00>
ST_3 : Operation 94 [1/1] (0.00ns)   --->   "%zext_ln1649_74 = zext i7 %select_ln51_150"   --->   Operation 94 'zext' 'zext_ln1649_74' <Predicate = true> <Delay = 0.00>
ST_3 : Operation 95 [1/1] (0.00ns)   --->   "%zext_ln51_77 = zext i7 %p_Val2_184" [firmware/nnet_utils/nnet_activation_stream.h:51]   --->   Operation 95 'zext' 'zext_ln51_77' <Predicate = true> <Delay = 0.00>
ST_3 : Operation 96 [1/1] (0.00ns)   --->   "%zext_ln1649_75 = zext i7 %select_ln51_152"   --->   Operation 96 'zext' 'zext_ln1649_75' <Predicate = true> <Delay = 0.00>
ST_3 : Operation 97 [1/1] (0.00ns)   --->   "%zext_ln51_78 = zext i7 %p_Val2_185" [firmware/nnet_utils/nnet_activation_stream.h:51]   --->   Operation 97 'zext' 'zext_ln51_78' <Predicate = true> <Delay = 0.00>
ST_3 : Operation 98 [1/1] (0.00ns)   --->   "%zext_ln1649_76 = zext i7 %select_ln51_154"   --->   Operation 98 'zext' 'zext_ln1649_76' <Predicate = true> <Delay = 0.00>
ST_3 : Operation 99 [1/1] (0.00ns)   --->   "%or_ln57_s = bitconcatenate i127 @_ssdm_op_BitConcatenate.i127.i7.i8.i8.i8.i8.i8.i8.i8.i8.i8.i8.i8.i8.i8.i8.i8, i7 %p_Val2_186, i8 %zext_ln1649_76, i8 %zext_ln51_78, i8 %zext_ln1649_75, i8 %zext_ln51_77, i8 %zext_ln1649_74, i8 %zext_ln51_76, i8 %zext_ln1649, i8 %zext_ln51_75, i8 %zext_ln45_5, i8 %zext_ln51_74, i8 %zext_ln45_4, i8 %zext_ln51_73, i8 %zext_ln45_3, i8 %zext_ln51, i8 %zext_ln45" [firmware/nnet_utils/nnet_activation_stream.h:57]   --->   Operation 99 'bitconcatenate' 'or_ln57_s' <Predicate = true> <Delay = 0.00>
ST_3 : Operation 100 [1/1] (0.00ns)   --->   "%zext_ln57 = zext i127 %or_ln57_s" [firmware/nnet_utils/nnet_activation_stream.h:57]   --->   Operation 100 'zext' 'zext_ln57' <Predicate = true> <Delay = 0.00>
ST_3 : Operation 101 [1/1] (2.18ns)   --->   "%write_ln57 = write void @_ssdm_op_Write.ap_fifo.volatile.i128P0A, i128 %layer8_out, i128 %zext_ln57" [firmware/nnet_utils/nnet_activation_stream.h:57]   --->   Operation 101 'write' 'write_ln57' <Predicate = true> <Delay = 2.18> <CoreInst = "FIFO">   --->   Core 78 'FIFO' <Latency = 0> <II = 1> <Delay = 2.23> <Storage> <Opcode : 'read' 'write' 'nbread' 'nbwrite'> <Ports = 0> <Width = 128> <Depth = 49> <FIFO>
ST_3 : Operation 102 [1/1] (0.00ns)   --->   "%br_ln41 = br void %for.body4" [firmware/nnet_utils/nnet_activation_stream.h:41]   --->   Operation 102 'br' 'br_ln41' <Predicate = true> <Delay = 0.00>


============================================================
+ Verbose Summary: Timing violations
============================================================
Target clock period: 5ns, clock uncertainty: 0.625ns.

 <State 1>: 1.65ns
The critical path consists of the following:
	'alloca' operation ('i') [3]  (0 ns)
	'load' operation ('i', firmware/nnet_utils/nnet_activation_stream.h:41) on local variable 'i' [9]  (0 ns)
	'add' operation ('i', firmware/nnet_utils/nnet_activation_stream.h:41) [12]  (1.12 ns)
	'store' operation ('store_ln41', firmware/nnet_utils/nnet_activation_stream.h:41) of variable 'i', firmware/nnet_utils/nnet_activation_stream.h:41 on local variable 'i' [100]  (0.538 ns)

 <State 2>: 3.33ns
The critical path consists of the following:
	fifo read operation ('layer6_out_read', firmware/nnet_utils/nnet_activation_stream.h:44) on port 'layer6_out' (firmware/nnet_utils/nnet_activation_stream.h:44) [17]  (2.19 ns)
	'icmp' operation ('icmp_ln1649') [50]  (0.782 ns)
	'select' operation ('out_data.data', firmware/nnet_utils/nnet_activation_stream.h:51) [51]  (0.358 ns)

 <State 3>: 2.19ns
The critical path consists of the following:
	fifo write operation ('write_ln57', firmware/nnet_utils/nnet_activation_stream.h:57) on port 'layer8_out' (firmware/nnet_utils/nnet_activation_stream.h:57) [99]  (2.19 ns)


============================================================
+ Verbose Summary: Binding
============================================================
N/A
* FSMD analyzer results:
  - Output states:
 - Input state : 
  - Chain level:
	State 1
	State 2
	State 3


============================================================
+ Verbose Summary: Datapath Resource usage 
============================================================
N/A
