

================================================================
== Vitis HLS Report for 'compute_output_buffer_2d_array_array_ap_fixed_8_2_5_3_0_8u_config2_s'
================================================================
* Date:           Wed May 21 19:43:20 2025

* Version:        2022.2 (Build 3670227 on Oct 13 2022)
* Project:        myproject_prj
* Solution:       solution1 (Vivado IP Flow Target)
* Product family: kintexu
* Target device:  xcku035-fbva676-2-e


================================================================
== Performance Estimates
================================================================
+ Timing: 
    * Summary: 
    +--------+---------+----------+------------+
    |  Clock |  Target | Estimated| Uncertainty|
    +--------+---------+----------+------------+
    |ap_clk  |  5.00 ns|  3.870 ns|     0.62 ns|
    +--------+---------+----------+------------+

+ Latency: 
    * Summary: 
    +---------+---------+-----------+----------+-----+-----+---------+
    |  Latency (cycles) |  Latency (absolute)  |  Interval | Pipeline|
    |   min   |   max   |    min    |    max   | min | max |   Type  |
    +---------+---------+-----------+----------+-----+-----+---------+
    |        2|       41|  10.000 ns|  0.205 us|    2|   41|       no|
    +---------+---------+-----------+----------+-----+-----+---------+

    + Detail: 
        * Instance: 
        +--------------------------------------------------------------------------------+---------------------------------------------------------------------+---------+---------+----------+----------+-----+-----+------------------------------------------+
        |                                                                                |                                                                     |  Latency (cycles) |  Latency (absolute) |  Interval |                 Pipeline                 |
        |                                    Instance                                    |                                Module                               |   min   |   max   |    min   |    max   | min | max |                   Type                   |
        +--------------------------------------------------------------------------------+---------------------------------------------------------------------+---------+---------+----------+----------+-----+-----+------------------------------------------+
        |call_ln286_shift_line_buffer_array_ap_fixed_8_2_5_3_0_1u_config2_s_fu_93        |shift_line_buffer_array_ap_fixed_8_2_5_3_0_1u_config2_s              |        0|        0|      0 ns|      0 ns|    1|    1|                                       yes|
        |grp_dense_resource_ap_fixed_8_2_5_3_0_ap_fixed_8_2_5_3_0_config2_mult_s_fu_121  |dense_resource_ap_fixed_8_2_5_3_0_ap_fixed_8_2_5_3_0_config2_mult_s  |       37|       38|  0.185 us|  0.190 us|   36|   36|  loop rewind stp(delay=0 clock cycles(s))|
        +--------------------------------------------------------------------------------+---------------------------------------------------------------------+---------+---------+----------+----------+-----+-----+------------------------------------------+

        * Loop: 
        N/A



================================================================
== Utilization Estimates
================================================================
* Summary: 
+-----------------+---------+------+--------+--------+-----+
|       Name      | BRAM_18K|  DSP |   FF   |   LUT  | URAM|
+-----------------+---------+------+--------+--------+-----+
|DSP              |        -|     -|       -|       -|    -|
|Expression       |        -|     -|       0|     350|    -|
|FIFO             |        -|     -|       -|       -|    -|
|Instance         |        0|     0|     340|    1045|    -|
|Memory           |        -|     -|       -|       -|    -|
|Multiplexer      |        -|     -|       -|      76|    -|
|Register         |        -|     -|     271|       -|    -|
+-----------------+---------+------+--------+--------+-----+
|Total            |        0|     0|     611|    1471|    0|
+-----------------+---------+------+--------+--------+-----+
|Available        |     1080|  1700|  406256|  203128|    0|
+-----------------+---------+------+--------+--------+-----+
|Utilization (%)  |        0|     0|      ~0|      ~0|    0|
+-----------------+---------+------+--------+--------+-----+

+ Detail: 
    * Instance: 
    +--------------------------------------------------------------------------------+---------------------------------------------------------------------+---------+----+-----+-----+-----+
    |                                    Instance                                    |                                Module                               | BRAM_18K| DSP|  FF | LUT | URAM|
    +--------------------------------------------------------------------------------+---------------------------------------------------------------------+---------+----+-----+-----+-----+
    |grp_dense_resource_ap_fixed_8_2_5_3_0_ap_fixed_8_2_5_3_0_config2_mult_s_fu_121  |dense_resource_ap_fixed_8_2_5_3_0_ap_fixed_8_2_5_3_0_config2_mult_s  |        0|   0|  339|  989|    0|
    |call_ln286_shift_line_buffer_array_ap_fixed_8_2_5_3_0_1u_config2_s_fu_93        |shift_line_buffer_array_ap_fixed_8_2_5_3_0_1u_config2_s              |        0|   0|    1|   56|    0|
    +--------------------------------------------------------------------------------+---------------------------------------------------------------------+---------+----+-----+-----+-----+
    |Total                                                                           |                                                                     |        0|   0|  340| 1045|    0|
    +--------------------------------------------------------------------------------+---------------------------------------------------------------------+---------+----+-----+-----+-----+

    * DSP: 
    N/A

    * Memory: 
    N/A

    * FIFO: 
    N/A

    * Expression: 
    +--------------------------------+----------+----+---+----+------------+------------+
    |          Variable Name         | Operation| DSP| FF| LUT| Bitwidth P0| Bitwidth P1|
    +--------------------------------+----------+----+---+----+------------+------------+
    |add_ln313_fu_264_p2             |         +|   0|  0|  39|          32|           1|
    |add_ln317_fu_311_p2             |         +|   0|  0|  39|          32|           1|
    |add_ln323_fu_328_p2             |         +|   0|  0|  39|          32|           1|
    |add_ln328_fu_281_p2             |         +|   0|  0|  39|          32|           1|
    |and_ln289_1_fu_213_p2           |       and|   0|  0|   2|           1|           1|
    |and_ln289_fu_207_p2             |       and|   0|  0|   2|           1|           1|
    |ap_block_state4                 |       and|   0|  0|   2|           1|           1|
    |ap_condition_151                |       and|   0|  0|   2|           1|           1|
    |ap_condition_242                |       and|   0|  0|   2|           1|           1|
    |ap_predicate_op33_write_state4  |       and|   0|  0|   2|           1|           1|
    |grp_fu_147_p2                   |      icmp|   0|  0|  20|          32|           2|
    |icmp_ln289_2_fu_185_p2          |      icmp|   0|  0|  19|          31|           1|
    |icmp_ln289_3_fu_201_p2          |      icmp|   0|  0|  19|          31|           1|
    |icmp_ln289_fu_156_p2            |      icmp|   0|  0|  20|          32|           2|
    |icmp_ln313_fu_269_p2            |      icmp|   0|  0|  20|          32|           6|
    |icmp_ln317_fu_316_p2            |      icmp|   0|  0|  20|          32|           6|
    |select_ln323_fu_333_p3          |    select|   0|  0|  32|           1|           2|
    |select_ln328_fu_286_p3          |    select|   0|  0|  32|           1|           2|
    +--------------------------------+----------+----+---+----+------------+------------+
    |Total                           |          |   0|  0| 350|         326|          32|
    +--------------------------------+----------+----+---+----+------------+------------+

    * Multiplexer: 
    +------------------------------------+----+-----------+-----+-----------+
    |                Name                | LUT| Input Size| Bits| Total Bits|
    +------------------------------------+----+-----------+-----+-----------+
    |ap_NS_fsm                           |  26|          5|    1|          5|
    |ap_phi_mux_storemerge_phi_fu_86_p4  |  14|          3|   32|         96|
    |layer2_out_blk_n                    |   9|          2|    1|          2|
    |pX_4                                |   9|          2|   32|         64|
    |pY_4                                |   9|          2|   32|         64|
    |sX_4                                |   9|          2|   32|         64|
    +------------------------------------+----+-----------+-----+-----------+
    |Total                               |  76|         16|  130|        295|
    +------------------------------------+----+-----------+-----+-----------+

    * Register: 
    +---------------------------------------------------------------------------------------------+----+----+-----+-----------+
    |                                             Name                                            | FF | LUT| Bits| Const Bits|
    +---------------------------------------------------------------------------------------------+----+----+-----+-----------+
    |and_ln289_1_reg_371                                                                          |   1|   0|    1|          0|
    |ap_CS_fsm                                                                                    |   4|   0|    4|          0|
    |grp_dense_resource_ap_fixed_8_2_5_3_0_ap_fixed_8_2_5_3_0_config2_mult_s_fu_121_ap_start_reg  |   1|   0|    1|          0|
    |icmp_ln289_reg_357                                                                           |   1|   0|    1|          0|
    |pX_4                                                                                         |  32|   0|   32|          0|
    |pY_4                                                                                         |  32|   0|   32|          0|
    |res_out_V_10_reg_390                                                                         |   8|   0|    8|          0|
    |res_out_V_11_reg_395                                                                         |   8|   0|    8|          0|
    |res_out_V_12_reg_400                                                                         |   8|   0|    8|          0|
    |res_out_V_13_reg_405                                                                         |   8|   0|    8|          0|
    |res_out_V_14_reg_410                                                                         |   8|   0|    8|          0|
    |res_out_V_8_reg_380                                                                          |   8|   0|    8|          0|
    |res_out_V_9_reg_385                                                                          |   8|   0|    8|          0|
    |res_out_V_reg_375                                                                            |   8|   0|    8|          0|
    |sX_4                                                                                         |  32|   0|   32|          0|
    |sY_4                                                                                         |  32|   0|   32|          0|
    |void_compute_output_buffer_2d_array_const_ap_shift_reg_n_chan_stream_weig_10                 |   8|   0|    8|          0|
    |void_compute_output_buffer_2d_array_const_ap_shift_reg_n_chan_stream_weig_11                 |   8|   0|    8|          0|
    |void_compute_output_buffer_2d_array_const_ap_shift_reg_n_chan_stream_weig_12                 |   8|   0|    8|          0|
    |void_compute_output_buffer_2d_array_const_ap_shift_reg_n_chan_stream_weig_13                 |   8|   0|    8|          0|
    |void_compute_output_buffer_2d_array_const_ap_shift_reg_n_chan_stream_weig_14                 |   8|   0|    8|          0|
    |void_compute_output_buffer_2d_array_const_ap_shift_reg_n_chan_stream_weig_15                 |   8|   0|    8|          0|
    |void_compute_output_buffer_2d_array_const_ap_shift_reg_n_chan_stream_weig_16                 |   8|   0|    8|          0|
    |void_compute_output_buffer_2d_array_const_ap_shift_reg_n_chan_stream_weig_17                 |   8|   0|    8|          0|
    |void_compute_output_buffer_2d_array_const_ap_shift_reg_n_chan_stream_weig_18                 |   8|   0|    8|          0|
    +---------------------------------------------------------------------------------------------+----+----+-----+-----------+
    |Total                                                                                        | 271|   0|  271|          0|
    +---------------------------------------------------------------------------------------------+----+----+-----+-----------+



================================================================
== Interface
================================================================
* Summary: 
+---------------------------+-----+-----+------------+-----------------------------------------------------------------------+--------------+
|         RTL Ports         | Dir | Bits|  Protocol  |                             Source Object                             |    C Type    |
+---------------------------+-----+-----+------------+-----------------------------------------------------------------------+--------------+
|ap_clk                     |   in|    1|  ap_ctrl_hs|  compute_output_buffer_2d<array,array<ap_fixed<8,2,5,3,0>,8u>,config2>|  return value|
|ap_rst                     |   in|    1|  ap_ctrl_hs|  compute_output_buffer_2d<array,array<ap_fixed<8,2,5,3,0>,8u>,config2>|  return value|
|ap_start                   |   in|    1|  ap_ctrl_hs|  compute_output_buffer_2d<array,array<ap_fixed<8,2,5,3,0>,8u>,config2>|  return value|
|ap_done                    |  out|    1|  ap_ctrl_hs|  compute_output_buffer_2d<array,array<ap_fixed<8,2,5,3,0>,8u>,config2>|  return value|
|ap_idle                    |  out|    1|  ap_ctrl_hs|  compute_output_buffer_2d<array,array<ap_fixed<8,2,5,3,0>,8u>,config2>|  return value|
|ap_ready                   |  out|    1|  ap_ctrl_hs|  compute_output_buffer_2d<array,array<ap_fixed<8,2,5,3,0>,8u>,config2>|  return value|
|p_read                     |   in|    8|     ap_none|                                                                 p_read|        scalar|
|layer2_out_din             |  out|   64|     ap_fifo|                                                             layer2_out|       pointer|
|layer2_out_num_data_valid  |   in|   13|     ap_fifo|                                                             layer2_out|       pointer|
|layer2_out_fifo_cap        |   in|   13|     ap_fifo|                                                             layer2_out|       pointer|
|layer2_out_full_n          |   in|    1|     ap_fifo|                                                             layer2_out|       pointer|
|layer2_out_write           |  out|    1|     ap_fifo|                                                             layer2_out|       pointer|
+---------------------------+-----+-----+------------+-----------------------------------------------------------------------+--------------+

