

================================================================
== Vitis HLS Report for 'conv_2d_cl_array_ap_fixed_16u_array_ap_fixed_8_2_5_3_0_32u_config10_s'
================================================================
* Date:           Wed May 21 19:43:56 2025

* Version:        2022.2 (Build 3670227 on Oct 13 2022)
* Project:        myproject_prj
* Solution:       solution1 (Vivado IP Flow Target)
* Product family: kintexu
* Target device:  xcku035-fbva676-2-e


================================================================
== Performance Estimates
================================================================
+ Timing: 
    * Summary: 
    +--------+---------+----------+------------+
    |  Clock |  Target | Estimated| Uncertainty|
    +--------+---------+----------+------------+
    |ap_clk  |  5.00 ns|  4.293 ns|     0.62 ns|
    +--------+---------+----------+------------+

+ Latency: 
    * Summary: 
    +---------+---------+----------+----------+-----+-----+---------+
    |  Latency (cycles) |  Latency (absolute) |  Interval | Pipeline|
    |   min   |   max   |    min   |    max   | min | max |   Type  |
    +---------+---------+----------+----------+-----+-----+---------+
    |       83|       83|  0.415 us|  0.415 us|   83|   83|       no|
    +---------+---------+----------+----------+-----+-----+---------+

    + Detail: 
        * Instance: 
        +-----------------------------------------------------------------------------------+------------------------------------------------------------------------+---------+---------+-----------+-----------+-----+-----+---------+
        |                                                                                   |                                                                        |  Latency (cycles) |   Latency (absolute)  |  Interval | Pipeline|
        |                                      Instance                                     |                                 Module                                 |   min   |   max   |    min    |    max    | min | max |   Type  |
        +-----------------------------------------------------------------------------------+------------------------------------------------------------------------+---------+---------+-----------+-----------+-----+-----+---------+
        |grp_compute_output_buffer_2d_array_array_ap_fixed_8_2_5_3_0_32u_config10_s_fu_470  |compute_output_buffer_2d_array_array_ap_fixed_8_2_5_3_0_32u_config10_s  |        5|        5|  25.000 ns|  25.000 ns|    5|    5|      yes|
        +-----------------------------------------------------------------------------------+------------------------------------------------------------------------+---------+---------+-----------+-----------+-----+-----+---------+

        * Loop: 
        +----------------------------------+---------+---------+----------+-----------+-----------+------+----------+
        |                                  |  Latency (cycles) | Iteration|  Initiation Interval  | Trip |          |
        |             Loop Name            |   min   |   max   |  Latency |  achieved |   target  | Count| Pipelined|
        +----------------------------------+---------+---------+----------+-----------+-----------+------+----------+
        |- ReadInputHeight_ReadInputWidth  |       81|       81|         7|          5|          1|    16|       yes|
        +----------------------------------+---------+---------+----------+-----------+-----------+------+----------+



================================================================
== Utilization Estimates
================================================================
* Summary: 
+-----------------+---------+------+--------+--------+-----+
|       Name      | BRAM_18K|  DSP |   FF   |   LUT  | URAM|
+-----------------+---------+------+--------+--------+-----+
|DSP              |        -|     -|       -|       -|    -|
|Expression       |        -|     -|       0|      34|    -|
|FIFO             |        -|     -|       -|       -|    -|
|Instance         |        -|     0|   13626|   87322|    -|
|Memory           |        -|     -|       -|       -|    -|
|Multiplexer      |        -|     -|       -|     121|    -|
|Register         |        -|     -|      16|       -|    -|
+-----------------+---------+------+--------+--------+-----+
|Total            |        0|     0|   13642|   87477|    0|
+-----------------+---------+------+--------+--------+-----+
|Available        |     1080|  1700|  406256|  203128|    0|
+-----------------+---------+------+--------+--------+-----+
|Utilization (%)  |        0|     0|       3|      43|    0|
+-----------------+---------+------+--------+--------+-----+

+ Detail: 
    * Instance: 
    +-----------------------------------------------------------------------------------+------------------------------------------------------------------------+---------+----+-------+-------+-----+
    |                                      Instance                                     |                                 Module                                 | BRAM_18K| DSP|   FF  |  LUT  | URAM|
    +-----------------------------------------------------------------------------------+------------------------------------------------------------------------+---------+----+-------+-------+-----+
    |grp_compute_output_buffer_2d_array_array_ap_fixed_8_2_5_3_0_32u_config10_s_fu_470  |compute_output_buffer_2d_array_array_ap_fixed_8_2_5_3_0_32u_config10_s  |        0|   0|  13626|  87322|    0|
    +-----------------------------------------------------------------------------------+------------------------------------------------------------------------+---------+----+-------+-------+-----+
    |Total                                                                              |                                                                        |        0|   0|  13626|  87322|    0|
    +-----------------------------------------------------------------------------------+------------------------------------------------------------------------+---------+----+-------+-------+-----+

    * DSP: 
    N/A

    * Memory: 
    N/A

    * FIFO: 
    N/A

    * Expression: 
    +------------------------------------------+----------+----+---+----+------------+------------+
    |               Variable Name              | Operation| DSP| FF| LUT| Bitwidth P0| Bitwidth P1|
    +------------------------------------------+----------+----+---+----+------------+------------+
    |add_ln24_fu_866_p2                        |         +|   0|  0|  12|           5|           1|
    |ap_block_pp0_stage0_11001                 |       and|   0|  0|   2|           1|           1|
    |ap_block_pp0_stage1_11001_ignoreCallOp37  |       and|   0|  0|   2|           1|           1|
    |ap_block_state2_pp0_stage1_iter0          |       and|   0|  0|   2|           1|           1|
    |ap_condition_197                          |       and|   0|  0|   2|           1|           1|
    |icmp_ln24_fu_860_p2                       |      icmp|   0|  0|  10|           5|           6|
    |ap_block_pp0_stage1_11001                 |        or|   0|  0|   2|           1|           1|
    |ap_enable_pp0                             |       xor|   0|  0|   2|           1|           2|
    +------------------------------------------+----------+----+---+----+------------+------------+
    |Total                                     |          |   0|  0|  34|          16|          14|
    +------------------------------------------+----------+----+---+----+------------+------------+

    * Multiplexer: 
    +--------------------------------------+----+-----------+-----+-----------+
    |                 Name                 | LUT| Input Size| Bits| Total Bits|
    +--------------------------------------+----+-----------+-----+-----------+
    |ap_NS_fsm                             |  31|          6|    1|          6|
    |ap_done_int                           |   9|          2|    1|          2|
    |ap_enable_reg_pp0_iter0               |   9|          2|    1|          2|
    |ap_enable_reg_pp0_iter0_reg           |   9|          2|    1|          2|
    |ap_enable_reg_pp0_iter1               |   9|          2|    1|          2|
    |ap_sig_allocacmp_indvar_flatten_load  |   9|          2|    5|         10|
    |indvar_flatten_fu_460                 |   9|          2|    5|         10|
    |layer10_out_blk_n                     |   9|          2|    1|          2|
    |layer10_out_write                     |   9|          2|    1|          2|
    |layer9_out_blk_n                      |   9|          2|    1|          2|
    |real_start                            |   9|          2|    1|          2|
    +--------------------------------------+----+-----------+-----+-----------+
    |Total                                 | 121|         26|   19|         42|
    +--------------------------------------+----+-----------+-----+-----------+

    * Register: 
    +------------------------------------------------------------------------------------------------+---+----+-----+-----------+
    |                                              Name                                              | FF| LUT| Bits| Const Bits|
    +------------------------------------------------------------------------------------------------+---+----+-----+-----------+
    |ap_CS_fsm                                                                                       |  5|   0|    5|          0|
    |ap_done_reg                                                                                     |  1|   0|    1|          0|
    |ap_enable_reg_pp0_iter0_reg                                                                     |  1|   0|    1|          0|
    |ap_enable_reg_pp0_iter1                                                                         |  1|   0|    1|          0|
    |grp_compute_output_buffer_2d_array_array_ap_fixed_8_2_5_3_0_32u_config10_s_fu_470_ap_start_reg  |  1|   0|    1|          0|
    |icmp_ln24_reg_1054                                                                              |  1|   0|    1|          0|
    |indvar_flatten_fu_460                                                                           |  5|   0|    5|          0|
    |start_once_reg                                                                                  |  1|   0|    1|          0|
    +------------------------------------------------------------------------------------------------+---+----+-----+-----------+
    |Total                                                                                           | 16|   0|   16|          0|
    +------------------------------------------------------------------------------------------------+---+----+-----+-----------+



================================================================
== Interface
================================================================
* Summary: 
+----------------------------+-----+-----+------------+-------------------------------------------------------------------------+--------------+
|          RTL Ports         | Dir | Bits|  Protocol  |                              Source Object                              |    C Type    |
+----------------------------+-----+-----+------------+-------------------------------------------------------------------------+--------------+
|ap_clk                      |   in|    1|  ap_ctrl_hs|  conv_2d_cl<array<ap_fixed,16u>,array<ap_fixed<8,2,5,3,0>,32u>,config10>|  return value|
|ap_rst                      |   in|    1|  ap_ctrl_hs|  conv_2d_cl<array<ap_fixed,16u>,array<ap_fixed<8,2,5,3,0>,32u>,config10>|  return value|
|ap_start                    |   in|    1|  ap_ctrl_hs|  conv_2d_cl<array<ap_fixed,16u>,array<ap_fixed<8,2,5,3,0>,32u>,config10>|  return value|
|start_full_n                |   in|    1|  ap_ctrl_hs|  conv_2d_cl<array<ap_fixed,16u>,array<ap_fixed<8,2,5,3,0>,32u>,config10>|  return value|
|ap_done                     |  out|    1|  ap_ctrl_hs|  conv_2d_cl<array<ap_fixed,16u>,array<ap_fixed<8,2,5,3,0>,32u>,config10>|  return value|
|ap_continue                 |   in|    1|  ap_ctrl_hs|  conv_2d_cl<array<ap_fixed,16u>,array<ap_fixed<8,2,5,3,0>,32u>,config10>|  return value|
|ap_idle                     |  out|    1|  ap_ctrl_hs|  conv_2d_cl<array<ap_fixed,16u>,array<ap_fixed<8,2,5,3,0>,32u>,config10>|  return value|
|ap_ready                    |  out|    1|  ap_ctrl_hs|  conv_2d_cl<array<ap_fixed,16u>,array<ap_fixed<8,2,5,3,0>,32u>,config10>|  return value|
|start_out                   |  out|    1|  ap_ctrl_hs|  conv_2d_cl<array<ap_fixed,16u>,array<ap_fixed<8,2,5,3,0>,32u>,config10>|  return value|
|start_write                 |  out|    1|  ap_ctrl_hs|  conv_2d_cl<array<ap_fixed,16u>,array<ap_fixed<8,2,5,3,0>,32u>,config10>|  return value|
|layer9_out_dout             |   in|  128|     ap_fifo|                                                               layer9_out|       pointer|
|layer9_out_num_data_valid   |   in|    5|     ap_fifo|                                                               layer9_out|       pointer|
|layer9_out_fifo_cap         |   in|    5|     ap_fifo|                                                               layer9_out|       pointer|
|layer9_out_empty_n          |   in|    1|     ap_fifo|                                                               layer9_out|       pointer|
|layer9_out_read             |  out|    1|     ap_fifo|                                                               layer9_out|       pointer|
|layer10_out_din             |  out|  256|     ap_fifo|                                                              layer10_out|       pointer|
|layer10_out_num_data_valid  |   in|    3|     ap_fifo|                                                              layer10_out|       pointer|
|layer10_out_fifo_cap        |   in|    3|     ap_fifo|                                                              layer10_out|       pointer|
|layer10_out_full_n          |   in|    1|     ap_fifo|                                                              layer10_out|       pointer|
|layer10_out_write           |  out|    1|     ap_fifo|                                                              layer10_out|       pointer|
+----------------------------+-----+-----+------------+-------------------------------------------------------------------------+--------------+

