

================================================================
== Vitis HLS Report for 'dense_array_ap_ufixed_52u_array_ap_fixed_8_2_5_3_0_5u_config17_s'
================================================================
* Date:           Tue May 13 20:25:50 2025

* Version:        2022.2 (Build 3670227 on Oct 13 2022)
* Project:        myproject_prj
* Solution:       solution1 (Vivado IP Flow Target)
* Product family: kintexu
* Target device:  xcku035-fbva676-2-e


================================================================
== Performance Estimates
================================================================
+ Timing: 
    * Summary: 
    +--------+---------+----------+------------+
    |  Clock |  Target | Estimated| Uncertainty|
    +--------+---------+----------+------------+
    |ap_clk  |  5.00 ns|  3.673 ns|     0.62 ns|
    +--------+---------+----------+------------+

+ Latency: 
    * Summary: 
    +---------+---------+----------+----------+-----+-----+------------------------------------------+
    |  Latency (cycles) |  Latency (absolute) |  Interval |                 Pipeline                 |
    |   min   |   max   |    min   |    max   | min | max |                   Type                   |
    +---------+---------+----------+----------+-----+-----+------------------------------------------+
    |       28|       29|  0.140 us|  0.145 us|   26|   26|  loop rewind stp(delay=0 clock cycles(s))|
    +---------+---------+----------+----------+-----+-----+------------------------------------------+

    + Detail: 
        * Instance: 
        N/A

        * Loop: 
        +-------------+---------+---------+----------+-----------+-----------+------+----------+
        |             |  Latency (cycles) | Iteration|  Initiation Interval  | Trip |          |
        |  Loop Name  |   min   |   max   |  Latency |  achieved |   target  | Count| Pipelined|
        +-------------+---------+---------+----------+-----------+-----------+------+----------+
        |- ReuseLoop  |       28|       28|         4|          1|          1|    26|       yes|
        +-------------+---------+---------+----------+-----------+-----------+------+----------+



================================================================
== Utilization Estimates
================================================================
* Summary: 
+-----------------+---------+------+--------+--------+-----+
|       Name      | BRAM_18K|  DSP |   FF   |   LUT  | URAM|
+-----------------+---------+------+--------+--------+-----+
|DSP              |        -|     -|       -|       -|    -|
|Expression       |        -|     -|       0|     362|    -|
|FIFO             |        -|     -|       -|       -|    -|
|Instance         |        -|     0|       0|     636|    -|
|Memory           |        5|     -|       0|       0|    -|
|Multiplexer      |        -|     -|       -|    1667|    -|
|Register         |        -|     -|     600|       1|    -|
+-----------------+---------+------+--------+--------+-----+
|Total            |        5|     0|     600|    2666|    0|
+-----------------+---------+------+--------+--------+-----+
|Available        |     1080|  1700|  406256|  203128|    0|
+-----------------+---------+------+--------+--------+-----+
|Utilization (%)  |       ~0|     0|      ~0|       1|    0|
+-----------------+---------+------+--------+--------+-----+

+ Detail: 
    * Instance: 
    +------------------------+-------------------+---------+----+---+-----+-----+
    |        Instance        |       Module      | BRAM_18K| DSP| FF| LUT | URAM|
    +------------------------+-------------------+---------+----+---+-----+-----+
    |mul_8ns_7s_13_1_1_U676  |mul_8ns_7s_13_1_1  |        0|   0|  0|   40|    0|
    |mul_8ns_7s_13_1_1_U677  |mul_8ns_7s_13_1_1  |        0|   0|  0|   40|    0|
    |mul_8ns_7s_13_1_1_U678  |mul_8ns_7s_13_1_1  |        0|   0|  0|   40|    0|
    |mul_8ns_7s_13_1_1_U679  |mul_8ns_7s_13_1_1  |        0|   0|  0|   40|    0|
    |mul_8ns_7s_13_1_1_U680  |mul_8ns_7s_13_1_1  |        0|   0|  0|   40|    0|
    |mul_8ns_7s_13_1_1_U681  |mul_8ns_7s_13_1_1  |        0|   0|  0|   40|    0|
    |mul_8ns_7s_13_1_1_U682  |mul_8ns_7s_13_1_1  |        0|   0|  0|   40|    0|
    |mul_8ns_7s_13_1_1_U683  |mul_8ns_7s_13_1_1  |        0|   0|  0|   40|    0|
    |mul_8ns_7s_13_1_1_U684  |mul_8ns_7s_13_1_1  |        0|   0|  0|   40|    0|
    |mul_8ns_7s_13_1_1_U685  |mul_8ns_7s_13_1_1  |        0|   0|  0|   40|    0|
    |mux_265_8_1_1_U674      |mux_265_8_1_1      |        0|   0|  0|  118|    0|
    |mux_265_8_1_1_U675      |mux_265_8_1_1      |        0|   0|  0|  118|    0|
    +------------------------+-------------------+---------+----+---+-----+-----+
    |Total                   |                   |        0|   0|  0|  636|    0|
    +------------------------+-------------------+---------+----+---+-----+-----+

    * DSP: 
    N/A

    * Memory: 
    +---------+----------------------------------------------------------------------------------+---------+---+----+-----+------+-----+------+-------------+
    |  Memory |                                      Module                                      | BRAM_18K| FF| LUT| URAM| Words| Bits| Banks| W*Bits*Banks|
    +---------+----------------------------------------------------------------------------------+---------+---+----+-----+------+-----+------+-------------+
    |w17_V_U  |dense_array_ap_ufixed_52u_array_ap_fixed_8_2_5_3_0_5u_config17_s_w17_V_ROM_AUbhl  |        5|  0|   0|    0|   260|    7|     1|         1820|
    +---------+----------------------------------------------------------------------------------+---------+---+----+-----+------+-----+------+-------------+
    |Total    |                                                                                  |        5|  0|   0|    0|   260|    7|     1|         1820|
    +---------+----------------------------------------------------------------------------------+---------+---+----+-----+------+-----+------+-------------+

    * FIFO: 
    N/A

    * Expression: 
    +----------------------------------+----------+----+---+----+------------+------------+
    |           Variable Name          | Operation| DSP| FF| LUT| Bitwidth P0| Bitwidth P1|
    +----------------------------------+----------+----+---+----+------------+------------+
    |add_ln813_68_fu_2793_p2           |         +|   0|  0|  19|           8|           8|
    |add_ln813_70_fu_2843_p2           |         +|   0|  0|  19|           8|           8|
    |add_ln813_72_fu_2893_p2           |         +|   0|  0|  19|           8|           8|
    |add_ln813_74_fu_2943_p2           |         +|   0|  0|  19|           8|           8|
    |add_ln813_fu_2743_p2              |         +|   0|  0|  19|           8|           8|
    |empty_105_fu_1902_p2              |         +|   0|  0|  13|           6|           5|
    |empty_106_fu_1913_p2              |         +|   0|  0|  14|           7|           6|
    |empty_107_fu_1924_p2              |         +|   0|  0|  14|           7|           7|
    |empty_108_fu_1935_p2              |         +|   0|  0|  15|           8|           7|
    |empty_109_fu_1946_p2              |         +|   0|  0|  15|           8|           8|
    |empty_110_fu_1957_p2              |         +|   0|  0|  15|           8|           8|
    |empty_111_fu_1968_p2              |         +|   0|  0|  15|           8|           8|
    |empty_112_fu_1979_p2              |         +|   0|  0|  14|           7|           7|
    |empty_113_fu_1994_p2              |         +|   0|  0|  16|           9|           8|
    |in_index_fu_2005_p2               |         +|   0|  0|  12|           5|           1|
    |res_V_52_fu_2799_p2               |         +|   0|  0|  19|           8|           8|
    |res_V_53_fu_2849_p2               |         +|   0|  0|  19|           8|           8|
    |res_V_54_fu_2899_p2               |         +|   0|  0|  19|           8|           8|
    |res_V_55_fu_2949_p2               |         +|   0|  0|  19|           8|           8|
    |res_V_fu_2749_p2                  |         +|   0|  0|  19|           8|           8|
    |ap_block_state3_pp0_stage0_iter1  |       and|   0|  0|   2|           1|           1|
    |ap_block_state4_io                |       and|   0|  0|   2|           1|           1|
    |ap_block_state5_io                |       and|   0|  0|   2|           1|           1|
    |ap_condition_136                  |       and|   0|  0|   2|           1|           1|
    |ap_condition_394                  |       and|   0|  0|   2|           1|           1|
    |icmp_ln42_fu_2011_p2              |      icmp|   0|  0|   9|           5|           4|
    |ap_block_pp0_stage0_01001         |        or|   0|  0|   2|           1|           1|
    |ap_block_pp0_stage0_11001         |        or|   0|  0|   2|           1|           1|
    |ap_block_state1                   |        or|   0|  0|   2|           1|           1|
    |ap_block_state5_pp0_stage0_iter3  |        or|   0|  0|   2|           1|           1|
    |ap_enable_pp0                     |       xor|   0|  0|   2|           1|           2|
    +----------------------------------+----------+----+---+----+------------+------------+
    |Total                             |          |   0|  0| 362|         168|         160|
    +----------------------------------+----------+----+---+----+------------+------------+

    * Multiplexer: 
    +------------------------------------------+----+-----------+-----+-----------+
    |                   Name                   | LUT| Input Size| Bits| Total Bits|
    +------------------------------------------+----+-----------+-----+-----------+
    |ap_NS_fsm                                 |  14|          3|    1|          3|
    |ap_done                                   |   9|          2|    1|          2|
    |ap_enable_reg_pp0_iter1                   |   9|          2|    1|          2|
    |ap_enable_reg_pp0_iter3                   |   9|          2|    1|          2|
    |ap_phi_mux_data_V_100_phi_phi_fu_1695_p4  |  14|          3|    8|         24|
    |ap_phi_mux_data_V_101_phi_phi_fu_1683_p4  |  14|          3|    8|         24|
    |ap_phi_mux_data_V_102_phi_phi_fu_1671_p4  |  14|          3|    8|         24|
    |ap_phi_mux_data_V_103_phi_phi_fu_1659_p4  |  14|          3|    8|         24|
    |ap_phi_mux_data_V_104_phi_phi_fu_1647_p4  |  14|          3|    8|         24|
    |ap_phi_mux_data_V_105_phi_phi_fu_1635_p4  |  14|          3|    8|         24|
    |ap_phi_mux_data_V_106_phi_phi_fu_1623_p4  |  14|          3|    8|         24|
    |ap_phi_mux_data_V_107_phi_phi_fu_1611_p4  |  14|          3|    8|         24|
    |ap_phi_mux_data_V_108_phi_phi_fu_1599_p4  |  14|          3|    8|         24|
    |ap_phi_mux_data_V_109_phi_phi_fu_1587_p4  |  14|          3|    8|         24|
    |ap_phi_mux_data_V_110_phi_phi_fu_1575_p4  |  14|          3|    8|         24|
    |ap_phi_mux_data_V_111_phi_phi_fu_1563_p4  |  14|          3|    8|         24|
    |ap_phi_mux_data_V_112_phi_phi_fu_1551_p4  |  14|          3|    8|         24|
    |ap_phi_mux_data_V_113_phi_phi_fu_1539_p4  |  14|          3|    8|         24|
    |ap_phi_mux_data_V_114_phi_phi_fu_1527_p4  |  14|          3|    8|         24|
    |ap_phi_mux_data_V_115_phi_phi_fu_1515_p4  |  14|          3|    8|         24|
    |ap_phi_mux_data_V_116_phi_phi_fu_1503_p4  |  14|          3|    8|         24|
    |ap_phi_mux_data_V_117_phi_phi_fu_1491_p4  |  14|          3|    8|         24|
    |ap_phi_mux_data_V_118_phi_phi_fu_1479_p4  |  14|          3|    8|         24|
    |ap_phi_mux_data_V_119_phi_phi_fu_1467_p4  |  14|          3|    8|         24|
    |ap_phi_mux_data_V_120_phi_phi_fu_1455_p4  |  14|          3|    8|         24|
    |ap_phi_mux_data_V_121_phi_phi_fu_1443_p4  |  14|          3|    8|         24|
    |ap_phi_mux_data_V_122_phi_phi_fu_1431_p4  |  14|          3|    8|         24|
    |ap_phi_mux_data_V_123_phi_phi_fu_1419_p4  |  14|          3|    8|         24|
    |ap_phi_mux_data_V_124_phi_phi_fu_1407_p4  |  14|          3|    8|         24|
    |ap_phi_mux_data_V_125_phi_phi_fu_1395_p4  |  14|          3|    8|         24|
    |ap_phi_mux_data_V_126_phi_phi_fu_1383_p4  |  14|          3|    8|         24|
    |ap_phi_mux_data_V_127_phi_phi_fu_1371_p4  |  14|          3|    8|         24|
    |ap_phi_mux_data_V_128_phi_phi_fu_1359_p4  |  14|          3|    8|         24|
    |ap_phi_mux_data_V_129_phi_phi_fu_1347_p4  |  14|          3|    8|         24|
    |ap_phi_mux_data_V_130_phi_phi_fu_1335_p4  |  14|          3|    8|         24|
    |ap_phi_mux_data_V_131_phi_phi_fu_1323_p4  |  14|          3|    8|         24|
    |ap_phi_mux_data_V_132_phi_phi_fu_1311_p4  |  14|          3|    8|         24|
    |ap_phi_mux_data_V_133_phi_phi_fu_1299_p4  |  14|          3|    8|         24|
    |ap_phi_mux_data_V_134_phi_phi_fu_1287_p4  |  14|          3|    8|         24|
    |ap_phi_mux_data_V_135_phi_phi_fu_1275_p4  |  14|          3|    8|         24|
    |ap_phi_mux_data_V_136_phi_phi_fu_1263_p4  |  14|          3|    8|         24|
    |ap_phi_mux_data_V_137_phi_phi_fu_1251_p4  |  14|          3|    8|         24|
    |ap_phi_mux_data_V_138_phi_phi_fu_1239_p4  |  14|          3|    8|         24|
    |ap_phi_mux_data_V_139_phi_phi_fu_1227_p4  |  14|          3|    8|         24|
    |ap_phi_mux_data_V_140_phi_phi_fu_1215_p4  |  14|          3|    8|         24|
    |ap_phi_mux_data_V_141_phi_phi_fu_1203_p4  |  14|          3|    8|         24|
    |ap_phi_mux_data_V_142_phi_phi_fu_1191_p4  |  14|          3|    8|         24|
    |ap_phi_mux_data_V_143_phi_phi_fu_1767_p4  |  14|          3|    8|         24|
    |ap_phi_mux_data_V_144_phi_phi_fu_1779_p4  |  14|          3|    8|         24|
    |ap_phi_mux_data_V_145_phi_phi_fu_1791_p4  |  14|          3|    8|         24|
    |ap_phi_mux_data_V_95_phi_phi_fu_1755_p4   |  14|          3|    8|         24|
    |ap_phi_mux_data_V_96_phi_phi_fu_1743_p4   |  14|          3|    8|         24|
    |ap_phi_mux_data_V_97_phi_phi_fu_1731_p4   |  14|          3|    8|         24|
    |ap_phi_mux_data_V_98_phi_phi_fu_1719_p4   |  14|          3|    8|         24|
    |ap_phi_mux_data_V_99_phi_phi_fu_1707_p4   |  14|          3|    8|         24|
    |ap_phi_mux_do_init_phi_fu_432_p6          |  14|          3|    1|          3|
    |ap_phi_mux_in_index57_phi_fu_448_p6       |  14|          3|    5|         15|
    |ap_phi_mux_p_phi_phi_fu_1803_p4           |  14|          3|    8|         24|
    |ap_phi_mux_res_V66_phi_fu_1815_p6         |  14|          3|    8|         24|
    |ap_phi_mux_res_V_5264_phi_fu_1829_p6      |  14|          3|    8|         24|
    |ap_phi_mux_res_V_5362_phi_fu_1843_p6      |  14|          3|    8|         24|
    |ap_phi_mux_res_V_5460_phi_fu_1857_p6      |  14|          3|    8|         24|
    |ap_phi_mux_res_V_5558_phi_fu_1871_p6      |  14|          3|    8|         24|
    |data_V_100_phi_reg_1691                   |  14|          3|    8|         24|
    |data_V_101_phi_reg_1679                   |  14|          3|    8|         24|
    |data_V_102_phi_reg_1667                   |  14|          3|    8|         24|
    |data_V_103_phi_reg_1655                   |  14|          3|    8|         24|
    |data_V_104_phi_reg_1643                   |  14|          3|    8|         24|
    |data_V_105_phi_reg_1631                   |  14|          3|    8|         24|
    |data_V_106_phi_reg_1619                   |  14|          3|    8|         24|
    |data_V_107_phi_reg_1607                   |  14|          3|    8|         24|
    |data_V_108_phi_reg_1595                   |  14|          3|    8|         24|
    |data_V_109_phi_reg_1583                   |  14|          3|    8|         24|
    |data_V_110_phi_reg_1571                   |  14|          3|    8|         24|
    |data_V_111_phi_reg_1559                   |  14|          3|    8|         24|
    |data_V_112_phi_reg_1547                   |  14|          3|    8|         24|
    |data_V_113_phi_reg_1535                   |  14|          3|    8|         24|
    |data_V_114_phi_reg_1523                   |  14|          3|    8|         24|
    |data_V_115_phi_reg_1511                   |  14|          3|    8|         24|
    |data_V_116_phi_reg_1499                   |  14|          3|    8|         24|
    |data_V_117_phi_reg_1487                   |  14|          3|    8|         24|
    |data_V_118_phi_reg_1475                   |  14|          3|    8|         24|
    |data_V_119_phi_reg_1463                   |  14|          3|    8|         24|
    |data_V_120_phi_reg_1451                   |  14|          3|    8|         24|
    |data_V_121_phi_reg_1439                   |  14|          3|    8|         24|
    |data_V_122_phi_reg_1427                   |  14|          3|    8|         24|
    |data_V_123_phi_reg_1415                   |  14|          3|    8|         24|
    |data_V_124_phi_reg_1403                   |  14|          3|    8|         24|
    |data_V_125_phi_reg_1391                   |  14|          3|    8|         24|
    |data_V_126_phi_reg_1379                   |  14|          3|    8|         24|
    |data_V_127_phi_reg_1367                   |  14|          3|    8|         24|
    |data_V_128_phi_reg_1355                   |  14|          3|    8|         24|
    |data_V_129_phi_reg_1343                   |  14|          3|    8|         24|
    |data_V_130_phi_reg_1331                   |  14|          3|    8|         24|
    |data_V_131_phi_reg_1319                   |  14|          3|    8|         24|
    |data_V_132_phi_reg_1307                   |  14|          3|    8|         24|
    |data_V_133_phi_reg_1295                   |  14|          3|    8|         24|
    |data_V_134_phi_reg_1283                   |  14|          3|    8|         24|
    |data_V_135_phi_reg_1271                   |  14|          3|    8|         24|
    |data_V_136_phi_reg_1259                   |  14|          3|    8|         24|
    |data_V_137_phi_reg_1247                   |  14|          3|    8|         24|
    |data_V_138_phi_reg_1235                   |  14|          3|    8|         24|
    |data_V_139_phi_reg_1223                   |  14|          3|    8|         24|
    |data_V_140_phi_reg_1211                   |  14|          3|    8|         24|
    |data_V_141_phi_reg_1199                   |  14|          3|    8|         24|
    |data_V_142_phi_reg_1187                   |  14|          3|    8|         24|
    |data_V_143_phi_reg_1763                   |  14|          3|    8|         24|
    |data_V_144_phi_reg_1775                   |  14|          3|    8|         24|
    |data_V_145_phi_reg_1787                   |  14|          3|    8|         24|
    |data_V_95_phi_reg_1751                    |  14|          3|    8|         24|
    |data_V_96_phi_reg_1739                    |  14|          3|    8|         24|
    |data_V_97_phi_reg_1727                    |  14|          3|    8|         24|
    |data_V_98_phi_reg_1715                    |  14|          3|    8|         24|
    |data_V_99_phi_reg_1703                    |  14|          3|    8|         24|
    |in_index57_reg_444                        |   9|          2|    5|         10|
    |layer16_out_blk_n                         |   9|          2|    1|          2|
    |layer17_out_TDATA_blk_n                   |   9|          2|    1|          2|
    |p_phi_reg_1799                            |  14|          3|    8|         24|
    |res_V66_reg_1811                          |   9|          2|    8|         16|
    |res_V_5264_reg_1825                       |   9|          2|    8|         16|
    |res_V_5362_reg_1839                       |   9|          2|    8|         16|
    |res_V_5460_reg_1853                       |   9|          2|    8|         16|
    |res_V_5558_reg_1867                       |   9|          2|    8|         16|
    +------------------------------------------+----+-----------+-----+-----------+
    |Total                                     |1667|        358|  929|       2737|
    +------------------------------------------+----+-----------+-----+-----------+

    * Register: 
    +-------------------------+---+----+-----+-----------+
    |           Name          | FF| LUT| Bits| Const Bits|
    +-------------------------+---+----+-----+-----------+
    |a_V_1_reg_3041           |  8|   0|    8|          0|
    |a_V_reg_3031             |  8|   0|    8|          0|
    |ap_CS_fsm                |  2|   0|    2|          0|
    |ap_done_reg              |  1|   0|    1|          0|
    |ap_enable_reg_pp0_iter1  |  1|   0|    1|          0|
    |ap_enable_reg_pp0_iter2  |  1|   0|    1|          0|
    |ap_enable_reg_pp0_iter3  |  1|   0|    1|          0|
    |data_V_100_phi_reg_1691  |  8|   0|    8|          0|
    |data_V_101_phi_reg_1679  |  8|   0|    8|          0|
    |data_V_102_phi_reg_1667  |  8|   0|    8|          0|
    |data_V_103_phi_reg_1655  |  8|   0|    8|          0|
    |data_V_104_phi_reg_1643  |  8|   0|    8|          0|
    |data_V_105_phi_reg_1631  |  8|   0|    8|          0|
    |data_V_106_phi_reg_1619  |  8|   0|    8|          0|
    |data_V_107_phi_reg_1607  |  8|   0|    8|          0|
    |data_V_108_phi_reg_1595  |  8|   0|    8|          0|
    |data_V_109_phi_reg_1583  |  8|   0|    8|          0|
    |data_V_110_phi_reg_1571  |  8|   0|    8|          0|
    |data_V_111_phi_reg_1559  |  8|   0|    8|          0|
    |data_V_112_phi_reg_1547  |  8|   0|    8|          0|
    |data_V_113_phi_reg_1535  |  8|   0|    8|          0|
    |data_V_114_phi_reg_1523  |  8|   0|    8|          0|
    |data_V_115_phi_reg_1511  |  8|   0|    8|          0|
    |data_V_116_phi_reg_1499  |  8|   0|    8|          0|
    |data_V_117_phi_reg_1487  |  8|   0|    8|          0|
    |data_V_118_phi_reg_1475  |  8|   0|    8|          0|
    |data_V_119_phi_reg_1463  |  8|   0|    8|          0|
    |data_V_120_phi_reg_1451  |  8|   0|    8|          0|
    |data_V_121_phi_reg_1439  |  8|   0|    8|          0|
    |data_V_122_phi_reg_1427  |  8|   0|    8|          0|
    |data_V_123_phi_reg_1415  |  8|   0|    8|          0|
    |data_V_124_phi_reg_1403  |  8|   0|    8|          0|
    |data_V_125_phi_reg_1391  |  8|   0|    8|          0|
    |data_V_126_phi_reg_1379  |  8|   0|    8|          0|
    |data_V_127_phi_reg_1367  |  8|   0|    8|          0|
    |data_V_128_phi_reg_1355  |  8|   0|    8|          0|
    |data_V_129_phi_reg_1343  |  8|   0|    8|          0|
    |data_V_130_phi_reg_1331  |  8|   0|    8|          0|
    |data_V_131_phi_reg_1319  |  8|   0|    8|          0|
    |data_V_132_phi_reg_1307  |  8|   0|    8|          0|
    |data_V_133_phi_reg_1295  |  8|   0|    8|          0|
    |data_V_134_phi_reg_1283  |  8|   0|    8|          0|
    |data_V_135_phi_reg_1271  |  8|   0|    8|          0|
    |data_V_136_phi_reg_1259  |  8|   0|    8|          0|
    |data_V_137_phi_reg_1247  |  8|   0|    8|          0|
    |data_V_138_phi_reg_1235  |  8|   0|    8|          0|
    |data_V_139_phi_reg_1223  |  8|   0|    8|          0|
    |data_V_140_phi_reg_1211  |  8|   0|    8|          0|
    |data_V_141_phi_reg_1199  |  8|   0|    8|          0|
    |data_V_142_phi_reg_1187  |  8|   0|    8|          0|
    |data_V_143_phi_reg_1763  |  8|   0|    8|          0|
    |data_V_144_phi_reg_1775  |  8|   0|    8|          0|
    |data_V_145_phi_reg_1787  |  8|   0|    8|          0|
    |data_V_95_phi_reg_1751   |  8|   0|    8|          0|
    |data_V_96_phi_reg_1739   |  8|   0|    8|          0|
    |data_V_97_phi_reg_1727   |  8|   0|    8|          0|
    |data_V_98_phi_reg_1715   |  8|   0|    8|          0|
    |data_V_99_phi_reg_1703   |  8|   0|    8|          0|
    |do_init_reg_428          |  1|   0|    1|          0|
    |icmp_ln42_reg_3027       |  1|   0|    1|          0|
    |in_index57_reg_444       |  5|   0|    5|          0|
    |in_index_reg_3022        |  5|   0|    5|          0|
    |p_phi_reg_1799           |  8|   0|    8|          0|
    |res_V66_reg_1811         |  8|   0|    8|          0|
    |res_V_5264_reg_1825      |  8|   0|    8|          0|
    |res_V_52_reg_3096        |  8|   0|    8|          0|
    |res_V_5362_reg_1839      |  8|   0|    8|          0|
    |res_V_53_reg_3101        |  8|   0|    8|          0|
    |res_V_5460_reg_1853      |  8|   0|    8|          0|
    |res_V_54_reg_3106        |  8|   0|    8|          0|
    |res_V_5558_reg_1867      |  8|   0|    8|          0|
    |res_V_55_reg_3111        |  8|   0|    8|          0|
    |res_V_reg_3091           |  8|   0|    8|          0|
    |w_V_69_reg_3046          |  7|   0|    7|          0|
    |w_V_70_reg_3051          |  7|   0|    7|          0|
    |w_V_71_reg_3056          |  7|   0|    7|          0|
    |w_V_72_reg_3061          |  7|   0|    7|          0|
    |w_V_73_reg_3066          |  7|   0|    7|          0|
    |w_V_74_reg_3071          |  7|   0|    7|          0|
    |w_V_75_reg_3076          |  7|   0|    7|          0|
    |w_V_76_reg_3081          |  7|   0|    7|          0|
    |w_V_77_reg_3086          |  7|   0|    7|          0|
    |w_V_reg_3036             |  7|   0|    7|          0|
    |icmp_ln42_reg_3027       |  0|   1|    1|          0|
    +-------------------------+---+----+-----+-----------+
    |Total                    |600|   1|  601|          0|
    +-------------------------+---+----+-----+-----------+



================================================================
== Interface
================================================================
* Summary: 
+----------------------------+-----+-----+------------+--------------------------------------------------------------------+--------------+
|          RTL Ports         | Dir | Bits|  Protocol  |                            Source Object                           |    C Type    |
+----------------------------+-----+-----+------------+--------------------------------------------------------------------+--------------+
|ap_clk                      |   in|    1|  ap_ctrl_hs|  dense<array<ap_ufixed,52u>,array<ap_fixed<8,2,5,3,0>,5u>,config17>|  return value|
|ap_rst                      |   in|    1|  ap_ctrl_hs|  dense<array<ap_ufixed,52u>,array<ap_fixed<8,2,5,3,0>,5u>,config17>|  return value|
|ap_start                    |   in|    1|  ap_ctrl_hs|  dense<array<ap_ufixed,52u>,array<ap_fixed<8,2,5,3,0>,5u>,config17>|  return value|
|ap_done                     |  out|    1|  ap_ctrl_hs|  dense<array<ap_ufixed,52u>,array<ap_fixed<8,2,5,3,0>,5u>,config17>|  return value|
|ap_continue                 |   in|    1|  ap_ctrl_hs|  dense<array<ap_ufixed,52u>,array<ap_fixed<8,2,5,3,0>,5u>,config17>|  return value|
|ap_idle                     |  out|    1|  ap_ctrl_hs|  dense<array<ap_ufixed,52u>,array<ap_fixed<8,2,5,3,0>,5u>,config17>|  return value|
|ap_ready                    |  out|    1|  ap_ctrl_hs|  dense<array<ap_ufixed,52u>,array<ap_fixed<8,2,5,3,0>,5u>,config17>|  return value|
|layer16_out_dout            |   in|  416|     ap_fifo|                                                         layer16_out|       pointer|
|layer16_out_num_data_valid  |   in|    2|     ap_fifo|                                                         layer16_out|       pointer|
|layer16_out_fifo_cap        |   in|    2|     ap_fifo|                                                         layer16_out|       pointer|
|layer16_out_empty_n         |   in|    1|     ap_fifo|                                                         layer16_out|       pointer|
|layer16_out_read            |  out|    1|     ap_fifo|                                                         layer16_out|       pointer|
|layer17_out_TREADY          |   in|    1|        axis|                                                         layer17_out|       pointer|
|layer17_out_TDATA           |  out|   40|        axis|                                                         layer17_out|       pointer|
|layer17_out_TVALID          |  out|    1|        axis|                                                         layer17_out|       pointer|
+----------------------------+-----+-----+------------+--------------------------------------------------------------------+--------------+

