

================================================================
== Vitis HLS Report for 'dense_array_ap_ufixed_32u_array_ap_fixed_8_2_5_3_0_5u_config18_s'
================================================================
* Date:           Wed May 21 19:44:05 2025

* Version:        2022.2 (Build 3670227 on Oct 13 2022)
* Project:        myproject_prj
* Solution:       solution1 (Vivado IP Flow Target)
* Product family: kintexu
* Target device:  xcku035-fbva676-2-e


================================================================
== Performance Estimates
================================================================
+ Timing: 
    * Summary: 
    +--------+---------+----------+------------+
    |  Clock |  Target | Estimated| Uncertainty|
    +--------+---------+----------+------------+
    |ap_clk  |  5.00 ns|  4.062 ns|     0.62 ns|
    +--------+---------+----------+------------+

+ Latency: 
    * Summary: 
    +---------+---------+----------+----------+-----+-----+------------------------------------------+
    |  Latency (cycles) |  Latency (absolute) |  Interval |                 Pipeline                 |
    |   min   |   max   |    min   |    max   | min | max |                   Type                   |
    +---------+---------+----------+----------+-----+-----+------------------------------------------+
    |      162|      163|  0.810 us|  0.815 us|  160|  160|  loop rewind stp(delay=0 clock cycles(s))|
    +---------+---------+----------+----------+-----+-----+------------------------------------------+

    + Detail: 
        * Instance: 
        N/A

        * Loop: 
        +-------------+---------+---------+----------+-----------+-----------+------+----------+
        |             |  Latency (cycles) | Iteration|  Initiation Interval  | Trip |          |
        |  Loop Name  |   min   |   max   |  Latency |  achieved |   target  | Count| Pipelined|
        +-------------+---------+---------+----------+-----------+-----------+------+----------+
        |- ReuseLoop  |      162|      162|         4|          1|          1|   160|       yes|
        +-------------+---------+---------+----------+-----------+-----------+------+----------+



================================================================
== Utilization Estimates
================================================================
* Summary: 
+-----------------+---------+------+--------+--------+-----+
|       Name      | BRAM_18K|  DSP |   FF   |   LUT  | URAM|
+-----------------+---------+------+--------+--------+-----+
|DSP              |        -|     -|       -|       -|    -|
|Expression       |        -|     -|       0|     210|    -|
|FIFO             |        -|     -|       -|       -|    -|
|Instance         |        -|     0|       0|     209|    -|
|Memory           |        0|     -|       9|      23|    -|
|Multiplexer      |        -|     -|       -|    1130|    -|
|Register         |        -|     -|     387|       1|    -|
+-----------------+---------+------+--------+--------+-----+
|Total            |        0|     0|     396|    1573|    0|
+-----------------+---------+------+--------+--------+-----+
|Available        |     1080|  1700|  406256|  203128|    0|
+-----------------+---------+------+--------+--------+-----+
|Utilization (%)  |        0|     0|      ~0|      ~0|    0|
+-----------------+---------+------+--------+--------+-----+

+ Detail: 
    * Instance: 
    +------------------------+-------------------+---------+----+---+-----+-----+
    |        Instance        |       Module      | BRAM_18K| DSP| FF| LUT | URAM|
    +------------------------+-------------------+---------+----+---+-----+-----+
    |mul_8ns_6s_13_1_1_U645  |mul_8ns_6s_13_1_1  |        0|   0|  0|   40|    0|
    |mux_325_8_1_1_U644      |mux_325_8_1_1      |        0|   0|  0|  143|    0|
    |mux_53_8_1_1_U646       |mux_53_8_1_1       |        0|   0|  0|   26|    0|
    +------------------------+-------------------+---------+----+---+-----+-----+
    |Total                   |                   |        0|   0|  0|  209|    0|
    +------------------------+-------------------+---------+----+---+-----+-----+

    * DSP: 
    N/A

    * Memory: 
    +----------+----------------------------------------------------------------------------------+---------+---+----+-----+------+-----+------+-------------+
    |  Memory  |                                      Module                                      | BRAM_18K| FF| LUT| URAM| Words| Bits| Banks| W*Bits*Banks|
    +----------+----------------------------------------------------------------------------------+---------+---+----+-----+------+-----+------+-------------+
    |outidx_U  |dense_array_ap_ufixed_32u_array_ap_fixed_8_2_5_3_0_5u_config18_s_outidx_ROM_Acfu  |        0|  3|   8|    0|   160|    3|     1|          480|
    |w18_V_U   |dense_array_ap_ufixed_32u_array_ap_fixed_8_2_5_3_0_5u_config18_s_w18_V_ROM_AUcgu  |        0|  6|  15|    0|   160|    6|     1|          960|
    +----------+----------------------------------------------------------------------------------+---------+---+----+-----+------+-----+------+-------------+
    |Total     |                                                                                  |        0|  9|  23|    0|   320|    9|     2|         1440|
    +----------+----------------------------------------------------------------------------------+---------+---+----+-----+------+-----+------+-------------+

    * FIFO: 
    N/A

    * Expression: 
    +----------------------------------+----------+----+---+----+------------+------------+
    |           Variable Name          | Operation| DSP| FF| LUT| Bitwidth P0| Bitwidth P1|
    +----------------------------------+----------+----+---+----+------------+------------+
    |acc_V_78_fu_1784_p2               |         +|   0|  0|  15|           8|           8|
    |add_ln109_fu_1653_p2              |         +|   0|  0|  12|           5|           1|
    |in_index_3_fu_1647_p2             |         +|   0|  0|  13|           6|           1|
    |ir_fu_1215_p2                     |         +|   0|  0|  15|           8|           1|
    |sub_ln1420_fu_1720_p2             |         -|   0|  0|  16|           1|           9|
    |ap_block_state3_pp0_stage0_iter1  |       and|   0|  0|   2|           1|           1|
    |ap_block_state4_io                |       and|   0|  0|   2|           1|           1|
    |ap_block_state5_io                |       and|   0|  0|   2|           1|           1|
    |ap_condition_107                  |       and|   0|  0|   2|           1|           1|
    |ap_condition_274                  |       and|   0|  0|   2|           1|           1|
    |icmp_ln124_fu_1221_p2             |      icmp|   0|  0|  11|           8|           8|
    |icmp_ln1420_fu_1746_p2            |      icmp|   0|  0|  11|           9|           9|
    |icmp_ln808_3_fu_1731_p2           |      icmp|   0|  0|   8|           3|           1|
    |icmp_ln808_4_fu_1736_p2           |      icmp|   0|  0|   8|           3|           2|
    |icmp_ln808_5_fu_1741_p2           |      icmp|   0|  0|   8|           3|           2|
    |icmp_ln808_fu_1726_p2             |      icmp|   0|  0|   8|           3|           1|
    |ap_block_pp0_stage0_01001         |        or|   0|  0|   2|           1|           1|
    |ap_block_pp0_stage0_11001         |        or|   0|  0|   2|           1|           1|
    |ap_block_state1                   |        or|   0|  0|   2|           1|           1|
    |ap_block_state5_pp0_stage0_iter3  |        or|   0|  0|   2|           1|           1|
    |or_ln808_6_fu_1758_p2             |        or|   0|  0|   2|           1|           1|
    |or_ln808_7_fu_1764_p2             |        or|   0|  0|   2|           1|           1|
    |or_ln808_8_fu_1770_p2             |        or|   0|  0|   2|           1|           1|
    |or_ln808_fu_1752_p2               |        or|   0|  0|   2|           1|           1|
    |or_ln813_2_fu_1796_p2             |        or|   0|  0|   2|           1|           1|
    |or_ln813_fu_1790_p2               |        or|   0|  0|   2|           1|           1|
    |acc_V_77_fu_1776_p3               |    select|   0|  0|   8|           1|           8|
    |acc_V_79_fu_1826_p3               |    select|   0|  0|   8|           1|           8|
    |acc_V_80_fu_1818_p3               |    select|   0|  0|   8|           1|           8|
    |acc_V_81_fu_1810_p3               |    select|   0|  0|   8|           1|           8|
    |acc_V_82_fu_1802_p3               |    select|   0|  0|   8|           1|           8|
    |acc_V_fu_1834_p3                  |    select|   0|  0|   8|           1|           8|
    |in_index_fu_1667_p3               |    select|   0|  0|   5|           1|           1|
    |ap_enable_pp0                     |       xor|   0|  0|   2|           1|           2|
    +----------------------------------+----------+----+---+----+------------+------------+
    |Total                             |          |   0|  0| 210|          80|         109|
    +----------------------------------+----------+----+---+----+------------+------------+

    * Multiplexer: 
    +-----------------------------------------+----+-----------+-----+-----------+
    |                   Name                  | LUT| Input Size| Bits| Total Bits|
    +-----------------------------------------+----+-----------+-----+-----------+
    |acc_V18_reg_1139                         |   9|          2|    8|         16|
    |acc_V_7516_reg_1153                      |   9|          2|    8|         16|
    |acc_V_7614_reg_1167                      |   9|          2|    8|         16|
    |acc_V_7712_reg_1181                      |   9|          2|    8|         16|
    |acc_V_7810_reg_1195                      |   9|          2|    8|         16|
    |ap_NS_fsm                                |  14|          3|    1|          3|
    |ap_done                                  |   9|          2|    1|          2|
    |ap_enable_reg_pp0_iter1                  |   9|          2|    1|          2|
    |ap_enable_reg_pp0_iter3                  |   9|          2|    1|          2|
    |ap_phi_mux_acc_V18_phi_fu_1143_p6        |  14|          3|    8|         24|
    |ap_phi_mux_acc_V_7516_phi_fu_1157_p6     |  14|          3|    8|         24|
    |ap_phi_mux_acc_V_7614_phi_fu_1171_p6     |  14|          3|    8|         24|
    |ap_phi_mux_acc_V_7712_phi_fu_1185_p6     |  14|          3|    8|         24|
    |ap_phi_mux_acc_V_7810_phi_fu_1199_p6     |  14|          3|    8|         24|
    |ap_phi_mux_data_V_10_phi_phi_fu_975_p4   |  14|          3|    8|         24|
    |ap_phi_mux_data_V_11_phi_phi_fu_963_p4   |  14|          3|    8|         24|
    |ap_phi_mux_data_V_12_phi_phi_fu_951_p4   |  14|          3|    8|         24|
    |ap_phi_mux_data_V_13_phi_phi_fu_939_p4   |  14|          3|    8|         24|
    |ap_phi_mux_data_V_14_phi_phi_fu_927_p4   |  14|          3|    8|         24|
    |ap_phi_mux_data_V_15_phi_phi_fu_915_p4   |  14|          3|    8|         24|
    |ap_phi_mux_data_V_16_phi_phi_fu_903_p4   |  14|          3|    8|         24|
    |ap_phi_mux_data_V_17_phi_phi_fu_891_p4   |  14|          3|    8|         24|
    |ap_phi_mux_data_V_18_phi_phi_fu_879_p4   |  14|          3|    8|         24|
    |ap_phi_mux_data_V_19_phi_phi_fu_867_p4   |  14|          3|    8|         24|
    |ap_phi_mux_data_V_1_phi_phi_fu_1095_p4   |  14|          3|    8|         24|
    |ap_phi_mux_data_V_20_phi_phi_fu_855_p4   |  14|          3|    8|         24|
    |ap_phi_mux_data_V_21_phi_phi_fu_843_p4   |  14|          3|    8|         24|
    |ap_phi_mux_data_V_22_phi_phi_fu_831_p4   |  14|          3|    8|         24|
    |ap_phi_mux_data_V_23_phi_phi_fu_819_p4   |  14|          3|    8|         24|
    |ap_phi_mux_data_V_24_phi_phi_fu_807_p4   |  14|          3|    8|         24|
    |ap_phi_mux_data_V_25_phi_phi_fu_795_p4   |  14|          3|    8|         24|
    |ap_phi_mux_data_V_26_phi_phi_fu_783_p4   |  14|          3|    8|         24|
    |ap_phi_mux_data_V_27_phi_phi_fu_771_p4   |  14|          3|    8|         24|
    |ap_phi_mux_data_V_28_phi_phi_fu_759_p4   |  14|          3|    8|         24|
    |ap_phi_mux_data_V_29_phi_phi_fu_987_p4   |  14|          3|    8|         24|
    |ap_phi_mux_data_V_2_phi_phi_fu_1083_p4   |  14|          3|    8|         24|
    |ap_phi_mux_data_V_30_phi_phi_fu_1107_p4  |  14|          3|    8|         24|
    |ap_phi_mux_data_V_31_phi_phi_fu_1119_p4  |  14|          3|    8|         24|
    |ap_phi_mux_data_V_3_phi_phi_fu_1071_p4   |  14|          3|    8|         24|
    |ap_phi_mux_data_V_4_phi_phi_fu_1059_p4   |  14|          3|    8|         24|
    |ap_phi_mux_data_V_5_phi_phi_fu_1047_p4   |  14|          3|    8|         24|
    |ap_phi_mux_data_V_6_phi_phi_fu_1035_p4   |  14|          3|    8|         24|
    |ap_phi_mux_data_V_7_phi_phi_fu_1023_p4   |  14|          3|    8|         24|
    |ap_phi_mux_data_V_8_phi_phi_fu_1011_p4   |  14|          3|    8|         24|
    |ap_phi_mux_data_V_9_phi_phi_fu_999_p4    |  14|          3|    8|         24|
    |ap_phi_mux_do_init_phi_fu_267_p6         |  14|          3|    1|          3|
    |ap_phi_mux_in_index20_phi_fu_745_p6      |  14|          3|    5|         15|
    |ap_phi_mux_ir19_phi_fu_283_p6            |  14|          3|    8|         24|
    |ap_phi_mux_p_phi_phi_fu_1131_p4          |  14|          3|    8|         24|
    |data_V_10_phi_reg_971                    |  14|          3|    8|         24|
    |data_V_11_phi_reg_959                    |  14|          3|    8|         24|
    |data_V_12_phi_reg_947                    |  14|          3|    8|         24|
    |data_V_13_phi_reg_935                    |  14|          3|    8|         24|
    |data_V_14_phi_reg_923                    |  14|          3|    8|         24|
    |data_V_15_phi_reg_911                    |  14|          3|    8|         24|
    |data_V_16_phi_reg_899                    |  14|          3|    8|         24|
    |data_V_17_phi_reg_887                    |  14|          3|    8|         24|
    |data_V_18_phi_reg_875                    |  14|          3|    8|         24|
    |data_V_19_phi_reg_863                    |  14|          3|    8|         24|
    |data_V_1_phi_reg_1091                    |  14|          3|    8|         24|
    |data_V_20_phi_reg_851                    |  14|          3|    8|         24|
    |data_V_21_phi_reg_839                    |  14|          3|    8|         24|
    |data_V_22_phi_reg_827                    |  14|          3|    8|         24|
    |data_V_23_phi_reg_815                    |  14|          3|    8|         24|
    |data_V_24_phi_reg_803                    |  14|          3|    8|         24|
    |data_V_25_phi_reg_791                    |  14|          3|    8|         24|
    |data_V_26_phi_reg_779                    |  14|          3|    8|         24|
    |data_V_27_phi_reg_767                    |  14|          3|    8|         24|
    |data_V_28_phi_reg_755                    |  14|          3|    8|         24|
    |data_V_29_phi_reg_983                    |  14|          3|    8|         24|
    |data_V_2_phi_reg_1079                    |  14|          3|    8|         24|
    |data_V_30_phi_reg_1103                   |  14|          3|    8|         24|
    |data_V_31_phi_reg_1115                   |  14|          3|    8|         24|
    |data_V_3_phi_reg_1067                    |  14|          3|    8|         24|
    |data_V_4_phi_reg_1055                    |  14|          3|    8|         24|
    |data_V_5_phi_reg_1043                    |  14|          3|    8|         24|
    |data_V_6_phi_reg_1031                    |  14|          3|    8|         24|
    |data_V_7_phi_reg_1019                    |  14|          3|    8|         24|
    |data_V_8_phi_reg_1007                    |  14|          3|    8|         24|
    |data_V_9_phi_reg_995                     |  14|          3|    8|         24|
    |in_index20_reg_741                       |   9|          2|    5|         10|
    |ir19_reg_279                             |   9|          2|    8|         16|
    |layer17_out_blk_n                        |   9|          2|    1|          2|
    |layer18_out_TDATA_blk_n                  |   9|          2|    1|          2|
    |p_phi_reg_1127                           |  14|          3|    8|         24|
    +-----------------------------------------+----+-----------+-----+-----------+
    |Total                                    |1130|        243|  625|       1817|
    +-----------------------------------------+----+-----------+-----+-----------+

    * Register: 
    +-------------------------+---+----+-----+-----------+
    |           Name          | FF| LUT| Bits| Const Bits|
    +-------------------------+---+----+-----+-----------+
    |a_V_reg_1887             |  8|   0|    8|          0|
    |acc_V18_reg_1139         |  8|   0|    8|          0|
    |acc_V_7516_reg_1153      |  8|   0|    8|          0|
    |acc_V_7614_reg_1167      |  8|   0|    8|          0|
    |acc_V_7712_reg_1181      |  8|   0|    8|          0|
    |acc_V_7810_reg_1195      |  8|   0|    8|          0|
    |acc_V_79_reg_1917        |  8|   0|    8|          0|
    |acc_V_80_reg_1912        |  8|   0|    8|          0|
    |acc_V_81_reg_1907        |  8|   0|    8|          0|
    |acc_V_82_reg_1902        |  8|   0|    8|          0|
    |acc_V_reg_1922           |  8|   0|    8|          0|
    |ap_CS_fsm                |  2|   0|    2|          0|
    |ap_done_reg              |  1|   0|    1|          0|
    |ap_enable_reg_pp0_iter1  |  1|   0|    1|          0|
    |ap_enable_reg_pp0_iter2  |  1|   0|    1|          0|
    |ap_enable_reg_pp0_iter3  |  1|   0|    1|          0|
    |data_V_10_phi_reg_971    |  8|   0|    8|          0|
    |data_V_11_phi_reg_959    |  8|   0|    8|          0|
    |data_V_12_phi_reg_947    |  8|   0|    8|          0|
    |data_V_13_phi_reg_935    |  8|   0|    8|          0|
    |data_V_14_phi_reg_923    |  8|   0|    8|          0|
    |data_V_15_phi_reg_911    |  8|   0|    8|          0|
    |data_V_16_phi_reg_899    |  8|   0|    8|          0|
    |data_V_17_phi_reg_887    |  8|   0|    8|          0|
    |data_V_18_phi_reg_875    |  8|   0|    8|          0|
    |data_V_19_phi_reg_863    |  8|   0|    8|          0|
    |data_V_1_phi_reg_1091    |  8|   0|    8|          0|
    |data_V_20_phi_reg_851    |  8|   0|    8|          0|
    |data_V_21_phi_reg_839    |  8|   0|    8|          0|
    |data_V_22_phi_reg_827    |  8|   0|    8|          0|
    |data_V_23_phi_reg_815    |  8|   0|    8|          0|
    |data_V_24_phi_reg_803    |  8|   0|    8|          0|
    |data_V_25_phi_reg_791    |  8|   0|    8|          0|
    |data_V_26_phi_reg_779    |  8|   0|    8|          0|
    |data_V_27_phi_reg_767    |  8|   0|    8|          0|
    |data_V_28_phi_reg_755    |  8|   0|    8|          0|
    |data_V_29_phi_reg_983    |  8|   0|    8|          0|
    |data_V_2_phi_reg_1079    |  8|   0|    8|          0|
    |data_V_30_phi_reg_1103   |  8|   0|    8|          0|
    |data_V_31_phi_reg_1115   |  8|   0|    8|          0|
    |data_V_3_phi_reg_1067    |  8|   0|    8|          0|
    |data_V_4_phi_reg_1055    |  8|   0|    8|          0|
    |data_V_5_phi_reg_1043    |  8|   0|    8|          0|
    |data_V_6_phi_reg_1031    |  8|   0|    8|          0|
    |data_V_7_phi_reg_1019    |  8|   0|    8|          0|
    |data_V_8_phi_reg_1007    |  8|   0|    8|          0|
    |data_V_9_phi_reg_995     |  8|   0|    8|          0|
    |do_init_reg_263          |  1|   0|    1|          0|
    |icmp_ln124_reg_1874      |  1|   0|    1|          0|
    |in_index20_reg_741       |  5|   0|    5|          0|
    |in_index_reg_1897        |  5|   0|    5|          0|
    |ir19_reg_279             |  8|   0|    8|          0|
    |ir_reg_1869              |  8|   0|    8|          0|
    |out_index_reg_1878       |  3|   0|    3|          0|
    |p_phi_reg_1127           |  8|   0|    8|          0|
    |w_V_reg_1892             |  6|   0|    6|          0|
    |icmp_ln124_reg_1874      |  0|   1|    1|          0|
    +-------------------------+---+----+-----+-----------+
    |Total                    |387|   1|  388|          0|
    +-------------------------+---+----+-----+-----------+



================================================================
== Interface
================================================================
* Summary: 
+----------------------------+-----+-----+------------+--------------------------------------------------------------------+--------------+
|          RTL Ports         | Dir | Bits|  Protocol  |                            Source Object                           |    C Type    |
+----------------------------+-----+-----+------------+--------------------------------------------------------------------+--------------+
|ap_clk                      |   in|    1|  ap_ctrl_hs|  dense<array<ap_ufixed,32u>,array<ap_fixed<8,2,5,3,0>,5u>,config18>|  return value|
|ap_rst                      |   in|    1|  ap_ctrl_hs|  dense<array<ap_ufixed,32u>,array<ap_fixed<8,2,5,3,0>,5u>,config18>|  return value|
|ap_start                    |   in|    1|  ap_ctrl_hs|  dense<array<ap_ufixed,32u>,array<ap_fixed<8,2,5,3,0>,5u>,config18>|  return value|
|ap_done                     |  out|    1|  ap_ctrl_hs|  dense<array<ap_ufixed,32u>,array<ap_fixed<8,2,5,3,0>,5u>,config18>|  return value|
|ap_continue                 |   in|    1|  ap_ctrl_hs|  dense<array<ap_ufixed,32u>,array<ap_fixed<8,2,5,3,0>,5u>,config18>|  return value|
|ap_idle                     |  out|    1|  ap_ctrl_hs|  dense<array<ap_ufixed,32u>,array<ap_fixed<8,2,5,3,0>,5u>,config18>|  return value|
|ap_ready                    |  out|    1|  ap_ctrl_hs|  dense<array<ap_ufixed,32u>,array<ap_fixed<8,2,5,3,0>,5u>,config18>|  return value|
|layer17_out_dout            |   in|  256|     ap_fifo|                                                         layer17_out|       pointer|
|layer17_out_num_data_valid  |   in|    2|     ap_fifo|                                                         layer17_out|       pointer|
|layer17_out_fifo_cap        |   in|    2|     ap_fifo|                                                         layer17_out|       pointer|
|layer17_out_empty_n         |   in|    1|     ap_fifo|                                                         layer17_out|       pointer|
|layer17_out_read            |  out|    1|     ap_fifo|                                                         layer17_out|       pointer|
|layer18_out_TREADY          |   in|    1|        axis|                                                         layer18_out|       pointer|
|layer18_out_TDATA           |  out|   40|        axis|                                                         layer18_out|       pointer|
|layer18_out_TVALID          |  out|    1|        axis|                                                         layer18_out|       pointer|
+----------------------------+-----+-----+------------+--------------------------------------------------------------------+--------------+

