

================================================================
== Vitis HLS Report for 'myproject'
================================================================
* Date:           Tue May 13 20:25:50 2025

* Version:        2022.2 (Build 3670227 on Oct 13 2022)
* Project:        myproject_prj
* Solution:       solution1 (Vivado IP Flow Target)
* Product family: kintexu
* Target device:  xcku035-fbva676-2-e


================================================================
== Performance Estimates
================================================================
+ Timing: 
    * Summary: 
    +--------+---------+----------+------------+
    |  Clock |  Target | Estimated| Uncertainty|
    +--------+---------+----------+------------+
    |ap_clk  |  5.00 ns|  4.263 ns|     0.62 ns|
    +--------+---------+----------+------------+

+ Latency: 
    * Summary: 
    +---------+---------+----------+----------+------+--------+----------+
    |  Latency (cycles) |  Latency (absolute) |    Interval   | Pipeline |
    |   min   |   max   |    min   |    max   |  min |   max  |   Type   |
    +---------+---------+----------+----------+------+--------+----------+
    |   131289|   131438|  0.656 ms|  0.657 ms|  9218|  131330|  dataflow|
    +---------+---------+----------+----------+------+--------+----------+

    + Detail: 
        * Instance: 
        +------------------------------------------------------------------------+-----------------------------------------------------------------------+---------+---------+-----------+-----------+------+--------+------------------------------------------+
        |                                                                        |                                                                       |  Latency (cycles) |   Latency (absolute)  |    Interval   |                 Pipeline                 |
        |                                Instance                                |                                 Module                                |   min   |   max   |    min    |    max    |  min |   max  |                   Type                   |
        +------------------------------------------------------------------------+-----------------------------------------------------------------------+---------+---------+-----------+-----------+------+--------+------------------------------------------+
        |conv_2d_cl_array_ap_fixed_1u_array_ap_fixed_8_2_5_3_0_6u_config2_U0     |conv_2d_cl_array_ap_fixed_1u_array_ap_fixed_8_2_5_3_0_6u_config2_s     |     9217|   131329|  46.085 us|   0.657 ms|  9217|  131329|                                        no|
        |relu_array_ap_fixed_6u_array_ap_ufixed_8_2_4_0_0_6u_relu_config4_U0     |relu_array_ap_fixed_6u_array_ap_ufixed_8_2_4_0_0_6u_relu_config4_s     |     1939|     1939|   9.695 us|   9.695 us|  1939|    1939|                                        no|
        |pooling2d_cl_array_ap_ufixed_6u_array_ap_fixed_8_2_5_3_0_6u_config5_U0  |pooling2d_cl_array_ap_ufixed_6u_array_ap_fixed_8_2_5_3_0_6u_config5_s  |     1940|     1940|   9.700 us|   9.700 us|  1940|    1940|                                        no|
        |conv_2d_cl_array_ap_fixed_6u_array_ap_fixed_8_2_5_3_0_16u_config6_U0    |conv_2d_cl_array_ap_fixed_6u_array_ap_fixed_8_2_5_3_0_16u_config6_s    |      485|    18998|   2.425 us|  94.990 us|   485|   18998|                                        no|
        |relu_array_ap_fixed_16u_array_ap_ufixed_8_2_4_0_0_16u_relu_config8_U0   |relu_array_ap_fixed_16u_array_ap_ufixed_8_2_4_0_0_16u_relu_config8_s   |       52|       52|   0.260 us|   0.260 us|    52|      52|                                        no|
        |pooling2d_cl_array_array_ap_fixed_8_2_5_3_0_16u_config9_U0              |pooling2d_cl_array_array_ap_fixed_8_2_5_3_0_16u_config9_s              |       52|       52|   0.260 us|   0.260 us|    52|      52|                                        no|
        |dense_array_ap_fixed_16u_array_ap_fixed_8_2_5_3_0_98u_config11_U0       |dense_array_ap_fixed_16u_array_ap_fixed_8_2_5_3_0_98u_config11_s       |     1152|     4597|   5.760 us|  22.985 us|  1152|    4597|                                        no|
        |relu_array_ap_fixed_98u_array_ap_ufixed_8_2_4_0_0_98u_relu_config13_U0  |relu_array_ap_fixed_98u_array_ap_ufixed_8_2_4_0_0_98u_relu_config13_s  |        1|        1|   5.000 ns|   5.000 ns|     1|       1|                                        no|
        |dense_array_ap_ufixed_98u_array_ap_fixed_8_2_5_3_0_52u_config14_U0      |dense_array_ap_ufixed_98u_array_ap_fixed_8_2_5_3_0_52u_config14_s      |      100|      101|   0.500 us|   0.505 us|    98|      98|  loop rewind stp(delay=0 clock cycles(s))|
        |relu_array_ap_fixed_52u_array_ap_ufixed_8_2_4_0_0_52u_relu_config16_U0  |relu_array_ap_fixed_52u_array_ap_ufixed_8_2_4_0_0_52u_relu_config16_s  |        1|        1|   5.000 ns|   5.000 ns|     1|       1|                                        no|
        |dense_array_ap_ufixed_52u_array_ap_fixed_8_2_5_3_0_5u_config17_U0       |dense_array_ap_ufixed_52u_array_ap_fixed_8_2_5_3_0_5u_config17_s       |       28|       29|   0.140 us|   0.145 us|    26|      26|  loop rewind stp(delay=0 clock cycles(s))|
        +------------------------------------------------------------------------+-----------------------------------------------------------------------+---------+---------+-----------+-----------+------+--------+------------------------------------------+

        * Loop: 
        N/A



================================================================
== Utilization Estimates
================================================================
* Summary: 
+-----------------+---------+------+--------+--------+-----+
|       Name      | BRAM_18K|  DSP |   FF   |   LUT  | URAM|
+-----------------+---------+------+--------+--------+-----+
|DSP              |        -|     -|       -|       -|    -|
|Expression       |        -|     -|       0|       2|    -|
|FIFO             |       39|     -|    1337|     590|    -|
|Instance         |      249|     0|   17548|   38616|    -|
|Memory           |        -|     -|       -|       -|    -|
|Multiplexer      |        -|     -|       -|       -|    -|
|Register         |        -|     -|       -|       -|    -|
+-----------------+---------+------+--------+--------+-----+
|Total            |      288|     0|   18885|   39208|    0|
+-----------------+---------+------+--------+--------+-----+
|Available        |     1080|  1700|  406256|  203128|    0|
+-----------------+---------+------+--------+--------+-----+
|Utilization (%)  |       26|     0|       4|      19|    0|
+-----------------+---------+------+--------+--------+-----+

+ Detail: 
    * Instance: 
    +------------------------------------------------------------------------+-----------------------------------------------------------------------+---------+----+------+-------+-----+
    |                                Instance                                |                                 Module                                | BRAM_18K| DSP|  FF  |  LUT  | URAM|
    +------------------------------------------------------------------------+-----------------------------------------------------------------------+---------+----+------+-------+-----+
    |conv_2d_cl_array_ap_fixed_1u_array_ap_fixed_8_2_5_3_0_6u_config2_U0     |conv_2d_cl_array_ap_fixed_1u_array_ap_fixed_8_2_5_3_0_6u_config2_s     |        0|   0|   979|   2250|    0|
    |conv_2d_cl_array_ap_fixed_6u_array_ap_fixed_8_2_5_3_0_16u_config6_U0    |conv_2d_cl_array_ap_fixed_6u_array_ap_fixed_8_2_5_3_0_16u_config6_s    |       16|   0|  4296|   8126|    0|
    |dense_array_ap_fixed_16u_array_ap_fixed_8_2_5_3_0_98u_config11_U0       |dense_array_ap_fixed_16u_array_ap_fixed_8_2_5_3_0_98u_config11_s       |      150|   0|  5523|  10808|    0|
    |dense_array_ap_ufixed_52u_array_ap_fixed_8_2_5_3_0_5u_config17_U0       |dense_array_ap_ufixed_52u_array_ap_fixed_8_2_5_3_0_5u_config17_s       |        5|   0|   600|   2666|    0|
    |dense_array_ap_ufixed_98u_array_ap_fixed_8_2_5_3_0_52u_config14_U0      |dense_array_ap_ufixed_98u_array_ap_fixed_8_2_5_3_0_52u_config14_s      |       78|   0|  3214|   7533|    0|
    |pooling2d_cl_array_ap_ufixed_6u_array_ap_fixed_8_2_5_3_0_6u_config5_U0  |pooling2d_cl_array_ap_ufixed_6u_array_ap_fixed_8_2_5_3_0_6u_config5_s  |        0|   0|  1003|   2368|    0|
    |pooling2d_cl_array_array_ap_fixed_8_2_5_3_0_16u_config9_U0              |pooling2d_cl_array_array_ap_fixed_8_2_5_3_0_16u_config9_s              |        0|   0|   692|   1475|    0|
    |relu_array_ap_fixed_16u_array_ap_ufixed_8_2_4_0_0_16u_relu_config8_U0   |relu_array_ap_fixed_16u_array_ap_ufixed_8_2_4_0_0_16u_relu_config8_s   |        0|   0|   124|    380|    0|
    |relu_array_ap_fixed_52u_array_ap_ufixed_8_2_4_0_0_52u_relu_config16_U0  |relu_array_ap_fixed_52u_array_ap_ufixed_8_2_4_0_0_52u_relu_config16_s  |        0|   0|   368|    988|    0|
    |relu_array_ap_fixed_6u_array_ap_ufixed_8_2_4_0_0_6u_relu_config4_U0     |relu_array_ap_fixed_6u_array_ap_ufixed_8_2_4_0_0_6u_relu_config4_s     |        0|   0|    59|    206|    0|
    |relu_array_ap_fixed_98u_array_ap_ufixed_8_2_4_0_0_98u_relu_config13_U0  |relu_array_ap_fixed_98u_array_ap_ufixed_8_2_4_0_0_98u_relu_config13_s  |        0|   0|   690|   1816|    0|
    +------------------------------------------------------------------------+-----------------------------------------------------------------------+---------+----+------+-------+-----+
    |Total                                                                   |                                                                       |      249|   0| 17548|  38616|    0|
    +------------------------------------------------------------------------+-----------------------------------------------------------------------+---------+----+------+-------+-----+

    * DSP: 
    N/A

    * Memory: 
    N/A

    * FIFO: 
    +---------------+---------+-----+----+-----+------+-----+---------+
    |      Name     | BRAM_18K|  FF | LUT| URAM| Depth| Bits| Size:D*B|
    +---------------+---------+-----+----+-----+------+-----+---------+
    |layer11_out_U  |        0|   99|   0|    -|     1|  784|      784|
    |layer13_out_U  |        0|   99|   0|    -|     1|  784|      784|
    |layer14_out_U  |        0|   99|   0|    -|     1|  416|      416|
    |layer16_out_U  |        0|   99|   0|    -|     1|  416|      416|
    |layer2_out_U   |        6|  163|   0|    -|  1936|   48|    92928|
    |layer4_out_U   |        6|  163|   0|    -|  1936|   48|    92928|
    |layer5_out_U   |        3|  158|   0|    -|   121|   48|     5808|
    |layer6_out_U   |        8|  154|   0|    -|    49|  128|     6272|
    |layer8_out_U   |        8|  154|   0|    -|    49|  128|     6272|
    |layer9_out_U   |        8|  149|   0|    -|     9|  128|     1152|
    +---------------+---------+-----+----+-----+------+-----+---------+
    |Total          |       39| 1337|   0|    0|  4104| 2928|   207760|
    +---------------+---------+-----+----+-----+------+-----+---------+

    * Expression: 
    +--------------+----------+----+---+----+------------+------------+
    | Variable Name| Operation| DSP| FF| LUT| Bitwidth P0| Bitwidth P1|
    +--------------+----------+----+---+----+------------+------------+
    |ap_idle       |       and|   0|  0|   2|           1|           1|
    +--------------+----------+----+---+----+------------+------------+
    |Total         |          |   0|  0|   2|           1|           1|
    +--------------+----------+----+---+----+------------+------------+

    * Multiplexer: 
    N/A

    * Register: 
    N/A



================================================================
== Interface
================================================================
* Summary: 
+--------------------+-----+-----+------------+--------------+--------------+
|      RTL Ports     | Dir | Bits|  Protocol  | Source Object|    C Type    |
+--------------------+-----+-----+------------+--------------+--------------+
|input_1_TDATA       |   in|    8|        axis|       input_1|       pointer|
|input_1_TVALID      |   in|    1|        axis|       input_1|       pointer|
|input_1_TREADY      |  out|    1|        axis|       input_1|       pointer|
|layer17_out_TDATA   |  out|   40|        axis|   layer17_out|       pointer|
|layer17_out_TVALID  |  out|    1|        axis|   layer17_out|       pointer|
|layer17_out_TREADY  |   in|    1|        axis|   layer17_out|       pointer|
|ap_clk              |   in|    1|  ap_ctrl_hs|     myproject|  return value|
|ap_rst_n            |   in|    1|  ap_ctrl_hs|     myproject|  return value|
|ap_start            |   in|    1|  ap_ctrl_hs|     myproject|  return value|
|ap_done             |  out|    1|  ap_ctrl_hs|     myproject|  return value|
|ap_ready            |  out|    1|  ap_ctrl_hs|     myproject|  return value|
|ap_idle             |  out|    1|  ap_ctrl_hs|     myproject|  return value|
+--------------------+-----+-----+------------+--------------+--------------+

