

================================================================
== Vitis HLS Report for 'pooling2d_cl_array_array_ap_fixed_8_2_5_3_0_16u_config9_s'
================================================================
* Date:           Tue May 13 20:25:45 2025

* Version:        2022.2 (Build 3670227 on Oct 13 2022)
* Project:        myproject_prj
* Solution:       solution1 (Vivado IP Flow Target)
* Product family: kintexu
* Target device:  xcku035-fbva676-2-e


================================================================
== Performance Estimates
================================================================
+ Timing: 
    * Summary: 
    +--------+---------+----------+------------+
    |  Clock |  Target | Estimated| Uncertainty|
    +--------+---------+----------+------------+
    |ap_clk  |  5.00 ns|  3.884 ns|     0.62 ns|
    +--------+---------+----------+------------+

+ Latency: 
    * Summary: 
    +---------+---------+----------+----------+-----+-----+---------+
    |  Latency (cycles) |  Latency (absolute) |  Interval | Pipeline|
    |   min   |   max   |    min   |    max   | min | max |   Type  |
    +---------+---------+----------+----------+-----+-----+---------+
    |       52|       52|  0.260 us|  0.260 us|   52|   52|       no|
    +---------+---------+----------+----------+-----+-----+---------+

    + Detail: 
        * Instance: 
        N/A

        * Loop: 
        +----------------------------------+---------+---------+----------+-----------+-----------+------+----------+
        |                                  |  Latency (cycles) | Iteration|  Initiation Interval  | Trip |          |
        |             Loop Name            |   min   |   max   |  Latency |  achieved |   target  | Count| Pipelined|
        +----------------------------------+---------+---------+----------+-----------+-----------+------+----------+
        |- ReadInputHeight_ReadInputWidth  |       50|       50|         3|          1|          1|    49|       yes|
        +----------------------------------+---------+---------+----------+-----------+-----------+------+----------+



================================================================
== Utilization Estimates
================================================================
* Summary: 
+-----------------+---------+------+--------+--------+-----+
|       Name      | BRAM_18K|  DSP |   FF   |   LUT  | URAM|
+-----------------+---------+------+--------+--------+-----+
|DSP              |        -|     -|       -|       -|    -|
|Expression       |        -|     -|       0|    1351|    -|
|FIFO             |        -|     -|       -|       -|    -|
|Instance         |        -|     -|       -|       -|    -|
|Memory           |        -|     -|       0|      16|    -|
|Multiplexer      |        -|     -|       -|     108|    -|
|Register         |        -|     -|     692|       -|    -|
+-----------------+---------+------+--------+--------+-----+
|Total            |        0|     0|     692|    1475|    0|
+-----------------+---------+------+--------+--------+-----+
|Available        |     1080|  1700|  406256|  203128|    0|
+-----------------+---------+------+--------+--------+-----+
|Utilization (%)  |        0|     0|      ~0|      ~0|    0|
+-----------------+---------+------+--------+--------+-----+

+ Detail: 
    * Instance: 
    N/A

    * DSP: 
    N/A

    * Memory: 
    +----------------------------------------------------------------------------------------+----------------------------------------------------------------------------------+---------+---+----+-----+------+-----+------+-------------+
    |                                         Memory                                         |                                      Module                                      | BRAM_18K| FF| LUT| URAM| Words| Bits| Banks| W*Bits*Banks|
    +----------------------------------------------------------------------------------------+----------------------------------------------------------------------------------+---------+---+----+-----+------+-----+------+-------------+
    |void_pooling2d_cl_stream_stream_array_ap_fixed_16u_0_line_buffer_9_U                    |pooling2d_cl_array_array_ap_fixed_8_2_5_3_0_16u_config9_s_void_pooling2d_cl_sYie  |        0|  0|   1|    0|     7|    8|     1|           56|
    |void_pooling2d_cl_stream_stream_array_ap_fixed_16u_0_line_buffer_8_U                    |pooling2d_cl_array_array_ap_fixed_8_2_5_3_0_16u_config9_s_void_pooling2d_cl_sYie  |        0|  0|   1|    0|     7|    8|     1|           56|
    |void_pooling2d_cl_stream_stream_array_ap_fixed_16u_0_line_buffer_7_U                    |pooling2d_cl_array_array_ap_fixed_8_2_5_3_0_16u_config9_s_void_pooling2d_cl_sYie  |        0|  0|   1|    0|     7|    8|     1|           56|
    |void_pooling2d_cl_stream_stream_array_ap_fixed_16u_0_line_buffer_6_U                    |pooling2d_cl_array_array_ap_fixed_8_2_5_3_0_16u_config9_s_void_pooling2d_cl_sYie  |        0|  0|   1|    0|     7|    8|     1|           56|
    |void_pooling2d_cl_stream_stream_array_ap_fixed_16u_0_line_buffer_5_U                    |pooling2d_cl_array_array_ap_fixed_8_2_5_3_0_16u_config9_s_void_pooling2d_cl_sYie  |        0|  0|   1|    0|     7|    8|     1|           56|
    |void_pooling2d_cl_stream_stream_array_ap_fixed_16u_0_line_buffer_4_U                    |pooling2d_cl_array_array_ap_fixed_8_2_5_3_0_16u_config9_s_void_pooling2d_cl_sYie  |        0|  0|   1|    0|     7|    8|     1|           56|
    |void_pooling2d_cl_stream_stream_array_ap_fixed_16u_0_line_buffer_3_U                    |pooling2d_cl_array_array_ap_fixed_8_2_5_3_0_16u_config9_s_void_pooling2d_cl_sYie  |        0|  0|   1|    0|     7|    8|     1|           56|
    |void_pooling2d_cl_stream_stream_array_ap_fixed_16u_0_line_buffer_2_U                    |pooling2d_cl_array_array_ap_fixed_8_2_5_3_0_16u_config9_s_void_pooling2d_cl_sYie  |        0|  0|   1|    0|     7|    8|     1|           56|
    |void_pooling2d_cl_stream_stream_array_ap_fixed_16u_0_line_buffer_1_U                    |pooling2d_cl_array_array_ap_fixed_8_2_5_3_0_16u_config9_s_void_pooling2d_cl_sYie  |        0|  0|   1|    0|     7|    8|     1|           56|
    |void_pooling2d_cl_stream_stream_array_ap_fixed_16u_0_line_buffer_U                      |pooling2d_cl_array_array_ap_fixed_8_2_5_3_0_16u_config9_s_void_pooling2d_cl_sYie  |        0|  0|   1|    0|     7|    8|     1|           56|
    |p_ZZN4nnet12pooling2d_clINS_5arrayI9ap_ufixedILi8ELi2EL9ap_q_mode4EL9ap_o_mode0EL_23_U  |pooling2d_cl_array_array_ap_fixed_8_2_5_3_0_16u_config9_s_void_pooling2d_cl_sYie  |        0|  0|   1|    0|     7|    8|     1|           56|
    |p_ZZN4nnet12pooling2d_clINS_5arrayI9ap_ufixedILi8ELi2EL9ap_q_mode4EL9ap_o_mode0EL_22_U  |pooling2d_cl_array_array_ap_fixed_8_2_5_3_0_16u_config9_s_void_pooling2d_cl_sYie  |        0|  0|   1|    0|     7|    8|     1|           56|
    |p_ZZN4nnet12pooling2d_clINS_5arrayI9ap_ufixedILi8ELi2EL9ap_q_mode4EL9ap_o_mode0EL_21_U  |pooling2d_cl_array_array_ap_fixed_8_2_5_3_0_16u_config9_s_void_pooling2d_cl_sYie  |        0|  0|   1|    0|     7|    8|     1|           56|
    |p_ZZN4nnet12pooling2d_clINS_5arrayI9ap_ufixedILi8ELi2EL9ap_q_mode4EL9ap_o_mode0EL_20_U  |pooling2d_cl_array_array_ap_fixed_8_2_5_3_0_16u_config9_s_void_pooling2d_cl_sYie  |        0|  0|   1|    0|     7|    8|     1|           56|
    |p_ZZN4nnet12pooling2d_clINS_5arrayI9ap_ufixedILi8ELi2EL9ap_q_mode4EL9ap_o_mode0EL_19_U  |pooling2d_cl_array_array_ap_fixed_8_2_5_3_0_16u_config9_s_void_pooling2d_cl_sYie  |        0|  0|   1|    0|     7|    8|     1|           56|
    |p_ZZN4nnet12pooling2d_clINS_5arrayI9ap_ufixedILi8ELi2EL9ap_q_mode4EL9ap_o_mode0EL_18_U  |pooling2d_cl_array_array_ap_fixed_8_2_5_3_0_16u_config9_s_void_pooling2d_cl_sYie  |        0|  0|   1|    0|     7|    8|     1|           56|
    +----------------------------------------------------------------------------------------+----------------------------------------------------------------------------------+---------+---+----+-----+------+-----+------+-------------+
    |Total                                                                                   |                                                                                  |        0|  0|  16|    0|   112|  128|    16|          896|
    +----------------------------------------------------------------------------------------+----------------------------------------------------------------------------------+---------+---+----+-----+------+-----+------+-------------+

    * FIFO: 
    N/A

    * Expression: 
    +----------------------------------+----------+----+---+----+------------+------------+
    |           Variable Name          | Operation| DSP| FF| LUT| Bitwidth P0| Bitwidth P1|
    +----------------------------------+----------+----+---+----+------------+------------+
    |add_ln109_fu_286_p2               |         +|   0|  0|  13|           6|           1|
    |add_ln76_fu_322_p2                |         +|   0|  0|  39|          32|           1|
    |add_ln80_fu_376_p2                |         +|   0|  0|  39|          32|           1|
    |add_ln86_fu_1717_p2               |         +|   0|  0|  39|          32|          32|
    |add_ln91_fu_348_p2                |         +|   0|  0|  39|          32|          32|
    |and_ln55_2_fu_1053_p2             |       and|   0|  0|   2|           1|           1|
    |and_ln55_fu_1049_p2               |       and|   0|  0|   2|           1|           1|
    |ap_block_state3_pp0_stage0_iter2  |       and|   0|  0|   2|           1|           1|
    |ap_condition_390                  |       and|   0|  0|   2|           1|           1|
    |ap_condition_392                  |       and|   0|  0|   2|           1|           1|
    |ap_condition_416                  |       and|   0|  0|   2|           1|           1|
    |ap_condition_529                  |       and|   0|  0|   2|           1|           1|
    |ap_predicate_op300_write_state3   |       and|   0|  0|   2|           1|           1|
    |icmp_ln109_fu_280_p2              |      icmp|   0|  0|  10|           6|           5|
    |icmp_ln1651_100_fu_1778_p2        |      icmp|   0|  0|  11|           8|           8|
    |icmp_ln1651_101_fu_1219_p2        |      icmp|   0|  0|  11|           8|           8|
    |icmp_ln1651_102_fu_1239_p2        |      icmp|   0|  0|  11|           8|           8|
    |icmp_ln1651_103_fu_1794_p2        |      icmp|   0|  0|  11|           8|           8|
    |icmp_ln1651_104_fu_1259_p2        |      icmp|   0|  0|  11|           8|           8|
    |icmp_ln1651_105_fu_1279_p2        |      icmp|   0|  0|  11|           8|           8|
    |icmp_ln1651_106_fu_1810_p2        |      icmp|   0|  0|  11|           8|           8|
    |icmp_ln1651_107_fu_1299_p2        |      icmp|   0|  0|  11|           8|           8|
    |icmp_ln1651_108_fu_1319_p2        |      icmp|   0|  0|  11|           8|           8|
    |icmp_ln1651_109_fu_1826_p2        |      icmp|   0|  0|  11|           8|           8|
    |icmp_ln1651_110_fu_1339_p2        |      icmp|   0|  0|  11|           8|           8|
    |icmp_ln1651_111_fu_1359_p2        |      icmp|   0|  0|  11|           8|           8|
    |icmp_ln1651_112_fu_1842_p2        |      icmp|   0|  0|  11|           8|           8|
    |icmp_ln1651_113_fu_1379_p2        |      icmp|   0|  0|  11|           8|           8|
    |icmp_ln1651_114_fu_1399_p2        |      icmp|   0|  0|  11|           8|           8|
    |icmp_ln1651_115_fu_1858_p2        |      icmp|   0|  0|  11|           8|           8|
    |icmp_ln1651_116_fu_1419_p2        |      icmp|   0|  0|  11|           8|           8|
    |icmp_ln1651_117_fu_1439_p2        |      icmp|   0|  0|  11|           8|           8|
    |icmp_ln1651_118_fu_1874_p2        |      icmp|   0|  0|  11|           8|           8|
    |icmp_ln1651_119_fu_1459_p2        |      icmp|   0|  0|  11|           8|           8|
    |icmp_ln1651_120_fu_1479_p2        |      icmp|   0|  0|  11|           8|           8|
    |icmp_ln1651_121_fu_1890_p2        |      icmp|   0|  0|  11|           8|           8|
    |icmp_ln1651_122_fu_1499_p2        |      icmp|   0|  0|  11|           8|           8|
    |icmp_ln1651_123_fu_1519_p2        |      icmp|   0|  0|  11|           8|           8|
    |icmp_ln1651_124_fu_1906_p2        |      icmp|   0|  0|  11|           8|           8|
    |icmp_ln1651_125_fu_1539_p2        |      icmp|   0|  0|  11|           8|           8|
    |icmp_ln1651_126_fu_1559_p2        |      icmp|   0|  0|  11|           8|           8|
    |icmp_ln1651_127_fu_1922_p2        |      icmp|   0|  0|  11|           8|           8|
    |icmp_ln1651_128_fu_1579_p2        |      icmp|   0|  0|  11|           8|           8|
    |icmp_ln1651_129_fu_1599_p2        |      icmp|   0|  0|  11|           8|           8|
    |icmp_ln1651_130_fu_1938_p2        |      icmp|   0|  0|  11|           8|           8|
    |icmp_ln1651_131_fu_1619_p2        |      icmp|   0|  0|  11|           8|           8|
    |icmp_ln1651_132_fu_1639_p2        |      icmp|   0|  0|  11|           8|           8|
    |icmp_ln1651_133_fu_1954_p2        |      icmp|   0|  0|  11|           8|           8|
    |icmp_ln1651_134_fu_1659_p2        |      icmp|   0|  0|  11|           8|           8|
    |icmp_ln1651_135_fu_1679_p2        |      icmp|   0|  0|  11|           8|           8|
    |icmp_ln1651_136_fu_1970_p2        |      icmp|   0|  0|  11|           8|           8|
    |icmp_ln1651_90_fu_1079_p2         |      icmp|   0|  0|  11|           8|           8|
    |icmp_ln1651_91_fu_1730_p2         |      icmp|   0|  0|  11|           8|           8|
    |icmp_ln1651_92_fu_1099_p2         |      icmp|   0|  0|  11|           8|           8|
    |icmp_ln1651_93_fu_1119_p2         |      icmp|   0|  0|  11|           8|           8|
    |icmp_ln1651_94_fu_1746_p2         |      icmp|   0|  0|  11|           8|           8|
    |icmp_ln1651_95_fu_1139_p2         |      icmp|   0|  0|  11|           8|           8|
    |icmp_ln1651_96_fu_1159_p2         |      icmp|   0|  0|  11|           8|           8|
    |icmp_ln1651_97_fu_1762_p2         |      icmp|   0|  0|  11|           8|           8|
    |icmp_ln1651_98_fu_1179_p2         |      icmp|   0|  0|  11|           8|           8|
    |icmp_ln1651_99_fu_1199_p2         |      icmp|   0|  0|  11|           8|           8|
    |icmp_ln1651_fu_1059_p2            |      icmp|   0|  0|  11|           8|           8|
    |icmp_ln55_4_fu_1043_p2            |      icmp|   0|  0|  20|          32|           1|
    |icmp_ln55_5_fu_310_p2             |      icmp|   0|  0|  20|          32|           1|
    |icmp_ln55_6_fu_316_p2             |      icmp|   0|  0|  20|          32|           1|
    |icmp_ln55_fu_296_p2               |      icmp|   0|  0|  20|          32|           1|
    |icmp_ln76_fu_328_p2               |      icmp|   0|  0|  20|          32|           3|
    |icmp_ln80_fu_382_p2               |      icmp|   0|  0|  20|          32|           3|
    |icmp_ln86_fu_1703_p2              |      icmp|   0|  0|  20|          32|           1|
    |ap_block_pp0_stage0_01001         |        or|   0|  0|   2|           1|           1|
    |res_pack_data_10_fu_1820_p3       |    select|   0|  0|   8|           1|           8|
    |res_pack_data_11_fu_1836_p3       |    select|   0|  0|   8|           1|           8|
    |res_pack_data_12_fu_1852_p3       |    select|   0|  0|   8|           1|           8|
    |res_pack_data_6_fu_1756_p3        |    select|   0|  0|   8|           1|           8|
    |res_pack_data_7_fu_1772_p3        |    select|   0|  0|   8|           1|           8|
    |res_pack_data_8_fu_1788_p3        |    select|   0|  0|   8|           1|           8|
    |res_pack_data_9_fu_1804_p3        |    select|   0|  0|   8|           1|           8|
    |res_pack_data_fu_1740_p3          |    select|   0|  0|   8|           1|           8|
    |select_ln65_101_fu_1231_p3        |    select|   0|  0|   8|           1|           8|
    |select_ln65_102_fu_1251_p3        |    select|   0|  0|   8|           1|           8|
    |select_ln65_104_fu_1271_p3        |    select|   0|  0|   8|           1|           8|
    |select_ln65_105_fu_1291_p3        |    select|   0|  0|   8|           1|           8|
    |select_ln65_107_fu_1311_p3        |    select|   0|  0|   8|           1|           8|
    |select_ln65_108_fu_1331_p3        |    select|   0|  0|   8|           1|           8|
    |select_ln65_110_fu_1351_p3        |    select|   0|  0|   8|           1|           8|
    |select_ln65_111_fu_1371_p3        |    select|   0|  0|   8|           1|           8|
    |select_ln65_113_fu_1391_p3        |    select|   0|  0|   8|           1|           8|
    |select_ln65_114_fu_1411_p3        |    select|   0|  0|   8|           1|           8|
    |select_ln65_115_fu_1868_p3        |    select|   0|  0|   8|           1|           8|
    |select_ln65_116_fu_1431_p3        |    select|   0|  0|   8|           1|           8|
    |select_ln65_117_fu_1451_p3        |    select|   0|  0|   8|           1|           8|
    |select_ln65_118_fu_1884_p3        |    select|   0|  0|   8|           1|           8|
    |select_ln65_119_fu_1471_p3        |    select|   0|  0|   8|           1|           8|
    |select_ln65_120_fu_1491_p3        |    select|   0|  0|   8|           1|           8|
    |select_ln65_121_fu_1900_p3        |    select|   0|  0|   8|           1|           8|
    |select_ln65_122_fu_1511_p3        |    select|   0|  0|   8|           1|           8|
    |select_ln65_123_fu_1531_p3        |    select|   0|  0|   8|           1|           8|
    |select_ln65_124_fu_1916_p3        |    select|   0|  0|   8|           1|           8|
    |select_ln65_125_fu_1551_p3        |    select|   0|  0|   8|           1|           8|
    |select_ln65_126_fu_1571_p3        |    select|   0|  0|   8|           1|           8|
    |select_ln65_127_fu_1932_p3        |    select|   0|  0|   8|           1|           8|
    |select_ln65_128_fu_1591_p3        |    select|   0|  0|   8|           1|           8|
    |select_ln65_129_fu_1611_p3        |    select|   0|  0|   8|           1|           8|
    |select_ln65_130_fu_1948_p3        |    select|   0|  0|   8|           1|           8|
    |select_ln65_131_fu_1631_p3        |    select|   0|  0|   8|           1|           8|
    |select_ln65_132_fu_1651_p3        |    select|   0|  0|   8|           1|           8|
    |select_ln65_133_fu_1964_p3        |    select|   0|  0|   8|           1|           8|
    |select_ln65_134_fu_1671_p3        |    select|   0|  0|   8|           1|           8|
    |select_ln65_135_fu_1691_p3        |    select|   0|  0|   8|           1|           8|
    |select_ln65_136_fu_1980_p3        |    select|   0|  0|   8|           1|           8|
    |select_ln65_90_fu_1091_p3         |    select|   0|  0|   8|           1|           8|
    |select_ln65_92_fu_1111_p3         |    select|   0|  0|   8|           1|           8|
    |select_ln65_93_fu_1131_p3         |    select|   0|  0|   8|           1|           8|
    |select_ln65_95_fu_1151_p3         |    select|   0|  0|   8|           1|           8|
    |select_ln65_96_fu_1171_p3         |    select|   0|  0|   8|           1|           8|
    |select_ln65_98_fu_1191_p3         |    select|   0|  0|   8|           1|           8|
    |select_ln65_99_fu_1211_p3         |    select|   0|  0|   8|           1|           8|
    |select_ln65_fu_1071_p3            |    select|   0|  0|   8|           1|           8|
    |select_ln86_fu_1709_p3            |    select|   0|  0|   2|           1|           2|
    |select_ln91_fu_340_p3             |    select|   0|  0|   2|           1|           2|
    |ap_enable_pp0                     |       xor|   0|  0|   2|           1|           2|
    |xor_ln1651_100_fu_1782_p2         |       xor|   0|  0|   2|           1|           2|
    |xor_ln1651_101_fu_1225_p2         |       xor|   0|  0|   2|           1|           2|
    |xor_ln1651_102_fu_1245_p2         |       xor|   0|  0|   2|           1|           2|
    |xor_ln1651_103_fu_1798_p2         |       xor|   0|  0|   2|           1|           2|
    |xor_ln1651_104_fu_1265_p2         |       xor|   0|  0|   2|           1|           2|
    |xor_ln1651_105_fu_1285_p2         |       xor|   0|  0|   2|           1|           2|
    |xor_ln1651_106_fu_1814_p2         |       xor|   0|  0|   2|           1|           2|
    |xor_ln1651_107_fu_1305_p2         |       xor|   0|  0|   2|           1|           2|
    |xor_ln1651_108_fu_1325_p2         |       xor|   0|  0|   2|           1|           2|
    |xor_ln1651_109_fu_1830_p2         |       xor|   0|  0|   2|           1|           2|
    |xor_ln1651_110_fu_1345_p2         |       xor|   0|  0|   2|           1|           2|
    |xor_ln1651_111_fu_1365_p2         |       xor|   0|  0|   2|           1|           2|
    |xor_ln1651_112_fu_1846_p2         |       xor|   0|  0|   2|           1|           2|
    |xor_ln1651_113_fu_1385_p2         |       xor|   0|  0|   2|           1|           2|
    |xor_ln1651_114_fu_1405_p2         |       xor|   0|  0|   2|           1|           2|
    |xor_ln1651_115_fu_1862_p2         |       xor|   0|  0|   2|           1|           2|
    |xor_ln1651_116_fu_1425_p2         |       xor|   0|  0|   2|           1|           2|
    |xor_ln1651_117_fu_1445_p2         |       xor|   0|  0|   2|           1|           2|
    |xor_ln1651_118_fu_1878_p2         |       xor|   0|  0|   2|           1|           2|
    |xor_ln1651_119_fu_1465_p2         |       xor|   0|  0|   2|           1|           2|
    |xor_ln1651_120_fu_1485_p2         |       xor|   0|  0|   2|           1|           2|
    |xor_ln1651_121_fu_1894_p2         |       xor|   0|  0|   2|           1|           2|
    |xor_ln1651_122_fu_1505_p2         |       xor|   0|  0|   2|           1|           2|
    |xor_ln1651_123_fu_1525_p2         |       xor|   0|  0|   2|           1|           2|
    |xor_ln1651_124_fu_1910_p2         |       xor|   0|  0|   2|           1|           2|
    |xor_ln1651_125_fu_1545_p2         |       xor|   0|  0|   2|           1|           2|
    |xor_ln1651_126_fu_1565_p2         |       xor|   0|  0|   2|           1|           2|
    |xor_ln1651_127_fu_1926_p2         |       xor|   0|  0|   2|           1|           2|
    |xor_ln1651_128_fu_1585_p2         |       xor|   0|  0|   2|           1|           2|
    |xor_ln1651_129_fu_1605_p2         |       xor|   0|  0|   2|           1|           2|
    |xor_ln1651_130_fu_1942_p2         |       xor|   0|  0|   2|           1|           2|
    |xor_ln1651_131_fu_1625_p2         |       xor|   0|  0|   2|           1|           2|
    |xor_ln1651_132_fu_1645_p2         |       xor|   0|  0|   2|           1|           2|
    |xor_ln1651_133_fu_1958_p2         |       xor|   0|  0|   2|           1|           2|
    |xor_ln1651_134_fu_1665_p2         |       xor|   0|  0|   2|           1|           2|
    |xor_ln1651_135_fu_1685_p2         |       xor|   0|  0|   2|           1|           2|
    |xor_ln1651_136_fu_1974_p2         |       xor|   0|  0|   2|           1|           2|
    |xor_ln1651_90_fu_1085_p2          |       xor|   0|  0|   2|           1|           2|
    |xor_ln1651_91_fu_1734_p2          |       xor|   0|  0|   2|           1|           2|
    |xor_ln1651_92_fu_1105_p2          |       xor|   0|  0|   2|           1|           2|
    |xor_ln1651_93_fu_1125_p2          |       xor|   0|  0|   2|           1|           2|
    |xor_ln1651_94_fu_1750_p2          |       xor|   0|  0|   2|           1|           2|
    |xor_ln1651_95_fu_1145_p2          |       xor|   0|  0|   2|           1|           2|
    |xor_ln1651_96_fu_1165_p2          |       xor|   0|  0|   2|           1|           2|
    |xor_ln1651_97_fu_1766_p2          |       xor|   0|  0|   2|           1|           2|
    |xor_ln1651_98_fu_1185_p2          |       xor|   0|  0|   2|           1|           2|
    |xor_ln1651_99_fu_1205_p2          |       xor|   0|  0|   2|           1|           2|
    |xor_ln1651_fu_1065_p2             |       xor|   0|  0|   2|           1|           2|
    +----------------------------------+----------+----+---+----+------------+------------+
    |Total                             |          |   0|  0|1351|         856|         962|
    +----------------------------------+----------+----+---+----+------------+------------+

    * Multiplexer: 
    +-----------------------------------------+----+-----------+-----+-----------+
    |                   Name                  | LUT| Input Size| Bits| Total Bits|
    +-----------------------------------------+----+-----------+-----+-----------+
    |ap_done_int                              |   9|          2|    1|          2|
    |ap_enable_reg_pp0_iter1                  |   9|          2|    1|          2|
    |ap_phi_mux_storemerge_phi_fu_265_p4      |   9|          2|   32|         64|
    |ap_phi_reg_pp0_iter1_storemerge_reg_261  |   9|          2|   32|         64|
    |ap_sig_allocacmp_indvar_flatten_load     |   9|          2|    6|         12|
    |indvar_flatten_fu_244                    |   9|          2|    6|         12|
    |layer8_out_blk_n                         |   9|          2|    1|          2|
    |layer9_out_blk_n                         |   9|          2|    1|          2|
    |pX_1                                     |   9|          2|   32|         64|
    |pY_1                                     |   9|          2|   32|         64|
    |real_start                               |   9|          2|    1|          2|
    |sX_1                                     |   9|          2|   32|         64|
    +-----------------------------------------+----+-----------+-----+-----------+
    |Total                                    | 108|         24|  177|        354|
    +-----------------------------------------+----+-----------+-----+-----------+

    * Register: 
    +--------------------------------------------------------------------------------------+----+----+-----+-----------+
    |                                         Name                                         | FF | LUT| Bits| Const Bits|
    +--------------------------------------------------------------------------------------+----+----+-----+-----------+
    |and_ln55_2_reg_2056                                                                   |   1|   0|    1|          0|
    |ap_CS_fsm                                                                             |   1|   0|    1|          0|
    |ap_done_reg                                                                           |   1|   0|    1|          0|
    |ap_enable_reg_pp0_iter1                                                               |   1|   0|    1|          0|
    |ap_enable_reg_pp0_iter2                                                               |   1|   0|    1|          0|
    |ap_loop_exit_ready_pp0_iter1_reg                                                      |   1|   0|    1|          0|
    |ap_phi_reg_pp0_iter1_storemerge_reg_261                                               |  32|   0|   32|          0|
    |icmp_ln109_reg_2030                                                                   |   1|   0|    1|          0|
    |icmp_ln55_5_reg_2038                                                                  |   1|   0|    1|          0|
    |icmp_ln55_6_reg_2043                                                                  |   1|   0|    1|          0|
    |icmp_ln55_reg_2034                                                                    |   1|   0|    1|          0|
    |icmp_ln55_reg_2034_pp0_iter1_reg                                                      |   1|   0|    1|          0|
    |icmp_ln76_reg_2048                                                                    |   1|   0|    1|          0|
    |icmp_ln80_reg_2052                                                                    |   1|   0|    1|          0|
    |indvar_flatten_fu_244                                                                 |   6|   0|    6|          0|
    |pX_1                                                                                  |  32|   0|   32|          0|
    |pY_1                                                                                  |  32|   0|   32|          0|
    |p_ZZN4nnet22compute_pool_buffer_2dINS_5arrayI9ap_ufixedILi8ELi2EL9ap_q_mode4EL9ap_68  |   8|   0|    8|          0|
    |p_ZZN4nnet22compute_pool_buffer_2dINS_5arrayI9ap_ufixedILi8ELi2EL9ap_q_mode4EL9ap_69  |   8|   0|    8|          0|
    |p_ZZN4nnet22compute_pool_buffer_2dINS_5arrayI9ap_ufixedILi8ELi2EL9ap_q_mode4EL9ap_70  |   8|   0|    8|          0|
    |p_ZZN4nnet22compute_pool_buffer_2dINS_5arrayI9ap_ufixedILi8ELi2EL9ap_q_mode4EL9ap_71  |   8|   0|    8|          0|
    |p_ZZN4nnet22compute_pool_buffer_2dINS_5arrayI9ap_ufixedILi8ELi2EL9ap_q_mode4EL9ap_72  |   8|   0|    8|          0|
    |p_ZZN4nnet22compute_pool_buffer_2dINS_5arrayI9ap_ufixedILi8ELi2EL9ap_q_mode4EL9ap_73  |   8|   0|    8|          0|
    |p_ZZN4nnet22compute_pool_buffer_2dINS_5arrayI9ap_ufixedILi8ELi2EL9ap_q_mode4EL9ap_74  |   8|   0|    8|          0|
    |p_ZZN4nnet22compute_pool_buffer_2dINS_5arrayI9ap_ufixedILi8ELi2EL9ap_q_mode4EL9ap_75  |   8|   0|    8|          0|
    |p_ZZN4nnet22compute_pool_buffer_2dINS_5arrayI9ap_ufixedILi8ELi2EL9ap_q_mode4EL9ap_76  |   8|   0|    8|          0|
    |p_ZZN4nnet22compute_pool_buffer_2dINS_5arrayI9ap_ufixedILi8ELi2EL9ap_q_mode4EL9ap_77  |   8|   0|    8|          0|
    |p_ZZN4nnet22compute_pool_buffer_2dINS_5arrayI9ap_ufixedILi8ELi2EL9ap_q_mode4EL9ap_78  |   8|   0|    8|          0|
    |p_ZZN4nnet22compute_pool_buffer_2dINS_5arrayI9ap_ufixedILi8ELi2EL9ap_q_mode4EL9ap_79  |   8|   0|    8|          0|
    |p_ZZN4nnet22compute_pool_buffer_2dINS_5arrayI9ap_ufixedILi8ELi2EL9ap_q_mode4EL9ap_80  |   8|   0|    8|          0|
    |p_ZZN4nnet22compute_pool_buffer_2dINS_5arrayI9ap_ufixedILi8ELi2EL9ap_q_mode4EL9ap_81  |   8|   0|    8|          0|
    |p_ZZN4nnet22compute_pool_buffer_2dINS_5arrayI9ap_ufixedILi8ELi2EL9ap_q_mode4EL9ap_82  |   8|   0|    8|          0|
    |p_ZZN4nnet22compute_pool_buffer_2dINS_5arrayI9ap_ufixedILi8ELi2EL9ap_q_mode4EL9ap_83  |   8|   0|    8|          0|
    |p_ZZN4nnet22compute_pool_buffer_2dINS_5arrayI9ap_ufixedILi8ELi2EL9ap_q_mode4EL9ap_84  |   8|   0|    8|          0|
    |p_ZZN4nnet22compute_pool_buffer_2dINS_5arrayI9ap_ufixedILi8ELi2EL9ap_q_mode4EL9ap_85  |   8|   0|    8|          0|
    |p_ZZN4nnet22compute_pool_buffer_2dINS_5arrayI9ap_ufixedILi8ELi2EL9ap_q_mode4EL9ap_86  |   8|   0|    8|          0|
    |p_ZZN4nnet22compute_pool_buffer_2dINS_5arrayI9ap_ufixedILi8ELi2EL9ap_q_mode4EL9ap_87  |   8|   0|    8|          0|
    |p_ZZN4nnet22compute_pool_buffer_2dINS_5arrayI9ap_ufixedILi8ELi2EL9ap_q_mode4EL9ap_88  |   8|   0|    8|          0|
    |p_ZZN4nnet22compute_pool_buffer_2dINS_5arrayI9ap_ufixedILi8ELi2EL9ap_q_mode4EL9ap_89  |   8|   0|    8|          0|
    |p_ZZN4nnet22compute_pool_buffer_2dINS_5arrayI9ap_ufixedILi8ELi2EL9ap_q_mode4EL9ap_90  |   8|   0|    8|          0|
    |p_ZZN4nnet22compute_pool_buffer_2dINS_5arrayI9ap_ufixedILi8ELi2EL9ap_q_mode4EL9ap_91  |   8|   0|    8|          0|
    |p_ZZN4nnet22compute_pool_buffer_2dINS_5arrayI9ap_ufixedILi8ELi2EL9ap_q_mode4EL9ap_92  |   8|   0|    8|          0|
    |p_ZZN4nnet22compute_pool_buffer_2dINS_5arrayI9ap_ufixedILi8ELi2EL9ap_q_mode4EL9ap_93  |   8|   0|    8|          0|
    |p_ZZN4nnet22compute_pool_buffer_2dINS_5arrayI9ap_ufixedILi8ELi2EL9ap_q_mode4EL9ap_94  |   8|   0|    8|          0|
    |p_ZZN4nnet22compute_pool_buffer_2dINS_5arrayI9ap_ufixedILi8ELi2EL9ap_q_mode4EL9ap_95  |   8|   0|    8|          0|
    |p_ZZN4nnet22compute_pool_buffer_2dINS_5arrayI9ap_ufixedILi8ELi2EL9ap_q_mode4EL9ap_96  |   8|   0|    8|          0|
    |p_ZZN4nnet22compute_pool_buffer_2dINS_5arrayI9ap_ufixedILi8ELi2EL9ap_q_mode4EL9ap_97  |   8|   0|    8|          0|
    |p_ZZN4nnet22compute_pool_buffer_2dINS_5arrayI9ap_ufixedILi8ELi2EL9ap_q_mode4EL9ap_98  |   8|   0|    8|          0|
    |p_ZZN4nnet22compute_pool_buffer_2dINS_5arrayI9ap_ufixedILi8ELi2EL9ap_q_mode4EL9ap_99  |   8|   0|    8|          0|
    |sX_1                                                                                  |  32|   0|   32|          0|
    |sY_1                                                                                  |  32|   0|   32|          0|
    |select_ln65_101_reg_2108                                                              |   8|   0|    8|          0|
    |select_ln65_102_reg_2114                                                              |   8|   0|    8|          0|
    |select_ln65_104_reg_2120                                                              |   8|   0|    8|          0|
    |select_ln65_105_reg_2126                                                              |   8|   0|    8|          0|
    |select_ln65_107_reg_2132                                                              |   8|   0|    8|          0|
    |select_ln65_108_reg_2138                                                              |   8|   0|    8|          0|
    |select_ln65_110_reg_2144                                                              |   8|   0|    8|          0|
    |select_ln65_111_reg_2150                                                              |   8|   0|    8|          0|
    |select_ln65_113_reg_2156                                                              |   8|   0|    8|          0|
    |select_ln65_114_reg_2162                                                              |   8|   0|    8|          0|
    |select_ln65_116_reg_2168                                                              |   8|   0|    8|          0|
    |select_ln65_117_reg_2174                                                              |   8|   0|    8|          0|
    |select_ln65_119_reg_2180                                                              |   8|   0|    8|          0|
    |select_ln65_120_reg_2186                                                              |   8|   0|    8|          0|
    |select_ln65_122_reg_2192                                                              |   8|   0|    8|          0|
    |select_ln65_123_reg_2198                                                              |   8|   0|    8|          0|
    |select_ln65_125_reg_2204                                                              |   8|   0|    8|          0|
    |select_ln65_126_reg_2210                                                              |   8|   0|    8|          0|
    |select_ln65_128_reg_2216                                                              |   8|   0|    8|          0|
    |select_ln65_129_reg_2222                                                              |   8|   0|    8|          0|
    |select_ln65_131_reg_2228                                                              |   8|   0|    8|          0|
    |select_ln65_132_reg_2234                                                              |   8|   0|    8|          0|
    |select_ln65_134_reg_2240                                                              |   8|   0|    8|          0|
    |select_ln65_135_reg_2246                                                              |   8|   0|    8|          0|
    |select_ln65_90_reg_2066                                                               |   8|   0|    8|          0|
    |select_ln65_92_reg_2072                                                               |   8|   0|    8|          0|
    |select_ln65_93_reg_2078                                                               |   8|   0|    8|          0|
    |select_ln65_95_reg_2084                                                               |   8|   0|    8|          0|
    |select_ln65_96_reg_2090                                                               |   8|   0|    8|          0|
    |select_ln65_98_reg_2096                                                               |   8|   0|    8|          0|
    |select_ln65_99_reg_2102                                                               |   8|   0|    8|          0|
    |select_ln65_reg_2060                                                                  |   8|   0|    8|          0|
    |start_once_reg                                                                        |   1|   0|    1|          0|
    +--------------------------------------------------------------------------------------+----+----+-----+-----------+
    |Total                                                                                 | 692|   0|  692|          0|
    +--------------------------------------------------------------------------------------+----+----+-----+-----------+



================================================================
== Interface
================================================================
* Summary: 
+---------------------------+-----+-----+------------+------------------------------------------------------------+--------------+
|         RTL Ports         | Dir | Bits|  Protocol  |                        Source Object                       |    C Type    |
+---------------------------+-----+-----+------------+------------------------------------------------------------+--------------+
|ap_clk                     |   in|    1|  ap_ctrl_hs|  pooling2d_cl<array,array<ap_fixed<8,2,5,3,0>,16u>,config9>|  return value|
|ap_rst                     |   in|    1|  ap_ctrl_hs|  pooling2d_cl<array,array<ap_fixed<8,2,5,3,0>,16u>,config9>|  return value|
|ap_start                   |   in|    1|  ap_ctrl_hs|  pooling2d_cl<array,array<ap_fixed<8,2,5,3,0>,16u>,config9>|  return value|
|start_full_n               |   in|    1|  ap_ctrl_hs|  pooling2d_cl<array,array<ap_fixed<8,2,5,3,0>,16u>,config9>|  return value|
|ap_done                    |  out|    1|  ap_ctrl_hs|  pooling2d_cl<array,array<ap_fixed<8,2,5,3,0>,16u>,config9>|  return value|
|ap_continue                |   in|    1|  ap_ctrl_hs|  pooling2d_cl<array,array<ap_fixed<8,2,5,3,0>,16u>,config9>|  return value|
|ap_idle                    |  out|    1|  ap_ctrl_hs|  pooling2d_cl<array,array<ap_fixed<8,2,5,3,0>,16u>,config9>|  return value|
|ap_ready                   |  out|    1|  ap_ctrl_hs|  pooling2d_cl<array,array<ap_fixed<8,2,5,3,0>,16u>,config9>|  return value|
|start_out                  |  out|    1|  ap_ctrl_hs|  pooling2d_cl<array,array<ap_fixed<8,2,5,3,0>,16u>,config9>|  return value|
|start_write                |  out|    1|  ap_ctrl_hs|  pooling2d_cl<array,array<ap_fixed<8,2,5,3,0>,16u>,config9>|  return value|
|layer8_out_dout            |   in|  128|     ap_fifo|                                                  layer8_out|       pointer|
|layer8_out_num_data_valid  |   in|    7|     ap_fifo|                                                  layer8_out|       pointer|
|layer8_out_fifo_cap        |   in|    7|     ap_fifo|                                                  layer8_out|       pointer|
|layer8_out_empty_n         |   in|    1|     ap_fifo|                                                  layer8_out|       pointer|
|layer8_out_read            |  out|    1|     ap_fifo|                                                  layer8_out|       pointer|
|layer9_out_din             |  out|  128|     ap_fifo|                                                  layer9_out|       pointer|
|layer9_out_num_data_valid  |   in|    5|     ap_fifo|                                                  layer9_out|       pointer|
|layer9_out_fifo_cap        |   in|    5|     ap_fifo|                                                  layer9_out|       pointer|
|layer9_out_full_n          |   in|    1|     ap_fifo|                                                  layer9_out|       pointer|
|layer9_out_write           |  out|    1|     ap_fifo|                                                  layer9_out|       pointer|
+---------------------------+-----+-----+------------+------------------------------------------------------------+--------------+

