

================================================================
== Vitis HLS Report for 'relu_array_ap_fixed_98u_array_ap_ufixed_8_2_4_0_0_98u_relu_config13_s'
================================================================
* Date:           Tue May 13 20:25:48 2025

* Version:        2022.2 (Build 3670227 on Oct 13 2022)
* Project:        myproject_prj
* Solution:       solution1 (Vivado IP Flow Target)
* Product family: kintexu
* Target device:  xcku035-fbva676-2-e


================================================================
== Performance Estimates
================================================================
+ Timing: 
    * Summary: 
    +--------+---------+----------+------------+
    |  Clock |  Target | Estimated| Uncertainty|
    +--------+---------+----------+------------+
    |ap_clk  |  5.00 ns|  3.328 ns|     0.62 ns|
    +--------+---------+----------+------------+

+ Latency: 
    * Summary: 
    +---------+---------+----------+----------+-----+-----+---------+
    |  Latency (cycles) |  Latency (absolute) |  Interval | Pipeline|
    |   min   |   max   |    min   |    max   | min | max |   Type  |
    +---------+---------+----------+----------+-----+-----+---------+
    |        1|        1|  5.000 ns|  5.000 ns|    1|    1|       no|
    +---------+---------+----------+----------+-----+-----+---------+

    + Detail: 
        * Instance: 
        N/A

        * Loop: 
        N/A



================================================================
== Utilization Estimates
================================================================
* Summary: 
+-----------------+---------+------+--------+--------+-----+
|       Name      | BRAM_18K|  DSP |   FF   |   LUT  | URAM|
+-----------------+---------+------+--------+--------+-----+
|DSP              |        -|     -|       -|       -|    -|
|Expression       |        -|     -|       0|    1766|    -|
|FIFO             |        -|     -|       -|       -|    -|
|Instance         |        -|     -|       -|       -|    -|
|Memory           |        -|     -|       -|       -|    -|
|Multiplexer      |        -|     -|       -|      50|    -|
|Register         |        -|     -|     690|       -|    -|
+-----------------+---------+------+--------+--------+-----+
|Total            |        0|     0|     690|    1816|    0|
+-----------------+---------+------+--------+--------+-----+
|Available        |     1080|  1700|  406256|  203128|    0|
+-----------------+---------+------+--------+--------+-----+
|Utilization (%)  |        0|     0|      ~0|      ~0|    0|
+-----------------+---------+------+--------+--------+-----+

+ Detail: 
    * Instance: 
    N/A

    * DSP: 
    N/A

    * Memory: 
    N/A

    * FIFO: 
    N/A

    * Expression: 
    +----------------------------+----------+----+---+----+------------+------------+
    |        Variable Name       | Operation| DSP| FF| LUT| Bitwidth P0| Bitwidth P1|
    +----------------------------+----------+----+---+----+------------+------------+
    |icmp_ln1649_10_fu_2711_p2   |      icmp|   0|  0|  11|           8|           1|
    |icmp_ln1649_11_fu_2725_p2   |      icmp|   0|  0|  11|           8|           1|
    |icmp_ln1649_12_fu_2739_p2   |      icmp|   0|  0|  11|           8|           1|
    |icmp_ln1649_13_fu_2753_p2   |      icmp|   0|  0|  11|           8|           1|
    |icmp_ln1649_14_fu_2767_p2   |      icmp|   0|  0|  11|           8|           1|
    |icmp_ln1649_15_fu_2781_p2   |      icmp|   0|  0|  11|           8|           1|
    |icmp_ln1649_16_fu_2795_p2   |      icmp|   0|  0|  11|           8|           1|
    |icmp_ln1649_17_fu_2809_p2   |      icmp|   0|  0|  11|           8|           1|
    |icmp_ln1649_18_fu_2823_p2   |      icmp|   0|  0|  11|           8|           1|
    |icmp_ln1649_19_fu_2837_p2   |      icmp|   0|  0|  11|           8|           1|
    |icmp_ln1649_1_fu_2585_p2    |      icmp|   0|  0|  11|           8|           1|
    |icmp_ln1649_20_fu_2851_p2   |      icmp|   0|  0|  11|           8|           1|
    |icmp_ln1649_21_fu_2865_p2   |      icmp|   0|  0|  11|           8|           1|
    |icmp_ln1649_22_fu_2879_p2   |      icmp|   0|  0|  11|           8|           1|
    |icmp_ln1649_23_fu_2893_p2   |      icmp|   0|  0|  11|           8|           1|
    |icmp_ln1649_24_fu_2907_p2   |      icmp|   0|  0|  11|           8|           1|
    |icmp_ln1649_25_fu_2921_p2   |      icmp|   0|  0|  11|           8|           1|
    |icmp_ln1649_26_fu_2935_p2   |      icmp|   0|  0|  11|           8|           1|
    |icmp_ln1649_27_fu_2949_p2   |      icmp|   0|  0|  11|           8|           1|
    |icmp_ln1649_28_fu_2963_p2   |      icmp|   0|  0|  11|           8|           1|
    |icmp_ln1649_29_fu_2977_p2   |      icmp|   0|  0|  11|           8|           1|
    |icmp_ln1649_2_fu_2599_p2    |      icmp|   0|  0|  11|           8|           1|
    |icmp_ln1649_30_fu_2991_p2   |      icmp|   0|  0|  11|           8|           1|
    |icmp_ln1649_31_fu_3005_p2   |      icmp|   0|  0|  11|           8|           1|
    |icmp_ln1649_32_fu_3019_p2   |      icmp|   0|  0|  11|           8|           1|
    |icmp_ln1649_33_fu_3033_p2   |      icmp|   0|  0|  11|           8|           1|
    |icmp_ln1649_34_fu_3047_p2   |      icmp|   0|  0|  11|           8|           1|
    |icmp_ln1649_35_fu_3061_p2   |      icmp|   0|  0|  11|           8|           1|
    |icmp_ln1649_36_fu_3075_p2   |      icmp|   0|  0|  11|           8|           1|
    |icmp_ln1649_37_fu_3089_p2   |      icmp|   0|  0|  11|           8|           1|
    |icmp_ln1649_38_fu_3103_p2   |      icmp|   0|  0|  11|           8|           1|
    |icmp_ln1649_39_fu_3117_p2   |      icmp|   0|  0|  11|           8|           1|
    |icmp_ln1649_3_fu_2613_p2    |      icmp|   0|  0|  11|           8|           1|
    |icmp_ln1649_40_fu_3131_p2   |      icmp|   0|  0|  11|           8|           1|
    |icmp_ln1649_41_fu_3145_p2   |      icmp|   0|  0|  11|           8|           1|
    |icmp_ln1649_42_fu_3159_p2   |      icmp|   0|  0|  11|           8|           1|
    |icmp_ln1649_43_fu_3173_p2   |      icmp|   0|  0|  11|           8|           1|
    |icmp_ln1649_44_fu_3187_p2   |      icmp|   0|  0|  11|           8|           1|
    |icmp_ln1649_45_fu_3201_p2   |      icmp|   0|  0|  11|           8|           1|
    |icmp_ln1649_46_fu_3215_p2   |      icmp|   0|  0|  11|           8|           1|
    |icmp_ln1649_47_fu_3229_p2   |      icmp|   0|  0|  11|           8|           1|
    |icmp_ln1649_48_fu_3243_p2   |      icmp|   0|  0|  11|           8|           1|
    |icmp_ln1649_49_fu_3257_p2   |      icmp|   0|  0|  11|           8|           1|
    |icmp_ln1649_4_fu_2627_p2    |      icmp|   0|  0|  11|           8|           1|
    |icmp_ln1649_50_fu_3271_p2   |      icmp|   0|  0|  11|           8|           1|
    |icmp_ln1649_51_fu_3285_p2   |      icmp|   0|  0|  11|           8|           1|
    |icmp_ln1649_52_fu_3299_p2   |      icmp|   0|  0|  11|           8|           1|
    |icmp_ln1649_53_fu_3313_p2   |      icmp|   0|  0|  11|           8|           1|
    |icmp_ln1649_54_fu_3327_p2   |      icmp|   0|  0|  11|           8|           1|
    |icmp_ln1649_55_fu_3341_p2   |      icmp|   0|  0|  11|           8|           1|
    |icmp_ln1649_56_fu_3355_p2   |      icmp|   0|  0|  11|           8|           1|
    |icmp_ln1649_57_fu_3369_p2   |      icmp|   0|  0|  11|           8|           1|
    |icmp_ln1649_58_fu_3383_p2   |      icmp|   0|  0|  11|           8|           1|
    |icmp_ln1649_59_fu_3397_p2   |      icmp|   0|  0|  11|           8|           1|
    |icmp_ln1649_5_fu_2641_p2    |      icmp|   0|  0|  11|           8|           1|
    |icmp_ln1649_60_fu_3411_p2   |      icmp|   0|  0|  11|           8|           1|
    |icmp_ln1649_61_fu_3425_p2   |      icmp|   0|  0|  11|           8|           1|
    |icmp_ln1649_62_fu_3439_p2   |      icmp|   0|  0|  11|           8|           1|
    |icmp_ln1649_63_fu_3453_p2   |      icmp|   0|  0|  11|           8|           1|
    |icmp_ln1649_64_fu_3467_p2   |      icmp|   0|  0|  11|           8|           1|
    |icmp_ln1649_65_fu_3481_p2   |      icmp|   0|  0|  11|           8|           1|
    |icmp_ln1649_66_fu_3495_p2   |      icmp|   0|  0|  11|           8|           1|
    |icmp_ln1649_67_fu_3509_p2   |      icmp|   0|  0|  11|           8|           1|
    |icmp_ln1649_68_fu_3523_p2   |      icmp|   0|  0|  11|           8|           1|
    |icmp_ln1649_69_fu_3537_p2   |      icmp|   0|  0|  11|           8|           1|
    |icmp_ln1649_6_fu_2655_p2    |      icmp|   0|  0|  11|           8|           1|
    |icmp_ln1649_70_fu_3551_p2   |      icmp|   0|  0|  11|           8|           1|
    |icmp_ln1649_71_fu_3565_p2   |      icmp|   0|  0|  11|           8|           1|
    |icmp_ln1649_72_fu_3579_p2   |      icmp|   0|  0|  11|           8|           1|
    |icmp_ln1649_73_fu_3593_p2   |      icmp|   0|  0|  11|           8|           1|
    |icmp_ln1649_74_fu_3607_p2   |      icmp|   0|  0|  11|           8|           1|
    |icmp_ln1649_75_fu_3621_p2   |      icmp|   0|  0|  11|           8|           1|
    |icmp_ln1649_76_fu_3635_p2   |      icmp|   0|  0|  11|           8|           1|
    |icmp_ln1649_77_fu_3649_p2   |      icmp|   0|  0|  11|           8|           1|
    |icmp_ln1649_78_fu_3663_p2   |      icmp|   0|  0|  11|           8|           1|
    |icmp_ln1649_79_fu_3677_p2   |      icmp|   0|  0|  11|           8|           1|
    |icmp_ln1649_7_fu_2669_p2    |      icmp|   0|  0|  11|           8|           1|
    |icmp_ln1649_80_fu_3691_p2   |      icmp|   0|  0|  11|           8|           1|
    |icmp_ln1649_81_fu_3705_p2   |      icmp|   0|  0|  11|           8|           1|
    |icmp_ln1649_82_fu_3719_p2   |      icmp|   0|  0|  11|           8|           1|
    |icmp_ln1649_83_fu_3733_p2   |      icmp|   0|  0|  11|           8|           1|
    |icmp_ln1649_84_fu_3747_p2   |      icmp|   0|  0|  11|           8|           1|
    |icmp_ln1649_85_fu_3761_p2   |      icmp|   0|  0|  11|           8|           1|
    |icmp_ln1649_86_fu_3775_p2   |      icmp|   0|  0|  11|           8|           1|
    |icmp_ln1649_87_fu_3789_p2   |      icmp|   0|  0|  11|           8|           1|
    |icmp_ln1649_88_fu_3803_p2   |      icmp|   0|  0|  11|           8|           1|
    |icmp_ln1649_89_fu_3817_p2   |      icmp|   0|  0|  11|           8|           1|
    |icmp_ln1649_8_fu_2683_p2    |      icmp|   0|  0|  11|           8|           1|
    |icmp_ln1649_90_fu_3831_p2   |      icmp|   0|  0|  11|           8|           1|
    |icmp_ln1649_91_fu_3845_p2   |      icmp|   0|  0|  11|           8|           1|
    |icmp_ln1649_92_fu_3859_p2   |      icmp|   0|  0|  11|           8|           1|
    |icmp_ln1649_93_fu_3873_p2   |      icmp|   0|  0|  11|           8|           1|
    |icmp_ln1649_94_fu_3887_p2   |      icmp|   0|  0|  11|           8|           1|
    |icmp_ln1649_95_fu_3901_p2   |      icmp|   0|  0|  11|           8|           1|
    |icmp_ln1649_96_fu_3915_p2   |      icmp|   0|  0|  11|           8|           1|
    |icmp_ln1649_97_fu_3929_p2   |      icmp|   0|  0|  11|           8|           1|
    |icmp_ln1649_9_fu_2697_p2    |      icmp|   0|  0|  11|           8|           1|
    |icmp_ln1649_fu_2571_p2      |      icmp|   0|  0|  11|           8|           1|
    |ap_block_state1             |        or|   0|  0|   2|           1|           1|
    |out_data_data_2_fu_2591_p3  |    select|   0|  0|   7|           1|           7|
    |out_data_data_4_fu_2619_p3  |    select|   0|  0|   7|           1|           7|
    |out_data_data_6_fu_2647_p3  |    select|   0|  0|   7|           1|           7|
    |out_data_data_8_fu_2675_p3  |    select|   0|  0|   7|           1|           7|
    |p_Val2_100_fu_2759_p3       |    select|   0|  0|   7|           1|           7|
    |p_Val2_101_fu_2787_p3       |    select|   0|  0|   7|           1|           7|
    |p_Val2_102_fu_2815_p3       |    select|   0|  0|   7|           1|           7|
    |p_Val2_103_fu_2843_p3       |    select|   0|  0|   7|           1|           7|
    |p_Val2_104_fu_2871_p3       |    select|   0|  0|   7|           1|           7|
    |p_Val2_105_fu_2899_p3       |    select|   0|  0|   7|           1|           7|
    |p_Val2_106_fu_2927_p3       |    select|   0|  0|   7|           1|           7|
    |p_Val2_107_fu_2955_p3       |    select|   0|  0|   7|           1|           7|
    |p_Val2_108_fu_2983_p3       |    select|   0|  0|   7|           1|           7|
    |p_Val2_109_fu_3011_p3       |    select|   0|  0|   7|           1|           7|
    |p_Val2_110_fu_3039_p3       |    select|   0|  0|   7|           1|           7|
    |p_Val2_111_fu_3067_p3       |    select|   0|  0|   7|           1|           7|
    |p_Val2_112_fu_3095_p3       |    select|   0|  0|   7|           1|           7|
    |p_Val2_113_fu_3123_p3       |    select|   0|  0|   7|           1|           7|
    |p_Val2_114_fu_3151_p3       |    select|   0|  0|   7|           1|           7|
    |p_Val2_115_fu_3179_p3       |    select|   0|  0|   7|           1|           7|
    |p_Val2_116_fu_3207_p3       |    select|   0|  0|   7|           1|           7|
    |p_Val2_117_fu_3235_p3       |    select|   0|  0|   7|           1|           7|
    |p_Val2_118_fu_3263_p3       |    select|   0|  0|   7|           1|           7|
    |p_Val2_119_fu_3291_p3       |    select|   0|  0|   7|           1|           7|
    |p_Val2_120_fu_3319_p3       |    select|   0|  0|   7|           1|           7|
    |p_Val2_121_fu_3347_p3       |    select|   0|  0|   7|           1|           7|
    |p_Val2_122_fu_3375_p3       |    select|   0|  0|   7|           1|           7|
    |p_Val2_123_fu_3403_p3       |    select|   0|  0|   7|           1|           7|
    |p_Val2_124_fu_3431_p3       |    select|   0|  0|   7|           1|           7|
    |p_Val2_125_fu_3459_p3       |    select|   0|  0|   7|           1|           7|
    |p_Val2_126_fu_3487_p3       |    select|   0|  0|   7|           1|           7|
    |p_Val2_127_fu_3515_p3       |    select|   0|  0|   7|           1|           7|
    |p_Val2_128_fu_3543_p3       |    select|   0|  0|   7|           1|           7|
    |p_Val2_129_fu_3571_p3       |    select|   0|  0|   7|           1|           7|
    |p_Val2_130_fu_3599_p3       |    select|   0|  0|   7|           1|           7|
    |p_Val2_131_fu_3627_p3       |    select|   0|  0|   7|           1|           7|
    |p_Val2_132_fu_3655_p3       |    select|   0|  0|   7|           1|           7|
    |p_Val2_133_fu_3683_p3       |    select|   0|  0|   7|           1|           7|
    |p_Val2_134_fu_3711_p3       |    select|   0|  0|   7|           1|           7|
    |p_Val2_135_fu_3739_p3       |    select|   0|  0|   7|           1|           7|
    |p_Val2_136_fu_3767_p3       |    select|   0|  0|   7|           1|           7|
    |p_Val2_137_fu_3795_p3       |    select|   0|  0|   7|           1|           7|
    |p_Val2_138_fu_3823_p3       |    select|   0|  0|   7|           1|           7|
    |p_Val2_139_fu_3851_p3       |    select|   0|  0|   7|           1|           7|
    |p_Val2_140_fu_3879_p3       |    select|   0|  0|   7|           1|           7|
    |p_Val2_141_fu_3907_p3       |    select|   0|  0|   7|           1|           7|
    |p_Val2_142_fu_3935_p3       |    select|   0|  0|   7|           1|           7|
    |p_Val2_98_fu_2703_p3        |    select|   0|  0|   7|           1|           7|
    |p_Val2_99_fu_2731_p3        |    select|   0|  0|   7|           1|           7|
    |select_ln51_10_fu_2717_p3   |    select|   0|  0|   7|           1|           7|
    |select_ln51_12_fu_2745_p3   |    select|   0|  0|   7|           1|           7|
    |select_ln51_14_fu_2773_p3   |    select|   0|  0|   7|           1|           7|
    |select_ln51_16_fu_2801_p3   |    select|   0|  0|   7|           1|           7|
    |select_ln51_18_fu_2829_p3   |    select|   0|  0|   7|           1|           7|
    |select_ln51_20_fu_2857_p3   |    select|   0|  0|   7|           1|           7|
    |select_ln51_22_fu_2885_p3   |    select|   0|  0|   7|           1|           7|
    |select_ln51_24_fu_2913_p3   |    select|   0|  0|   7|           1|           7|
    |select_ln51_26_fu_2941_p3   |    select|   0|  0|   7|           1|           7|
    |select_ln51_28_fu_2969_p3   |    select|   0|  0|   7|           1|           7|
    |select_ln51_2_fu_2605_p3    |    select|   0|  0|   7|           1|           7|
    |select_ln51_30_fu_2997_p3   |    select|   0|  0|   7|           1|           7|
    |select_ln51_32_fu_3025_p3   |    select|   0|  0|   7|           1|           7|
    |select_ln51_34_fu_3053_p3   |    select|   0|  0|   7|           1|           7|
    |select_ln51_36_fu_3081_p3   |    select|   0|  0|   7|           1|           7|
    |select_ln51_38_fu_3109_p3   |    select|   0|  0|   7|           1|           7|
    |select_ln51_40_fu_3137_p3   |    select|   0|  0|   7|           1|           7|
    |select_ln51_42_fu_3165_p3   |    select|   0|  0|   7|           1|           7|
    |select_ln51_44_fu_3193_p3   |    select|   0|  0|   7|           1|           7|
    |select_ln51_46_fu_3221_p3   |    select|   0|  0|   7|           1|           7|
    |select_ln51_48_fu_3249_p3   |    select|   0|  0|   7|           1|           7|
    |select_ln51_4_fu_2633_p3    |    select|   0|  0|   7|           1|           7|
    |select_ln51_50_fu_3277_p3   |    select|   0|  0|   7|           1|           7|
    |select_ln51_52_fu_3305_p3   |    select|   0|  0|   7|           1|           7|
    |select_ln51_54_fu_3333_p3   |    select|   0|  0|   7|           1|           7|
    |select_ln51_56_fu_3361_p3   |    select|   0|  0|   7|           1|           7|
    |select_ln51_58_fu_3389_p3   |    select|   0|  0|   7|           1|           7|
    |select_ln51_60_fu_3417_p3   |    select|   0|  0|   7|           1|           7|
    |select_ln51_62_fu_3445_p3   |    select|   0|  0|   7|           1|           7|
    |select_ln51_64_fu_3473_p3   |    select|   0|  0|   7|           1|           7|
    |select_ln51_66_fu_3501_p3   |    select|   0|  0|   7|           1|           7|
    |select_ln51_68_fu_3529_p3   |    select|   0|  0|   7|           1|           7|
    |select_ln51_6_fu_2661_p3    |    select|   0|  0|   7|           1|           7|
    |select_ln51_70_fu_3557_p3   |    select|   0|  0|   7|           1|           7|
    |select_ln51_72_fu_3585_p3   |    select|   0|  0|   7|           1|           7|
    |select_ln51_74_fu_3613_p3   |    select|   0|  0|   7|           1|           7|
    |select_ln51_76_fu_3641_p3   |    select|   0|  0|   7|           1|           7|
    |select_ln51_78_fu_3669_p3   |    select|   0|  0|   7|           1|           7|
    |select_ln51_80_fu_3697_p3   |    select|   0|  0|   7|           1|           7|
    |select_ln51_82_fu_3725_p3   |    select|   0|  0|   7|           1|           7|
    |select_ln51_84_fu_3753_p3   |    select|   0|  0|   7|           1|           7|
    |select_ln51_86_fu_3781_p3   |    select|   0|  0|   7|           1|           7|
    |select_ln51_88_fu_3809_p3   |    select|   0|  0|   7|           1|           7|
    |select_ln51_8_fu_2689_p3    |    select|   0|  0|   7|           1|           7|
    |select_ln51_90_fu_3837_p3   |    select|   0|  0|   7|           1|           7|
    |select_ln51_92_fu_3865_p3   |    select|   0|  0|   7|           1|           7|
    |select_ln51_94_fu_3893_p3   |    select|   0|  0|   7|           1|           7|
    |select_ln51_96_fu_3921_p3   |    select|   0|  0|   7|           1|           7|
    |select_ln51_fu_2577_p3      |    select|   0|  0|   7|           1|           7|
    +----------------------------+----------+----+---+----+------------+------------+
    |Total                       |          |   0|  0|1766|         883|         785|
    +----------------------------+----------+----+---+----+------------+------------+

    * Multiplexer: 
    +-------------------+----+-----------+-----+-----------+
    |        Name       | LUT| Input Size| Bits| Total Bits|
    +-------------------+----+-----------+-----+-----------+
    |ap_NS_fsm          |  14|          3|    1|          3|
    |ap_done            |   9|          2|    1|          2|
    |layer11_out_blk_n  |   9|          2|    1|          2|
    |layer13_out_blk_n  |   9|          2|    1|          2|
    |real_start         |   9|          2|    1|          2|
    +-------------------+----+-----------+-----+-----------+
    |Total              |  50|         11|    5|         11|
    +-------------------+----+-----------+-----+-----------+

    * Register: 
    +--------------------------+---+----+-----+-----------+
    |           Name           | FF| LUT| Bits| Const Bits|
    +--------------------------+---+----+-----+-----------+
    |ap_CS_fsm                 |  2|   0|    2|          0|
    |ap_done_reg               |  1|   0|    1|          0|
    |out_data_data_2_reg_4443  |  7|   0|    7|          0|
    |out_data_data_4_reg_4453  |  7|   0|    7|          0|
    |out_data_data_6_reg_4463  |  7|   0|    7|          0|
    |out_data_data_8_reg_4473  |  7|   0|    7|          0|
    |p_Val2_100_reg_4503       |  7|   0|    7|          0|
    |p_Val2_101_reg_4513       |  7|   0|    7|          0|
    |p_Val2_102_reg_4523       |  7|   0|    7|          0|
    |p_Val2_103_reg_4533       |  7|   0|    7|          0|
    |p_Val2_104_reg_4543       |  7|   0|    7|          0|
    |p_Val2_105_reg_4553       |  7|   0|    7|          0|
    |p_Val2_106_reg_4563       |  7|   0|    7|          0|
    |p_Val2_107_reg_4573       |  7|   0|    7|          0|
    |p_Val2_108_reg_4583       |  7|   0|    7|          0|
    |p_Val2_109_reg_4593       |  7|   0|    7|          0|
    |p_Val2_110_reg_4603       |  7|   0|    7|          0|
    |p_Val2_111_reg_4613       |  7|   0|    7|          0|
    |p_Val2_112_reg_4623       |  7|   0|    7|          0|
    |p_Val2_113_reg_4633       |  7|   0|    7|          0|
    |p_Val2_114_reg_4643       |  7|   0|    7|          0|
    |p_Val2_115_reg_4653       |  7|   0|    7|          0|
    |p_Val2_116_reg_4663       |  7|   0|    7|          0|
    |p_Val2_117_reg_4673       |  7|   0|    7|          0|
    |p_Val2_118_reg_4683       |  7|   0|    7|          0|
    |p_Val2_119_reg_4693       |  7|   0|    7|          0|
    |p_Val2_120_reg_4703       |  7|   0|    7|          0|
    |p_Val2_121_reg_4713       |  7|   0|    7|          0|
    |p_Val2_122_reg_4723       |  7|   0|    7|          0|
    |p_Val2_123_reg_4733       |  7|   0|    7|          0|
    |p_Val2_124_reg_4743       |  7|   0|    7|          0|
    |p_Val2_125_reg_4753       |  7|   0|    7|          0|
    |p_Val2_126_reg_4763       |  7|   0|    7|          0|
    |p_Val2_127_reg_4773       |  7|   0|    7|          0|
    |p_Val2_128_reg_4783       |  7|   0|    7|          0|
    |p_Val2_129_reg_4793       |  7|   0|    7|          0|
    |p_Val2_130_reg_4803       |  7|   0|    7|          0|
    |p_Val2_131_reg_4813       |  7|   0|    7|          0|
    |p_Val2_132_reg_4823       |  7|   0|    7|          0|
    |p_Val2_133_reg_4833       |  7|   0|    7|          0|
    |p_Val2_134_reg_4843       |  7|   0|    7|          0|
    |p_Val2_135_reg_4853       |  7|   0|    7|          0|
    |p_Val2_136_reg_4863       |  7|   0|    7|          0|
    |p_Val2_137_reg_4873       |  7|   0|    7|          0|
    |p_Val2_138_reg_4883       |  7|   0|    7|          0|
    |p_Val2_139_reg_4893       |  7|   0|    7|          0|
    |p_Val2_140_reg_4903       |  7|   0|    7|          0|
    |p_Val2_141_reg_4913       |  7|   0|    7|          0|
    |p_Val2_142_reg_4923       |  7|   0|    7|          0|
    |p_Val2_98_reg_4483        |  7|   0|    7|          0|
    |p_Val2_99_reg_4493        |  7|   0|    7|          0|
    |select_ln51_10_reg_4488   |  7|   0|    7|          0|
    |select_ln51_12_reg_4498   |  7|   0|    7|          0|
    |select_ln51_14_reg_4508   |  7|   0|    7|          0|
    |select_ln51_16_reg_4518   |  7|   0|    7|          0|
    |select_ln51_18_reg_4528   |  7|   0|    7|          0|
    |select_ln51_20_reg_4538   |  7|   0|    7|          0|
    |select_ln51_22_reg_4548   |  7|   0|    7|          0|
    |select_ln51_24_reg_4558   |  7|   0|    7|          0|
    |select_ln51_26_reg_4568   |  7|   0|    7|          0|
    |select_ln51_28_reg_4578   |  7|   0|    7|          0|
    |select_ln51_2_reg_4448    |  7|   0|    7|          0|
    |select_ln51_30_reg_4588   |  7|   0|    7|          0|
    |select_ln51_32_reg_4598   |  7|   0|    7|          0|
    |select_ln51_34_reg_4608   |  7|   0|    7|          0|
    |select_ln51_36_reg_4618   |  7|   0|    7|          0|
    |select_ln51_38_reg_4628   |  7|   0|    7|          0|
    |select_ln51_40_reg_4638   |  7|   0|    7|          0|
    |select_ln51_42_reg_4648   |  7|   0|    7|          0|
    |select_ln51_44_reg_4658   |  7|   0|    7|          0|
    |select_ln51_46_reg_4668   |  7|   0|    7|          0|
    |select_ln51_48_reg_4678   |  7|   0|    7|          0|
    |select_ln51_4_reg_4458    |  7|   0|    7|          0|
    |select_ln51_50_reg_4688   |  7|   0|    7|          0|
    |select_ln51_52_reg_4698   |  7|   0|    7|          0|
    |select_ln51_54_reg_4708   |  7|   0|    7|          0|
    |select_ln51_56_reg_4718   |  7|   0|    7|          0|
    |select_ln51_58_reg_4728   |  7|   0|    7|          0|
    |select_ln51_60_reg_4738   |  7|   0|    7|          0|
    |select_ln51_62_reg_4748   |  7|   0|    7|          0|
    |select_ln51_64_reg_4758   |  7|   0|    7|          0|
    |select_ln51_66_reg_4768   |  7|   0|    7|          0|
    |select_ln51_68_reg_4778   |  7|   0|    7|          0|
    |select_ln51_6_reg_4468    |  7|   0|    7|          0|
    |select_ln51_70_reg_4788   |  7|   0|    7|          0|
    |select_ln51_72_reg_4798   |  7|   0|    7|          0|
    |select_ln51_74_reg_4808   |  7|   0|    7|          0|
    |select_ln51_76_reg_4818   |  7|   0|    7|          0|
    |select_ln51_78_reg_4828   |  7|   0|    7|          0|
    |select_ln51_80_reg_4838   |  7|   0|    7|          0|
    |select_ln51_82_reg_4848   |  7|   0|    7|          0|
    |select_ln51_84_reg_4858   |  7|   0|    7|          0|
    |select_ln51_86_reg_4868   |  7|   0|    7|          0|
    |select_ln51_88_reg_4878   |  7|   0|    7|          0|
    |select_ln51_8_reg_4478    |  7|   0|    7|          0|
    |select_ln51_90_reg_4888   |  7|   0|    7|          0|
    |select_ln51_92_reg_4898   |  7|   0|    7|          0|
    |select_ln51_94_reg_4908   |  7|   0|    7|          0|
    |select_ln51_96_reg_4918   |  7|   0|    7|          0|
    |select_ln51_reg_4438      |  7|   0|    7|          0|
    |start_once_reg            |  1|   0|    1|          0|
    +--------------------------+---+----+-----+-----------+
    |Total                     |690|   0|  690|          0|
    +--------------------------+---+----+-----+-----------+



================================================================
== Interface
================================================================
* Summary: 
+----------------------------+-----+-----+------------+-------------------------------------------------------------------------+--------------+
|          RTL Ports         | Dir | Bits|  Protocol  |                              Source Object                              |    C Type    |
+----------------------------+-----+-----+------------+-------------------------------------------------------------------------+--------------+
|ap_clk                      |   in|    1|  ap_ctrl_hs|  relu<array<ap_fixed,98u>,array<ap_ufixed<8,2,4,0,0>,98u>,relu_config13>|  return value|
|ap_rst                      |   in|    1|  ap_ctrl_hs|  relu<array<ap_fixed,98u>,array<ap_ufixed<8,2,4,0,0>,98u>,relu_config13>|  return value|
|ap_start                    |   in|    1|  ap_ctrl_hs|  relu<array<ap_fixed,98u>,array<ap_ufixed<8,2,4,0,0>,98u>,relu_config13>|  return value|
|start_full_n                |   in|    1|  ap_ctrl_hs|  relu<array<ap_fixed,98u>,array<ap_ufixed<8,2,4,0,0>,98u>,relu_config13>|  return value|
|ap_done                     |  out|    1|  ap_ctrl_hs|  relu<array<ap_fixed,98u>,array<ap_ufixed<8,2,4,0,0>,98u>,relu_config13>|  return value|
|ap_continue                 |   in|    1|  ap_ctrl_hs|  relu<array<ap_fixed,98u>,array<ap_ufixed<8,2,4,0,0>,98u>,relu_config13>|  return value|
|ap_idle                     |  out|    1|  ap_ctrl_hs|  relu<array<ap_fixed,98u>,array<ap_ufixed<8,2,4,0,0>,98u>,relu_config13>|  return value|
|ap_ready                    |  out|    1|  ap_ctrl_hs|  relu<array<ap_fixed,98u>,array<ap_ufixed<8,2,4,0,0>,98u>,relu_config13>|  return value|
|start_out                   |  out|    1|  ap_ctrl_hs|  relu<array<ap_fixed,98u>,array<ap_ufixed<8,2,4,0,0>,98u>,relu_config13>|  return value|
|start_write                 |  out|    1|  ap_ctrl_hs|  relu<array<ap_fixed,98u>,array<ap_ufixed<8,2,4,0,0>,98u>,relu_config13>|  return value|
|layer11_out_dout            |   in|  784|     ap_fifo|                                                              layer11_out|       pointer|
|layer11_out_num_data_valid  |   in|    2|     ap_fifo|                                                              layer11_out|       pointer|
|layer11_out_fifo_cap        |   in|    2|     ap_fifo|                                                              layer11_out|       pointer|
|layer11_out_empty_n         |   in|    1|     ap_fifo|                                                              layer11_out|       pointer|
|layer11_out_read            |  out|    1|     ap_fifo|                                                              layer11_out|       pointer|
|layer13_out_din             |  out|  784|     ap_fifo|                                                              layer13_out|       pointer|
|layer13_out_num_data_valid  |   in|    2|     ap_fifo|                                                              layer13_out|       pointer|
|layer13_out_fifo_cap        |   in|    2|     ap_fifo|                                                              layer13_out|       pointer|
|layer13_out_full_n          |   in|    1|     ap_fifo|                                                              layer13_out|       pointer|
|layer13_out_write           |  out|    1|     ap_fifo|                                                              layer13_out|       pointer|
+----------------------------+-----+-----+------------+-------------------------------------------------------------------------+--------------+

