

================================================================
== Vitis HLS Report for 'relu_array_ap_fixed_32u_array_ap_ufixed_8_2_4_0_0_32u_relu_config12_s'
================================================================
* Date:           Wed May 21 19:44:02 2025

* Version:        2022.2 (Build 3670227 on Oct 13 2022)
* Project:        myproject_prj
* Solution:       solution1 (Vivado IP Flow Target)
* Product family: kintexu
* Target device:  xcku035-fbva676-2-e


================================================================
== Performance Estimates
================================================================
+ Timing: 
    * Summary: 
    +--------+---------+----------+------------+
    |  Clock |  Target | Estimated| Uncertainty|
    +--------+---------+----------+------------+
    |ap_clk  |  5.00 ns|  3.328 ns|     0.62 ns|
    +--------+---------+----------+------------+

+ Latency: 
    * Summary: 
    +---------+---------+-----------+-----------+-----+-----+---------+
    |  Latency (cycles) |   Latency (absolute)  |  Interval | Pipeline|
    |   min   |   max   |    min    |    max    | min | max |   Type  |
    +---------+---------+-----------+-----------+-----+-----+---------+
    |        7|        7|  35.000 ns|  35.000 ns|    7|    7|       no|
    +---------+---------+-----------+-----------+-----+-----+---------+

    + Detail: 
        * Instance: 
        N/A

        * Loop: 
        +---------------+---------+---------+----------+-----------+-----------+------+----------+
        |               |  Latency (cycles) | Iteration|  Initiation Interval  | Trip |          |
        |   Loop Name   |   min   |   max   |  Latency |  achieved |   target  | Count| Pipelined|
        +---------------+---------+---------+----------+-----------+-----------+------+----------+
        |- ReLUActLoop  |        5|        5|         3|          1|          1|     4|       yes|
        +---------------+---------+---------+----------+-----------+-----------+------+----------+



================================================================
== Utilization Estimates
================================================================
* Summary: 
+-----------------+---------+------+--------+--------+-----+
|       Name      | BRAM_18K|  DSP |   FF   |   LUT  | URAM|
+-----------------+---------+------+--------+--------+-----+
|DSP              |        -|     -|       -|       -|    -|
|Expression       |        -|     -|       0|     601|    -|
|FIFO             |        -|     -|       -|       -|    -|
|Instance         |        -|     -|       -|       -|    -|
|Memory           |        -|     -|       -|       -|    -|
|Multiplexer      |        -|     -|       -|      63|    -|
|Register         |        -|     -|     233|       -|    -|
+-----------------+---------+------+--------+--------+-----+
|Total            |        0|     0|     233|     664|    0|
+-----------------+---------+------+--------+--------+-----+
|Available        |     1080|  1700|  406256|  203128|    0|
+-----------------+---------+------+--------+--------+-----+
|Utilization (%)  |        0|     0|      ~0|      ~0|    0|
+-----------------+---------+------+--------+--------+-----+

+ Detail: 
    * Instance: 
    N/A

    * DSP: 
    N/A

    * Memory: 
    N/A

    * FIFO: 
    N/A

    * Expression: 
    +-----------------------------+----------+----+---+----+------------+------------+
    |        Variable Name        | Operation| DSP| FF| LUT| Bitwidth P0| Bitwidth P1|
    +-----------------------------+----------+----+---+----+------------+------------+
    |i_4_fu_263_p2                |         +|   0|  0|  10|           3|           1|
    |ap_condition_174             |       and|   0|  0|   2|           1|           1|
    |icmp_ln1649_39_fu_916_p2     |      icmp|   0|  0|  11|           8|           1|
    |icmp_ln1649_40_fu_930_p2     |      icmp|   0|  0|  11|           8|           1|
    |icmp_ln1649_41_fu_944_p2     |      icmp|   0|  0|  11|           8|           1|
    |icmp_ln1649_42_fu_958_p2     |      icmp|   0|  0|  11|           8|           1|
    |icmp_ln1649_43_fu_972_p2     |      icmp|   0|  0|  11|           8|           1|
    |icmp_ln1649_44_fu_986_p2     |      icmp|   0|  0|  11|           8|           1|
    |icmp_ln1649_45_fu_1000_p2    |      icmp|   0|  0|  11|           8|           1|
    |icmp_ln1649_46_fu_1014_p2    |      icmp|   0|  0|  11|           8|           1|
    |icmp_ln1649_47_fu_1028_p2    |      icmp|   0|  0|  11|           8|           1|
    |icmp_ln1649_48_fu_1042_p2    |      icmp|   0|  0|  11|           8|           1|
    |icmp_ln1649_49_fu_1056_p2    |      icmp|   0|  0|  11|           8|           1|
    |icmp_ln1649_50_fu_1070_p2    |      icmp|   0|  0|  11|           8|           1|
    |icmp_ln1649_51_fu_1084_p2    |      icmp|   0|  0|  11|           8|           1|
    |icmp_ln1649_52_fu_1098_p2    |      icmp|   0|  0|  11|           8|           1|
    |icmp_ln1649_53_fu_1112_p2    |      icmp|   0|  0|  11|           8|           1|
    |icmp_ln1649_54_fu_1126_p2    |      icmp|   0|  0|  11|           8|           1|
    |icmp_ln1649_55_fu_1140_p2    |      icmp|   0|  0|  11|           8|           1|
    |icmp_ln1649_56_fu_1154_p2    |      icmp|   0|  0|  11|           8|           1|
    |icmp_ln1649_57_fu_1168_p2    |      icmp|   0|  0|  11|           8|           1|
    |icmp_ln1649_58_fu_1182_p2    |      icmp|   0|  0|  11|           8|           1|
    |icmp_ln1649_59_fu_1196_p2    |      icmp|   0|  0|  11|           8|           1|
    |icmp_ln1649_60_fu_1210_p2    |      icmp|   0|  0|  11|           8|           1|
    |icmp_ln1649_61_fu_1224_p2    |      icmp|   0|  0|  11|           8|           1|
    |icmp_ln1649_62_fu_1238_p2    |      icmp|   0|  0|  11|           8|           1|
    |icmp_ln1649_63_fu_1252_p2    |      icmp|   0|  0|  11|           8|           1|
    |icmp_ln1649_64_fu_1266_p2    |      icmp|   0|  0|  11|           8|           1|
    |icmp_ln1649_65_fu_1280_p2    |      icmp|   0|  0|  11|           8|           1|
    |icmp_ln1649_66_fu_1294_p2    |      icmp|   0|  0|  11|           8|           1|
    |icmp_ln1649_67_fu_1308_p2    |      icmp|   0|  0|  11|           8|           1|
    |icmp_ln1649_68_fu_1322_p2    |      icmp|   0|  0|  11|           8|           1|
    |icmp_ln1649_69_fu_1336_p2    |      icmp|   0|  0|  11|           8|           1|
    |icmp_ln1649_fu_902_p2        |      icmp|   0|  0|  11|           8|           1|
    |icmp_ln41_fu_257_p2          |      icmp|   0|  0|   9|           3|           4|
    |ap_block_pp0_stage0_01001    |        or|   0|  0|   2|           1|           1|
    |out_data_data_35_fu_922_p3   |    select|   0|  0|   7|           1|           7|
    |out_data_data_36_fu_936_p3   |    select|   0|  0|   7|           1|           7|
    |out_data_data_38_fu_950_p3   |    select|   0|  0|   7|           1|           7|
    |out_data_data_39_fu_964_p3   |    select|   0|  0|   7|           1|           7|
    |out_data_data_41_fu_978_p3   |    select|   0|  0|   7|           1|           7|
    |out_data_data_42_fu_992_p3   |    select|   0|  0|   7|           1|           7|
    |out_data_data_44_fu_1006_p3  |    select|   0|  0|   7|           1|           7|
    |out_data_data_fu_908_p3      |    select|   0|  0|   7|           1|           7|
    |p_Val2_53_fu_1034_p3         |    select|   0|  0|   7|           1|           7|
    |p_Val2_54_fu_1062_p3         |    select|   0|  0|   7|           1|           7|
    |p_Val2_55_fu_1090_p3         |    select|   0|  0|   7|           1|           7|
    |p_Val2_56_fu_1118_p3         |    select|   0|  0|   7|           1|           7|
    |p_Val2_57_fu_1146_p3         |    select|   0|  0|   7|           1|           7|
    |p_Val2_58_fu_1174_p3         |    select|   0|  0|   7|           1|           7|
    |p_Val2_59_fu_1202_p3         |    select|   0|  0|   7|           1|           7|
    |p_Val2_60_fu_1230_p3         |    select|   0|  0|   7|           1|           7|
    |p_Val2_61_fu_1258_p3         |    select|   0|  0|   7|           1|           7|
    |p_Val2_62_fu_1286_p3         |    select|   0|  0|   7|           1|           7|
    |p_Val2_63_fu_1314_p3         |    select|   0|  0|   7|           1|           7|
    |p_Val2_64_fu_1342_p3         |    select|   0|  0|   7|           1|           7|
    |select_ln51_33_fu_1048_p3    |    select|   0|  0|   7|           1|           7|
    |select_ln51_35_fu_1076_p3    |    select|   0|  0|   7|           1|           7|
    |select_ln51_37_fu_1104_p3    |    select|   0|  0|   7|           1|           7|
    |select_ln51_39_fu_1132_p3    |    select|   0|  0|   7|           1|           7|
    |select_ln51_41_fu_1160_p3    |    select|   0|  0|   7|           1|           7|
    |select_ln51_43_fu_1188_p3    |    select|   0|  0|   7|           1|           7|
    |select_ln51_45_fu_1216_p3    |    select|   0|  0|   7|           1|           7|
    |select_ln51_47_fu_1244_p3    |    select|   0|  0|   7|           1|           7|
    |select_ln51_49_fu_1272_p3    |    select|   0|  0|   7|           1|           7|
    |select_ln51_51_fu_1300_p3    |    select|   0|  0|   7|           1|           7|
    |select_ln51_53_fu_1328_p3    |    select|   0|  0|   7|           1|           7|
    |select_ln51_fu_1020_p3       |    select|   0|  0|   7|           1|           7|
    |ap_enable_pp0                |       xor|   0|  0|   2|           1|           2|
    +-----------------------------+----------+----+---+----+------------+------------+
    |Total                        |          |   0|  0| 601|         297|         265|
    +-----------------------------+----------+----+---+----+------------+------------+

    * Multiplexer: 
    +-------------------------+----+-----------+-----+-----------+
    |           Name          | LUT| Input Size| Bits| Total Bits|
    +-------------------------+----+-----------+-----+-----------+
    |ap_done_int              |   9|          2|    1|          2|
    |ap_enable_reg_pp0_iter1  |   9|          2|    1|          2|
    |ap_sig_allocacmp_i_3     |   9|          2|    3|          6|
    |i_fu_232                 |   9|          2|    3|          6|
    |layer10_out_blk_n        |   9|          2|    1|          2|
    |layer12_out_blk_n        |   9|          2|    1|          2|
    |real_start               |   9|          2|    1|          2|
    +-------------------------+----+-----------+-----+-----------+
    |Total                    |  63|         14|   11|         22|
    +-------------------------+----+-----------+-----+-----------+

    * Register: 
    +----------------------------------+---+----+-----+-----------+
    |               Name               | FF| LUT| Bits| Const Bits|
    +----------------------------------+---+----+-----+-----------+
    |ap_CS_fsm                         |  1|   0|    1|          0|
    |ap_done_reg                       |  1|   0|    1|          0|
    |ap_enable_reg_pp0_iter1           |  1|   0|    1|          0|
    |ap_enable_reg_pp0_iter2           |  1|   0|    1|          0|
    |ap_loop_exit_ready_pp0_iter1_reg  |  1|   0|    1|          0|
    |i_fu_232                          |  3|   0|    3|          0|
    |out_data_data_35_reg_1531         |  7|   0|    7|          0|
    |out_data_data_36_reg_1536         |  7|   0|    7|          0|
    |out_data_data_38_reg_1541         |  7|   0|    7|          0|
    |out_data_data_39_reg_1546         |  7|   0|    7|          0|
    |out_data_data_41_reg_1551         |  7|   0|    7|          0|
    |out_data_data_42_reg_1556         |  7|   0|    7|          0|
    |out_data_data_44_reg_1561         |  7|   0|    7|          0|
    |out_data_data_reg_1526            |  7|   0|    7|          0|
    |p_Val2_53_reg_1571                |  7|   0|    7|          0|
    |p_Val2_54_reg_1581                |  7|   0|    7|          0|
    |p_Val2_55_reg_1591                |  7|   0|    7|          0|
    |p_Val2_56_reg_1601                |  7|   0|    7|          0|
    |p_Val2_57_reg_1611                |  7|   0|    7|          0|
    |p_Val2_58_reg_1621                |  7|   0|    7|          0|
    |p_Val2_59_reg_1631                |  7|   0|    7|          0|
    |p_Val2_60_reg_1641                |  7|   0|    7|          0|
    |p_Val2_61_reg_1651                |  7|   0|    7|          0|
    |p_Val2_62_reg_1661                |  7|   0|    7|          0|
    |p_Val2_63_reg_1671                |  7|   0|    7|          0|
    |p_Val2_64_reg_1681                |  7|   0|    7|          0|
    |select_ln51_33_reg_1576           |  7|   0|    7|          0|
    |select_ln51_35_reg_1586           |  7|   0|    7|          0|
    |select_ln51_37_reg_1596           |  7|   0|    7|          0|
    |select_ln51_39_reg_1606           |  7|   0|    7|          0|
    |select_ln51_41_reg_1616           |  7|   0|    7|          0|
    |select_ln51_43_reg_1626           |  7|   0|    7|          0|
    |select_ln51_45_reg_1636           |  7|   0|    7|          0|
    |select_ln51_47_reg_1646           |  7|   0|    7|          0|
    |select_ln51_49_reg_1656           |  7|   0|    7|          0|
    |select_ln51_51_reg_1666           |  7|   0|    7|          0|
    |select_ln51_53_reg_1676           |  7|   0|    7|          0|
    |select_ln51_reg_1566              |  7|   0|    7|          0|
    |start_once_reg                    |  1|   0|    1|          0|
    +----------------------------------+---+----+-----+-----------+
    |Total                             |233|   0|  233|          0|
    +----------------------------------+---+----+-----+-----------+



================================================================
== Interface
================================================================
* Summary: 
+----------------------------+-----+-----+------------+-------------------------------------------------------------------------+--------------+
|          RTL Ports         | Dir | Bits|  Protocol  |                              Source Object                              |    C Type    |
+----------------------------+-----+-----+------------+-------------------------------------------------------------------------+--------------+
|ap_clk                      |   in|    1|  ap_ctrl_hs|  relu<array<ap_fixed,32u>,array<ap_ufixed<8,2,4,0,0>,32u>,relu_config12>|  return value|
|ap_rst                      |   in|    1|  ap_ctrl_hs|  relu<array<ap_fixed,32u>,array<ap_ufixed<8,2,4,0,0>,32u>,relu_config12>|  return value|
|ap_start                    |   in|    1|  ap_ctrl_hs|  relu<array<ap_fixed,32u>,array<ap_ufixed<8,2,4,0,0>,32u>,relu_config12>|  return value|
|start_full_n                |   in|    1|  ap_ctrl_hs|  relu<array<ap_fixed,32u>,array<ap_ufixed<8,2,4,0,0>,32u>,relu_config12>|  return value|
|ap_done                     |  out|    1|  ap_ctrl_hs|  relu<array<ap_fixed,32u>,array<ap_ufixed<8,2,4,0,0>,32u>,relu_config12>|  return value|
|ap_continue                 |   in|    1|  ap_ctrl_hs|  relu<array<ap_fixed,32u>,array<ap_ufixed<8,2,4,0,0>,32u>,relu_config12>|  return value|
|ap_idle                     |  out|    1|  ap_ctrl_hs|  relu<array<ap_fixed,32u>,array<ap_ufixed<8,2,4,0,0>,32u>,relu_config12>|  return value|
|ap_ready                    |  out|    1|  ap_ctrl_hs|  relu<array<ap_fixed,32u>,array<ap_ufixed<8,2,4,0,0>,32u>,relu_config12>|  return value|
|start_out                   |  out|    1|  ap_ctrl_hs|  relu<array<ap_fixed,32u>,array<ap_ufixed<8,2,4,0,0>,32u>,relu_config12>|  return value|
|start_write                 |  out|    1|  ap_ctrl_hs|  relu<array<ap_fixed,32u>,array<ap_ufixed<8,2,4,0,0>,32u>,relu_config12>|  return value|
|layer10_out_dout            |   in|  256|     ap_fifo|                                                              layer10_out|       pointer|
|layer10_out_num_data_valid  |   in|    3|     ap_fifo|                                                              layer10_out|       pointer|
|layer10_out_fifo_cap        |   in|    3|     ap_fifo|                                                              layer10_out|       pointer|
|layer10_out_empty_n         |   in|    1|     ap_fifo|                                                              layer10_out|       pointer|
|layer10_out_read            |  out|    1|     ap_fifo|                                                              layer10_out|       pointer|
|layer12_out_din             |  out|  256|     ap_fifo|                                                              layer12_out|       pointer|
|layer12_out_num_data_valid  |   in|    3|     ap_fifo|                                                              layer12_out|       pointer|
|layer12_out_fifo_cap        |   in|    3|     ap_fifo|                                                              layer12_out|       pointer|
|layer12_out_full_n          |   in|    1|     ap_fifo|                                                              layer12_out|       pointer|
|layer12_out_write           |  out|    1|     ap_fifo|                                                              layer12_out|       pointer|
+----------------------------+-----+-----+------------+-------------------------------------------------------------------------+--------------+

