Tue May 13 20:24:16 2025: Running xcd server. This server was built by gradle.
Tue May 13 20:24:16 2025: Server was asked to start on port: '37925'
Tue May 13 20:24:16 2025: Server is using token UUID: '9ffe23ef-56df-418c-894e-be72463916de'
Tue May 13 20:24:16 2025: SESSION_MGR: creating session with session uuid: '6d04a3e9-ade5-4ab9-8d63-1f78fcd2ec76' and name 'default'
Tue May 13 20:24:16 2025: Attempting to start server on port '37925'
Tue May 13 20:24:16 2025: XCD main fifo: created main fifo '/tmp/xcdmain9ffe23ef-56df-418c-894e-be72463916de', fd read = 13
Tue May 13 20:24:16 2025: Running Dispatch Server
Tue May 13 20:24:16 2025: Version 2.2.0
Tue May 13 20:24:25 2025: Dispatch Server: Accepted socket connection from client
Tue May 13 20:24:25 2025: Starting Socket connection
Tue May 13 20:24:25 2025: EXCHANGE_TOKEN received, server token: 9ffe23ef-56df-418c-894e-be72463916de, passed token: 9ffe23ef-56df-418c-894e-be72463916de
Tue May 13 20:24:25 2025: SESSION_MGR: creating session with session uuid: '8e400e9e-30f3-4def-af8f-d4eab74a7d90' and name 'vitis_hls'
Tue May 13 20:24:25 2025: KERNEL_SVC: creating session with uuid: '8e400e9e-30f3-4def-af8f-d4eab74a7d90' and name 'vitis_hls'
Tue May 13 20:24:25 2025: GUIDANCE_SMGR: creating guidance session with uuid: '8e400e9e-30f3-4def-af8f-d4eab74a7d90' and name 'vitis_hls'
Tue May 13 20:25:55 2025: STOP_SERVER received, server token: 9ffe23ef-56df-418c-894e-be72463916de, passed token: 9ffe23ef-56df-418c-894e-be72463916de
Tue May 13 20:25:55 2025: Socket received request to stop server.
Tue May 13 20:25:55 2025: Dispatch Server: do_await_stop
Tue May 13 20:25:55 2025: Dispatch Server: stopping mainFifo_
Tue May 13 20:25:55 2025: XCD main fifo: Stopping
Tue May 13 20:25:55 2025: XCD main fifo: do_read error code: Operation canceled
Tue May 13 20:25:55 2025: XCD main fifo: bytes_transferred: 0
Tue May 13 20:25:55 2025: SERVER: destructor for server bound to port 37925
Tue May 13 20:25:55 2025: XCD main fifo: Good unlink of /tmp/xcdmain9ffe23ef-56df-418c-894e-be72463916de
Tue May 13 20:25:55 2025: Server exiting with status 0.
Tue May 13 20:25:55 2025: Closing log file.
